<?xml version="1.0" encoding="UTF-8"?>
<!-- Generated by org.testng.reporters.JUnitXMLReporter -->
<testsuite ignored="0" hostname="ip-192-168-29-66.me-south-1.compute.internal" failures="1" tests="1" name="Test Cucumber Corporate Feature" time="38.199" errors="0" timestamp="2023-08-01T18:09:29 IST">
  <testcase classname="io.cucumber.testng.AbstractTestNGCucumberTests" name="runScenario" time="33.01">
    <failure type="java.lang.AssertionError" message="Actual value:&amp;apos;02/08/2023 &amp;amp; Expected value:&amp;apos;&amp;apos; expected [true] but found [false]">
      <![CDATA[java.lang.AssertionError: Actual value:'02/08/2023 & Expected value:'' expected [true] but found [false]
at anhtester.com.keywords.WebUI.verifyTrue(WebUI.java:1053)
at anhtester.com.hubpay.corp.pages.DashboardPage.verifyFieldValue(DashboardPage.java:144)
at anhtester.com.hubpay.corp.pages.DashboardPage.verifyOnlyExchangeTransactionDetails(DashboardPage.java:162)
at anhtester.com.hubpay.corp.stepdefinitions.DashboardPageStepDefinition.I_verify_transactions_status_open_details_view(DashboardPageStepDefinition.java:162)
at âœ½.I verify details of exchange transaction on transaction details view(file:///Users/kanthreddy/wip/Hubpay_QAAutomation/src/test/resources/features/ExchangeFlow_AUD.feature:34)
... Removed 3 stack frames]]>
    </failure>
  </testcase> <!-- runScenario -->
</testsuite> <!-- Test Cucumber Corporate Feature -->
