[INFO] 25-06-2023 20:47:06 [main] [Utils] - [TestNG] Running:
  /Users/kanthreddy/Library/Caches/JetBrains/IdeaIE2022.2/temp-testng-customsuite.xml

[INFO] 25-06-2023 20:47:08 [main] [LogUtils] - Loaded all properties files.
[INFO] 25-06-2023 20:47:08 [main] [LogUtils] - {TARGET=local, ownerDetail=xpath&&//div[@id='s2id_created_by']//a[@class='select2-choice']/span[1], menuClients=xpath&&//span[normalize-space()='Clients'], TELEGRAM_CHATID=, OVERRIDE_REPORTS=yes, inputPhone=xpath&&//input[@id='phone'], inputClientGroups=xpath&&(//label[normalize-space()='Client groups']/following-sibling::div//input)[1], buttonSaveOnDialog=xpath&&//div[@id='ajaxModalContent']//button[normalize-space()='Save'], spanFirstItemClientGroups=xpath&&//span[@class='select2-match'], inputCountry=xpath&&//input[@id='country'], SEND_REPORT_TO_TELEGRAM=no, SEND_EMAIL_TO_USERS=no, ZIP_FOLDER_NAME=CucumberExtentReports.zip, WAIT_DEFAULT=5, REMOTE_PORT=4444, TELEGRAM_TOKEN=, buttonAddClient=xpath&&//a[normalize-space()='Add client'], URL_CORP=https://corporate-dev.hubpay.ae/auth/signin, labelClientGroups=xpath&&//li[@class='select2-search-choice']/div, URL_OPS=https://ops-portal-dev.hubpay.ae/wallet/, inputState=xpath&&//input[@id='state'], labelOnClientPage=xpath&&//span[normalize-space()='Total clients'], inputPassword=xpath&&//input[@id='password'], EXTENT_REPORT_PDF=PdfReport.pdf, inputAddress=xpath&&//textarea[@id='address'], VIDEO_RECORD=no, inputSearchOwner=xpath&&//div[@id='select2-drop']//input, tabClient=xpath&&//ul[@id='client-tabs']//li[2], labelEmailError=id&&email-error, tabClientInfo=xpath&&//a[normalize-space()='Client info'], PASSWORD=T+wyT5u9cOelDJbBWNgxLw, inputWebsite=xpath&&//input[@id='website'], SCREENSHOT_ALL_STEPS=no, labelAuthentication=xpath&&//div[@role='alert'], EXTENT_REPORT_NAME=ExtentReport, EXPORT_VIDEO_PATH=ExportData/Videos, EXPORT_CAPTURE_PATH=ExportData/Images, WAIT_PAGE_LOADED=30, SCREENSHOT_PASSED_STEPS=no, radioOrganization=xpath&&//input[@id='type_organization'], EXTENT_REPORT_FOLDER=reports/CucumberExtentReports, itemClientFirstRow=xpath&&//table[@id='client-table']//tbody/tr[1]/td[2]/a, WAIT_EXPLICIT=10, BROWSER=chrome, SCREENSHOT_SKIPPED_STEPS=yes, inputEmail=xpath&&//input[@id='email'], menuDashboard=xpath&&//span[normalize-space()='Dashboard'], REPORT_TITLE=Report | Automation Framework Cucumber TestNG | Anh Tester, AUTHOR=Anh Tester, EXCEL_DATA_FILE_PATH=src/test/resources/testdata/ClientsDataExcel.xlsx, WAIT_IMPLICIT=20, PROJECT_NAME=Automation Framework Cucumber TestNG | Anh Tester, HEADLESS=false, REMOTE_URL=localhost, inputCompanyName=xpath&&//input[@id='company_name'], selectOwner=xpath&&//div[@id='s2id_created_by'], inputCity=xpath&&//input[@id='city'], SCREENSHOT_FAILED_STEPS=yes, TXT_FILE_PATH=src/test/resources/testdata/TxtFileData.txt, selectFirstItemOwner=xpath&&(//div[contains(@id,'select2-result-label')])[1], buttonSignIn=xpath&&//button[normalize-space()='Sign in'], JSON_DATA_FILE_PATH=src/test/resources/config/config.json, inputVat=xpath&&//input[@id='vat_number'], ACTIVE_PAGE_LOADED=true, headerPageClientInfo=xpath&&//form[@id='company-form']//h4, URL_CRM=https://rise.fairsketch.com/signin, WAIT_SLEEP_STEP=0, OPEN_REPORTS_AFTER_EXECUTION=no, buttonDynamicXpath=xpath&&//button[normalize-space()='%s'], ZIP_FOLDER_PATH=reports/CucumberExtentReports, inputZip=xpath&&//input[@id='zip'], inputSearch=xpath&&//input[@placeholder='Search'], ZIP_FOLDER=no, menuProjects=xpath&&//span[normalize-space()='Projects']}
[INFO] 25-06-2023 20:47:08 [main] [LogUtils] - Loaded all properties files.
[INFO] 25-06-2023 20:47:08 [main] [LogUtils] - {TARGET=local, ownerDetail=xpath&&//div[@id='s2id_created_by']//a[@class='select2-choice']/span[1], menuClients=xpath&&//span[normalize-space()='Clients'], TELEGRAM_CHATID=, OVERRIDE_REPORTS=yes, inputPhone=xpath&&//input[@id='phone'], inputClientGroups=xpath&&(//label[normalize-space()='Client groups']/following-sibling::div//input)[1], buttonSaveOnDialog=xpath&&//div[@id='ajaxModalContent']//button[normalize-space()='Save'], spanFirstItemClientGroups=xpath&&//span[@class='select2-match'], inputCountry=xpath&&//input[@id='country'], SEND_REPORT_TO_TELEGRAM=no, SEND_EMAIL_TO_USERS=no, ZIP_FOLDER_NAME=CucumberExtentReports.zip, WAIT_DEFAULT=5, REMOTE_PORT=4444, TELEGRAM_TOKEN=, buttonAddClient=xpath&&//a[normalize-space()='Add client'], URL_CORP=https://corporate-dev.hubpay.ae/auth/signin, labelClientGroups=xpath&&//li[@class='select2-search-choice']/div, URL_OPS=https://ops-portal-dev.hubpay.ae/wallet/, inputState=xpath&&//input[@id='state'], labelOnClientPage=xpath&&//span[normalize-space()='Total clients'], inputPassword=xpath&&//input[@id='password'], EXTENT_REPORT_PDF=PdfReport.pdf, inputAddress=xpath&&//textarea[@id='address'], VIDEO_RECORD=no, inputSearchOwner=xpath&&//div[@id='select2-drop']//input, tabClient=xpath&&//ul[@id='client-tabs']//li[2], labelEmailError=id&&email-error, tabClientInfo=xpath&&//a[normalize-space()='Client info'], PASSWORD=T+wyT5u9cOelDJbBWNgxLw, inputWebsite=xpath&&//input[@id='website'], SCREENSHOT_ALL_STEPS=no, labelAuthentication=xpath&&//div[@role='alert'], EXTENT_REPORT_NAME=ExtentReport, EXPORT_VIDEO_PATH=ExportData/Videos, EXPORT_CAPTURE_PATH=ExportData/Images, WAIT_PAGE_LOADED=30, SCREENSHOT_PASSED_STEPS=no, radioOrganization=xpath&&//input[@id='type_organization'], EXTENT_REPORT_FOLDER=reports/CucumberExtentReports, itemClientFirstRow=xpath&&//table[@id='client-table']//tbody/tr[1]/td[2]/a, WAIT_EXPLICIT=10, BROWSER=chrome, SCREENSHOT_SKIPPED_STEPS=yes, inputEmail=xpath&&//input[@id='email'], menuDashboard=xpath&&//span[normalize-space()='Dashboard'], REPORT_TITLE=Report | Automation Framework Cucumber TestNG | Anh Tester, AUTHOR=Anh Tester, EXCEL_DATA_FILE_PATH=src/test/resources/testdata/ClientsDataExcel.xlsx, WAIT_IMPLICIT=20, PROJECT_NAME=Automation Framework Cucumber TestNG | Anh Tester, HEADLESS=false, REMOTE_URL=localhost, inputCompanyName=xpath&&//input[@id='company_name'], selectOwner=xpath&&//div[@id='s2id_created_by'], inputCity=xpath&&//input[@id='city'], SCREENSHOT_FAILED_STEPS=yes, TXT_FILE_PATH=src/test/resources/testdata/TxtFileData.txt, selectFirstItemOwner=xpath&&(//div[contains(@id,'select2-result-label')])[1], buttonSignIn=xpath&&//button[normalize-space()='Sign in'], JSON_DATA_FILE_PATH=src/test/resources/config/config.json, inputVat=xpath&&//input[@id='vat_number'], ACTIVE_PAGE_LOADED=true, headerPageClientInfo=xpath&&//form[@id='company-form']//h4, URL_CRM=https://rise.fairsketch.com/signin, WAIT_SLEEP_STEP=0, OPEN_REPORTS_AFTER_EXECUTION=no, buttonDynamicXpath=xpath&&//button[normalize-space()='%s'], ZIP_FOLDER_PATH=reports/CucumberExtentReports, inputZip=xpath&&//input[@id='zip'], inputSearch=xpath&&//input[@placeholder='Search'], ZIP_FOLDER=no, menuProjects=xpath&&//span[normalize-space()='Projects']}
[INFO] 25-06-2023 20:47:09 [main] [WebDriverManager] - Using chromedriver 114.0.5735.90 (resolved driver for Chrome 114)
[INFO] 25-06-2023 20:47:09 [main] [WebDriverManager] - Exporting webdriver.chrome.driver as /Users/kanthreddy/.cache/selenium/chromedriver/mac-arm64/114.0.5735.90/chromedriver
[INFO] 25-06-2023 20:47:18 [main] [LogUtils] - Driver in TestContext: ChromeDriver: chrome on mac (0a06e7ed28b9580c76cb26829c32e932)
[ERROR] 25-06-2023 20:47:19 [main] [LifecycleNotifier] - Could not invoke listener method
org.openqa.selenium.NoSuchSessionException: Session ID is null. Using WebDriver after calling quit()?
Build info: version: '4.10.0', revision: 'c14d967899'
System info: os.name: 'Mac OS X', os.arch: 'aarch64', os.version: '12.6', java.version: '11.0.16'
Driver info: org.openqa.selenium.chrome.ChromeDriver
Command: [null, screenshot {}]
Capabilities {acceptInsecureCerts: false, browserName: chrome, browserVersion: 114.0.5735.133, chrome: {chromedriverVersion: 114.0.5735.90 (386bc09e8f4f..., userDataDir: /var/folders/bz/l4ntdftn1jd...}, goog:chromeOptions: {debuggerAddress: localhost:56261}, networkConnectionEnabled: false, pageLoadStrategy: normal, platformName: mac, proxy: Proxy(), se:cdp: ws://localhost:56261/devtoo..., se:cdpVersion: 114.0.5735.133, setWindowRect: true, strictFileInteractability: false, timeouts: {implicit: 0, pageLoad: 300000, script: 30000}, unhandledPromptBehavior: dismiss and notify, webauthn:extension:credBlob: true, webauthn:extension:largeBlob: true, webauthn:extension:minPinLength: true, webauthn:extension:prf: true, webauthn:virtualAuthenticators: true}
	at org.openqa.selenium.remote.HttpCommandExecutor.execute(HttpCommandExecutor.java:152) ~[selenium-remote-driver-4.10.0.jar:?]
	at org.openqa.selenium.remote.service.DriverCommandExecutor.invokeExecute(DriverCommandExecutor.java:196) ~[selenium-remote-driver-4.10.0.jar:?]
	at org.openqa.selenium.remote.service.DriverCommandExecutor.execute(DriverCommandExecutor.java:171) ~[selenium-remote-driver-4.10.0.jar:?]
	at org.openqa.selenium.remote.RemoteWebDriver.execute(RemoteWebDriver.java:531) ~[selenium-remote-driver-4.10.0.jar:?]
	at org.openqa.selenium.remote.RemoteWebDriver.execute(RemoteWebDriver.java:590) ~[selenium-remote-driver-4.10.0.jar:?]
	at org.openqa.selenium.remote.RemoteWebDriver.execute(RemoteWebDriver.java:594) ~[selenium-remote-driver-4.10.0.jar:?]
	at org.openqa.selenium.remote.RemoteWebDriver.getScreenshotAs(RemoteWebDriver.java:316) ~[selenium-remote-driver-4.10.0.jar:?]
	at jdk.internal.reflect.NativeMethodAccessorImpl.invoke0(Native Method) ~[?:?]
	at jdk.internal.reflect.NativeMethodAccessorImpl.invoke(NativeMethodAccessorImpl.java:62) ~[?:?]
	at jdk.internal.reflect.DelegatingMethodAccessorImpl.invoke(DelegatingMethodAccessorImpl.java:43) ~[?:?]
	at java.lang.reflect.Method.invoke(Method.java:566) ~[?:?]
	at org.openqa.selenium.support.ThreadGuard$WebDriverInvocationHandler.invokeUnderlying(ThreadGuard.java:99) ~[selenium-support-4.10.0.jar:?]
	at org.openqa.selenium.support.ThreadGuard$WebDriverInvocationHandler.invoke(ThreadGuard.java:91) ~[selenium-support-4.10.0.jar:?]
	at com.sun.proxy.$Proxy47.getScreenshotAs(Unknown Source) ~[?:?]
	at anhtester.com.listeners.AllureListener.beforeTestStop(AllureListener.java:43) ~[test-classes/:?]
	at io.qameta.allure.listener.LifecycleNotifier.lambda$runSafely$0(LifecycleNotifier.java:211) ~[allure-java-commons-2.22.1.jar:2.22.1]
	at java.util.ArrayList.forEach(ArrayList.java:1541) ~[?:?]
	at io.qameta.allure.listener.LifecycleNotifier.runSafely(LifecycleNotifier.java:209) ~[allure-java-commons-2.22.1.jar:2.22.1]
	at io.qameta.allure.listener.LifecycleNotifier.beforeTestStop(LifecycleNotifier.java:88) ~[allure-java-commons-2.22.1.jar:2.22.1]
	at io.qameta.allure.AllureLifecycle.stopTestCase(AllureLifecycle.java:420) ~[allure-java-commons-2.22.1.jar:2.22.1]
	at io.qameta.allure.cucumber7jvm.AllureCucumber7Jvm.handleTestCaseFinished(AllureCucumber7Jvm.java:197) ~[allure-cucumber7-jvm-2.22.1.jar:2.22.1]
	at io.cucumber.core.eventbus.AbstractEventPublisher.send(AbstractEventPublisher.java:51) ~[cucumber-core-7.12.1.jar:7.12.1]
	at io.cucumber.core.eventbus.AbstractEventBus.send(AbstractEventBus.java:12) ~[cucumber-core-7.12.1.jar:7.12.1]
	at io.cucumber.core.runtime.SynchronizedEventBus.send(SynchronizedEventBus.java:47) ~[cucumber-core-7.12.1.jar:7.12.1]
	at io.cucumber.core.runtime.ThreadLocalRunnerSupplier$LocalEventBus.send(ThreadLocalRunnerSupplier.java:62) ~[cucumber-core-7.12.1.jar:7.12.1]
	at io.cucumber.core.runner.TestCase.emitTestCaseFinished(TestCase.java:219) ~[cucumber-core-7.12.1.jar:7.12.1]
	at io.cucumber.core.runner.TestCase.run(TestCase.java:98) ~[cucumber-core-7.12.1.jar:7.12.1]
	at io.cucumber.core.runner.Runner.runPickle(Runner.java:75) ~[cucumber-core-7.12.1.jar:7.12.1]
	at io.cucumber.testng.TestNGCucumberRunner.lambda$runScenario$1(TestNGCucumberRunner.java:132) ~[cucumber-testng-7.12.1.jar:7.12.1]
	at io.cucumber.core.runtime.CucumberExecutionContext.lambda$runTestCase$5(CucumberExecutionContext.java:137) ~[cucumber-core-7.12.1.jar:7.12.1]
	at io.cucumber.core.runtime.RethrowingThrowableCollector.executeAndThrow(RethrowingThrowableCollector.java:23) ~[cucumber-core-7.12.1.jar:7.12.1]
	at io.cucumber.core.runtime.CucumberExecutionContext.runTestCase(CucumberExecutionContext.java:137) ~[cucumber-core-7.12.1.jar:7.12.1]
	at io.cucumber.testng.TestNGCucumberRunner.runScenario(TestNGCucumberRunner.java:129) ~[cucumber-testng-7.12.1.jar:7.12.1]
	at io.cucumber.testng.AbstractTestNGCucumberTests.runScenario(AbstractTestNGCucumberTests.java:35) ~[cucumber-testng-7.12.1.jar:7.12.1]
	at jdk.internal.reflect.NativeMethodAccessorImpl.invoke0(Native Method) ~[?:?]
	at jdk.internal.reflect.NativeMethodAccessorImpl.invoke(NativeMethodAccessorImpl.java:62) ~[?:?]
	at jdk.internal.reflect.DelegatingMethodAccessorImpl.invoke(DelegatingMethodAccessorImpl.java:43) ~[?:?]
	at java.lang.reflect.Method.invoke(Method.java:566) ~[?:?]
	at org.testng.internal.invokers.MethodInvocationHelper.invokeMethod(MethodInvocationHelper.java:139) ~[testng-7.8.0.jar:7.8.0]
	at org.testng.internal.invokers.TestInvoker.invokeMethod(TestInvoker.java:664) ~[testng-7.8.0.jar:7.8.0]
	at org.testng.internal.invokers.TestInvoker.invokeTestMethod(TestInvoker.java:227) ~[testng-7.8.0.jar:7.8.0]
	at org.testng.internal.invokers.MethodRunner.runInSequence(MethodRunner.java:50) ~[testng-7.8.0.jar:7.8.0]
	at org.testng.internal.invokers.TestInvoker$MethodInvocationAgent.invoke(TestInvoker.java:957) ~[testng-7.8.0.jar:7.8.0]
	at org.testng.internal.invokers.TestInvoker.invokeTestMethods(TestInvoker.java:200) ~[testng-7.8.0.jar:7.8.0]
	at org.testng.internal.invokers.TestMethodWorker.invokeTestMethods(TestMethodWorker.java:148) ~[testng-7.8.0.jar:7.8.0]
	at org.testng.internal.invokers.TestMethodWorker.run(TestMethodWorker.java:128) ~[testng-7.8.0.jar:7.8.0]
	at java.util.ArrayList.forEach(ArrayList.java:1541) [?:?]
	at org.testng.TestRunner.privateRun(TestRunner.java:848) [testng-7.8.0.jar:7.8.0]
	at org.testng.TestRunner.run(TestRunner.java:621) [testng-7.8.0.jar:7.8.0]
	at org.testng.SuiteRunner.runTest(SuiteRunner.java:443) [testng-7.8.0.jar:7.8.0]
	at org.testng.SuiteRunner.runSequentially(SuiteRunner.java:437) [testng-7.8.0.jar:7.8.0]
	at org.testng.SuiteRunner.privateRun(SuiteRunner.java:397) [testng-7.8.0.jar:7.8.0]
	at org.testng.SuiteRunner.run(SuiteRunner.java:336) [testng-7.8.0.jar:7.8.0]
	at org.testng.SuiteRunnerWorker.runSuite(SuiteRunnerWorker.java:52) [testng-7.8.0.jar:7.8.0]
	at org.testng.SuiteRunnerWorker.run(SuiteRunnerWorker.java:95) [testng-7.8.0.jar:7.8.0]
	at org.testng.TestNG.runSuitesSequentially(TestNG.java:1280) [testng-7.8.0.jar:7.8.0]
	at org.testng.TestNG.runSuitesLocally(TestNG.java:1200) [testng-7.8.0.jar:7.8.0]
	at org.testng.TestNG.runSuites(TestNG.java:1114) [testng-7.8.0.jar:7.8.0]
	at org.testng.TestNG.run(TestNG.java:1082) [testng-7.8.0.jar:7.8.0]
	at com.intellij.rt.testng.IDEARemoteTestNG.run(IDEARemoteTestNG.java:66) [testng-rt.jar:?]
	at com.intellij.rt.testng.RemoteTestNGStarter.main(RemoteTestNGStarter.java:109) [testng-rt.jar:?]
[ERROR] 25-06-2023 20:47:19 [main] [LifecycleNotifier] - Could not invoke listener method
org.openqa.selenium.NoSuchSessionException: Session ID is null. Using WebDriver after calling quit()?
Build info: version: '4.10.0', revision: 'c14d967899'
System info: os.name: 'Mac OS X', os.arch: 'aarch64', os.version: '12.6', java.version: '11.0.16'
Driver info: org.openqa.selenium.chrome.ChromeDriver
Command: [null, screenshot {}]
Capabilities {acceptInsecureCerts: false, browserName: chrome, browserVersion: 114.0.5735.133, chrome: {chromedriverVersion: 114.0.5735.90 (386bc09e8f4f..., userDataDir: /var/folders/bz/l4ntdftn1jd...}, goog:chromeOptions: {debuggerAddress: localhost:56261}, networkConnectionEnabled: false, pageLoadStrategy: normal, platformName: mac, proxy: Proxy(), se:cdp: ws://localhost:56261/devtoo..., se:cdpVersion: 114.0.5735.133, setWindowRect: true, strictFileInteractability: false, timeouts: {implicit: 0, pageLoad: 300000, script: 30000}, unhandledPromptBehavior: dismiss and notify, webauthn:extension:credBlob: true, webauthn:extension:largeBlob: true, webauthn:extension:minPinLength: true, webauthn:extension:prf: true, webauthn:virtualAuthenticators: true}
	at org.openqa.selenium.remote.HttpCommandExecutor.execute(HttpCommandExecutor.java:152) ~[selenium-remote-driver-4.10.0.jar:?]
	at org.openqa.selenium.remote.service.DriverCommandExecutor.invokeExecute(DriverCommandExecutor.java:196) ~[selenium-remote-driver-4.10.0.jar:?]
	at org.openqa.selenium.remote.service.DriverCommandExecutor.execute(DriverCommandExecutor.java:171) ~[selenium-remote-driver-4.10.0.jar:?]
	at org.openqa.selenium.remote.RemoteWebDriver.execute(RemoteWebDriver.java:531) ~[selenium-remote-driver-4.10.0.jar:?]
	at org.openqa.selenium.remote.RemoteWebDriver.execute(RemoteWebDriver.java:590) ~[selenium-remote-driver-4.10.0.jar:?]
	at org.openqa.selenium.remote.RemoteWebDriver.execute(RemoteWebDriver.java:594) ~[selenium-remote-driver-4.10.0.jar:?]
	at org.openqa.selenium.remote.RemoteWebDriver.getScreenshotAs(RemoteWebDriver.java:316) ~[selenium-remote-driver-4.10.0.jar:?]
	at jdk.internal.reflect.NativeMethodAccessorImpl.invoke0(Native Method) ~[?:?]
	at jdk.internal.reflect.NativeMethodAccessorImpl.invoke(NativeMethodAccessorImpl.java:62) ~[?:?]
	at jdk.internal.reflect.DelegatingMethodAccessorImpl.invoke(DelegatingMethodAccessorImpl.java:43) ~[?:?]
	at java.lang.reflect.Method.invoke(Method.java:566) ~[?:?]
	at org.openqa.selenium.support.ThreadGuard$WebDriverInvocationHandler.invokeUnderlying(ThreadGuard.java:99) ~[selenium-support-4.10.0.jar:?]
	at org.openqa.selenium.support.ThreadGuard$WebDriverInvocationHandler.invoke(ThreadGuard.java:91) ~[selenium-support-4.10.0.jar:?]
	at com.sun.proxy.$Proxy47.getScreenshotAs(Unknown Source) ~[?:?]
	at anhtester.com.listeners.AllureListener.beforeTestStop(AllureListener.java:43) ~[test-classes/:?]
	at io.qameta.allure.listener.LifecycleNotifier.lambda$runSafely$0(LifecycleNotifier.java:211) ~[allure-java-commons-2.22.1.jar:2.22.1]
	at java.util.ArrayList.forEach(ArrayList.java:1541) ~[?:?]
	at io.qameta.allure.listener.LifecycleNotifier.runSafely(LifecycleNotifier.java:209) ~[allure-java-commons-2.22.1.jar:2.22.1]
	at io.qameta.allure.listener.LifecycleNotifier.beforeTestStop(LifecycleNotifier.java:88) ~[allure-java-commons-2.22.1.jar:2.22.1]
	at io.qameta.allure.AllureLifecycle.stopTestCase(AllureLifecycle.java:420) ~[allure-java-commons-2.22.1.jar:2.22.1]
	at io.qameta.allure.testng.AllureTestNg.stopTestCase(AllureTestNg.java:376) ~[allure-testng-2.22.1.jar:2.22.1]
	at io.qameta.allure.testng.AllureTestNg.onTestFailure(AllureTestNg.java:370) ~[allure-testng-2.22.1.jar:2.22.1]
	at org.testng.internal.TestListenerHelper.runTestListeners(TestListenerHelper.java:108) ~[testng-7.8.0.jar:7.8.0]
	at org.testng.internal.invokers.TestInvoker.runTestResultListener(TestInvoker.java:262) ~[testng-7.8.0.jar:7.8.0]
	at org.testng.internal.invokers.TestInvoker.invokeMethod(TestInvoker.java:751) ~[testng-7.8.0.jar:7.8.0]
	at org.testng.internal.invokers.TestInvoker.invokeTestMethod(TestInvoker.java:227) ~[testng-7.8.0.jar:7.8.0]
	at org.testng.internal.invokers.MethodRunner.runInSequence(MethodRunner.java:50) ~[testng-7.8.0.jar:7.8.0]
	at org.testng.internal.invokers.TestInvoker$MethodInvocationAgent.invoke(TestInvoker.java:957) ~[testng-7.8.0.jar:7.8.0]
	at org.testng.internal.invokers.TestInvoker.invokeTestMethods(TestInvoker.java:200) ~[testng-7.8.0.jar:7.8.0]
	at org.testng.internal.invokers.TestMethodWorker.invokeTestMethods(TestMethodWorker.java:148) ~[testng-7.8.0.jar:7.8.0]
	at org.testng.internal.invokers.TestMethodWorker.run(TestMethodWorker.java:128) ~[testng-7.8.0.jar:7.8.0]
	at java.util.ArrayList.forEach(ArrayList.java:1541) [?:?]
	at org.testng.TestRunner.privateRun(TestRunner.java:848) [testng-7.8.0.jar:7.8.0]
	at org.testng.TestRunner.run(TestRunner.java:621) [testng-7.8.0.jar:7.8.0]
	at org.testng.SuiteRunner.runTest(SuiteRunner.java:443) [testng-7.8.0.jar:7.8.0]
	at org.testng.SuiteRunner.runSequentially(SuiteRunner.java:437) [testng-7.8.0.jar:7.8.0]
	at org.testng.SuiteRunner.privateRun(SuiteRunner.java:397) [testng-7.8.0.jar:7.8.0]
	at org.testng.SuiteRunner.run(SuiteRunner.java:336) [testng-7.8.0.jar:7.8.0]
	at org.testng.SuiteRunnerWorker.runSuite(SuiteRunnerWorker.java:52) [testng-7.8.0.jar:7.8.0]
	at org.testng.SuiteRunnerWorker.run(SuiteRunnerWorker.java:95) [testng-7.8.0.jar:7.8.0]
	at org.testng.TestNG.runSuitesSequentially(TestNG.java:1280) [testng-7.8.0.jar:7.8.0]
	at org.testng.TestNG.runSuitesLocally(TestNG.java:1200) [testng-7.8.0.jar:7.8.0]
	at org.testng.TestNG.runSuites(TestNG.java:1114) [testng-7.8.0.jar:7.8.0]
	at org.testng.TestNG.run(TestNG.java:1082) [testng-7.8.0.jar:7.8.0]
	at com.intellij.rt.testng.IDEARemoteTestNG.run(IDEARemoteTestNG.java:66) [testng-rt.jar:?]
	at com.intellij.rt.testng.RemoteTestNGStarter.main(RemoteTestNGStarter.java:109) [testng-rt.jar:?]
[INFO] 25-06-2023 20:47:20 [main] [WebDriverManager] - Using chromedriver 114.0.5735.90 (resolved driver for Chrome 114)
[INFO] 25-06-2023 20:47:20 [main] [WebDriverManager] - Exporting webdriver.chrome.driver as /Users/kanthreddy/.cache/selenium/chromedriver/mac-arm64/114.0.5735.90/chromedriver
[INFO] 25-06-2023 20:47:25 [main] [LogUtils] - Driver in TestContext: ChromeDriver: chrome on mac (4167f295937ae7e5808e7043b49511bc)
[ERROR] 25-06-2023 20:47:26 [main] [LifecycleNotifier] - Could not invoke listener method
org.openqa.selenium.NoSuchSessionException: Session ID is null. Using WebDriver after calling quit()?
Build info: version: '4.10.0', revision: 'c14d967899'
System info: os.name: 'Mac OS X', os.arch: 'aarch64', os.version: '12.6', java.version: '11.0.16'
Driver info: org.openqa.selenium.chrome.ChromeDriver
Command: [null, screenshot {}]
Capabilities {acceptInsecureCerts: false, browserName: chrome, browserVersion: 114.0.5735.133, chrome: {chromedriverVersion: 114.0.5735.90 (386bc09e8f4f..., userDataDir: /var/folders/bz/l4ntdftn1jd...}, goog:chromeOptions: {debuggerAddress: localhost:56309}, networkConnectionEnabled: false, pageLoadStrategy: normal, platformName: mac, proxy: Proxy(), se:cdp: ws://localhost:56309/devtoo..., se:cdpVersion: 114.0.5735.133, setWindowRect: true, strictFileInteractability: false, timeouts: {implicit: 0, pageLoad: 300000, script: 30000}, unhandledPromptBehavior: dismiss and notify, webauthn:extension:credBlob: true, webauthn:extension:largeBlob: true, webauthn:extension:minPinLength: true, webauthn:extension:prf: true, webauthn:virtualAuthenticators: true}
	at org.openqa.selenium.remote.HttpCommandExecutor.execute(HttpCommandExecutor.java:152) ~[selenium-remote-driver-4.10.0.jar:?]
	at org.openqa.selenium.remote.service.DriverCommandExecutor.invokeExecute(DriverCommandExecutor.java:196) ~[selenium-remote-driver-4.10.0.jar:?]
	at org.openqa.selenium.remote.service.DriverCommandExecutor.execute(DriverCommandExecutor.java:171) ~[selenium-remote-driver-4.10.0.jar:?]
	at org.openqa.selenium.remote.RemoteWebDriver.execute(RemoteWebDriver.java:531) ~[selenium-remote-driver-4.10.0.jar:?]
	at org.openqa.selenium.remote.RemoteWebDriver.execute(RemoteWebDriver.java:590) ~[selenium-remote-driver-4.10.0.jar:?]
	at org.openqa.selenium.remote.RemoteWebDriver.execute(RemoteWebDriver.java:594) ~[selenium-remote-driver-4.10.0.jar:?]
	at org.openqa.selenium.remote.RemoteWebDriver.getScreenshotAs(RemoteWebDriver.java:316) ~[selenium-remote-driver-4.10.0.jar:?]
	at jdk.internal.reflect.NativeMethodAccessorImpl.invoke0(Native Method) ~[?:?]
	at jdk.internal.reflect.NativeMethodAccessorImpl.invoke(NativeMethodAccessorImpl.java:62) ~[?:?]
	at jdk.internal.reflect.DelegatingMethodAccessorImpl.invoke(DelegatingMethodAccessorImpl.java:43) ~[?:?]
	at java.lang.reflect.Method.invoke(Method.java:566) ~[?:?]
	at org.openqa.selenium.support.ThreadGuard$WebDriverInvocationHandler.invokeUnderlying(ThreadGuard.java:99) ~[selenium-support-4.10.0.jar:?]
	at org.openqa.selenium.support.ThreadGuard$WebDriverInvocationHandler.invoke(ThreadGuard.java:91) ~[selenium-support-4.10.0.jar:?]
	at com.sun.proxy.$Proxy47.getScreenshotAs(Unknown Source) ~[?:?]
	at anhtester.com.listeners.AllureListener.beforeTestStop(AllureListener.java:43) ~[test-classes/:?]
	at io.qameta.allure.listener.LifecycleNotifier.lambda$runSafely$0(LifecycleNotifier.java:211) ~[allure-java-commons-2.22.1.jar:2.22.1]
	at java.util.ArrayList.forEach(ArrayList.java:1541) ~[?:?]
	at io.qameta.allure.listener.LifecycleNotifier.runSafely(LifecycleNotifier.java:209) ~[allure-java-commons-2.22.1.jar:2.22.1]
	at io.qameta.allure.listener.LifecycleNotifier.beforeTestStop(LifecycleNotifier.java:88) ~[allure-java-commons-2.22.1.jar:2.22.1]
	at io.qameta.allure.AllureLifecycle.stopTestCase(AllureLifecycle.java:420) ~[allure-java-commons-2.22.1.jar:2.22.1]
	at io.qameta.allure.cucumber7jvm.AllureCucumber7Jvm.handleTestCaseFinished(AllureCucumber7Jvm.java:197) ~[allure-cucumber7-jvm-2.22.1.jar:2.22.1]
	at io.cucumber.core.eventbus.AbstractEventPublisher.send(AbstractEventPublisher.java:51) ~[cucumber-core-7.12.1.jar:7.12.1]
	at io.cucumber.core.eventbus.AbstractEventBus.send(AbstractEventBus.java:12) ~[cucumber-core-7.12.1.jar:7.12.1]
	at io.cucumber.core.runtime.SynchronizedEventBus.send(SynchronizedEventBus.java:47) ~[cucumber-core-7.12.1.jar:7.12.1]
	at io.cucumber.core.runtime.ThreadLocalRunnerSupplier$LocalEventBus.send(ThreadLocalRunnerSupplier.java:62) ~[cucumber-core-7.12.1.jar:7.12.1]
	at io.cucumber.core.runner.TestCase.emitTestCaseFinished(TestCase.java:219) ~[cucumber-core-7.12.1.jar:7.12.1]
	at io.cucumber.core.runner.TestCase.run(TestCase.java:98) ~[cucumber-core-7.12.1.jar:7.12.1]
	at io.cucumber.core.runner.Runner.runPickle(Runner.java:75) ~[cucumber-core-7.12.1.jar:7.12.1]
	at io.cucumber.testng.TestNGCucumberRunner.lambda$runScenario$1(TestNGCucumberRunner.java:132) ~[cucumber-testng-7.12.1.jar:7.12.1]
	at io.cucumber.core.runtime.CucumberExecutionContext.lambda$runTestCase$5(CucumberExecutionContext.java:137) ~[cucumber-core-7.12.1.jar:7.12.1]
	at io.cucumber.core.runtime.RethrowingThrowableCollector.executeAndThrow(RethrowingThrowableCollector.java:23) ~[cucumber-core-7.12.1.jar:7.12.1]
	at io.cucumber.core.runtime.CucumberExecutionContext.runTestCase(CucumberExecutionContext.java:137) ~[cucumber-core-7.12.1.jar:7.12.1]
	at io.cucumber.testng.TestNGCucumberRunner.runScenario(TestNGCucumberRunner.java:129) ~[cucumber-testng-7.12.1.jar:7.12.1]
	at io.cucumber.testng.AbstractTestNGCucumberTests.runScenario(AbstractTestNGCucumberTests.java:35) ~[cucumber-testng-7.12.1.jar:7.12.1]
	at jdk.internal.reflect.NativeMethodAccessorImpl.invoke0(Native Method) ~[?:?]
	at jdk.internal.reflect.NativeMethodAccessorImpl.invoke(NativeMethodAccessorImpl.java:62) ~[?:?]
	at jdk.internal.reflect.DelegatingMethodAccessorImpl.invoke(DelegatingMethodAccessorImpl.java:43) ~[?:?]
	at java.lang.reflect.Method.invoke(Method.java:566) ~[?:?]
	at org.testng.internal.invokers.MethodInvocationHelper.invokeMethod(MethodInvocationHelper.java:139) ~[testng-7.8.0.jar:7.8.0]
	at org.testng.internal.invokers.TestInvoker.invokeMethod(TestInvoker.java:664) ~[testng-7.8.0.jar:7.8.0]
	at org.testng.internal.invokers.TestInvoker.invokeTestMethod(TestInvoker.java:227) ~[testng-7.8.0.jar:7.8.0]
	at org.testng.internal.invokers.MethodRunner.runInSequence(MethodRunner.java:50) ~[testng-7.8.0.jar:7.8.0]
	at org.testng.internal.invokers.TestInvoker$MethodInvocationAgent.invoke(TestInvoker.java:957) ~[testng-7.8.0.jar:7.8.0]
	at org.testng.internal.invokers.TestInvoker.invokeTestMethods(TestInvoker.java:200) ~[testng-7.8.0.jar:7.8.0]
	at org.testng.internal.invokers.TestMethodWorker.invokeTestMethods(TestMethodWorker.java:148) ~[testng-7.8.0.jar:7.8.0]
	at org.testng.internal.invokers.TestMethodWorker.run(TestMethodWorker.java:128) ~[testng-7.8.0.jar:7.8.0]
	at java.util.ArrayList.forEach(ArrayList.java:1541) [?:?]
	at org.testng.TestRunner.privateRun(TestRunner.java:848) [testng-7.8.0.jar:7.8.0]
	at org.testng.TestRunner.run(TestRunner.java:621) [testng-7.8.0.jar:7.8.0]
	at org.testng.SuiteRunner.runTest(SuiteRunner.java:443) [testng-7.8.0.jar:7.8.0]
	at org.testng.SuiteRunner.runSequentially(SuiteRunner.java:437) [testng-7.8.0.jar:7.8.0]
	at org.testng.SuiteRunner.privateRun(SuiteRunner.java:397) [testng-7.8.0.jar:7.8.0]
	at org.testng.SuiteRunner.run(SuiteRunner.java:336) [testng-7.8.0.jar:7.8.0]
	at org.testng.SuiteRunnerWorker.runSuite(SuiteRunnerWorker.java:52) [testng-7.8.0.jar:7.8.0]
	at org.testng.SuiteRunnerWorker.run(SuiteRunnerWorker.java:95) [testng-7.8.0.jar:7.8.0]
	at org.testng.TestNG.runSuitesSequentially(TestNG.java:1280) [testng-7.8.0.jar:7.8.0]
	at org.testng.TestNG.runSuitesLocally(TestNG.java:1200) [testng-7.8.0.jar:7.8.0]
	at org.testng.TestNG.runSuites(TestNG.java:1114) [testng-7.8.0.jar:7.8.0]
	at org.testng.TestNG.run(TestNG.java:1082) [testng-7.8.0.jar:7.8.0]
	at com.intellij.rt.testng.IDEARemoteTestNG.run(IDEARemoteTestNG.java:66) [testng-rt.jar:?]
	at com.intellij.rt.testng.RemoteTestNGStarter.main(RemoteTestNGStarter.java:109) [testng-rt.jar:?]
[ERROR] 25-06-2023 20:47:26 [main] [LifecycleNotifier] - Could not invoke listener method
org.openqa.selenium.NoSuchSessionException: Session ID is null. Using WebDriver after calling quit()?
Build info: version: '4.10.0', revision: 'c14d967899'
System info: os.name: 'Mac OS X', os.arch: 'aarch64', os.version: '12.6', java.version: '11.0.16'
Driver info: org.openqa.selenium.chrome.ChromeDriver
Command: [null, screenshot {}]
Capabilities {acceptInsecureCerts: false, browserName: chrome, browserVersion: 114.0.5735.133, chrome: {chromedriverVersion: 114.0.5735.90 (386bc09e8f4f..., userDataDir: /var/folders/bz/l4ntdftn1jd...}, goog:chromeOptions: {debuggerAddress: localhost:56309}, networkConnectionEnabled: false, pageLoadStrategy: normal, platformName: mac, proxy: Proxy(), se:cdp: ws://localhost:56309/devtoo..., se:cdpVersion: 114.0.5735.133, setWindowRect: true, strictFileInteractability: false, timeouts: {implicit: 0, pageLoad: 300000, script: 30000}, unhandledPromptBehavior: dismiss and notify, webauthn:extension:credBlob: true, webauthn:extension:largeBlob: true, webauthn:extension:minPinLength: true, webauthn:extension:prf: true, webauthn:virtualAuthenticators: true}
	at org.openqa.selenium.remote.HttpCommandExecutor.execute(HttpCommandExecutor.java:152) ~[selenium-remote-driver-4.10.0.jar:?]
	at org.openqa.selenium.remote.service.DriverCommandExecutor.invokeExecute(DriverCommandExecutor.java:196) ~[selenium-remote-driver-4.10.0.jar:?]
	at org.openqa.selenium.remote.service.DriverCommandExecutor.execute(DriverCommandExecutor.java:171) ~[selenium-remote-driver-4.10.0.jar:?]
	at org.openqa.selenium.remote.RemoteWebDriver.execute(RemoteWebDriver.java:531) ~[selenium-remote-driver-4.10.0.jar:?]
	at org.openqa.selenium.remote.RemoteWebDriver.execute(RemoteWebDriver.java:590) ~[selenium-remote-driver-4.10.0.jar:?]
	at org.openqa.selenium.remote.RemoteWebDriver.execute(RemoteWebDriver.java:594) ~[selenium-remote-driver-4.10.0.jar:?]
	at org.openqa.selenium.remote.RemoteWebDriver.getScreenshotAs(RemoteWebDriver.java:316) ~[selenium-remote-driver-4.10.0.jar:?]
	at jdk.internal.reflect.NativeMethodAccessorImpl.invoke0(Native Method) ~[?:?]
	at jdk.internal.reflect.NativeMethodAccessorImpl.invoke(NativeMethodAccessorImpl.java:62) ~[?:?]
	at jdk.internal.reflect.DelegatingMethodAccessorImpl.invoke(DelegatingMethodAccessorImpl.java:43) ~[?:?]
	at java.lang.reflect.Method.invoke(Method.java:566) ~[?:?]
	at org.openqa.selenium.support.ThreadGuard$WebDriverInvocationHandler.invokeUnderlying(ThreadGuard.java:99) ~[selenium-support-4.10.0.jar:?]
	at org.openqa.selenium.support.ThreadGuard$WebDriverInvocationHandler.invoke(ThreadGuard.java:91) ~[selenium-support-4.10.0.jar:?]
	at com.sun.proxy.$Proxy47.getScreenshotAs(Unknown Source) ~[?:?]
	at anhtester.com.listeners.AllureListener.beforeTestStop(AllureListener.java:43) ~[test-classes/:?]
	at io.qameta.allure.listener.LifecycleNotifier.lambda$runSafely$0(LifecycleNotifier.java:211) ~[allure-java-commons-2.22.1.jar:2.22.1]
	at java.util.ArrayList.forEach(ArrayList.java:1541) ~[?:?]
	at io.qameta.allure.listener.LifecycleNotifier.runSafely(LifecycleNotifier.java:209) ~[allure-java-commons-2.22.1.jar:2.22.1]
	at io.qameta.allure.listener.LifecycleNotifier.beforeTestStop(LifecycleNotifier.java:88) ~[allure-java-commons-2.22.1.jar:2.22.1]
	at io.qameta.allure.AllureLifecycle.stopTestCase(AllureLifecycle.java:420) ~[allure-java-commons-2.22.1.jar:2.22.1]
	at io.qameta.allure.testng.AllureTestNg.stopTestCase(AllureTestNg.java:376) ~[allure-testng-2.22.1.jar:2.22.1]
	at io.qameta.allure.testng.AllureTestNg.onTestFailure(AllureTestNg.java:370) ~[allure-testng-2.22.1.jar:2.22.1]
	at org.testng.internal.TestListenerHelper.runTestListeners(TestListenerHelper.java:108) ~[testng-7.8.0.jar:7.8.0]
	at org.testng.internal.invokers.TestInvoker.runTestResultListener(TestInvoker.java:262) ~[testng-7.8.0.jar:7.8.0]
	at org.testng.internal.invokers.TestInvoker.invokeMethod(TestInvoker.java:751) ~[testng-7.8.0.jar:7.8.0]
	at org.testng.internal.invokers.TestInvoker.invokeTestMethod(TestInvoker.java:227) ~[testng-7.8.0.jar:7.8.0]
	at org.testng.internal.invokers.MethodRunner.runInSequence(MethodRunner.java:50) ~[testng-7.8.0.jar:7.8.0]
	at org.testng.internal.invokers.TestInvoker$MethodInvocationAgent.invoke(TestInvoker.java:957) ~[testng-7.8.0.jar:7.8.0]
	at org.testng.internal.invokers.TestInvoker.invokeTestMethods(TestInvoker.java:200) ~[testng-7.8.0.jar:7.8.0]
	at org.testng.internal.invokers.TestMethodWorker.invokeTestMethods(TestMethodWorker.java:148) ~[testng-7.8.0.jar:7.8.0]
	at org.testng.internal.invokers.TestMethodWorker.run(TestMethodWorker.java:128) ~[testng-7.8.0.jar:7.8.0]
	at java.util.ArrayList.forEach(ArrayList.java:1541) [?:?]
	at org.testng.TestRunner.privateRun(TestRunner.java:848) [testng-7.8.0.jar:7.8.0]
	at org.testng.TestRunner.run(TestRunner.java:621) [testng-7.8.0.jar:7.8.0]
	at org.testng.SuiteRunner.runTest(SuiteRunner.java:443) [testng-7.8.0.jar:7.8.0]
	at org.testng.SuiteRunner.runSequentially(SuiteRunner.java:437) [testng-7.8.0.jar:7.8.0]
	at org.testng.SuiteRunner.privateRun(SuiteRunner.java:397) [testng-7.8.0.jar:7.8.0]
	at org.testng.SuiteRunner.run(SuiteRunner.java:336) [testng-7.8.0.jar:7.8.0]
	at org.testng.SuiteRunnerWorker.runSuite(SuiteRunnerWorker.java:52) [testng-7.8.0.jar:7.8.0]
	at org.testng.SuiteRunnerWorker.run(SuiteRunnerWorker.java:95) [testng-7.8.0.jar:7.8.0]
	at org.testng.TestNG.runSuitesSequentially(TestNG.java:1280) [testng-7.8.0.jar:7.8.0]
	at org.testng.TestNG.runSuitesLocally(TestNG.java:1200) [testng-7.8.0.jar:7.8.0]
	at org.testng.TestNG.runSuites(TestNG.java:1114) [testng-7.8.0.jar:7.8.0]
	at org.testng.TestNG.run(TestNG.java:1082) [testng-7.8.0.jar:7.8.0]
	at com.intellij.rt.testng.IDEARemoteTestNG.run(IDEARemoteTestNG.java:66) [testng-rt.jar:?]
	at com.intellij.rt.testng.RemoteTestNGStarter.main(RemoteTestNGStarter.java:109) [testng-rt.jar:?]
[INFO] 25-06-2023 20:49:20 [main] [Utils] - [TestNG] Running:
  /Users/kanthreddy/Library/Caches/JetBrains/IdeaIE2022.2/temp-testng-customsuite.xml

[INFO] 25-06-2023 20:49:22 [main] [LogUtils] - Loaded all properties files.
[INFO] 25-06-2023 20:49:22 [main] [LogUtils] - {TARGET=local, ownerDetail=xpath&&//div[@id='s2id_created_by']//a[@class='select2-choice']/span[1], menuClients=xpath&&//span[normalize-space()='Clients'], TELEGRAM_CHATID=, OVERRIDE_REPORTS=yes, inputPhone=xpath&&//input[@id='phone'], inputClientGroups=xpath&&(//label[normalize-space()='Client groups']/following-sibling::div//input)[1], buttonSaveOnDialog=xpath&&//div[@id='ajaxModalContent']//button[normalize-space()='Save'], spanFirstItemClientGroups=xpath&&//span[@class='select2-match'], inputCountry=xpath&&//input[@id='country'], SEND_REPORT_TO_TELEGRAM=no, SEND_EMAIL_TO_USERS=no, ZIP_FOLDER_NAME=CucumberExtentReports.zip, WAIT_DEFAULT=5, REMOTE_PORT=4444, TELEGRAM_TOKEN=, buttonAddClient=xpath&&//a[normalize-space()='Add client'], URL_CORP=https://corporate-dev.hubpay.ae/auth/signin, labelClientGroups=xpath&&//li[@class='select2-search-choice']/div, URL_OPS=https://ops-portal-dev.hubpay.ae/wallet/, inputState=xpath&&//input[@id='state'], labelOnClientPage=xpath&&//span[normalize-space()='Total clients'], inputPassword=xpath&&//input[@id='password'], EXTENT_REPORT_PDF=PdfReport.pdf, inputAddress=xpath&&//textarea[@id='address'], VIDEO_RECORD=no, inputSearchOwner=xpath&&//div[@id='select2-drop']//input, tabClient=xpath&&//ul[@id='client-tabs']//li[2], labelEmailError=id&&email-error, tabClientInfo=xpath&&//a[normalize-space()='Client info'], PASSWORD=T+wyT5u9cOelDJbBWNgxLw, inputWebsite=xpath&&//input[@id='website'], SCREENSHOT_ALL_STEPS=no, labelAuthentication=xpath&&//div[@role='alert'], EXTENT_REPORT_NAME=ExtentReport, EXPORT_VIDEO_PATH=ExportData/Videos, EXPORT_CAPTURE_PATH=ExportData/Images, WAIT_PAGE_LOADED=30, SCREENSHOT_PASSED_STEPS=no, radioOrganization=xpath&&//input[@id='type_organization'], EXTENT_REPORT_FOLDER=reports/CucumberExtentReports, itemClientFirstRow=xpath&&//table[@id='client-table']//tbody/tr[1]/td[2]/a, WAIT_EXPLICIT=10, BROWSER=chrome, SCREENSHOT_SKIPPED_STEPS=yes, inputEmail=xpath&&//input[@id='email'], menuDashboard=xpath&&//span[normalize-space()='Dashboard'], REPORT_TITLE=Report | Automation Framework Cucumber TestNG | Anh Tester, AUTHOR=Anh Tester, EXCEL_DATA_FILE_PATH=src/test/resources/testdata/ClientsDataExcel.xlsx, WAIT_IMPLICIT=20, PROJECT_NAME=Automation Framework Cucumber TestNG | Anh Tester, HEADLESS=false, REMOTE_URL=localhost, inputCompanyName=xpath&&//input[@id='company_name'], selectOwner=xpath&&//div[@id='s2id_created_by'], inputCity=xpath&&//input[@id='city'], SCREENSHOT_FAILED_STEPS=yes, TXT_FILE_PATH=src/test/resources/testdata/TxtFileData.txt, selectFirstItemOwner=xpath&&(//div[contains(@id,'select2-result-label')])[1], buttonSignIn=xpath&&//button[normalize-space()='Sign in'], JSON_DATA_FILE_PATH=src/test/resources/config/config.json, inputVat=xpath&&//input[@id='vat_number'], ACTIVE_PAGE_LOADED=true, headerPageClientInfo=xpath&&//form[@id='company-form']//h4, URL_CRM=https://rise.fairsketch.com/signin, WAIT_SLEEP_STEP=0, OPEN_REPORTS_AFTER_EXECUTION=no, buttonDynamicXpath=xpath&&//button[normalize-space()='%s'], ZIP_FOLDER_PATH=reports/CucumberExtentReports, inputZip=xpath&&//input[@id='zip'], inputSearch=xpath&&//input[@placeholder='Search'], ZIP_FOLDER=no, menuProjects=xpath&&//span[normalize-space()='Projects']}
[INFO] 25-06-2023 20:49:22 [main] [LogUtils] - Loaded all properties files.
[INFO] 25-06-2023 20:49:22 [main] [LogUtils] - {TARGET=local, ownerDetail=xpath&&//div[@id='s2id_created_by']//a[@class='select2-choice']/span[1], menuClients=xpath&&//span[normalize-space()='Clients'], TELEGRAM_CHATID=, OVERRIDE_REPORTS=yes, inputPhone=xpath&&//input[@id='phone'], inputClientGroups=xpath&&(//label[normalize-space()='Client groups']/following-sibling::div//input)[1], buttonSaveOnDialog=xpath&&//div[@id='ajaxModalContent']//button[normalize-space()='Save'], spanFirstItemClientGroups=xpath&&//span[@class='select2-match'], inputCountry=xpath&&//input[@id='country'], SEND_REPORT_TO_TELEGRAM=no, SEND_EMAIL_TO_USERS=no, ZIP_FOLDER_NAME=CucumberExtentReports.zip, WAIT_DEFAULT=5, REMOTE_PORT=4444, TELEGRAM_TOKEN=, buttonAddClient=xpath&&//a[normalize-space()='Add client'], URL_CORP=https://corporate-dev.hubpay.ae/auth/signin, labelClientGroups=xpath&&//li[@class='select2-search-choice']/div, URL_OPS=https://ops-portal-dev.hubpay.ae/wallet/, inputState=xpath&&//input[@id='state'], labelOnClientPage=xpath&&//span[normalize-space()='Total clients'], inputPassword=xpath&&//input[@id='password'], EXTENT_REPORT_PDF=PdfReport.pdf, inputAddress=xpath&&//textarea[@id='address'], VIDEO_RECORD=no, inputSearchOwner=xpath&&//div[@id='select2-drop']//input, tabClient=xpath&&//ul[@id='client-tabs']//li[2], labelEmailError=id&&email-error, tabClientInfo=xpath&&//a[normalize-space()='Client info'], PASSWORD=T+wyT5u9cOelDJbBWNgxLw, inputWebsite=xpath&&//input[@id='website'], SCREENSHOT_ALL_STEPS=no, labelAuthentication=xpath&&//div[@role='alert'], EXTENT_REPORT_NAME=ExtentReport, EXPORT_VIDEO_PATH=ExportData/Videos, EXPORT_CAPTURE_PATH=ExportData/Images, WAIT_PAGE_LOADED=30, SCREENSHOT_PASSED_STEPS=no, radioOrganization=xpath&&//input[@id='type_organization'], EXTENT_REPORT_FOLDER=reports/CucumberExtentReports, itemClientFirstRow=xpath&&//table[@id='client-table']//tbody/tr[1]/td[2]/a, WAIT_EXPLICIT=10, BROWSER=chrome, SCREENSHOT_SKIPPED_STEPS=yes, inputEmail=xpath&&//input[@id='email'], menuDashboard=xpath&&//span[normalize-space()='Dashboard'], REPORT_TITLE=Report | Automation Framework Cucumber TestNG | Anh Tester, AUTHOR=Anh Tester, EXCEL_DATA_FILE_PATH=src/test/resources/testdata/ClientsDataExcel.xlsx, WAIT_IMPLICIT=20, PROJECT_NAME=Automation Framework Cucumber TestNG | Anh Tester, HEADLESS=false, REMOTE_URL=localhost, inputCompanyName=xpath&&//input[@id='company_name'], selectOwner=xpath&&//div[@id='s2id_created_by'], inputCity=xpath&&//input[@id='city'], SCREENSHOT_FAILED_STEPS=yes, TXT_FILE_PATH=src/test/resources/testdata/TxtFileData.txt, selectFirstItemOwner=xpath&&(//div[contains(@id,'select2-result-label')])[1], buttonSignIn=xpath&&//button[normalize-space()='Sign in'], JSON_DATA_FILE_PATH=src/test/resources/config/config.json, inputVat=xpath&&//input[@id='vat_number'], ACTIVE_PAGE_LOADED=true, headerPageClientInfo=xpath&&//form[@id='company-form']//h4, URL_CRM=https://rise.fairsketch.com/signin, WAIT_SLEEP_STEP=0, OPEN_REPORTS_AFTER_EXECUTION=no, buttonDynamicXpath=xpath&&//button[normalize-space()='%s'], ZIP_FOLDER_PATH=reports/CucumberExtentReports, inputZip=xpath&&//input[@id='zip'], inputSearch=xpath&&//input[@placeholder='Search'], ZIP_FOLDER=no, menuProjects=xpath&&//span[normalize-space()='Projects']}
[INFO] 25-06-2023 20:49:22 [main] [WebDriverManager] - Using chromedriver 114.0.5735.90 (resolved driver for Chrome 114)
[INFO] 25-06-2023 20:49:22 [main] [WebDriverManager] - Exporting webdriver.chrome.driver as /Users/kanthreddy/.cache/selenium/chromedriver/mac-arm64/114.0.5735.90/chromedriver
[INFO] 25-06-2023 20:49:32 [main] [LogUtils] - Driver in TestContext: ChromeDriver: chrome on mac (040ead8f62830c2c3cd71efb20ad403d)
[INFO] 25-06-2023 20:49:37 [main] [LogUtils] - Open URL: https://corporate-dev.hubpay.ae/auth/signin
[INFO] 25-06-2023 20:49:37 [main] [LogUtils] - Verify element visible By.cssSelector: input[name='username']
[INFO] 25-06-2023 20:49:40 [main] [LogUtils] - Set text sreekanth@hubpay.ae on By.cssSelector: input[name='username']
[INFO] 25-06-2023 20:49:41 [main] [LogUtils] - Verify element visible By.cssSelector: input[name='password']
[INFO] 25-06-2023 20:49:43 [main] [LogUtils] - Set text Hubpass@1 on By.cssSelector: input[name='password']
[INFO] 25-06-2023 20:49:47 [main] [LogUtils] - Click on element with JS: By.xpath: //button[text()='Next']
[INFO] 25-06-2023 20:50:08 [main] [LogUtils] - Verify element visible By.xpath: //li[contains(.,'Sign out')]
[INFO] 25-06-2023 20:50:11 [main] [LogUtils] - Verify element visible By.xpath: //h1[text()='Dashboard']
[INFO] 25-06-2023 20:50:11 [main] [LogUtils] - Verify element visible By.xpath: //h1[text()='Dashboard']
[INFO] 25-06-2023 20:50:11 [main] [LogUtils] - Verify element visible By.xpath: //p[contains(text(),'GBP')]
[INFO] 25-06-2023 20:50:11 [main] [LogUtils] - Verify element visible By.xpath: //p[contains(text(),'GBP')]
[INFO] 25-06-2023 20:50:14 [main] [LogUtils] - Verify element visible By.xpath: //p[contains(text(),'AED')]
[INFO] 25-06-2023 20:50:14 [main] [LogUtils] - Verify element visible By.xpath: //p[contains(text(),'AED')]
[INFO] 25-06-2023 20:50:14 [main] [LogUtils] - Verify element visible By.xpath: //p[contains(text(),'GBP')]
[INFO] 25-06-2023 20:50:14 [main] [LogUtils] - Verify element visible By.xpath: //p[contains(text(),'GBP')]
[INFO] 25-06-2023 20:50:14 [main] [LogUtils] - Verify element visible By.xpath: //p[contains(text(),'AED')]
[INFO] 25-06-2023 20:50:14 [main] [LogUtils] - Verify element visible By.xpath: //p[contains(text(),'AED')]
[INFO] 25-06-2023 20:50:15 [main] [WebDriverManager] - Using chromedriver 114.0.5735.90 (resolved driver for Chrome 114)
[INFO] 25-06-2023 20:50:15 [main] [WebDriverManager] - Exporting webdriver.chrome.driver as /Users/kanthreddy/.cache/selenium/chromedriver/mac-arm64/114.0.5735.90/chromedriver
[INFO] 25-06-2023 20:50:21 [main] [LogUtils] - Driver in TestContext: ChromeDriver: chrome on mac (9630370280cddcd4c97dfc20f44793de)
[ERROR] 25-06-2023 20:50:32 [main] [LogUtils] - Element not exist. By.xpath: //a[text()='Exchange']
[ERROR] 25-06-2023 20:50:33 [main] [LifecycleNotifier] - Could not invoke listener method
org.openqa.selenium.NoSuchSessionException: Session ID is null. Using WebDriver after calling quit()?
Build info: version: '4.10.0', revision: 'c14d967899'
System info: os.name: 'Mac OS X', os.arch: 'aarch64', os.version: '12.6', java.version: '11.0.16'
Driver info: org.openqa.selenium.chrome.ChromeDriver
Command: [null, screenshot {}]
Capabilities {acceptInsecureCerts: false, browserName: chrome, browserVersion: 114.0.5735.133, chrome: {chromedriverVersion: 114.0.5735.90 (386bc09e8f4f..., userDataDir: /var/folders/bz/l4ntdftn1jd...}, goog:chromeOptions: {debuggerAddress: localhost:57084}, networkConnectionEnabled: false, pageLoadStrategy: normal, platformName: mac, proxy: Proxy(), se:cdp: ws://localhost:57084/devtoo..., se:cdpVersion: 114.0.5735.133, setWindowRect: true, strictFileInteractability: false, timeouts: {implicit: 0, pageLoad: 300000, script: 30000}, unhandledPromptBehavior: dismiss and notify, webauthn:extension:credBlob: true, webauthn:extension:largeBlob: true, webauthn:extension:minPinLength: true, webauthn:extension:prf: true, webauthn:virtualAuthenticators: true}
	at org.openqa.selenium.remote.HttpCommandExecutor.execute(HttpCommandExecutor.java:152) ~[selenium-remote-driver-4.10.0.jar:?]
	at org.openqa.selenium.remote.service.DriverCommandExecutor.invokeExecute(DriverCommandExecutor.java:196) ~[selenium-remote-driver-4.10.0.jar:?]
	at org.openqa.selenium.remote.service.DriverCommandExecutor.execute(DriverCommandExecutor.java:171) ~[selenium-remote-driver-4.10.0.jar:?]
	at org.openqa.selenium.remote.RemoteWebDriver.execute(RemoteWebDriver.java:531) ~[selenium-remote-driver-4.10.0.jar:?]
	at org.openqa.selenium.remote.RemoteWebDriver.execute(RemoteWebDriver.java:590) ~[selenium-remote-driver-4.10.0.jar:?]
	at org.openqa.selenium.remote.RemoteWebDriver.execute(RemoteWebDriver.java:594) ~[selenium-remote-driver-4.10.0.jar:?]
	at org.openqa.selenium.remote.RemoteWebDriver.getScreenshotAs(RemoteWebDriver.java:316) ~[selenium-remote-driver-4.10.0.jar:?]
	at jdk.internal.reflect.NativeMethodAccessorImpl.invoke0(Native Method) ~[?:?]
	at jdk.internal.reflect.NativeMethodAccessorImpl.invoke(NativeMethodAccessorImpl.java:62) ~[?:?]
	at jdk.internal.reflect.DelegatingMethodAccessorImpl.invoke(DelegatingMethodAccessorImpl.java:43) ~[?:?]
	at java.lang.reflect.Method.invoke(Method.java:566) ~[?:?]
	at org.openqa.selenium.support.ThreadGuard$WebDriverInvocationHandler.invokeUnderlying(ThreadGuard.java:99) ~[selenium-support-4.10.0.jar:?]
	at org.openqa.selenium.support.ThreadGuard$WebDriverInvocationHandler.invoke(ThreadGuard.java:91) ~[selenium-support-4.10.0.jar:?]
	at com.sun.proxy.$Proxy47.getScreenshotAs(Unknown Source) ~[?:?]
	at anhtester.com.listeners.AllureListener.beforeTestStop(AllureListener.java:43) ~[test-classes/:?]
	at io.qameta.allure.listener.LifecycleNotifier.lambda$runSafely$0(LifecycleNotifier.java:211) ~[allure-java-commons-2.22.1.jar:2.22.1]
	at java.util.ArrayList.forEach(ArrayList.java:1541) ~[?:?]
	at io.qameta.allure.listener.LifecycleNotifier.runSafely(LifecycleNotifier.java:209) ~[allure-java-commons-2.22.1.jar:2.22.1]
	at io.qameta.allure.listener.LifecycleNotifier.beforeTestStop(LifecycleNotifier.java:88) ~[allure-java-commons-2.22.1.jar:2.22.1]
	at io.qameta.allure.AllureLifecycle.stopTestCase(AllureLifecycle.java:420) ~[allure-java-commons-2.22.1.jar:2.22.1]
	at io.qameta.allure.cucumber7jvm.AllureCucumber7Jvm.handleTestCaseFinished(AllureCucumber7Jvm.java:197) ~[allure-cucumber7-jvm-2.22.1.jar:2.22.1]
	at io.cucumber.core.eventbus.AbstractEventPublisher.send(AbstractEventPublisher.java:51) ~[cucumber-core-7.12.1.jar:7.12.1]
	at io.cucumber.core.eventbus.AbstractEventBus.send(AbstractEventBus.java:12) ~[cucumber-core-7.12.1.jar:7.12.1]
	at io.cucumber.core.runtime.SynchronizedEventBus.send(SynchronizedEventBus.java:47) ~[cucumber-core-7.12.1.jar:7.12.1]
	at io.cucumber.core.runtime.ThreadLocalRunnerSupplier$LocalEventBus.send(ThreadLocalRunnerSupplier.java:62) ~[cucumber-core-7.12.1.jar:7.12.1]
	at io.cucumber.core.runner.TestCase.emitTestCaseFinished(TestCase.java:219) ~[cucumber-core-7.12.1.jar:7.12.1]
	at io.cucumber.core.runner.TestCase.run(TestCase.java:98) ~[cucumber-core-7.12.1.jar:7.12.1]
	at io.cucumber.core.runner.Runner.runPickle(Runner.java:75) ~[cucumber-core-7.12.1.jar:7.12.1]
	at io.cucumber.testng.TestNGCucumberRunner.lambda$runScenario$1(TestNGCucumberRunner.java:132) ~[cucumber-testng-7.12.1.jar:7.12.1]
	at io.cucumber.core.runtime.CucumberExecutionContext.lambda$runTestCase$5(CucumberExecutionContext.java:137) ~[cucumber-core-7.12.1.jar:7.12.1]
	at io.cucumber.core.runtime.RethrowingThrowableCollector.executeAndThrow(RethrowingThrowableCollector.java:23) ~[cucumber-core-7.12.1.jar:7.12.1]
	at io.cucumber.core.runtime.CucumberExecutionContext.runTestCase(CucumberExecutionContext.java:137) ~[cucumber-core-7.12.1.jar:7.12.1]
	at io.cucumber.testng.TestNGCucumberRunner.runScenario(TestNGCucumberRunner.java:129) ~[cucumber-testng-7.12.1.jar:7.12.1]
	at io.cucumber.testng.AbstractTestNGCucumberTests.runScenario(AbstractTestNGCucumberTests.java:35) ~[cucumber-testng-7.12.1.jar:7.12.1]
	at jdk.internal.reflect.NativeMethodAccessorImpl.invoke0(Native Method) ~[?:?]
	at jdk.internal.reflect.NativeMethodAccessorImpl.invoke(NativeMethodAccessorImpl.java:62) ~[?:?]
	at jdk.internal.reflect.DelegatingMethodAccessorImpl.invoke(DelegatingMethodAccessorImpl.java:43) ~[?:?]
	at java.lang.reflect.Method.invoke(Method.java:566) ~[?:?]
	at org.testng.internal.invokers.MethodInvocationHelper.invokeMethod(MethodInvocationHelper.java:139) ~[testng-7.8.0.jar:7.8.0]
	at org.testng.internal.invokers.TestInvoker.invokeMethod(TestInvoker.java:664) ~[testng-7.8.0.jar:7.8.0]
	at org.testng.internal.invokers.TestInvoker.invokeTestMethod(TestInvoker.java:227) ~[testng-7.8.0.jar:7.8.0]
	at org.testng.internal.invokers.MethodRunner.runInSequence(MethodRunner.java:50) ~[testng-7.8.0.jar:7.8.0]
	at org.testng.internal.invokers.TestInvoker$MethodInvocationAgent.invoke(TestInvoker.java:957) ~[testng-7.8.0.jar:7.8.0]
	at org.testng.internal.invokers.TestInvoker.invokeTestMethods(TestInvoker.java:200) ~[testng-7.8.0.jar:7.8.0]
	at org.testng.internal.invokers.TestMethodWorker.invokeTestMethods(TestMethodWorker.java:148) ~[testng-7.8.0.jar:7.8.0]
	at org.testng.internal.invokers.TestMethodWorker.run(TestMethodWorker.java:128) ~[testng-7.8.0.jar:7.8.0]
	at java.util.ArrayList.forEach(ArrayList.java:1541) [?:?]
	at org.testng.TestRunner.privateRun(TestRunner.java:848) [testng-7.8.0.jar:7.8.0]
	at org.testng.TestRunner.run(TestRunner.java:621) [testng-7.8.0.jar:7.8.0]
	at org.testng.SuiteRunner.runTest(SuiteRunner.java:443) [testng-7.8.0.jar:7.8.0]
	at org.testng.SuiteRunner.runSequentially(SuiteRunner.java:437) [testng-7.8.0.jar:7.8.0]
	at org.testng.SuiteRunner.privateRun(SuiteRunner.java:397) [testng-7.8.0.jar:7.8.0]
	at org.testng.SuiteRunner.run(SuiteRunner.java:336) [testng-7.8.0.jar:7.8.0]
	at org.testng.SuiteRunnerWorker.runSuite(SuiteRunnerWorker.java:52) [testng-7.8.0.jar:7.8.0]
	at org.testng.SuiteRunnerWorker.run(SuiteRunnerWorker.java:95) [testng-7.8.0.jar:7.8.0]
	at org.testng.TestNG.runSuitesSequentially(TestNG.java:1280) [testng-7.8.0.jar:7.8.0]
	at org.testng.TestNG.runSuitesLocally(TestNG.java:1200) [testng-7.8.0.jar:7.8.0]
	at org.testng.TestNG.runSuites(TestNG.java:1114) [testng-7.8.0.jar:7.8.0]
	at org.testng.TestNG.run(TestNG.java:1082) [testng-7.8.0.jar:7.8.0]
	at com.intellij.rt.testng.IDEARemoteTestNG.run(IDEARemoteTestNG.java:66) [testng-rt.jar:?]
	at com.intellij.rt.testng.RemoteTestNGStarter.main(RemoteTestNGStarter.java:109) [testng-rt.jar:?]
[ERROR] 25-06-2023 20:50:33 [main] [LifecycleNotifier] - Could not invoke listener method
org.openqa.selenium.NoSuchSessionException: Session ID is null. Using WebDriver after calling quit()?
Build info: version: '4.10.0', revision: 'c14d967899'
System info: os.name: 'Mac OS X', os.arch: 'aarch64', os.version: '12.6', java.version: '11.0.16'
Driver info: org.openqa.selenium.chrome.ChromeDriver
Command: [null, screenshot {}]
Capabilities {acceptInsecureCerts: false, browserName: chrome, browserVersion: 114.0.5735.133, chrome: {chromedriverVersion: 114.0.5735.90 (386bc09e8f4f..., userDataDir: /var/folders/bz/l4ntdftn1jd...}, goog:chromeOptions: {debuggerAddress: localhost:57084}, networkConnectionEnabled: false, pageLoadStrategy: normal, platformName: mac, proxy: Proxy(), se:cdp: ws://localhost:57084/devtoo..., se:cdpVersion: 114.0.5735.133, setWindowRect: true, strictFileInteractability: false, timeouts: {implicit: 0, pageLoad: 300000, script: 30000}, unhandledPromptBehavior: dismiss and notify, webauthn:extension:credBlob: true, webauthn:extension:largeBlob: true, webauthn:extension:minPinLength: true, webauthn:extension:prf: true, webauthn:virtualAuthenticators: true}
	at org.openqa.selenium.remote.HttpCommandExecutor.execute(HttpCommandExecutor.java:152) ~[selenium-remote-driver-4.10.0.jar:?]
	at org.openqa.selenium.remote.service.DriverCommandExecutor.invokeExecute(DriverCommandExecutor.java:196) ~[selenium-remote-driver-4.10.0.jar:?]
	at org.openqa.selenium.remote.service.DriverCommandExecutor.execute(DriverCommandExecutor.java:171) ~[selenium-remote-driver-4.10.0.jar:?]
	at org.openqa.selenium.remote.RemoteWebDriver.execute(RemoteWebDriver.java:531) ~[selenium-remote-driver-4.10.0.jar:?]
	at org.openqa.selenium.remote.RemoteWebDriver.execute(RemoteWebDriver.java:590) ~[selenium-remote-driver-4.10.0.jar:?]
	at org.openqa.selenium.remote.RemoteWebDriver.execute(RemoteWebDriver.java:594) ~[selenium-remote-driver-4.10.0.jar:?]
	at org.openqa.selenium.remote.RemoteWebDriver.getScreenshotAs(RemoteWebDriver.java:316) ~[selenium-remote-driver-4.10.0.jar:?]
	at jdk.internal.reflect.NativeMethodAccessorImpl.invoke0(Native Method) ~[?:?]
	at jdk.internal.reflect.NativeMethodAccessorImpl.invoke(NativeMethodAccessorImpl.java:62) ~[?:?]
	at jdk.internal.reflect.DelegatingMethodAccessorImpl.invoke(DelegatingMethodAccessorImpl.java:43) ~[?:?]
	at java.lang.reflect.Method.invoke(Method.java:566) ~[?:?]
	at org.openqa.selenium.support.ThreadGuard$WebDriverInvocationHandler.invokeUnderlying(ThreadGuard.java:99) ~[selenium-support-4.10.0.jar:?]
	at org.openqa.selenium.support.ThreadGuard$WebDriverInvocationHandler.invoke(ThreadGuard.java:91) ~[selenium-support-4.10.0.jar:?]
	at com.sun.proxy.$Proxy47.getScreenshotAs(Unknown Source) ~[?:?]
	at anhtester.com.listeners.AllureListener.beforeTestStop(AllureListener.java:43) ~[test-classes/:?]
	at io.qameta.allure.listener.LifecycleNotifier.lambda$runSafely$0(LifecycleNotifier.java:211) ~[allure-java-commons-2.22.1.jar:2.22.1]
	at java.util.ArrayList.forEach(ArrayList.java:1541) ~[?:?]
	at io.qameta.allure.listener.LifecycleNotifier.runSafely(LifecycleNotifier.java:209) ~[allure-java-commons-2.22.1.jar:2.22.1]
	at io.qameta.allure.listener.LifecycleNotifier.beforeTestStop(LifecycleNotifier.java:88) ~[allure-java-commons-2.22.1.jar:2.22.1]
	at io.qameta.allure.AllureLifecycle.stopTestCase(AllureLifecycle.java:420) ~[allure-java-commons-2.22.1.jar:2.22.1]
	at io.qameta.allure.testng.AllureTestNg.stopTestCase(AllureTestNg.java:376) ~[allure-testng-2.22.1.jar:2.22.1]
	at io.qameta.allure.testng.AllureTestNg.onTestFailure(AllureTestNg.java:370) ~[allure-testng-2.22.1.jar:2.22.1]
	at org.testng.internal.TestListenerHelper.runTestListeners(TestListenerHelper.java:108) ~[testng-7.8.0.jar:7.8.0]
	at org.testng.internal.invokers.TestInvoker.runTestResultListener(TestInvoker.java:262) ~[testng-7.8.0.jar:7.8.0]
	at org.testng.internal.invokers.TestInvoker.invokeMethod(TestInvoker.java:751) ~[testng-7.8.0.jar:7.8.0]
	at org.testng.internal.invokers.TestInvoker.invokeTestMethod(TestInvoker.java:227) ~[testng-7.8.0.jar:7.8.0]
	at org.testng.internal.invokers.MethodRunner.runInSequence(MethodRunner.java:50) ~[testng-7.8.0.jar:7.8.0]
	at org.testng.internal.invokers.TestInvoker$MethodInvocationAgent.invoke(TestInvoker.java:957) ~[testng-7.8.0.jar:7.8.0]
	at org.testng.internal.invokers.TestInvoker.invokeTestMethods(TestInvoker.java:200) ~[testng-7.8.0.jar:7.8.0]
	at org.testng.internal.invokers.TestMethodWorker.invokeTestMethods(TestMethodWorker.java:148) ~[testng-7.8.0.jar:7.8.0]
	at org.testng.internal.invokers.TestMethodWorker.run(TestMethodWorker.java:128) ~[testng-7.8.0.jar:7.8.0]
	at java.util.ArrayList.forEach(ArrayList.java:1541) [?:?]
	at org.testng.TestRunner.privateRun(TestRunner.java:848) [testng-7.8.0.jar:7.8.0]
	at org.testng.TestRunner.run(TestRunner.java:621) [testng-7.8.0.jar:7.8.0]
	at org.testng.SuiteRunner.runTest(SuiteRunner.java:443) [testng-7.8.0.jar:7.8.0]
	at org.testng.SuiteRunner.runSequentially(SuiteRunner.java:437) [testng-7.8.0.jar:7.8.0]
	at org.testng.SuiteRunner.privateRun(SuiteRunner.java:397) [testng-7.8.0.jar:7.8.0]
	at org.testng.SuiteRunner.run(SuiteRunner.java:336) [testng-7.8.0.jar:7.8.0]
	at org.testng.SuiteRunnerWorker.runSuite(SuiteRunnerWorker.java:52) [testng-7.8.0.jar:7.8.0]
	at org.testng.SuiteRunnerWorker.run(SuiteRunnerWorker.java:95) [testng-7.8.0.jar:7.8.0]
	at org.testng.TestNG.runSuitesSequentially(TestNG.java:1280) [testng-7.8.0.jar:7.8.0]
	at org.testng.TestNG.runSuitesLocally(TestNG.java:1200) [testng-7.8.0.jar:7.8.0]
	at org.testng.TestNG.runSuites(TestNG.java:1114) [testng-7.8.0.jar:7.8.0]
	at org.testng.TestNG.run(TestNG.java:1082) [testng-7.8.0.jar:7.8.0]
	at com.intellij.rt.testng.IDEARemoteTestNG.run(IDEARemoteTestNG.java:66) [testng-rt.jar:?]
	at com.intellij.rt.testng.RemoteTestNGStarter.main(RemoteTestNGStarter.java:109) [testng-rt.jar:?]
[INFO] 25-06-2023 20:56:50 [main] [Utils] - [TestNG] Running:
  /Users/kanthreddy/Library/Caches/JetBrains/IdeaIE2022.2/temp-testng-customsuite.xml

[INFO] 25-06-2023 20:56:52 [main] [LogUtils] - Loaded all properties files.
[INFO] 25-06-2023 20:56:52 [main] [LogUtils] - {TARGET=local, ownerDetail=xpath&&//div[@id='s2id_created_by']//a[@class='select2-choice']/span[1], menuClients=xpath&&//span[normalize-space()='Clients'], TELEGRAM_CHATID=, OVERRIDE_REPORTS=yes, inputPhone=xpath&&//input[@id='phone'], inputClientGroups=xpath&&(//label[normalize-space()='Client groups']/following-sibling::div//input)[1], buttonSaveOnDialog=xpath&&//div[@id='ajaxModalContent']//button[normalize-space()='Save'], spanFirstItemClientGroups=xpath&&//span[@class='select2-match'], inputCountry=xpath&&//input[@id='country'], SEND_REPORT_TO_TELEGRAM=no, SEND_EMAIL_TO_USERS=no, ZIP_FOLDER_NAME=CucumberExtentReports.zip, WAIT_DEFAULT=5, REMOTE_PORT=4444, TELEGRAM_TOKEN=, buttonAddClient=xpath&&//a[normalize-space()='Add client'], URL_CORP=https://corporate-dev.hubpay.ae/auth/signin, labelClientGroups=xpath&&//li[@class='select2-search-choice']/div, URL_OPS=https://ops-portal-dev.hubpay.ae/wallet/, inputState=xpath&&//input[@id='state'], labelOnClientPage=xpath&&//span[normalize-space()='Total clients'], inputPassword=xpath&&//input[@id='password'], EXTENT_REPORT_PDF=PdfReport.pdf, inputAddress=xpath&&//textarea[@id='address'], VIDEO_RECORD=no, inputSearchOwner=xpath&&//div[@id='select2-drop']//input, tabClient=xpath&&//ul[@id='client-tabs']//li[2], labelEmailError=id&&email-error, tabClientInfo=xpath&&//a[normalize-space()='Client info'], PASSWORD=T+wyT5u9cOelDJbBWNgxLw, inputWebsite=xpath&&//input[@id='website'], SCREENSHOT_ALL_STEPS=no, labelAuthentication=xpath&&//div[@role='alert'], EXTENT_REPORT_NAME=ExtentReport, EXPORT_VIDEO_PATH=ExportData/Videos, EXPORT_CAPTURE_PATH=ExportData/Images, WAIT_PAGE_LOADED=30, SCREENSHOT_PASSED_STEPS=no, radioOrganization=xpath&&//input[@id='type_organization'], EXTENT_REPORT_FOLDER=reports/CucumberExtentReports, itemClientFirstRow=xpath&&//table[@id='client-table']//tbody/tr[1]/td[2]/a, WAIT_EXPLICIT=10, BROWSER=chrome, SCREENSHOT_SKIPPED_STEPS=yes, inputEmail=xpath&&//input[@id='email'], menuDashboard=xpath&&//span[normalize-space()='Dashboard'], REPORT_TITLE=Report | Automation Framework Cucumber TestNG | Anh Tester, AUTHOR=Anh Tester, EXCEL_DATA_FILE_PATH=src/test/resources/testdata/ClientsDataExcel.xlsx, WAIT_IMPLICIT=20, PROJECT_NAME=Automation Framework Cucumber TestNG | Anh Tester, HEADLESS=false, REMOTE_URL=localhost, inputCompanyName=xpath&&//input[@id='company_name'], selectOwner=xpath&&//div[@id='s2id_created_by'], inputCity=xpath&&//input[@id='city'], SCREENSHOT_FAILED_STEPS=yes, TXT_FILE_PATH=src/test/resources/testdata/TxtFileData.txt, selectFirstItemOwner=xpath&&(//div[contains(@id,'select2-result-label')])[1], buttonSignIn=xpath&&//button[normalize-space()='Sign in'], JSON_DATA_FILE_PATH=src/test/resources/config/config.json, inputVat=xpath&&//input[@id='vat_number'], ACTIVE_PAGE_LOADED=true, headerPageClientInfo=xpath&&//form[@id='company-form']//h4, URL_CRM=https://rise.fairsketch.com/signin, WAIT_SLEEP_STEP=0, OPEN_REPORTS_AFTER_EXECUTION=no, buttonDynamicXpath=xpath&&//button[normalize-space()='%s'], ZIP_FOLDER_PATH=reports/CucumberExtentReports, inputZip=xpath&&//input[@id='zip'], inputSearch=xpath&&//input[@placeholder='Search'], ZIP_FOLDER=no, menuProjects=xpath&&//span[normalize-space()='Projects']}
[INFO] 25-06-2023 20:56:52 [main] [LogUtils] - Loaded all properties files.
[INFO] 25-06-2023 20:56:52 [main] [LogUtils] - {TARGET=local, ownerDetail=xpath&&//div[@id='s2id_created_by']//a[@class='select2-choice']/span[1], menuClients=xpath&&//span[normalize-space()='Clients'], TELEGRAM_CHATID=, OVERRIDE_REPORTS=yes, inputPhone=xpath&&//input[@id='phone'], inputClientGroups=xpath&&(//label[normalize-space()='Client groups']/following-sibling::div//input)[1], buttonSaveOnDialog=xpath&&//div[@id='ajaxModalContent']//button[normalize-space()='Save'], spanFirstItemClientGroups=xpath&&//span[@class='select2-match'], inputCountry=xpath&&//input[@id='country'], SEND_REPORT_TO_TELEGRAM=no, SEND_EMAIL_TO_USERS=no, ZIP_FOLDER_NAME=CucumberExtentReports.zip, WAIT_DEFAULT=5, REMOTE_PORT=4444, TELEGRAM_TOKEN=, buttonAddClient=xpath&&//a[normalize-space()='Add client'], URL_CORP=https://corporate-dev.hubpay.ae/auth/signin, labelClientGroups=xpath&&//li[@class='select2-search-choice']/div, URL_OPS=https://ops-portal-dev.hubpay.ae/wallet/, inputState=xpath&&//input[@id='state'], labelOnClientPage=xpath&&//span[normalize-space()='Total clients'], inputPassword=xpath&&//input[@id='password'], EXTENT_REPORT_PDF=PdfReport.pdf, inputAddress=xpath&&//textarea[@id='address'], VIDEO_RECORD=no, inputSearchOwner=xpath&&//div[@id='select2-drop']//input, tabClient=xpath&&//ul[@id='client-tabs']//li[2], labelEmailError=id&&email-error, tabClientInfo=xpath&&//a[normalize-space()='Client info'], PASSWORD=T+wyT5u9cOelDJbBWNgxLw, inputWebsite=xpath&&//input[@id='website'], SCREENSHOT_ALL_STEPS=no, labelAuthentication=xpath&&//div[@role='alert'], EXTENT_REPORT_NAME=ExtentReport, EXPORT_VIDEO_PATH=ExportData/Videos, EXPORT_CAPTURE_PATH=ExportData/Images, WAIT_PAGE_LOADED=30, SCREENSHOT_PASSED_STEPS=no, radioOrganization=xpath&&//input[@id='type_organization'], EXTENT_REPORT_FOLDER=reports/CucumberExtentReports, itemClientFirstRow=xpath&&//table[@id='client-table']//tbody/tr[1]/td[2]/a, WAIT_EXPLICIT=10, BROWSER=chrome, SCREENSHOT_SKIPPED_STEPS=yes, inputEmail=xpath&&//input[@id='email'], menuDashboard=xpath&&//span[normalize-space()='Dashboard'], REPORT_TITLE=Report | Automation Framework Cucumber TestNG | Anh Tester, AUTHOR=Anh Tester, EXCEL_DATA_FILE_PATH=src/test/resources/testdata/ClientsDataExcel.xlsx, WAIT_IMPLICIT=20, PROJECT_NAME=Automation Framework Cucumber TestNG | Anh Tester, HEADLESS=false, REMOTE_URL=localhost, inputCompanyName=xpath&&//input[@id='company_name'], selectOwner=xpath&&//div[@id='s2id_created_by'], inputCity=xpath&&//input[@id='city'], SCREENSHOT_FAILED_STEPS=yes, TXT_FILE_PATH=src/test/resources/testdata/TxtFileData.txt, selectFirstItemOwner=xpath&&(//div[contains(@id,'select2-result-label')])[1], buttonSignIn=xpath&&//button[normalize-space()='Sign in'], JSON_DATA_FILE_PATH=src/test/resources/config/config.json, inputVat=xpath&&//input[@id='vat_number'], ACTIVE_PAGE_LOADED=true, headerPageClientInfo=xpath&&//form[@id='company-form']//h4, URL_CRM=https://rise.fairsketch.com/signin, WAIT_SLEEP_STEP=0, OPEN_REPORTS_AFTER_EXECUTION=no, buttonDynamicXpath=xpath&&//button[normalize-space()='%s'], ZIP_FOLDER_PATH=reports/CucumberExtentReports, inputZip=xpath&&//input[@id='zip'], inputSearch=xpath&&//input[@placeholder='Search'], ZIP_FOLDER=no, menuProjects=xpath&&//span[normalize-space()='Projects']}
[INFO] 25-06-2023 20:56:52 [TestNG-PoolService-0] [WebDriverManager] - Using chromedriver 114.0.5735.90 (resolved driver for Chrome 114)
[INFO] 25-06-2023 20:56:52 [TestNG-PoolService-0] [WebDriverManager] - Exporting webdriver.chrome.driver as /Users/kanthreddy/.cache/selenium/chromedriver/mac-arm64/114.0.5735.90/chromedriver
[INFO] 25-06-2023 20:57:03 [TestNG-PoolService-0] [LogUtils] - Driver in TestContext: ChromeDriver: chrome on mac (ef86c7801448c22e8ed92ef461e2b92d)
[INFO] 25-06-2023 20:57:07 [TestNG-PoolService-0] [LogUtils] - Open URL: https://corporate-dev.hubpay.ae/auth/signin
[INFO] 25-06-2023 20:57:08 [TestNG-PoolService-0] [LogUtils] - Verify element visible By.cssSelector: input[name='username']
[INFO] 25-06-2023 20:57:11 [TestNG-PoolService-0] [LogUtils] - Set text sreekanth@hubpay.ae on By.cssSelector: input[name='username']
[INFO] 25-06-2023 20:57:12 [TestNG-PoolService-0] [LogUtils] - Verify element visible By.cssSelector: input[name='password']
[INFO] 25-06-2023 20:57:13 [TestNG-PoolService-0] [LogUtils] - Set text Hubpass@1 on By.cssSelector: input[name='password']
[INFO] 25-06-2023 20:57:18 [TestNG-PoolService-0] [LogUtils] - Click on element with JS: By.xpath: //button[text()='Next']
[INFO] 25-06-2023 20:57:39 [TestNG-PoolService-0] [LogUtils] - Verify element visible By.xpath: //li[contains(.,'Sign out')]
[INFO] 25-06-2023 20:57:43 [TestNG-PoolService-0] [LogUtils] - Verify element visible By.xpath: //h1[text()='Dashboard']
[INFO] 25-06-2023 20:57:43 [TestNG-PoolService-0] [LogUtils] - Verify element visible By.xpath: //h1[text()='Dashboard']
[INFO] 25-06-2023 20:57:44 [TestNG-PoolService-0] [LogUtils] - Verify element visible By.xpath: //p[contains(text(),'GBP')]
[INFO] 25-06-2023 20:57:44 [TestNG-PoolService-0] [LogUtils] - Verify element visible By.xpath: //p[contains(text(),'GBP')]
[INFO] 25-06-2023 20:57:46 [TestNG-PoolService-0] [LogUtils] - Verify element visible By.xpath: //p[contains(text(),'AED')]
[INFO] 25-06-2023 20:57:48 [TestNG-PoolService-0] [LogUtils] - Verify element visible By.xpath: //p[contains(text(),'AED')]
[INFO] 25-06-2023 20:57:49 [TestNG-PoolService-0] [LogUtils] - Verify element visible By.xpath: //p[contains(text(),'GBP')]
[INFO] 25-06-2023 20:57:49 [TestNG-PoolService-0] [LogUtils] - Verify element visible By.xpath: //p[contains(text(),'GBP')]
[INFO] 25-06-2023 20:57:49 [TestNG-PoolService-0] [LogUtils] - Verify element visible By.xpath: //p[contains(text(),'AED')]
[INFO] 25-06-2023 20:57:49 [TestNG-PoolService-0] [LogUtils] - Verify element visible By.xpath: //p[contains(text(),'AED')]
[INFO] 25-06-2023 20:57:49 [TestNG-PoolService-0] [LogUtils] - Verify element visible By.xpath: //a[text()='Exchange']
[INFO] 25-06-2023 20:57:51 [TestNG-PoolService-0] [LogUtils] - Clicked on the element By.xpath: //a[text()='Exchange']
[INFO] 25-06-2023 20:57:57 [TestNG-PoolService-0] [LogUtils] - Verify element visible By.xpath: //h1[text()='Exchange']
[INFO] 25-06-2023 20:57:57 [TestNG-PoolService-0] [LogUtils] - Verify element visible By.xpath: //h1[text()='Exchange']
[INFO] 25-06-2023 20:57:57 [TestNG-PoolService-0] [LogUtils] - Verify element visible By.xpath: //p[text()='Convert money between your wallets']
[INFO] 25-06-2023 20:57:57 [TestNG-PoolService-0] [LogUtils] - Verify element visible By.xpath: //span[text()='Amount']/preceding-sibling::span[text()='1']/parent::span
[INFO] 25-06-2023 20:57:57 [TestNG-PoolService-0] [LogUtils] - Verify element visible By.xpath: //span[text()='Review & confirm']/preceding-sibling::span[text()='2']/parent::span
[INFO] 25-06-2023 20:57:57 [TestNG-PoolService-0] [LogUtils] - Verify element visible By.xpath: //h1[text()='Amount']
[INFO] 25-06-2023 20:57:57 [TestNG-PoolService-0] [LogUtils] - Verify element visible By.xpath: //h1[text()='Amount']/following-sibling::p[text()='Select the wallet you want to exchange to and define the amount']
[INFO] 25-06-2023 20:57:57 [TestNG-PoolService-0] [LogUtils] - Verify element visible By.xpath: //input[@id='amount']/following-sibling::div/button
[INFO] 25-06-2023 20:57:57 [TestNG-PoolService-0] [LogUtils] - Verify element visible By.xpath: //label[text()='Sell']/following-sibling::div/input[@placeholder='0.00']/following-sibling::div[.='AED']
[INFO] 25-06-2023 20:57:57 [TestNG-PoolService-0] [LogUtils] - Verify TRUE: true
[INFO] 25-06-2023 20:57:57 [TestNG-PoolService-0] [LogUtils] - Verify element visible By.xpath: //p[.='ANITHA TEST BUSINESS Solutions Private Limited']
[INFO] 25-06-2023 20:57:57 [TestNG-PoolService-0] [LogUtils] - Verify element visible By.xpath: //p[.='Hello, SRIKANTH PALLA BHANUMURTHY REDDY']
[INFO] 25-06-2023 20:57:58 [TestNG-PoolService-0] [LogUtils] - Verify element visible By.xpath: //span[text()='Amount']/preceding-sibling::span[text()='1']/parent::span
[INFO] 25-06-2023 20:57:58 [TestNG-PoolService-0] [LogUtils] - Verify element visible By.xpath: //span[text()='Amount']/preceding-sibling::span[text()='1']/parent::span
[INFO] 25-06-2023 20:57:58 [TestNG-PoolService-0] [LogUtils] - Verify element visible By.xpath: //span[text()='Amount']/preceding-sibling::span[text()='1']/parent::span
[INFO] 25-06-2023 20:57:58 [TestNG-PoolService-0] [LogUtils] - Verify TRUE: true
[INFO] 25-06-2023 20:57:58 [TestNG-PoolService-0] [LogUtils] - Verify element visible By.xpath: //span[text()='Review & confirm']/preceding-sibling::span[text()='2']/parent::span
[INFO] 25-06-2023 20:57:58 [TestNG-PoolService-0] [LogUtils] - Verify element visible By.xpath: //span[text()='Review & confirm']/preceding-sibling::span[text()='2']/parent::span
[INFO] 25-06-2023 20:57:58 [TestNG-PoolService-0] [LogUtils] - Verify element visible By.xpath: //span[text()='Review & confirm']/preceding-sibling::span[text()='2']/parent::span
[INFO] 25-06-2023 20:57:58 [TestNG-PoolService-0] [LogUtils] - Verify TRUE: true
[INFO] 25-06-2023 20:58:07 [TestNG-PoolService-0] [LogUtils] - Verify element visible By.xpath: //input[@id='amount']
[INFO] 25-06-2023 20:58:08 [TestNG-PoolService-0] [LogUtils] - Verify element visible By.xpath: //input[@id='amount']
[INFO] 25-06-2023 20:58:09 [TestNG-PoolService-0] [LogUtils] - Clear and Fill 10.00 on By.xpath: //input[@id='amount']
[ERROR] 25-06-2023 20:58:19 [TestNG-PoolService-0] [LogUtils] - Live rate is not displayedBy.xpath: //div[text()='Live rate']/preceding-sibling::div//p
[ERROR] 25-06-2023 20:58:21 [TestNG-PoolService-0] [LifecycleNotifier] - Could not invoke listener method
org.openqa.selenium.NoSuchSessionException: Session ID is null. Using WebDriver after calling quit()?
Build info: version: '4.10.0', revision: 'c14d967899'
System info: os.name: 'Mac OS X', os.arch: 'aarch64', os.version: '12.6', java.version: '11.0.16'
Driver info: org.openqa.selenium.chrome.ChromeDriver
Command: [null, screenshot {}]
Capabilities {acceptInsecureCerts: false, browserName: chrome, browserVersion: 114.0.5735.133, chrome: {chromedriverVersion: 114.0.5735.90 (386bc09e8f4f..., userDataDir: /var/folders/bz/l4ntdftn1jd...}, goog:chromeOptions: {debuggerAddress: localhost:58826}, networkConnectionEnabled: false, pageLoadStrategy: normal, platformName: mac, proxy: Proxy(), se:cdp: ws://localhost:58826/devtoo..., se:cdpVersion: 114.0.5735.133, setWindowRect: true, strictFileInteractability: false, timeouts: {implicit: 0, pageLoad: 300000, script: 30000}, unhandledPromptBehavior: dismiss and notify, webauthn:extension:credBlob: true, webauthn:extension:largeBlob: true, webauthn:extension:minPinLength: true, webauthn:extension:prf: true, webauthn:virtualAuthenticators: true}
	at org.openqa.selenium.remote.HttpCommandExecutor.execute(HttpCommandExecutor.java:152) ~[selenium-remote-driver-4.10.0.jar:?]
	at org.openqa.selenium.remote.service.DriverCommandExecutor.invokeExecute(DriverCommandExecutor.java:196) ~[selenium-remote-driver-4.10.0.jar:?]
	at org.openqa.selenium.remote.service.DriverCommandExecutor.execute(DriverCommandExecutor.java:171) ~[selenium-remote-driver-4.10.0.jar:?]
	at org.openqa.selenium.remote.RemoteWebDriver.execute(RemoteWebDriver.java:531) ~[selenium-remote-driver-4.10.0.jar:?]
	at org.openqa.selenium.remote.RemoteWebDriver.execute(RemoteWebDriver.java:590) ~[selenium-remote-driver-4.10.0.jar:?]
	at org.openqa.selenium.remote.RemoteWebDriver.execute(RemoteWebDriver.java:594) ~[selenium-remote-driver-4.10.0.jar:?]
	at org.openqa.selenium.remote.RemoteWebDriver.getScreenshotAs(RemoteWebDriver.java:316) ~[selenium-remote-driver-4.10.0.jar:?]
	at jdk.internal.reflect.NativeMethodAccessorImpl.invoke0(Native Method) ~[?:?]
	at jdk.internal.reflect.NativeMethodAccessorImpl.invoke(NativeMethodAccessorImpl.java:62) ~[?:?]
	at jdk.internal.reflect.DelegatingMethodAccessorImpl.invoke(DelegatingMethodAccessorImpl.java:43) ~[?:?]
	at java.lang.reflect.Method.invoke(Method.java:566) ~[?:?]
	at org.openqa.selenium.support.ThreadGuard$WebDriverInvocationHandler.invokeUnderlying(ThreadGuard.java:99) ~[selenium-support-4.10.0.jar:?]
	at org.openqa.selenium.support.ThreadGuard$WebDriverInvocationHandler.invoke(ThreadGuard.java:91) ~[selenium-support-4.10.0.jar:?]
	at com.sun.proxy.$Proxy47.getScreenshotAs(Unknown Source) ~[?:?]
	at anhtester.com.listeners.AllureListener.beforeTestStop(AllureListener.java:43) ~[test-classes/:?]
	at io.qameta.allure.listener.LifecycleNotifier.lambda$runSafely$0(LifecycleNotifier.java:211) ~[allure-java-commons-2.22.1.jar:2.22.1]
	at java.util.ArrayList.forEach(ArrayList.java:1541) ~[?:?]
	at io.qameta.allure.listener.LifecycleNotifier.runSafely(LifecycleNotifier.java:209) ~[allure-java-commons-2.22.1.jar:2.22.1]
	at io.qameta.allure.listener.LifecycleNotifier.beforeTestStop(LifecycleNotifier.java:88) ~[allure-java-commons-2.22.1.jar:2.22.1]
	at io.qameta.allure.AllureLifecycle.stopTestCase(AllureLifecycle.java:420) ~[allure-java-commons-2.22.1.jar:2.22.1]
	at io.qameta.allure.cucumber7jvm.AllureCucumber7Jvm.handleTestCaseFinished(AllureCucumber7Jvm.java:197) ~[allure-cucumber7-jvm-2.22.1.jar:2.22.1]
	at io.cucumber.core.eventbus.AbstractEventPublisher.send(AbstractEventPublisher.java:51) ~[cucumber-core-7.12.1.jar:7.12.1]
	at io.cucumber.core.eventbus.AbstractEventBus.send(AbstractEventBus.java:12) ~[cucumber-core-7.12.1.jar:7.12.1]
	at io.cucumber.core.runtime.SynchronizedEventBus.send(SynchronizedEventBus.java:47) ~[cucumber-core-7.12.1.jar:7.12.1]
	at io.cucumber.core.runtime.ThreadLocalRunnerSupplier$LocalEventBus.send(ThreadLocalRunnerSupplier.java:62) ~[cucumber-core-7.12.1.jar:7.12.1]
	at io.cucumber.core.runner.TestCase.emitTestCaseFinished(TestCase.java:219) ~[cucumber-core-7.12.1.jar:7.12.1]
	at io.cucumber.core.runner.TestCase.run(TestCase.java:98) ~[cucumber-core-7.12.1.jar:7.12.1]
	at io.cucumber.core.runner.Runner.runPickle(Runner.java:75) ~[cucumber-core-7.12.1.jar:7.12.1]
	at io.cucumber.testng.TestNGCucumberRunner.lambda$runScenario$1(TestNGCucumberRunner.java:132) ~[cucumber-testng-7.12.1.jar:7.12.1]
	at io.cucumber.core.runtime.CucumberExecutionContext.lambda$runTestCase$5(CucumberExecutionContext.java:137) ~[cucumber-core-7.12.1.jar:7.12.1]
	at io.cucumber.core.runtime.RethrowingThrowableCollector.executeAndThrow(RethrowingThrowableCollector.java:23) [cucumber-core-7.12.1.jar:7.12.1]
	at io.cucumber.core.runtime.CucumberExecutionContext.runTestCase(CucumberExecutionContext.java:137) [cucumber-core-7.12.1.jar:7.12.1]
	at io.cucumber.testng.TestNGCucumberRunner.runScenario(TestNGCucumberRunner.java:129) [cucumber-testng-7.12.1.jar:7.12.1]
	at io.cucumber.testng.AbstractTestNGCucumberTests.runScenario(AbstractTestNGCucumberTests.java:35) [cucumber-testng-7.12.1.jar:7.12.1]
	at jdk.internal.reflect.NativeMethodAccessorImpl.invoke0(Native Method) ~[?:?]
	at jdk.internal.reflect.NativeMethodAccessorImpl.invoke(NativeMethodAccessorImpl.java:62) ~[?:?]
	at jdk.internal.reflect.DelegatingMethodAccessorImpl.invoke(DelegatingMethodAccessorImpl.java:43) ~[?:?]
	at java.lang.reflect.Method.invoke(Method.java:566) ~[?:?]
	at org.testng.internal.invokers.MethodInvocationHelper.invokeMethod(MethodInvocationHelper.java:139) [testng-7.8.0.jar:7.8.0]
	at org.testng.internal.invokers.TestInvoker.invokeMethod(TestInvoker.java:664) [testng-7.8.0.jar:7.8.0]
	at org.testng.internal.invokers.TestInvoker.invokeTestMethod(TestInvoker.java:227) [testng-7.8.0.jar:7.8.0]
	at org.testng.internal.invokers.TestMethodWithDataProviderMethodWorker.call(TestMethodWithDataProviderMethodWorker.java:80) [testng-7.8.0.jar:7.8.0]
	at org.testng.internal.invokers.TestMethodWithDataProviderMethodWorker.call(TestMethodWithDataProviderMethodWorker.java:17) [testng-7.8.0.jar:7.8.0]
	at java.util.concurrent.FutureTask.run(FutureTask.java:264) [?:?]
	at java.util.concurrent.Executors$RunnableAdapter.call(Executors.java:515) [?:?]
	at java.util.concurrent.FutureTask.run(FutureTask.java:264) [?:?]
	at java.util.concurrent.ThreadPoolExecutor.runWorker(ThreadPoolExecutor.java:1128) [?:?]
	at java.util.concurrent.ThreadPoolExecutor$Worker.run(ThreadPoolExecutor.java:628) [?:?]
	at java.lang.Thread.run(Thread.java:834) [?:?]
[ERROR] 25-06-2023 20:58:21 [TestNG-PoolService-0] [LifecycleNotifier] - Could not invoke listener method
org.openqa.selenium.NoSuchSessionException: Session ID is null. Using WebDriver after calling quit()?
Build info: version: '4.10.0', revision: 'c14d967899'
System info: os.name: 'Mac OS X', os.arch: 'aarch64', os.version: '12.6', java.version: '11.0.16'
Driver info: org.openqa.selenium.chrome.ChromeDriver
Command: [null, screenshot {}]
Capabilities {acceptInsecureCerts: false, browserName: chrome, browserVersion: 114.0.5735.133, chrome: {chromedriverVersion: 114.0.5735.90 (386bc09e8f4f..., userDataDir: /var/folders/bz/l4ntdftn1jd...}, goog:chromeOptions: {debuggerAddress: localhost:58826}, networkConnectionEnabled: false, pageLoadStrategy: normal, platformName: mac, proxy: Proxy(), se:cdp: ws://localhost:58826/devtoo..., se:cdpVersion: 114.0.5735.133, setWindowRect: true, strictFileInteractability: false, timeouts: {implicit: 0, pageLoad: 300000, script: 30000}, unhandledPromptBehavior: dismiss and notify, webauthn:extension:credBlob: true, webauthn:extension:largeBlob: true, webauthn:extension:minPinLength: true, webauthn:extension:prf: true, webauthn:virtualAuthenticators: true}
	at org.openqa.selenium.remote.HttpCommandExecutor.execute(HttpCommandExecutor.java:152) ~[selenium-remote-driver-4.10.0.jar:?]
	at org.openqa.selenium.remote.service.DriverCommandExecutor.invokeExecute(DriverCommandExecutor.java:196) ~[selenium-remote-driver-4.10.0.jar:?]
	at org.openqa.selenium.remote.service.DriverCommandExecutor.execute(DriverCommandExecutor.java:171) ~[selenium-remote-driver-4.10.0.jar:?]
	at org.openqa.selenium.remote.RemoteWebDriver.execute(RemoteWebDriver.java:531) ~[selenium-remote-driver-4.10.0.jar:?]
	at org.openqa.selenium.remote.RemoteWebDriver.execute(RemoteWebDriver.java:590) ~[selenium-remote-driver-4.10.0.jar:?]
	at org.openqa.selenium.remote.RemoteWebDriver.execute(RemoteWebDriver.java:594) ~[selenium-remote-driver-4.10.0.jar:?]
	at org.openqa.selenium.remote.RemoteWebDriver.getScreenshotAs(RemoteWebDriver.java:316) ~[selenium-remote-driver-4.10.0.jar:?]
	at jdk.internal.reflect.NativeMethodAccessorImpl.invoke0(Native Method) ~[?:?]
	at jdk.internal.reflect.NativeMethodAccessorImpl.invoke(NativeMethodAccessorImpl.java:62) ~[?:?]
	at jdk.internal.reflect.DelegatingMethodAccessorImpl.invoke(DelegatingMethodAccessorImpl.java:43) ~[?:?]
	at java.lang.reflect.Method.invoke(Method.java:566) ~[?:?]
	at org.openqa.selenium.support.ThreadGuard$WebDriverInvocationHandler.invokeUnderlying(ThreadGuard.java:99) ~[selenium-support-4.10.0.jar:?]
	at org.openqa.selenium.support.ThreadGuard$WebDriverInvocationHandler.invoke(ThreadGuard.java:91) ~[selenium-support-4.10.0.jar:?]
	at com.sun.proxy.$Proxy47.getScreenshotAs(Unknown Source) ~[?:?]
	at anhtester.com.listeners.AllureListener.beforeTestStop(AllureListener.java:43) ~[test-classes/:?]
	at io.qameta.allure.listener.LifecycleNotifier.lambda$runSafely$0(LifecycleNotifier.java:211) ~[allure-java-commons-2.22.1.jar:2.22.1]
	at java.util.ArrayList.forEach(ArrayList.java:1541) [?:?]
	at io.qameta.allure.listener.LifecycleNotifier.runSafely(LifecycleNotifier.java:209) [allure-java-commons-2.22.1.jar:2.22.1]
	at io.qameta.allure.listener.LifecycleNotifier.beforeTestStop(LifecycleNotifier.java:88) [allure-java-commons-2.22.1.jar:2.22.1]
	at io.qameta.allure.AllureLifecycle.stopTestCase(AllureLifecycle.java:420) [allure-java-commons-2.22.1.jar:2.22.1]
	at io.qameta.allure.testng.AllureTestNg.stopTestCase(AllureTestNg.java:376) [allure-testng-2.22.1.jar:2.22.1]
	at io.qameta.allure.testng.AllureTestNg.onTestFailure(AllureTestNg.java:370) [allure-testng-2.22.1.jar:2.22.1]
	at org.testng.internal.TestListenerHelper.runTestListeners(TestListenerHelper.java:108) [testng-7.8.0.jar:7.8.0]
	at org.testng.internal.invokers.TestInvoker.runTestResultListener(TestInvoker.java:262) [testng-7.8.0.jar:7.8.0]
	at org.testng.internal.invokers.TestInvoker.invokeMethod(TestInvoker.java:751) [testng-7.8.0.jar:7.8.0]
	at org.testng.internal.invokers.TestInvoker.invokeTestMethod(TestInvoker.java:227) [testng-7.8.0.jar:7.8.0]
	at org.testng.internal.invokers.TestMethodWithDataProviderMethodWorker.call(TestMethodWithDataProviderMethodWorker.java:80) [testng-7.8.0.jar:7.8.0]
	at org.testng.internal.invokers.TestMethodWithDataProviderMethodWorker.call(TestMethodWithDataProviderMethodWorker.java:17) [testng-7.8.0.jar:7.8.0]
	at java.util.concurrent.FutureTask.run(FutureTask.java:264) [?:?]
	at java.util.concurrent.Executors$RunnableAdapter.call(Executors.java:515) [?:?]
	at java.util.concurrent.FutureTask.run(FutureTask.java:264) [?:?]
	at java.util.concurrent.ThreadPoolExecutor.runWorker(ThreadPoolExecutor.java:1128) [?:?]
	at java.util.concurrent.ThreadPoolExecutor$Worker.run(ThreadPoolExecutor.java:628) [?:?]
	at java.lang.Thread.run(Thread.java:834) [?:?]
[INFO] 25-06-2023 20:58:43 [main] [Utils] - [TestNG] Running:
  /Users/kanthreddy/Library/Caches/JetBrains/IdeaIE2022.2/temp-testng-customsuite.xml

[INFO] 25-06-2023 20:58:44 [main] [LogUtils] - Loaded all properties files.
[INFO] 25-06-2023 20:58:44 [main] [LogUtils] - {TARGET=local, ownerDetail=xpath&&//div[@id='s2id_created_by']//a[@class='select2-choice']/span[1], menuClients=xpath&&//span[normalize-space()='Clients'], TELEGRAM_CHATID=, OVERRIDE_REPORTS=yes, inputPhone=xpath&&//input[@id='phone'], inputClientGroups=xpath&&(//label[normalize-space()='Client groups']/following-sibling::div//input)[1], buttonSaveOnDialog=xpath&&//div[@id='ajaxModalContent']//button[normalize-space()='Save'], spanFirstItemClientGroups=xpath&&//span[@class='select2-match'], inputCountry=xpath&&//input[@id='country'], SEND_REPORT_TO_TELEGRAM=no, SEND_EMAIL_TO_USERS=no, ZIP_FOLDER_NAME=CucumberExtentReports.zip, WAIT_DEFAULT=5, REMOTE_PORT=4444, TELEGRAM_TOKEN=, buttonAddClient=xpath&&//a[normalize-space()='Add client'], URL_CORP=https://corporate-dev.hubpay.ae/auth/signin, labelClientGroups=xpath&&//li[@class='select2-search-choice']/div, URL_OPS=https://ops-portal-dev.hubpay.ae/wallet/, inputState=xpath&&//input[@id='state'], labelOnClientPage=xpath&&//span[normalize-space()='Total clients'], inputPassword=xpath&&//input[@id='password'], EXTENT_REPORT_PDF=PdfReport.pdf, inputAddress=xpath&&//textarea[@id='address'], VIDEO_RECORD=no, inputSearchOwner=xpath&&//div[@id='select2-drop']//input, tabClient=xpath&&//ul[@id='client-tabs']//li[2], labelEmailError=id&&email-error, tabClientInfo=xpath&&//a[normalize-space()='Client info'], PASSWORD=T+wyT5u9cOelDJbBWNgxLw, inputWebsite=xpath&&//input[@id='website'], SCREENSHOT_ALL_STEPS=no, labelAuthentication=xpath&&//div[@role='alert'], EXTENT_REPORT_NAME=ExtentReport, EXPORT_VIDEO_PATH=ExportData/Videos, EXPORT_CAPTURE_PATH=ExportData/Images, WAIT_PAGE_LOADED=30, SCREENSHOT_PASSED_STEPS=no, radioOrganization=xpath&&//input[@id='type_organization'], EXTENT_REPORT_FOLDER=reports/CucumberExtentReports, itemClientFirstRow=xpath&&//table[@id='client-table']//tbody/tr[1]/td[2]/a, WAIT_EXPLICIT=10, BROWSER=chrome, SCREENSHOT_SKIPPED_STEPS=yes, inputEmail=xpath&&//input[@id='email'], menuDashboard=xpath&&//span[normalize-space()='Dashboard'], REPORT_TITLE=Report | Automation Framework Cucumber TestNG | Anh Tester, AUTHOR=Anh Tester, EXCEL_DATA_FILE_PATH=src/test/resources/testdata/ClientsDataExcel.xlsx, WAIT_IMPLICIT=20, PROJECT_NAME=Automation Framework Cucumber TestNG | Anh Tester, HEADLESS=false, REMOTE_URL=localhost, inputCompanyName=xpath&&//input[@id='company_name'], selectOwner=xpath&&//div[@id='s2id_created_by'], inputCity=xpath&&//input[@id='city'], SCREENSHOT_FAILED_STEPS=yes, TXT_FILE_PATH=src/test/resources/testdata/TxtFileData.txt, selectFirstItemOwner=xpath&&(//div[contains(@id,'select2-result-label')])[1], buttonSignIn=xpath&&//button[normalize-space()='Sign in'], JSON_DATA_FILE_PATH=src/test/resources/config/config.json, inputVat=xpath&&//input[@id='vat_number'], ACTIVE_PAGE_LOADED=true, headerPageClientInfo=xpath&&//form[@id='company-form']//h4, URL_CRM=https://rise.fairsketch.com/signin, WAIT_SLEEP_STEP=0, OPEN_REPORTS_AFTER_EXECUTION=no, buttonDynamicXpath=xpath&&//button[normalize-space()='%s'], ZIP_FOLDER_PATH=reports/CucumberExtentReports, inputZip=xpath&&//input[@id='zip'], inputSearch=xpath&&//input[@placeholder='Search'], ZIP_FOLDER=no, menuProjects=xpath&&//span[normalize-space()='Projects']}
[INFO] 25-06-2023 20:58:44 [main] [LogUtils] - Loaded all properties files.
[INFO] 25-06-2023 20:58:44 [main] [LogUtils] - {TARGET=local, ownerDetail=xpath&&//div[@id='s2id_created_by']//a[@class='select2-choice']/span[1], menuClients=xpath&&//span[normalize-space()='Clients'], TELEGRAM_CHATID=, OVERRIDE_REPORTS=yes, inputPhone=xpath&&//input[@id='phone'], inputClientGroups=xpath&&(//label[normalize-space()='Client groups']/following-sibling::div//input)[1], buttonSaveOnDialog=xpath&&//div[@id='ajaxModalContent']//button[normalize-space()='Save'], spanFirstItemClientGroups=xpath&&//span[@class='select2-match'], inputCountry=xpath&&//input[@id='country'], SEND_REPORT_TO_TELEGRAM=no, SEND_EMAIL_TO_USERS=no, ZIP_FOLDER_NAME=CucumberExtentReports.zip, WAIT_DEFAULT=5, REMOTE_PORT=4444, TELEGRAM_TOKEN=, buttonAddClient=xpath&&//a[normalize-space()='Add client'], URL_CORP=https://corporate-dev.hubpay.ae/auth/signin, labelClientGroups=xpath&&//li[@class='select2-search-choice']/div, URL_OPS=https://ops-portal-dev.hubpay.ae/wallet/, inputState=xpath&&//input[@id='state'], labelOnClientPage=xpath&&//span[normalize-space()='Total clients'], inputPassword=xpath&&//input[@id='password'], EXTENT_REPORT_PDF=PdfReport.pdf, inputAddress=xpath&&//textarea[@id='address'], VIDEO_RECORD=no, inputSearchOwner=xpath&&//div[@id='select2-drop']//input, tabClient=xpath&&//ul[@id='client-tabs']//li[2], labelEmailError=id&&email-error, tabClientInfo=xpath&&//a[normalize-space()='Client info'], PASSWORD=T+wyT5u9cOelDJbBWNgxLw, inputWebsite=xpath&&//input[@id='website'], SCREENSHOT_ALL_STEPS=no, labelAuthentication=xpath&&//div[@role='alert'], EXTENT_REPORT_NAME=ExtentReport, EXPORT_VIDEO_PATH=ExportData/Videos, EXPORT_CAPTURE_PATH=ExportData/Images, WAIT_PAGE_LOADED=30, SCREENSHOT_PASSED_STEPS=no, radioOrganization=xpath&&//input[@id='type_organization'], EXTENT_REPORT_FOLDER=reports/CucumberExtentReports, itemClientFirstRow=xpath&&//table[@id='client-table']//tbody/tr[1]/td[2]/a, WAIT_EXPLICIT=10, BROWSER=chrome, SCREENSHOT_SKIPPED_STEPS=yes, inputEmail=xpath&&//input[@id='email'], menuDashboard=xpath&&//span[normalize-space()='Dashboard'], REPORT_TITLE=Report | Automation Framework Cucumber TestNG | Anh Tester, AUTHOR=Anh Tester, EXCEL_DATA_FILE_PATH=src/test/resources/testdata/ClientsDataExcel.xlsx, WAIT_IMPLICIT=20, PROJECT_NAME=Automation Framework Cucumber TestNG | Anh Tester, HEADLESS=false, REMOTE_URL=localhost, inputCompanyName=xpath&&//input[@id='company_name'], selectOwner=xpath&&//div[@id='s2id_created_by'], inputCity=xpath&&//input[@id='city'], SCREENSHOT_FAILED_STEPS=yes, TXT_FILE_PATH=src/test/resources/testdata/TxtFileData.txt, selectFirstItemOwner=xpath&&(//div[contains(@id,'select2-result-label')])[1], buttonSignIn=xpath&&//button[normalize-space()='Sign in'], JSON_DATA_FILE_PATH=src/test/resources/config/config.json, inputVat=xpath&&//input[@id='vat_number'], ACTIVE_PAGE_LOADED=true, headerPageClientInfo=xpath&&//form[@id='company-form']//h4, URL_CRM=https://rise.fairsketch.com/signin, WAIT_SLEEP_STEP=0, OPEN_REPORTS_AFTER_EXECUTION=no, buttonDynamicXpath=xpath&&//button[normalize-space()='%s'], ZIP_FOLDER_PATH=reports/CucumberExtentReports, inputZip=xpath&&//input[@id='zip'], inputSearch=xpath&&//input[@placeholder='Search'], ZIP_FOLDER=no, menuProjects=xpath&&//span[normalize-space()='Projects']}
[INFO] 25-06-2023 20:58:45 [TestNG-PoolService-1] [WebDriverManager] - Using chromedriver 114.0.5735.90 (resolved driver for Chrome 114)
[INFO] 25-06-2023 20:58:45 [TestNG-PoolService-0] [WebDriverManager] - Using chromedriver 114.0.5735.90 (resolved driver for Chrome 114)
[INFO] 25-06-2023 20:58:45 [TestNG-PoolService-1] [WebDriverManager] - Exporting webdriver.chrome.driver as /Users/kanthreddy/.cache/selenium/chromedriver/mac-arm64/114.0.5735.90/chromedriver
[INFO] 25-06-2023 20:58:45 [TestNG-PoolService-0] [WebDriverManager] - Exporting webdriver.chrome.driver as /Users/kanthreddy/.cache/selenium/chromedriver/mac-arm64/114.0.5735.90/chromedriver
[INFO] 25-06-2023 20:58:54 [TestNG-PoolService-1] [LogUtils] - Driver in TestContext: ChromeDriver: chrome on mac (c496354587abf82c48c60d78850bdb6a)
[INFO] 25-06-2023 20:58:56 [TestNG-PoolService-0] [LogUtils] - Driver in TestContext: ChromeDriver: chrome on mac (cd7fe01704ab84dcccbce870cd8bbef6)
[INFO] 25-06-2023 20:59:00 [TestNG-PoolService-1] [LogUtils] - Open URL: https://corporate-dev.hubpay.ae/auth/signin
[INFO] 25-06-2023 20:59:00 [TestNG-PoolService-1] [LogUtils] - Verify element visible By.cssSelector: input[name='username']
[INFO] 25-06-2023 20:59:01 [TestNG-PoolService-0] [LogUtils] - Open URL: https://corporate-dev.hubpay.ae/auth/signin
[INFO] 25-06-2023 20:59:01 [TestNG-PoolService-0] [LogUtils] - Verify element visible By.cssSelector: input[name='username']
[INFO] 25-06-2023 20:59:04 [TestNG-PoolService-1] [LogUtils] - Set text sreekanth@hubpay.ae on By.cssSelector: input[name='username']
[INFO] 25-06-2023 20:59:05 [TestNG-PoolService-1] [LogUtils] - Verify element visible By.cssSelector: input[name='password']
[INFO] 25-06-2023 20:59:06 [TestNG-PoolService-0] [LogUtils] - Set text sreekanth@hubpay.ae on By.cssSelector: input[name='username']
[INFO] 25-06-2023 20:59:07 [TestNG-PoolService-0] [LogUtils] - Verify element visible By.cssSelector: input[name='password']
[INFO] 25-06-2023 20:59:07 [TestNG-PoolService-1] [LogUtils] - Set text Hubpass@1 on By.cssSelector: input[name='password']
[INFO] 25-06-2023 20:59:09 [TestNG-PoolService-0] [LogUtils] - Set text Hubpass@1 on By.cssSelector: input[name='password']
[INFO] 25-06-2023 20:59:12 [TestNG-PoolService-1] [LogUtils] - Click on element with JS: By.xpath: //button[text()='Next']
[INFO] 25-06-2023 20:59:14 [TestNG-PoolService-0] [LogUtils] - Click on element with JS: By.xpath: //button[text()='Next']
[INFO] 25-06-2023 20:59:37 [TestNG-PoolService-0] [LogUtils] - Verify element visible By.xpath: //li[contains(.,'Sign out')]
[INFO] 25-06-2023 20:59:39 [TestNG-PoolService-1] [LogUtils] - Verify element visible By.xpath: //li[contains(.,'Sign out')]
[INFO] 25-06-2023 20:59:41 [TestNG-PoolService-0] [LogUtils] - Verify element visible By.xpath: //h1[text()='Dashboard']
[INFO] 25-06-2023 20:59:41 [TestNG-PoolService-0] [LogUtils] - Verify element visible By.xpath: //h1[text()='Dashboard']
[INFO] 25-06-2023 20:59:41 [TestNG-PoolService-0] [LogUtils] - Verify element visible By.xpath: //p[contains(text(),'GBP')]
[INFO] 25-06-2023 20:59:41 [TestNG-PoolService-0] [LogUtils] - Verify element visible By.xpath: //p[contains(text(),'GBP')]
[ERROR] 25-06-2023 20:59:43 [TestNG-PoolService-1] [LifecycleNotifier] - Could not invoke listener method
org.openqa.selenium.NoSuchSessionException: Session ID is null. Using WebDriver after calling quit()?
Build info: version: '4.10.0', revision: 'c14d967899'
System info: os.name: 'Mac OS X', os.arch: 'aarch64', os.version: '12.6', java.version: '11.0.16'
Driver info: org.openqa.selenium.chrome.ChromeDriver
Command: [null, screenshot {}]
Capabilities {acceptInsecureCerts: false, browserName: chrome, browserVersion: 114.0.5735.133, chrome: {chromedriverVersion: 114.0.5735.90 (386bc09e8f4f..., userDataDir: /var/folders/bz/l4ntdftn1jd...}, goog:chromeOptions: {debuggerAddress: localhost:59320}, networkConnectionEnabled: false, pageLoadStrategy: normal, platformName: mac, proxy: Proxy(), se:cdp: ws://localhost:59320/devtoo..., se:cdpVersion: 114.0.5735.133, setWindowRect: true, strictFileInteractability: false, timeouts: {implicit: 0, pageLoad: 300000, script: 30000}, unhandledPromptBehavior: dismiss and notify, webauthn:extension:credBlob: true, webauthn:extension:largeBlob: true, webauthn:extension:minPinLength: true, webauthn:extension:prf: true, webauthn:virtualAuthenticators: true}
	at org.openqa.selenium.remote.HttpCommandExecutor.execute(HttpCommandExecutor.java:152) ~[selenium-remote-driver-4.10.0.jar:?]
	at org.openqa.selenium.remote.service.DriverCommandExecutor.invokeExecute(DriverCommandExecutor.java:196) ~[selenium-remote-driver-4.10.0.jar:?]
	at org.openqa.selenium.remote.service.DriverCommandExecutor.execute(DriverCommandExecutor.java:171) ~[selenium-remote-driver-4.10.0.jar:?]
	at org.openqa.selenium.remote.RemoteWebDriver.execute(RemoteWebDriver.java:531) ~[selenium-remote-driver-4.10.0.jar:?]
	at org.openqa.selenium.remote.RemoteWebDriver.execute(RemoteWebDriver.java:590) ~[selenium-remote-driver-4.10.0.jar:?]
	at org.openqa.selenium.remote.RemoteWebDriver.execute(RemoteWebDriver.java:594) ~[selenium-remote-driver-4.10.0.jar:?]
	at org.openqa.selenium.remote.RemoteWebDriver.getScreenshotAs(RemoteWebDriver.java:316) ~[selenium-remote-driver-4.10.0.jar:?]
	at jdk.internal.reflect.NativeMethodAccessorImpl.invoke0(Native Method) ~[?:?]
	at jdk.internal.reflect.NativeMethodAccessorImpl.invoke(NativeMethodAccessorImpl.java:62) ~[?:?]
	at jdk.internal.reflect.DelegatingMethodAccessorImpl.invoke(DelegatingMethodAccessorImpl.java:43) ~[?:?]
	at java.lang.reflect.Method.invoke(Method.java:566) ~[?:?]
	at org.openqa.selenium.support.ThreadGuard$WebDriverInvocationHandler.invokeUnderlying(ThreadGuard.java:99) ~[selenium-support-4.10.0.jar:?]
	at org.openqa.selenium.support.ThreadGuard$WebDriverInvocationHandler.invoke(ThreadGuard.java:91) ~[selenium-support-4.10.0.jar:?]
	at com.sun.proxy.$Proxy47.getScreenshotAs(Unknown Source) ~[?:?]
	at anhtester.com.listeners.AllureListener.beforeTestStop(AllureListener.java:43) ~[test-classes/:?]
	at io.qameta.allure.listener.LifecycleNotifier.lambda$runSafely$0(LifecycleNotifier.java:211) ~[allure-java-commons-2.22.1.jar:2.22.1]
	at java.util.ArrayList.forEach(ArrayList.java:1541) ~[?:?]
	at io.qameta.allure.listener.LifecycleNotifier.runSafely(LifecycleNotifier.java:209) ~[allure-java-commons-2.22.1.jar:2.22.1]
	at io.qameta.allure.listener.LifecycleNotifier.beforeTestStop(LifecycleNotifier.java:88) ~[allure-java-commons-2.22.1.jar:2.22.1]
	at io.qameta.allure.AllureLifecycle.stopTestCase(AllureLifecycle.java:420) ~[allure-java-commons-2.22.1.jar:2.22.1]
	at io.qameta.allure.cucumber7jvm.AllureCucumber7Jvm.handleTestCaseFinished(AllureCucumber7Jvm.java:197) ~[allure-cucumber7-jvm-2.22.1.jar:2.22.1]
	at io.cucumber.core.eventbus.AbstractEventPublisher.send(AbstractEventPublisher.java:51) ~[cucumber-core-7.12.1.jar:7.12.1]
	at io.cucumber.core.eventbus.AbstractEventBus.send(AbstractEventBus.java:12) ~[cucumber-core-7.12.1.jar:7.12.1]
	at io.cucumber.core.runtime.SynchronizedEventBus.send(SynchronizedEventBus.java:47) ~[cucumber-core-7.12.1.jar:7.12.1]
	at io.cucumber.core.runtime.ThreadLocalRunnerSupplier$LocalEventBus.send(ThreadLocalRunnerSupplier.java:62) ~[cucumber-core-7.12.1.jar:7.12.1]
	at io.cucumber.core.runner.TestCase.emitTestCaseFinished(TestCase.java:219) ~[cucumber-core-7.12.1.jar:7.12.1]
	at io.cucumber.core.runner.TestCase.run(TestCase.java:98) ~[cucumber-core-7.12.1.jar:7.12.1]
	at io.cucumber.core.runner.Runner.runPickle(Runner.java:75) ~[cucumber-core-7.12.1.jar:7.12.1]
	at io.cucumber.testng.TestNGCucumberRunner.lambda$runScenario$1(TestNGCucumberRunner.java:132) ~[cucumber-testng-7.12.1.jar:7.12.1]
	at io.cucumber.core.runtime.CucumberExecutionContext.lambda$runTestCase$5(CucumberExecutionContext.java:137) ~[cucumber-core-7.12.1.jar:7.12.1]
	at io.cucumber.core.runtime.RethrowingThrowableCollector.executeAndThrow(RethrowingThrowableCollector.java:23) [cucumber-core-7.12.1.jar:7.12.1]
	at io.cucumber.core.runtime.CucumberExecutionContext.runTestCase(CucumberExecutionContext.java:137) [cucumber-core-7.12.1.jar:7.12.1]
	at io.cucumber.testng.TestNGCucumberRunner.runScenario(TestNGCucumberRunner.java:129) [cucumber-testng-7.12.1.jar:7.12.1]
	at io.cucumber.testng.AbstractTestNGCucumberTests.runScenario(AbstractTestNGCucumberTests.java:35) [cucumber-testng-7.12.1.jar:7.12.1]
	at jdk.internal.reflect.NativeMethodAccessorImpl.invoke0(Native Method) ~[?:?]
	at jdk.internal.reflect.NativeMethodAccessorImpl.invoke(NativeMethodAccessorImpl.java:62) ~[?:?]
	at jdk.internal.reflect.DelegatingMethodAccessorImpl.invoke(DelegatingMethodAccessorImpl.java:43) ~[?:?]
	at java.lang.reflect.Method.invoke(Method.java:566) ~[?:?]
	at org.testng.internal.invokers.MethodInvocationHelper.invokeMethod(MethodInvocationHelper.java:139) [testng-7.8.0.jar:7.8.0]
	at org.testng.internal.invokers.TestInvoker.invokeMethod(TestInvoker.java:664) [testng-7.8.0.jar:7.8.0]
	at org.testng.internal.invokers.TestInvoker.invokeTestMethod(TestInvoker.java:227) [testng-7.8.0.jar:7.8.0]
	at org.testng.internal.invokers.TestMethodWithDataProviderMethodWorker.call(TestMethodWithDataProviderMethodWorker.java:80) [testng-7.8.0.jar:7.8.0]
	at org.testng.internal.invokers.TestMethodWithDataProviderMethodWorker.call(TestMethodWithDataProviderMethodWorker.java:17) [testng-7.8.0.jar:7.8.0]
	at java.util.concurrent.FutureTask.run(FutureTask.java:264) [?:?]
	at java.util.concurrent.Executors$RunnableAdapter.call(Executors.java:515) [?:?]
	at java.util.concurrent.FutureTask.run(FutureTask.java:264) [?:?]
	at java.util.concurrent.ThreadPoolExecutor.runWorker(ThreadPoolExecutor.java:1128) [?:?]
	at java.util.concurrent.ThreadPoolExecutor$Worker.run(ThreadPoolExecutor.java:628) [?:?]
	at java.lang.Thread.run(Thread.java:834) [?:?]
[ERROR] 25-06-2023 20:59:44 [TestNG-PoolService-1] [LifecycleNotifier] - Could not invoke listener method
org.openqa.selenium.NoSuchSessionException: Session ID is null. Using WebDriver after calling quit()?
Build info: version: '4.10.0', revision: 'c14d967899'
System info: os.name: 'Mac OS X', os.arch: 'aarch64', os.version: '12.6', java.version: '11.0.16'
Driver info: org.openqa.selenium.chrome.ChromeDriver
Command: [null, screenshot {}]
Capabilities {acceptInsecureCerts: false, browserName: chrome, browserVersion: 114.0.5735.133, chrome: {chromedriverVersion: 114.0.5735.90 (386bc09e8f4f..., userDataDir: /var/folders/bz/l4ntdftn1jd...}, goog:chromeOptions: {debuggerAddress: localhost:59320}, networkConnectionEnabled: false, pageLoadStrategy: normal, platformName: mac, proxy: Proxy(), se:cdp: ws://localhost:59320/devtoo..., se:cdpVersion: 114.0.5735.133, setWindowRect: true, strictFileInteractability: false, timeouts: {implicit: 0, pageLoad: 300000, script: 30000}, unhandledPromptBehavior: dismiss and notify, webauthn:extension:credBlob: true, webauthn:extension:largeBlob: true, webauthn:extension:minPinLength: true, webauthn:extension:prf: true, webauthn:virtualAuthenticators: true}
	at org.openqa.selenium.remote.HttpCommandExecutor.execute(HttpCommandExecutor.java:152) ~[selenium-remote-driver-4.10.0.jar:?]
	at org.openqa.selenium.remote.service.DriverCommandExecutor.invokeExecute(DriverCommandExecutor.java:196) ~[selenium-remote-driver-4.10.0.jar:?]
	at org.openqa.selenium.remote.service.DriverCommandExecutor.execute(DriverCommandExecutor.java:171) ~[selenium-remote-driver-4.10.0.jar:?]
	at org.openqa.selenium.remote.RemoteWebDriver.execute(RemoteWebDriver.java:531) ~[selenium-remote-driver-4.10.0.jar:?]
	at org.openqa.selenium.remote.RemoteWebDriver.execute(RemoteWebDriver.java:590) ~[selenium-remote-driver-4.10.0.jar:?]
	at org.openqa.selenium.remote.RemoteWebDriver.execute(RemoteWebDriver.java:594) ~[selenium-remote-driver-4.10.0.jar:?]
	at org.openqa.selenium.remote.RemoteWebDriver.getScreenshotAs(RemoteWebDriver.java:316) ~[selenium-remote-driver-4.10.0.jar:?]
	at jdk.internal.reflect.NativeMethodAccessorImpl.invoke0(Native Method) ~[?:?]
	at jdk.internal.reflect.NativeMethodAccessorImpl.invoke(NativeMethodAccessorImpl.java:62) ~[?:?]
	at jdk.internal.reflect.DelegatingMethodAccessorImpl.invoke(DelegatingMethodAccessorImpl.java:43) ~[?:?]
	at java.lang.reflect.Method.invoke(Method.java:566) ~[?:?]
	at org.openqa.selenium.support.ThreadGuard$WebDriverInvocationHandler.invokeUnderlying(ThreadGuard.java:99) ~[selenium-support-4.10.0.jar:?]
	at org.openqa.selenium.support.ThreadGuard$WebDriverInvocationHandler.invoke(ThreadGuard.java:91) ~[selenium-support-4.10.0.jar:?]
	at com.sun.proxy.$Proxy47.getScreenshotAs(Unknown Source) ~[?:?]
	at anhtester.com.listeners.AllureListener.beforeTestStop(AllureListener.java:43) ~[test-classes/:?]
	at io.qameta.allure.listener.LifecycleNotifier.lambda$runSafely$0(LifecycleNotifier.java:211) ~[allure-java-commons-2.22.1.jar:2.22.1]
	at java.util.ArrayList.forEach(ArrayList.java:1541) [?:?]
	at io.qameta.allure.listener.LifecycleNotifier.runSafely(LifecycleNotifier.java:209) [allure-java-commons-2.22.1.jar:2.22.1]
	at io.qameta.allure.listener.LifecycleNotifier.beforeTestStop(LifecycleNotifier.java:88) [allure-java-commons-2.22.1.jar:2.22.1]
	at io.qameta.allure.AllureLifecycle.stopTestCase(AllureLifecycle.java:420) [allure-java-commons-2.22.1.jar:2.22.1]
	at io.qameta.allure.testng.AllureTestNg.stopTestCase(AllureTestNg.java:376) [allure-testng-2.22.1.jar:2.22.1]
	at io.qameta.allure.testng.AllureTestNg.onTestFailure(AllureTestNg.java:370) [allure-testng-2.22.1.jar:2.22.1]
	at org.testng.internal.TestListenerHelper.runTestListeners(TestListenerHelper.java:108) [testng-7.8.0.jar:7.8.0]
	at org.testng.internal.invokers.TestInvoker.runTestResultListener(TestInvoker.java:262) [testng-7.8.0.jar:7.8.0]
	at org.testng.internal.invokers.TestInvoker.invokeMethod(TestInvoker.java:751) [testng-7.8.0.jar:7.8.0]
	at org.testng.internal.invokers.TestInvoker.invokeTestMethod(TestInvoker.java:227) [testng-7.8.0.jar:7.8.0]
	at org.testng.internal.invokers.TestMethodWithDataProviderMethodWorker.call(TestMethodWithDataProviderMethodWorker.java:80) [testng-7.8.0.jar:7.8.0]
	at org.testng.internal.invokers.TestMethodWithDataProviderMethodWorker.call(TestMethodWithDataProviderMethodWorker.java:17) [testng-7.8.0.jar:7.8.0]
	at java.util.concurrent.FutureTask.run(FutureTask.java:264) [?:?]
	at java.util.concurrent.Executors$RunnableAdapter.call(Executors.java:515) [?:?]
	at java.util.concurrent.FutureTask.run(FutureTask.java:264) [?:?]
	at java.util.concurrent.ThreadPoolExecutor.runWorker(ThreadPoolExecutor.java:1128) [?:?]
	at java.util.concurrent.ThreadPoolExecutor$Worker.run(ThreadPoolExecutor.java:628) [?:?]
	at java.lang.Thread.run(Thread.java:834) [?:?]
[INFO] 25-06-2023 20:59:44 [TestNG-PoolService-0] [LogUtils] - Verify element visible By.xpath: //p[contains(text(),'AED')]
[INFO] 25-06-2023 20:59:45 [TestNG-PoolService-0] [LogUtils] - Verify element visible By.xpath: //p[contains(text(),'AED')]
[INFO] 25-06-2023 20:59:45 [TestNG-PoolService-0] [LogUtils] - Verify element visible By.xpath: //p[contains(text(),'GBP')]
[INFO] 25-06-2023 20:59:45 [TestNG-PoolService-0] [LogUtils] - Verify element visible By.xpath: //p[contains(text(),'GBP')]
[INFO] 25-06-2023 20:59:46 [TestNG-PoolService-0] [LogUtils] - Verify element visible By.xpath: //p[contains(text(),'AED')]
[INFO] 25-06-2023 20:59:48 [TestNG-PoolService-0] [LogUtils] - Verify element visible By.xpath: //p[contains(text(),'AED')]
[INFO] 25-06-2023 20:59:48 [TestNG-PoolService-0] [LogUtils] - Verify element visible By.xpath: //a[text()='Exchange']
[INFO] 25-06-2023 20:59:49 [TestNG-PoolService-0] [LogUtils] - Clicked on the element By.xpath: //a[text()='Exchange']
[INFO] 25-06-2023 20:59:55 [TestNG-PoolService-0] [LogUtils] - Verify element visible By.xpath: //h1[text()='Exchange']
[INFO] 25-06-2023 20:59:55 [TestNG-PoolService-0] [LogUtils] - Verify element visible By.xpath: //h1[text()='Exchange']
[INFO] 25-06-2023 20:59:55 [TestNG-PoolService-0] [LogUtils] - Verify element visible By.xpath: //p[text()='Convert money between your wallets']
[INFO] 25-06-2023 20:59:55 [TestNG-PoolService-0] [LogUtils] - Verify element visible By.xpath: //span[text()='Amount']/preceding-sibling::span[text()='1']/parent::span
[INFO] 25-06-2023 20:59:56 [TestNG-PoolService-0] [LogUtils] - Verify element visible By.xpath: //span[text()='Review & confirm']/preceding-sibling::span[text()='2']/parent::span
[INFO] 25-06-2023 20:59:56 [TestNG-PoolService-0] [LogUtils] - Verify element visible By.xpath: //h1[text()='Amount']
[INFO] 25-06-2023 20:59:56 [TestNG-PoolService-0] [LogUtils] - Verify element visible By.xpath: //h1[text()='Amount']/following-sibling::p[text()='Select the wallet you want to exchange to and define the amount']
[INFO] 25-06-2023 20:59:56 [TestNG-PoolService-0] [LogUtils] - Verify element visible By.xpath: //input[@id='amount']/following-sibling::div/button
[INFO] 25-06-2023 20:59:56 [TestNG-PoolService-0] [LogUtils] - Verify element visible By.xpath: //label[text()='Sell']/following-sibling::div/input[@placeholder='0.00']/following-sibling::div[.='AED']
[INFO] 25-06-2023 20:59:56 [TestNG-PoolService-0] [LogUtils] - Verify TRUE: true
[INFO] 25-06-2023 20:59:56 [TestNG-PoolService-0] [LogUtils] - Verify element visible By.xpath: //p[.='ANITHA TEST BUSINESS Solutions Private Limited']
[INFO] 25-06-2023 20:59:56 [TestNG-PoolService-0] [LogUtils] - Verify element visible By.xpath: //p[.='Hello, SRIKANTH PALLA BHANUMURTHY REDDY']
[INFO] 25-06-2023 20:59:56 [TestNG-PoolService-0] [LogUtils] - Verify element visible By.xpath: //span[text()='Amount']/preceding-sibling::span[text()='1']/parent::span
[INFO] 25-06-2023 20:59:56 [TestNG-PoolService-0] [LogUtils] - Verify element visible By.xpath: //span[text()='Amount']/preceding-sibling::span[text()='1']/parent::span
[INFO] 25-06-2023 20:59:56 [TestNG-PoolService-0] [LogUtils] - Verify element visible By.xpath: //span[text()='Amount']/preceding-sibling::span[text()='1']/parent::span
[INFO] 25-06-2023 20:59:56 [TestNG-PoolService-0] [LogUtils] - Verify TRUE: true
[INFO] 25-06-2023 20:59:57 [TestNG-PoolService-0] [LogUtils] - Verify element visible By.xpath: //span[text()='Review & confirm']/preceding-sibling::span[text()='2']/parent::span
[INFO] 25-06-2023 20:59:57 [TestNG-PoolService-0] [LogUtils] - Verify element visible By.xpath: //span[text()='Review & confirm']/preceding-sibling::span[text()='2']/parent::span
[INFO] 25-06-2023 20:59:57 [TestNG-PoolService-0] [LogUtils] - Verify element visible By.xpath: //span[text()='Review & confirm']/preceding-sibling::span[text()='2']/parent::span
[INFO] 25-06-2023 20:59:57 [TestNG-PoolService-0] [LogUtils] - Verify TRUE: true
[INFO] 25-06-2023 21:00:05 [TestNG-PoolService-0] [LogUtils] - Verify element visible By.xpath: //input[@id='amount']
[INFO] 25-06-2023 21:00:05 [TestNG-PoolService-0] [LogUtils] - Verify element visible By.xpath: //input[@id='amount']
[INFO] 25-06-2023 21:00:07 [TestNG-PoolService-0] [LogUtils] - Clear and Fill 10.00 on By.xpath: //input[@id='amount']
[ERROR] 25-06-2023 21:00:17 [TestNG-PoolService-0] [LogUtils] - Live rate is not displayedBy.xpath: //div[text()='Live rate']/preceding-sibling::div//p
[ERROR] 25-06-2023 21:00:18 [TestNG-PoolService-0] [LifecycleNotifier] - Could not invoke listener method
org.openqa.selenium.NoSuchSessionException: Session ID is null. Using WebDriver after calling quit()?
Build info: version: '4.10.0', revision: 'c14d967899'
System info: os.name: 'Mac OS X', os.arch: 'aarch64', os.version: '12.6', java.version: '11.0.16'
Driver info: org.openqa.selenium.chrome.ChromeDriver
Command: [null, screenshot {}]
Capabilities {acceptInsecureCerts: false, browserName: chrome, browserVersion: 114.0.5735.133, chrome: {chromedriverVersion: 114.0.5735.90 (386bc09e8f4f..., userDataDir: /var/folders/bz/l4ntdftn1jd...}, goog:chromeOptions: {debuggerAddress: localhost:59319}, networkConnectionEnabled: false, pageLoadStrategy: normal, platformName: mac, proxy: Proxy(), se:cdp: ws://localhost:59319/devtoo..., se:cdpVersion: 114.0.5735.133, setWindowRect: true, strictFileInteractability: false, timeouts: {implicit: 0, pageLoad: 300000, script: 30000}, unhandledPromptBehavior: dismiss and notify, webauthn:extension:credBlob: true, webauthn:extension:largeBlob: true, webauthn:extension:minPinLength: true, webauthn:extension:prf: true, webauthn:virtualAuthenticators: true}
	at org.openqa.selenium.remote.HttpCommandExecutor.execute(HttpCommandExecutor.java:152) ~[selenium-remote-driver-4.10.0.jar:?]
	at org.openqa.selenium.remote.service.DriverCommandExecutor.invokeExecute(DriverCommandExecutor.java:196) ~[selenium-remote-driver-4.10.0.jar:?]
	at org.openqa.selenium.remote.service.DriverCommandExecutor.execute(DriverCommandExecutor.java:171) ~[selenium-remote-driver-4.10.0.jar:?]
	at org.openqa.selenium.remote.RemoteWebDriver.execute(RemoteWebDriver.java:531) ~[selenium-remote-driver-4.10.0.jar:?]
	at org.openqa.selenium.remote.RemoteWebDriver.execute(RemoteWebDriver.java:590) ~[selenium-remote-driver-4.10.0.jar:?]
	at org.openqa.selenium.remote.RemoteWebDriver.execute(RemoteWebDriver.java:594) ~[selenium-remote-driver-4.10.0.jar:?]
	at org.openqa.selenium.remote.RemoteWebDriver.getScreenshotAs(RemoteWebDriver.java:316) ~[selenium-remote-driver-4.10.0.jar:?]
	at jdk.internal.reflect.NativeMethodAccessorImpl.invoke0(Native Method) ~[?:?]
	at jdk.internal.reflect.NativeMethodAccessorImpl.invoke(NativeMethodAccessorImpl.java:62) ~[?:?]
	at jdk.internal.reflect.DelegatingMethodAccessorImpl.invoke(DelegatingMethodAccessorImpl.java:43) ~[?:?]
	at java.lang.reflect.Method.invoke(Method.java:566) ~[?:?]
	at org.openqa.selenium.support.ThreadGuard$WebDriverInvocationHandler.invokeUnderlying(ThreadGuard.java:99) ~[selenium-support-4.10.0.jar:?]
	at org.openqa.selenium.support.ThreadGuard$WebDriverInvocationHandler.invoke(ThreadGuard.java:91) ~[selenium-support-4.10.0.jar:?]
	at com.sun.proxy.$Proxy47.getScreenshotAs(Unknown Source) ~[?:?]
	at anhtester.com.listeners.AllureListener.beforeTestStop(AllureListener.java:43) ~[test-classes/:?]
	at io.qameta.allure.listener.LifecycleNotifier.lambda$runSafely$0(LifecycleNotifier.java:211) ~[allure-java-commons-2.22.1.jar:2.22.1]
	at java.util.ArrayList.forEach(ArrayList.java:1541) ~[?:?]
	at io.qameta.allure.listener.LifecycleNotifier.runSafely(LifecycleNotifier.java:209) ~[allure-java-commons-2.22.1.jar:2.22.1]
	at io.qameta.allure.listener.LifecycleNotifier.beforeTestStop(LifecycleNotifier.java:88) ~[allure-java-commons-2.22.1.jar:2.22.1]
	at io.qameta.allure.AllureLifecycle.stopTestCase(AllureLifecycle.java:420) ~[allure-java-commons-2.22.1.jar:2.22.1]
	at io.qameta.allure.cucumber7jvm.AllureCucumber7Jvm.handleTestCaseFinished(AllureCucumber7Jvm.java:197) ~[allure-cucumber7-jvm-2.22.1.jar:2.22.1]
	at io.cucumber.core.eventbus.AbstractEventPublisher.send(AbstractEventPublisher.java:51) ~[cucumber-core-7.12.1.jar:7.12.1]
	at io.cucumber.core.eventbus.AbstractEventBus.send(AbstractEventBus.java:12) ~[cucumber-core-7.12.1.jar:7.12.1]
	at io.cucumber.core.runtime.SynchronizedEventBus.send(SynchronizedEventBus.java:47) ~[cucumber-core-7.12.1.jar:7.12.1]
	at io.cucumber.core.runtime.ThreadLocalRunnerSupplier$LocalEventBus.send(ThreadLocalRunnerSupplier.java:62) ~[cucumber-core-7.12.1.jar:7.12.1]
	at io.cucumber.core.runner.TestCase.emitTestCaseFinished(TestCase.java:219) ~[cucumber-core-7.12.1.jar:7.12.1]
	at io.cucumber.core.runner.TestCase.run(TestCase.java:98) ~[cucumber-core-7.12.1.jar:7.12.1]
	at io.cucumber.core.runner.Runner.runPickle(Runner.java:75) ~[cucumber-core-7.12.1.jar:7.12.1]
	at io.cucumber.testng.TestNGCucumberRunner.lambda$runScenario$1(TestNGCucumberRunner.java:132) ~[cucumber-testng-7.12.1.jar:7.12.1]
	at io.cucumber.core.runtime.CucumberExecutionContext.lambda$runTestCase$5(CucumberExecutionContext.java:137) ~[cucumber-core-7.12.1.jar:7.12.1]
	at io.cucumber.core.runtime.RethrowingThrowableCollector.executeAndThrow(RethrowingThrowableCollector.java:23) [cucumber-core-7.12.1.jar:7.12.1]
	at io.cucumber.core.runtime.CucumberExecutionContext.runTestCase(CucumberExecutionContext.java:137) [cucumber-core-7.12.1.jar:7.12.1]
	at io.cucumber.testng.TestNGCucumberRunner.runScenario(TestNGCucumberRunner.java:129) [cucumber-testng-7.12.1.jar:7.12.1]
	at io.cucumber.testng.AbstractTestNGCucumberTests.runScenario(AbstractTestNGCucumberTests.java:35) [cucumber-testng-7.12.1.jar:7.12.1]
	at jdk.internal.reflect.NativeMethodAccessorImpl.invoke0(Native Method) ~[?:?]
	at jdk.internal.reflect.NativeMethodAccessorImpl.invoke(NativeMethodAccessorImpl.java:62) ~[?:?]
	at jdk.internal.reflect.DelegatingMethodAccessorImpl.invoke(DelegatingMethodAccessorImpl.java:43) ~[?:?]
	at java.lang.reflect.Method.invoke(Method.java:566) ~[?:?]
	at org.testng.internal.invokers.MethodInvocationHelper.invokeMethod(MethodInvocationHelper.java:139) [testng-7.8.0.jar:7.8.0]
	at org.testng.internal.invokers.TestInvoker.invokeMethod(TestInvoker.java:664) [testng-7.8.0.jar:7.8.0]
	at org.testng.internal.invokers.TestInvoker.invokeTestMethod(TestInvoker.java:227) [testng-7.8.0.jar:7.8.0]
	at org.testng.internal.invokers.TestMethodWithDataProviderMethodWorker.call(TestMethodWithDataProviderMethodWorker.java:80) [testng-7.8.0.jar:7.8.0]
	at org.testng.internal.invokers.TestMethodWithDataProviderMethodWorker.call(TestMethodWithDataProviderMethodWorker.java:17) [testng-7.8.0.jar:7.8.0]
	at java.util.concurrent.FutureTask.run(FutureTask.java:264) [?:?]
	at java.util.concurrent.Executors$RunnableAdapter.call(Executors.java:515) [?:?]
	at java.util.concurrent.FutureTask.run(FutureTask.java:264) [?:?]
	at java.util.concurrent.ThreadPoolExecutor.runWorker(ThreadPoolExecutor.java:1128) [?:?]
	at java.util.concurrent.ThreadPoolExecutor$Worker.run(ThreadPoolExecutor.java:628) [?:?]
	at java.lang.Thread.run(Thread.java:834) [?:?]
[ERROR] 25-06-2023 21:00:18 [TestNG-PoolService-0] [LifecycleNotifier] - Could not invoke listener method
org.openqa.selenium.NoSuchSessionException: Session ID is null. Using WebDriver after calling quit()?
Build info: version: '4.10.0', revision: 'c14d967899'
System info: os.name: 'Mac OS X', os.arch: 'aarch64', os.version: '12.6', java.version: '11.0.16'
Driver info: org.openqa.selenium.chrome.ChromeDriver
Command: [null, screenshot {}]
Capabilities {acceptInsecureCerts: false, browserName: chrome, browserVersion: 114.0.5735.133, chrome: {chromedriverVersion: 114.0.5735.90 (386bc09e8f4f..., userDataDir: /var/folders/bz/l4ntdftn1jd...}, goog:chromeOptions: {debuggerAddress: localhost:59319}, networkConnectionEnabled: false, pageLoadStrategy: normal, platformName: mac, proxy: Proxy(), se:cdp: ws://localhost:59319/devtoo..., se:cdpVersion: 114.0.5735.133, setWindowRect: true, strictFileInteractability: false, timeouts: {implicit: 0, pageLoad: 300000, script: 30000}, unhandledPromptBehavior: dismiss and notify, webauthn:extension:credBlob: true, webauthn:extension:largeBlob: true, webauthn:extension:minPinLength: true, webauthn:extension:prf: true, webauthn:virtualAuthenticators: true}
	at org.openqa.selenium.remote.HttpCommandExecutor.execute(HttpCommandExecutor.java:152) ~[selenium-remote-driver-4.10.0.jar:?]
	at org.openqa.selenium.remote.service.DriverCommandExecutor.invokeExecute(DriverCommandExecutor.java:196) ~[selenium-remote-driver-4.10.0.jar:?]
	at org.openqa.selenium.remote.service.DriverCommandExecutor.execute(DriverCommandExecutor.java:171) ~[selenium-remote-driver-4.10.0.jar:?]
	at org.openqa.selenium.remote.RemoteWebDriver.execute(RemoteWebDriver.java:531) ~[selenium-remote-driver-4.10.0.jar:?]
	at org.openqa.selenium.remote.RemoteWebDriver.execute(RemoteWebDriver.java:590) ~[selenium-remote-driver-4.10.0.jar:?]
	at org.openqa.selenium.remote.RemoteWebDriver.execute(RemoteWebDriver.java:594) ~[selenium-remote-driver-4.10.0.jar:?]
	at org.openqa.selenium.remote.RemoteWebDriver.getScreenshotAs(RemoteWebDriver.java:316) ~[selenium-remote-driver-4.10.0.jar:?]
	at jdk.internal.reflect.NativeMethodAccessorImpl.invoke0(Native Method) ~[?:?]
	at jdk.internal.reflect.NativeMethodAccessorImpl.invoke(NativeMethodAccessorImpl.java:62) ~[?:?]
	at jdk.internal.reflect.DelegatingMethodAccessorImpl.invoke(DelegatingMethodAccessorImpl.java:43) ~[?:?]
	at java.lang.reflect.Method.invoke(Method.java:566) ~[?:?]
	at org.openqa.selenium.support.ThreadGuard$WebDriverInvocationHandler.invokeUnderlying(ThreadGuard.java:99) ~[selenium-support-4.10.0.jar:?]
	at org.openqa.selenium.support.ThreadGuard$WebDriverInvocationHandler.invoke(ThreadGuard.java:91) ~[selenium-support-4.10.0.jar:?]
	at com.sun.proxy.$Proxy47.getScreenshotAs(Unknown Source) ~[?:?]
	at anhtester.com.listeners.AllureListener.beforeTestStop(AllureListener.java:43) ~[test-classes/:?]
	at io.qameta.allure.listener.LifecycleNotifier.lambda$runSafely$0(LifecycleNotifier.java:211) ~[allure-java-commons-2.22.1.jar:2.22.1]
	at java.util.ArrayList.forEach(ArrayList.java:1541) [?:?]
	at io.qameta.allure.listener.LifecycleNotifier.runSafely(LifecycleNotifier.java:209) [allure-java-commons-2.22.1.jar:2.22.1]
	at io.qameta.allure.listener.LifecycleNotifier.beforeTestStop(LifecycleNotifier.java:88) [allure-java-commons-2.22.1.jar:2.22.1]
	at io.qameta.allure.AllureLifecycle.stopTestCase(AllureLifecycle.java:420) [allure-java-commons-2.22.1.jar:2.22.1]
	at io.qameta.allure.testng.AllureTestNg.stopTestCase(AllureTestNg.java:376) [allure-testng-2.22.1.jar:2.22.1]
	at io.qameta.allure.testng.AllureTestNg.onTestFailure(AllureTestNg.java:370) [allure-testng-2.22.1.jar:2.22.1]
	at org.testng.internal.TestListenerHelper.runTestListeners(TestListenerHelper.java:108) [testng-7.8.0.jar:7.8.0]
	at org.testng.internal.invokers.TestInvoker.runTestResultListener(TestInvoker.java:262) [testng-7.8.0.jar:7.8.0]
	at org.testng.internal.invokers.TestInvoker.invokeMethod(TestInvoker.java:751) [testng-7.8.0.jar:7.8.0]
	at org.testng.internal.invokers.TestInvoker.invokeTestMethod(TestInvoker.java:227) [testng-7.8.0.jar:7.8.0]
	at org.testng.internal.invokers.TestMethodWithDataProviderMethodWorker.call(TestMethodWithDataProviderMethodWorker.java:80) [testng-7.8.0.jar:7.8.0]
	at org.testng.internal.invokers.TestMethodWithDataProviderMethodWorker.call(TestMethodWithDataProviderMethodWorker.java:17) [testng-7.8.0.jar:7.8.0]
	at java.util.concurrent.FutureTask.run(FutureTask.java:264) [?:?]
	at java.util.concurrent.Executors$RunnableAdapter.call(Executors.java:515) [?:?]
	at java.util.concurrent.FutureTask.run(FutureTask.java:264) [?:?]
	at java.util.concurrent.ThreadPoolExecutor.runWorker(ThreadPoolExecutor.java:1128) [?:?]
	at java.util.concurrent.ThreadPoolExecutor$Worker.run(ThreadPoolExecutor.java:628) [?:?]
	at java.lang.Thread.run(Thread.java:834) [?:?]
[INFO] 25-06-2023 21:09:12 [main] [Utils] - [TestNG] Running:
  /Users/kanthreddy/Library/Caches/JetBrains/IdeaIE2022.2/temp-testng-customsuite.xml

[INFO] 25-06-2023 21:09:14 [main] [LogUtils] - Loaded all properties files.
[INFO] 25-06-2023 21:09:14 [main] [LogUtils] - {TARGET=local, ownerDetail=xpath&&//div[@id='s2id_created_by']//a[@class='select2-choice']/span[1], menuClients=xpath&&//span[normalize-space()='Clients'], TELEGRAM_CHATID=, OVERRIDE_REPORTS=yes, inputPhone=xpath&&//input[@id='phone'], inputClientGroups=xpath&&(//label[normalize-space()='Client groups']/following-sibling::div//input)[1], buttonSaveOnDialog=xpath&&//div[@id='ajaxModalContent']//button[normalize-space()='Save'], spanFirstItemClientGroups=xpath&&//span[@class='select2-match'], inputCountry=xpath&&//input[@id='country'], SEND_REPORT_TO_TELEGRAM=no, SEND_EMAIL_TO_USERS=no, ZIP_FOLDER_NAME=CucumberExtentReports.zip, WAIT_DEFAULT=5, REMOTE_PORT=4444, TELEGRAM_TOKEN=, buttonAddClient=xpath&&//a[normalize-space()='Add client'], URL_CORP=https://corporate-dev.hubpay.ae/auth/signin, labelClientGroups=xpath&&//li[@class='select2-search-choice']/div, URL_OPS=https://ops-portal-dev.hubpay.ae/wallet/, inputState=xpath&&//input[@id='state'], labelOnClientPage=xpath&&//span[normalize-space()='Total clients'], inputPassword=xpath&&//input[@id='password'], EXTENT_REPORT_PDF=PdfReport.pdf, inputAddress=xpath&&//textarea[@id='address'], VIDEO_RECORD=no, inputSearchOwner=xpath&&//div[@id='select2-drop']//input, tabClient=xpath&&//ul[@id='client-tabs']//li[2], labelEmailError=id&&email-error, tabClientInfo=xpath&&//a[normalize-space()='Client info'], PASSWORD=T+wyT5u9cOelDJbBWNgxLw, inputWebsite=xpath&&//input[@id='website'], SCREENSHOT_ALL_STEPS=no, labelAuthentication=xpath&&//div[@role='alert'], EXTENT_REPORT_NAME=ExtentReport, EXPORT_VIDEO_PATH=ExportData/Videos, EXPORT_CAPTURE_PATH=ExportData/Images, WAIT_PAGE_LOADED=30, SCREENSHOT_PASSED_STEPS=no, radioOrganization=xpath&&//input[@id='type_organization'], EXTENT_REPORT_FOLDER=reports/CucumberExtentReports, itemClientFirstRow=xpath&&//table[@id='client-table']//tbody/tr[1]/td[2]/a, WAIT_EXPLICIT=10, BROWSER=chrome, SCREENSHOT_SKIPPED_STEPS=yes, inputEmail=xpath&&//input[@id='email'], menuDashboard=xpath&&//span[normalize-space()='Dashboard'], REPORT_TITLE=Report | Automation Framework Cucumber TestNG | Anh Tester, AUTHOR=Anh Tester, EXCEL_DATA_FILE_PATH=src/test/resources/testdata/ClientsDataExcel.xlsx, WAIT_IMPLICIT=20, PROJECT_NAME=Automation Framework Cucumber TestNG | Anh Tester, HEADLESS=false, REMOTE_URL=localhost, inputCompanyName=xpath&&//input[@id='company_name'], selectOwner=xpath&&//div[@id='s2id_created_by'], inputCity=xpath&&//input[@id='city'], SCREENSHOT_FAILED_STEPS=yes, TXT_FILE_PATH=src/test/resources/testdata/TxtFileData.txt, selectFirstItemOwner=xpath&&(//div[contains(@id,'select2-result-label')])[1], buttonSignIn=xpath&&//button[normalize-space()='Sign in'], JSON_DATA_FILE_PATH=src/test/resources/config/config.json, inputVat=xpath&&//input[@id='vat_number'], ACTIVE_PAGE_LOADED=true, headerPageClientInfo=xpath&&//form[@id='company-form']//h4, URL_CRM=https://rise.fairsketch.com/signin, WAIT_SLEEP_STEP=0, OPEN_REPORTS_AFTER_EXECUTION=no, buttonDynamicXpath=xpath&&//button[normalize-space()='%s'], ZIP_FOLDER_PATH=reports/CucumberExtentReports, inputZip=xpath&&//input[@id='zip'], inputSearch=xpath&&//input[@placeholder='Search'], ZIP_FOLDER=no, menuProjects=xpath&&//span[normalize-space()='Projects']}
[INFO] 25-06-2023 21:09:14 [main] [LogUtils] - Loaded all properties files.
[INFO] 25-06-2023 21:09:14 [main] [LogUtils] - {TARGET=local, ownerDetail=xpath&&//div[@id='s2id_created_by']//a[@class='select2-choice']/span[1], menuClients=xpath&&//span[normalize-space()='Clients'], TELEGRAM_CHATID=, OVERRIDE_REPORTS=yes, inputPhone=xpath&&//input[@id='phone'], inputClientGroups=xpath&&(//label[normalize-space()='Client groups']/following-sibling::div//input)[1], buttonSaveOnDialog=xpath&&//div[@id='ajaxModalContent']//button[normalize-space()='Save'], spanFirstItemClientGroups=xpath&&//span[@class='select2-match'], inputCountry=xpath&&//input[@id='country'], SEND_REPORT_TO_TELEGRAM=no, SEND_EMAIL_TO_USERS=no, ZIP_FOLDER_NAME=CucumberExtentReports.zip, WAIT_DEFAULT=5, REMOTE_PORT=4444, TELEGRAM_TOKEN=, buttonAddClient=xpath&&//a[normalize-space()='Add client'], URL_CORP=https://corporate-dev.hubpay.ae/auth/signin, labelClientGroups=xpath&&//li[@class='select2-search-choice']/div, URL_OPS=https://ops-portal-dev.hubpay.ae/wallet/, inputState=xpath&&//input[@id='state'], labelOnClientPage=xpath&&//span[normalize-space()='Total clients'], inputPassword=xpath&&//input[@id='password'], EXTENT_REPORT_PDF=PdfReport.pdf, inputAddress=xpath&&//textarea[@id='address'], VIDEO_RECORD=no, inputSearchOwner=xpath&&//div[@id='select2-drop']//input, tabClient=xpath&&//ul[@id='client-tabs']//li[2], labelEmailError=id&&email-error, tabClientInfo=xpath&&//a[normalize-space()='Client info'], PASSWORD=T+wyT5u9cOelDJbBWNgxLw, inputWebsite=xpath&&//input[@id='website'], SCREENSHOT_ALL_STEPS=no, labelAuthentication=xpath&&//div[@role='alert'], EXTENT_REPORT_NAME=ExtentReport, EXPORT_VIDEO_PATH=ExportData/Videos, EXPORT_CAPTURE_PATH=ExportData/Images, WAIT_PAGE_LOADED=30, SCREENSHOT_PASSED_STEPS=no, radioOrganization=xpath&&//input[@id='type_organization'], EXTENT_REPORT_FOLDER=reports/CucumberExtentReports, itemClientFirstRow=xpath&&//table[@id='client-table']//tbody/tr[1]/td[2]/a, WAIT_EXPLICIT=10, BROWSER=chrome, SCREENSHOT_SKIPPED_STEPS=yes, inputEmail=xpath&&//input[@id='email'], menuDashboard=xpath&&//span[normalize-space()='Dashboard'], REPORT_TITLE=Report | Automation Framework Cucumber TestNG | Anh Tester, AUTHOR=Anh Tester, EXCEL_DATA_FILE_PATH=src/test/resources/testdata/ClientsDataExcel.xlsx, WAIT_IMPLICIT=20, PROJECT_NAME=Automation Framework Cucumber TestNG | Anh Tester, HEADLESS=false, REMOTE_URL=localhost, inputCompanyName=xpath&&//input[@id='company_name'], selectOwner=xpath&&//div[@id='s2id_created_by'], inputCity=xpath&&//input[@id='city'], SCREENSHOT_FAILED_STEPS=yes, TXT_FILE_PATH=src/test/resources/testdata/TxtFileData.txt, selectFirstItemOwner=xpath&&(//div[contains(@id,'select2-result-label')])[1], buttonSignIn=xpath&&//button[normalize-space()='Sign in'], JSON_DATA_FILE_PATH=src/test/resources/config/config.json, inputVat=xpath&&//input[@id='vat_number'], ACTIVE_PAGE_LOADED=true, headerPageClientInfo=xpath&&//form[@id='company-form']//h4, URL_CRM=https://rise.fairsketch.com/signin, WAIT_SLEEP_STEP=0, OPEN_REPORTS_AFTER_EXECUTION=no, buttonDynamicXpath=xpath&&//button[normalize-space()='%s'], ZIP_FOLDER_PATH=reports/CucumberExtentReports, inputZip=xpath&&//input[@id='zip'], inputSearch=xpath&&//input[@placeholder='Search'], ZIP_FOLDER=no, menuProjects=xpath&&//span[normalize-space()='Projects']}
[INFO] 25-06-2023 21:09:15 [TestNG-PoolService-0] [WebDriverManager] - Using chromedriver 114.0.5735.90 (resolved driver for Chrome 114)
[INFO] 25-06-2023 21:09:15 [TestNG-PoolService-1] [WebDriverManager] - Using chromedriver 114.0.5735.90 (resolved driver for Chrome 114)
[INFO] 25-06-2023 21:09:15 [TestNG-PoolService-0] [WebDriverManager] - Exporting webdriver.chrome.driver as /Users/kanthreddy/.cache/selenium/chromedriver/mac-arm64/114.0.5735.90/chromedriver
[INFO] 25-06-2023 21:09:15 [TestNG-PoolService-1] [WebDriverManager] - Exporting webdriver.chrome.driver as /Users/kanthreddy/.cache/selenium/chromedriver/mac-arm64/114.0.5735.90/chromedriver
[INFO] 25-06-2023 21:09:23 [TestNG-PoolService-0] [LogUtils] - Driver in TestContext: ChromeDriver: chrome on mac (19efc87bec30191a5720a150fd282111)
[INFO] 25-06-2023 21:09:25 [TestNG-PoolService-1] [LogUtils] - Driver in TestContext: ChromeDriver: chrome on mac (7faef6dddd990ea67f8b4bc14895f5d7)
[INFO] 25-06-2023 21:09:29 [TestNG-PoolService-0] [LogUtils] - Open URL: https://corporate-dev.hubpay.ae/auth/signin
[INFO] 25-06-2023 21:09:29 [TestNG-PoolService-0] [LogUtils] - Verify element visible By.cssSelector: input[name='username']
[INFO] 25-06-2023 21:09:30 [TestNG-PoolService-1] [LogUtils] - Open URL: https://corporate-dev.hubpay.ae/auth/signin
[INFO] 25-06-2023 21:09:31 [TestNG-PoolService-1] [LogUtils] - Verify element visible By.cssSelector: input[name='username']
[INFO] 25-06-2023 21:09:33 [TestNG-PoolService-0] [LogUtils] - Set text sreekanth@hubpay.ae on By.cssSelector: input[name='username']
[INFO] 25-06-2023 21:09:35 [TestNG-PoolService-0] [LogUtils] - Verify element visible By.cssSelector: input[name='password']
[INFO] 25-06-2023 21:09:35 [TestNG-PoolService-1] [LogUtils] - Set text sreekanth@hubpay.ae on By.cssSelector: input[name='username']
[INFO] 25-06-2023 21:09:36 [TestNG-PoolService-1] [LogUtils] - Verify element visible By.cssSelector: input[name='password']
[INFO] 25-06-2023 21:09:37 [TestNG-PoolService-0] [LogUtils] - Set text Hubpass@1 on By.cssSelector: input[name='password']
[INFO] 25-06-2023 21:09:38 [TestNG-PoolService-1] [LogUtils] - Set text Hubpass@1 on By.cssSelector: input[name='password']
[INFO] 25-06-2023 21:09:42 [TestNG-PoolService-0] [LogUtils] - Click on element with JS: By.xpath: //button[text()='Next']
[INFO] 25-06-2023 21:09:44 [TestNG-PoolService-1] [LogUtils] - Click on element with JS: By.xpath: //button[text()='Next']
[INFO] 25-06-2023 21:10:08 [TestNG-PoolService-0] [LogUtils] - Verify element visible By.xpath: //li[contains(.,'Sign out')]
[INFO] 25-06-2023 21:10:08 [TestNG-PoolService-1] [LogUtils] - Verify element visible By.xpath: //li[contains(.,'Sign out')]
[INFO] 25-06-2023 21:10:11 [TestNG-PoolService-0] [LogUtils] - Verify element visible By.xpath: //h1[text()='Dashboard']
[INFO] 25-06-2023 21:10:11 [TestNG-PoolService-0] [LogUtils] - Verify element visible By.xpath: //h1[text()='Dashboard']
[INFO] 25-06-2023 21:10:12 [TestNG-PoolService-1] [LogUtils] - Verify element visible By.xpath: //h1[text()='Dashboard']
[INFO] 25-06-2023 21:10:12 [TestNG-PoolService-0] [LogUtils] - Verify element visible By.xpath: //p[contains(text(),'GBP')]
[INFO] 25-06-2023 21:10:12 [TestNG-PoolService-1] [LogUtils] - Verify element visible By.xpath: //h1[text()='Dashboard']
[INFO] 25-06-2023 21:10:12 [TestNG-PoolService-0] [LogUtils] - Verify element visible By.xpath: //p[contains(text(),'GBP')]
[INFO] 25-06-2023 21:10:12 [TestNG-PoolService-1] [LogUtils] - Verify element visible By.xpath: //p[contains(text(),'GBP')]
[INFO] 25-06-2023 21:10:13 [TestNG-PoolService-1] [LogUtils] - Verify element visible By.xpath: //p[contains(text(),'GBP')]
[INFO] 25-06-2023 21:10:14 [TestNG-PoolService-0] [LogUtils] - Verify element visible By.xpath: //p[contains(text(),'AED')]
[INFO] 25-06-2023 21:10:14 [TestNG-PoolService-0] [LogUtils] - Verify element visible By.xpath: //p[contains(text(),'AED')]
[INFO] 25-06-2023 21:10:15 [TestNG-PoolService-1] [LogUtils] - Verify element visible By.xpath: //p[contains(text(),'AED')]
[INFO] 25-06-2023 21:10:15 [TestNG-PoolService-0] [LogUtils] - Verify element visible By.xpath: //p[contains(text(),'GBP')]
[INFO] 25-06-2023 21:10:15 [TestNG-PoolService-1] [LogUtils] - Verify element visible By.xpath: //p[contains(text(),'AED')]
[INFO] 25-06-2023 21:10:15 [TestNG-PoolService-0] [LogUtils] - Verify element visible By.xpath: //p[contains(text(),'GBP')]
[INFO] 25-06-2023 21:10:15 [TestNG-PoolService-1] [LogUtils] - Verify element visible By.xpath: //p[contains(text(),'GBP')]
[INFO] 25-06-2023 21:10:15 [TestNG-PoolService-0] [LogUtils] - Verify element visible By.xpath: //p[contains(text(),'AED')]
[INFO] 25-06-2023 21:10:15 [TestNG-PoolService-0] [LogUtils] - Verify element visible By.xpath: //p[contains(text(),'AED')]
[INFO] 25-06-2023 21:10:15 [TestNG-PoolService-1] [LogUtils] - Verify element visible By.xpath: //p[contains(text(),'GBP')]
[INFO] 25-06-2023 21:10:15 [TestNG-PoolService-1] [LogUtils] - Verify element visible By.xpath: //p[contains(text(),'AED')]
[INFO] 25-06-2023 21:10:15 [TestNG-PoolService-0] [LogUtils] - Verify element visible By.xpath: //a[text()='Exchange']
[INFO] 25-06-2023 21:10:15 [TestNG-PoolService-1] [LogUtils] - Verify element visible By.xpath: //p[contains(text(),'AED')]
[INFO] 25-06-2023 21:10:16 [TestNG-PoolService-1] [LogUtils] - Verify element visible By.xpath: //a[text()='Exchange']
[INFO] 25-06-2023 21:10:17 [TestNG-PoolService-0] [LogUtils] - Clicked on the element By.xpath: //a[text()='Exchange']
[INFO] 25-06-2023 21:10:18 [TestNG-PoolService-1] [LogUtils] - Clicked on the element By.xpath: //a[text()='Exchange']
[INFO] 25-06-2023 21:10:24 [TestNG-PoolService-1] [LogUtils] - Verify element visible By.xpath: //h1[text()='Exchange']
[INFO] 25-06-2023 21:10:24 [TestNG-PoolService-1] [LogUtils] - Verify element visible By.xpath: //h1[text()='Exchange']
[INFO] 25-06-2023 21:10:24 [TestNG-PoolService-1] [LogUtils] - Verify element visible By.xpath: //p[text()='Convert money between your wallets']
[INFO] 25-06-2023 21:10:24 [TestNG-PoolService-1] [LogUtils] - Verify element visible By.xpath: //span[text()='Amount']/preceding-sibling::span[text()='1']/parent::span
[INFO] 25-06-2023 21:10:24 [TestNG-PoolService-1] [LogUtils] - Verify element visible By.xpath: //span[text()='Review & confirm']/preceding-sibling::span[text()='2']/parent::span
[INFO] 25-06-2023 21:10:25 [TestNG-PoolService-1] [LogUtils] - Verify element visible By.xpath: //h1[text()='Amount']
[INFO] 25-06-2023 21:10:25 [TestNG-PoolService-1] [LogUtils] - Verify element visible By.xpath: //h1[text()='Amount']/following-sibling::p[text()='Select the wallet you want to exchange to and define the amount']
[INFO] 25-06-2023 21:10:25 [TestNG-PoolService-1] [LogUtils] - Verify element visible By.xpath: //input[@id='amount']/following-sibling::div/button
[INFO] 25-06-2023 21:10:25 [TestNG-PoolService-1] [LogUtils] - Verify element visible By.xpath: //label[text()='Sell']/following-sibling::div/input[@placeholder='0.00']/following-sibling::div[.='AED']
[INFO] 25-06-2023 21:10:25 [TestNG-PoolService-1] [LogUtils] - Verify TRUE: true
[INFO] 25-06-2023 21:10:25 [TestNG-PoolService-0] [LogUtils] - Verify element visible By.xpath: //h1[text()='Exchange']
[INFO] 25-06-2023 21:10:25 [TestNG-PoolService-1] [LogUtils] - Verify element visible By.xpath: //p[.='ANITHA TEST BUSINESS Solutions Private Limited']
[INFO] 25-06-2023 21:10:25 [TestNG-PoolService-0] [LogUtils] - Verify element visible By.xpath: //h1[text()='Exchange']
[INFO] 25-06-2023 21:10:25 [TestNG-PoolService-1] [LogUtils] - Verify element visible By.xpath: //p[.='Hello, SRIKANTH PALLA BHANUMURTHY REDDY']
[INFO] 25-06-2023 21:10:25 [TestNG-PoolService-0] [LogUtils] - Verify element visible By.xpath: //p[text()='Convert money between your wallets']
[INFO] 25-06-2023 21:10:25 [TestNG-PoolService-0] [LogUtils] - Verify element visible By.xpath: //span[text()='Amount']/preceding-sibling::span[text()='1']/parent::span
[INFO] 25-06-2023 21:10:25 [TestNG-PoolService-0] [LogUtils] - Verify element visible By.xpath: //span[text()='Review & confirm']/preceding-sibling::span[text()='2']/parent::span
[INFO] 25-06-2023 21:10:25 [TestNG-PoolService-0] [LogUtils] - Verify element visible By.xpath: //h1[text()='Amount']
[INFO] 25-06-2023 21:10:25 [TestNG-PoolService-0] [LogUtils] - Verify element visible By.xpath: //h1[text()='Amount']/following-sibling::p[text()='Select the wallet you want to exchange to and define the amount']
[INFO] 25-06-2023 21:10:25 [TestNG-PoolService-1] [LogUtils] - Verify element visible By.xpath: //span[text()='Amount']/preceding-sibling::span[text()='1']/parent::span
[INFO] 25-06-2023 21:10:25 [TestNG-PoolService-0] [LogUtils] - Verify element visible By.xpath: //input[@id='amount']/following-sibling::div/button
[INFO] 25-06-2023 21:10:25 [TestNG-PoolService-1] [LogUtils] - Verify element visible By.xpath: //span[text()='Amount']/preceding-sibling::span[text()='1']/parent::span
[INFO] 25-06-2023 21:10:25 [TestNG-PoolService-0] [LogUtils] - Verify element visible By.xpath: //label[text()='Sell']/following-sibling::div/input[@placeholder='0.00']/following-sibling::div[.='AED']
[INFO] 25-06-2023 21:10:26 [TestNG-PoolService-1] [LogUtils] - Verify element visible By.xpath: //span[text()='Amount']/preceding-sibling::span[text()='1']/parent::span
[INFO] 25-06-2023 21:10:26 [TestNG-PoolService-0] [LogUtils] - Verify TRUE: true
[INFO] 25-06-2023 21:10:26 [TestNG-PoolService-0] [LogUtils] - Verify element visible By.xpath: //p[.='ANITHA TEST BUSINESS Solutions Private Limited']
[INFO] 25-06-2023 21:10:26 [TestNG-PoolService-0] [LogUtils] - Verify element visible By.xpath: //p[.='Hello, SRIKANTH PALLA BHANUMURTHY REDDY']
[INFO] 25-06-2023 21:10:26 [TestNG-PoolService-0] [LogUtils] - Verify element visible By.xpath: //span[text()='Amount']/preceding-sibling::span[text()='1']/parent::span
[INFO] 25-06-2023 21:10:26 [TestNG-PoolService-1] [LogUtils] - Verify TRUE: true
[INFO] 25-06-2023 21:10:26 [TestNG-PoolService-0] [LogUtils] - Verify element visible By.xpath: //span[text()='Amount']/preceding-sibling::span[text()='1']/parent::span
[INFO] 25-06-2023 21:10:26 [TestNG-PoolService-0] [LogUtils] - Verify element visible By.xpath: //span[text()='Amount']/preceding-sibling::span[text()='1']/parent::span
[INFO] 25-06-2023 21:10:26 [TestNG-PoolService-0] [LogUtils] - Verify TRUE: true
[INFO] 25-06-2023 21:10:27 [TestNG-PoolService-1] [LogUtils] - Verify element visible By.xpath: //span[text()='Review & confirm']/preceding-sibling::span[text()='2']/parent::span
[INFO] 25-06-2023 21:10:27 [TestNG-PoolService-0] [LogUtils] - Verify element visible By.xpath: //span[text()='Review & confirm']/preceding-sibling::span[text()='2']/parent::span
[INFO] 25-06-2023 21:10:27 [TestNG-PoolService-1] [LogUtils] - Verify element visible By.xpath: //span[text()='Review & confirm']/preceding-sibling::span[text()='2']/parent::span
[INFO] 25-06-2023 21:10:27 [TestNG-PoolService-0] [LogUtils] - Verify element visible By.xpath: //span[text()='Review & confirm']/preceding-sibling::span[text()='2']/parent::span
[INFO] 25-06-2023 21:10:27 [TestNG-PoolService-1] [LogUtils] - Verify element visible By.xpath: //span[text()='Review & confirm']/preceding-sibling::span[text()='2']/parent::span
[INFO] 25-06-2023 21:10:27 [TestNG-PoolService-1] [LogUtils] - Verify TRUE: true
[INFO] 25-06-2023 21:10:28 [TestNG-PoolService-0] [LogUtils] - Verify element visible By.xpath: //span[text()='Review & confirm']/preceding-sibling::span[text()='2']/parent::span
[INFO] 25-06-2023 21:10:28 [TestNG-PoolService-0] [LogUtils] - Verify TRUE: true
[INFO] 25-06-2023 21:10:41 [TestNG-PoolService-1] [LogUtils] - Verify element visible By.xpath: //input[@id='amount']
[INFO] 25-06-2023 21:10:41 [TestNG-PoolService-0] [LogUtils] - Verify element visible By.xpath: //input[@id='amount']
[INFO] 25-06-2023 21:10:41 [TestNG-PoolService-1] [LogUtils] - Verify element visible By.xpath: //input[@id='amount']
[INFO] 25-06-2023 21:10:42 [TestNG-PoolService-0] [LogUtils] - Verify element visible By.xpath: //input[@id='amount']
[INFO] 25-06-2023 21:10:44 [TestNG-PoolService-1] [LogUtils] - Clear and Fill 10.00 on By.xpath: //input[@id='amount']
[INFO] 25-06-2023 21:10:44 [TestNG-PoolService-0] [LogUtils] - Clear and Fill 10.00 on By.xpath: //input[@id='amount']
[ERROR] 25-06-2023 21:10:54 [TestNG-PoolService-1] [LogUtils] - Live rate is not displayedBy.xpath: //div[text()='Live rate']/preceding-sibling::div//p
[ERROR] 25-06-2023 21:10:55 [TestNG-PoolService-0] [LogUtils] - Live rate is not displayedBy.xpath: //div[text()='Live rate']/preceding-sibling::div//p
[ERROR] 25-06-2023 21:10:55 [TestNG-PoolService-1] [LifecycleNotifier] - Could not invoke listener method
org.openqa.selenium.NoSuchSessionException: Session ID is null. Using WebDriver after calling quit()?
Build info: version: '4.10.0', revision: 'c14d967899'
System info: os.name: 'Mac OS X', os.arch: 'aarch64', os.version: '12.6', java.version: '11.0.16'
Driver info: org.openqa.selenium.chrome.ChromeDriver
Command: [null, screenshot {}]
Capabilities {acceptInsecureCerts: false, browserName: chrome, browserVersion: 114.0.5735.133, chrome: {chromedriverVersion: 114.0.5735.90 (386bc09e8f4f..., userDataDir: /var/folders/bz/l4ntdftn1jd...}, goog:chromeOptions: {debuggerAddress: localhost:62076}, networkConnectionEnabled: false, pageLoadStrategy: normal, platformName: mac, proxy: Proxy(), se:cdp: ws://localhost:62076/devtoo..., se:cdpVersion: 114.0.5735.133, setWindowRect: true, strictFileInteractability: false, timeouts: {implicit: 0, pageLoad: 300000, script: 30000}, unhandledPromptBehavior: dismiss and notify, webauthn:extension:credBlob: true, webauthn:extension:largeBlob: true, webauthn:extension:minPinLength: true, webauthn:extension:prf: true, webauthn:virtualAuthenticators: true}
	at org.openqa.selenium.remote.HttpCommandExecutor.execute(HttpCommandExecutor.java:152) ~[selenium-remote-driver-4.10.0.jar:?]
	at org.openqa.selenium.remote.service.DriverCommandExecutor.invokeExecute(DriverCommandExecutor.java:196) ~[selenium-remote-driver-4.10.0.jar:?]
	at org.openqa.selenium.remote.service.DriverCommandExecutor.execute(DriverCommandExecutor.java:171) ~[selenium-remote-driver-4.10.0.jar:?]
	at org.openqa.selenium.remote.RemoteWebDriver.execute(RemoteWebDriver.java:531) ~[selenium-remote-driver-4.10.0.jar:?]
	at org.openqa.selenium.remote.RemoteWebDriver.execute(RemoteWebDriver.java:590) ~[selenium-remote-driver-4.10.0.jar:?]
	at org.openqa.selenium.remote.RemoteWebDriver.execute(RemoteWebDriver.java:594) ~[selenium-remote-driver-4.10.0.jar:?]
	at org.openqa.selenium.remote.RemoteWebDriver.getScreenshotAs(RemoteWebDriver.java:316) ~[selenium-remote-driver-4.10.0.jar:?]
	at jdk.internal.reflect.NativeMethodAccessorImpl.invoke0(Native Method) ~[?:?]
	at jdk.internal.reflect.NativeMethodAccessorImpl.invoke(NativeMethodAccessorImpl.java:62) ~[?:?]
	at jdk.internal.reflect.DelegatingMethodAccessorImpl.invoke(DelegatingMethodAccessorImpl.java:43) ~[?:?]
	at java.lang.reflect.Method.invoke(Method.java:566) ~[?:?]
	at org.openqa.selenium.support.ThreadGuard$WebDriverInvocationHandler.invokeUnderlying(ThreadGuard.java:99) ~[selenium-support-4.10.0.jar:?]
	at org.openqa.selenium.support.ThreadGuard$WebDriverInvocationHandler.invoke(ThreadGuard.java:91) ~[selenium-support-4.10.0.jar:?]
	at com.sun.proxy.$Proxy47.getScreenshotAs(Unknown Source) ~[?:?]
	at anhtester.com.listeners.AllureListener.beforeTestStop(AllureListener.java:43) ~[test-classes/:?]
	at io.qameta.allure.listener.LifecycleNotifier.lambda$runSafely$0(LifecycleNotifier.java:211) ~[allure-java-commons-2.22.1.jar:2.22.1]
	at java.util.ArrayList.forEach(ArrayList.java:1541) ~[?:?]
	at io.qameta.allure.listener.LifecycleNotifier.runSafely(LifecycleNotifier.java:209) ~[allure-java-commons-2.22.1.jar:2.22.1]
	at io.qameta.allure.listener.LifecycleNotifier.beforeTestStop(LifecycleNotifier.java:88) ~[allure-java-commons-2.22.1.jar:2.22.1]
	at io.qameta.allure.AllureLifecycle.stopTestCase(AllureLifecycle.java:420) ~[allure-java-commons-2.22.1.jar:2.22.1]
	at io.qameta.allure.cucumber7jvm.AllureCucumber7Jvm.handleTestCaseFinished(AllureCucumber7Jvm.java:197) ~[allure-cucumber7-jvm-2.22.1.jar:2.22.1]
	at io.cucumber.core.eventbus.AbstractEventPublisher.send(AbstractEventPublisher.java:51) ~[cucumber-core-7.12.1.jar:7.12.1]
	at io.cucumber.core.eventbus.AbstractEventBus.send(AbstractEventBus.java:12) ~[cucumber-core-7.12.1.jar:7.12.1]
	at io.cucumber.core.runtime.SynchronizedEventBus.send(SynchronizedEventBus.java:47) ~[cucumber-core-7.12.1.jar:7.12.1]
	at io.cucumber.core.runtime.ThreadLocalRunnerSupplier$LocalEventBus.send(ThreadLocalRunnerSupplier.java:62) ~[cucumber-core-7.12.1.jar:7.12.1]
	at io.cucumber.core.runner.TestCase.emitTestCaseFinished(TestCase.java:219) ~[cucumber-core-7.12.1.jar:7.12.1]
	at io.cucumber.core.runner.TestCase.run(TestCase.java:98) ~[cucumber-core-7.12.1.jar:7.12.1]
	at io.cucumber.core.runner.Runner.runPickle(Runner.java:75) ~[cucumber-core-7.12.1.jar:7.12.1]
	at io.cucumber.testng.TestNGCucumberRunner.lambda$runScenario$1(TestNGCucumberRunner.java:132) ~[cucumber-testng-7.12.1.jar:7.12.1]
	at io.cucumber.core.runtime.CucumberExecutionContext.lambda$runTestCase$5(CucumberExecutionContext.java:137) ~[cucumber-core-7.12.1.jar:7.12.1]
	at io.cucumber.core.runtime.RethrowingThrowableCollector.executeAndThrow(RethrowingThrowableCollector.java:23) [cucumber-core-7.12.1.jar:7.12.1]
	at io.cucumber.core.runtime.CucumberExecutionContext.runTestCase(CucumberExecutionContext.java:137) [cucumber-core-7.12.1.jar:7.12.1]
	at io.cucumber.testng.TestNGCucumberRunner.runScenario(TestNGCucumberRunner.java:129) [cucumber-testng-7.12.1.jar:7.12.1]
	at io.cucumber.testng.AbstractTestNGCucumberTests.runScenario(AbstractTestNGCucumberTests.java:35) [cucumber-testng-7.12.1.jar:7.12.1]
	at jdk.internal.reflect.NativeMethodAccessorImpl.invoke0(Native Method) ~[?:?]
	at jdk.internal.reflect.NativeMethodAccessorImpl.invoke(NativeMethodAccessorImpl.java:62) ~[?:?]
	at jdk.internal.reflect.DelegatingMethodAccessorImpl.invoke(DelegatingMethodAccessorImpl.java:43) ~[?:?]
	at java.lang.reflect.Method.invoke(Method.java:566) ~[?:?]
	at org.testng.internal.invokers.MethodInvocationHelper.invokeMethod(MethodInvocationHelper.java:139) [testng-7.8.0.jar:7.8.0]
	at org.testng.internal.invokers.TestInvoker.invokeMethod(TestInvoker.java:664) [testng-7.8.0.jar:7.8.0]
	at org.testng.internal.invokers.TestInvoker.invokeTestMethod(TestInvoker.java:227) [testng-7.8.0.jar:7.8.0]
	at org.testng.internal.invokers.TestMethodWithDataProviderMethodWorker.call(TestMethodWithDataProviderMethodWorker.java:80) [testng-7.8.0.jar:7.8.0]
	at org.testng.internal.invokers.TestMethodWithDataProviderMethodWorker.call(TestMethodWithDataProviderMethodWorker.java:17) [testng-7.8.0.jar:7.8.0]
	at java.util.concurrent.FutureTask.run(FutureTask.java:264) [?:?]
	at java.util.concurrent.Executors$RunnableAdapter.call(Executors.java:515) [?:?]
	at java.util.concurrent.FutureTask.run(FutureTask.java:264) [?:?]
	at java.util.concurrent.ThreadPoolExecutor.runWorker(ThreadPoolExecutor.java:1128) [?:?]
	at java.util.concurrent.ThreadPoolExecutor$Worker.run(ThreadPoolExecutor.java:628) [?:?]
	at java.lang.Thread.run(Thread.java:834) [?:?]
[ERROR] 25-06-2023 21:10:56 [TestNG-PoolService-1] [LifecycleNotifier] - Could not invoke listener method
org.openqa.selenium.NoSuchSessionException: Session ID is null. Using WebDriver after calling quit()?
Build info: version: '4.10.0', revision: 'c14d967899'
System info: os.name: 'Mac OS X', os.arch: 'aarch64', os.version: '12.6', java.version: '11.0.16'
Driver info: org.openqa.selenium.chrome.ChromeDriver
Command: [null, screenshot {}]
Capabilities {acceptInsecureCerts: false, browserName: chrome, browserVersion: 114.0.5735.133, chrome: {chromedriverVersion: 114.0.5735.90 (386bc09e8f4f..., userDataDir: /var/folders/bz/l4ntdftn1jd...}, goog:chromeOptions: {debuggerAddress: localhost:62076}, networkConnectionEnabled: false, pageLoadStrategy: normal, platformName: mac, proxy: Proxy(), se:cdp: ws://localhost:62076/devtoo..., se:cdpVersion: 114.0.5735.133, setWindowRect: true, strictFileInteractability: false, timeouts: {implicit: 0, pageLoad: 300000, script: 30000}, unhandledPromptBehavior: dismiss and notify, webauthn:extension:credBlob: true, webauthn:extension:largeBlob: true, webauthn:extension:minPinLength: true, webauthn:extension:prf: true, webauthn:virtualAuthenticators: true}
	at org.openqa.selenium.remote.HttpCommandExecutor.execute(HttpCommandExecutor.java:152) ~[selenium-remote-driver-4.10.0.jar:?]
	at org.openqa.selenium.remote.service.DriverCommandExecutor.invokeExecute(DriverCommandExecutor.java:196) ~[selenium-remote-driver-4.10.0.jar:?]
	at org.openqa.selenium.remote.service.DriverCommandExecutor.execute(DriverCommandExecutor.java:171) ~[selenium-remote-driver-4.10.0.jar:?]
	at org.openqa.selenium.remote.RemoteWebDriver.execute(RemoteWebDriver.java:531) ~[selenium-remote-driver-4.10.0.jar:?]
	at org.openqa.selenium.remote.RemoteWebDriver.execute(RemoteWebDriver.java:590) ~[selenium-remote-driver-4.10.0.jar:?]
	at org.openqa.selenium.remote.RemoteWebDriver.execute(RemoteWebDriver.java:594) ~[selenium-remote-driver-4.10.0.jar:?]
	at org.openqa.selenium.remote.RemoteWebDriver.getScreenshotAs(RemoteWebDriver.java:316) ~[selenium-remote-driver-4.10.0.jar:?]
	at jdk.internal.reflect.NativeMethodAccessorImpl.invoke0(Native Method) ~[?:?]
	at jdk.internal.reflect.NativeMethodAccessorImpl.invoke(NativeMethodAccessorImpl.java:62) ~[?:?]
	at jdk.internal.reflect.DelegatingMethodAccessorImpl.invoke(DelegatingMethodAccessorImpl.java:43) ~[?:?]
	at java.lang.reflect.Method.invoke(Method.java:566) ~[?:?]
	at org.openqa.selenium.support.ThreadGuard$WebDriverInvocationHandler.invokeUnderlying(ThreadGuard.java:99) ~[selenium-support-4.10.0.jar:?]
	at org.openqa.selenium.support.ThreadGuard$WebDriverInvocationHandler.invoke(ThreadGuard.java:91) ~[selenium-support-4.10.0.jar:?]
	at com.sun.proxy.$Proxy47.getScreenshotAs(Unknown Source) ~[?:?]
	at anhtester.com.listeners.AllureListener.beforeTestStop(AllureListener.java:43) ~[test-classes/:?]
	at io.qameta.allure.listener.LifecycleNotifier.lambda$runSafely$0(LifecycleNotifier.java:211) ~[allure-java-commons-2.22.1.jar:2.22.1]
	at java.util.ArrayList.forEach(ArrayList.java:1541) [?:?]
	at io.qameta.allure.listener.LifecycleNotifier.runSafely(LifecycleNotifier.java:209) [allure-java-commons-2.22.1.jar:2.22.1]
	at io.qameta.allure.listener.LifecycleNotifier.beforeTestStop(LifecycleNotifier.java:88) [allure-java-commons-2.22.1.jar:2.22.1]
	at io.qameta.allure.AllureLifecycle.stopTestCase(AllureLifecycle.java:420) [allure-java-commons-2.22.1.jar:2.22.1]
	at io.qameta.allure.testng.AllureTestNg.stopTestCase(AllureTestNg.java:376) [allure-testng-2.22.1.jar:2.22.1]
	at io.qameta.allure.testng.AllureTestNg.onTestFailure(AllureTestNg.java:370) [allure-testng-2.22.1.jar:2.22.1]
	at org.testng.internal.TestListenerHelper.runTestListeners(TestListenerHelper.java:108) [testng-7.8.0.jar:7.8.0]
	at org.testng.internal.invokers.TestInvoker.runTestResultListener(TestInvoker.java:262) [testng-7.8.0.jar:7.8.0]
	at org.testng.internal.invokers.TestInvoker.invokeMethod(TestInvoker.java:751) [testng-7.8.0.jar:7.8.0]
	at org.testng.internal.invokers.TestInvoker.invokeTestMethod(TestInvoker.java:227) [testng-7.8.0.jar:7.8.0]
	at org.testng.internal.invokers.TestMethodWithDataProviderMethodWorker.call(TestMethodWithDataProviderMethodWorker.java:80) [testng-7.8.0.jar:7.8.0]
	at org.testng.internal.invokers.TestMethodWithDataProviderMethodWorker.call(TestMethodWithDataProviderMethodWorker.java:17) [testng-7.8.0.jar:7.8.0]
	at java.util.concurrent.FutureTask.run(FutureTask.java:264) [?:?]
	at java.util.concurrent.Executors$RunnableAdapter.call(Executors.java:515) [?:?]
	at java.util.concurrent.FutureTask.run(FutureTask.java:264) [?:?]
	at java.util.concurrent.ThreadPoolExecutor.runWorker(ThreadPoolExecutor.java:1128) [?:?]
	at java.util.concurrent.ThreadPoolExecutor$Worker.run(ThreadPoolExecutor.java:628) [?:?]
	at java.lang.Thread.run(Thread.java:834) [?:?]
[ERROR] 25-06-2023 21:10:56 [TestNG-PoolService-0] [LifecycleNotifier] - Could not invoke listener method
org.openqa.selenium.NoSuchSessionException: Session ID is null. Using WebDriver after calling quit()?
Build info: version: '4.10.0', revision: 'c14d967899'
System info: os.name: 'Mac OS X', os.arch: 'aarch64', os.version: '12.6', java.version: '11.0.16'
Driver info: org.openqa.selenium.chrome.ChromeDriver
Command: [null, screenshot {}]
Capabilities {acceptInsecureCerts: false, browserName: chrome, browserVersion: 114.0.5735.133, chrome: {chromedriverVersion: 114.0.5735.90 (386bc09e8f4f..., userDataDir: /var/folders/bz/l4ntdftn1jd...}, goog:chromeOptions: {debuggerAddress: localhost:62075}, networkConnectionEnabled: false, pageLoadStrategy: normal, platformName: mac, proxy: Proxy(), se:cdp: ws://localhost:62075/devtoo..., se:cdpVersion: 114.0.5735.133, setWindowRect: true, strictFileInteractability: false, timeouts: {implicit: 0, pageLoad: 300000, script: 30000}, unhandledPromptBehavior: dismiss and notify, webauthn:extension:credBlob: true, webauthn:extension:largeBlob: true, webauthn:extension:minPinLength: true, webauthn:extension:prf: true, webauthn:virtualAuthenticators: true}
	at org.openqa.selenium.remote.HttpCommandExecutor.execute(HttpCommandExecutor.java:152) ~[selenium-remote-driver-4.10.0.jar:?]
	at org.openqa.selenium.remote.service.DriverCommandExecutor.invokeExecute(DriverCommandExecutor.java:196) ~[selenium-remote-driver-4.10.0.jar:?]
	at org.openqa.selenium.remote.service.DriverCommandExecutor.execute(DriverCommandExecutor.java:171) ~[selenium-remote-driver-4.10.0.jar:?]
	at org.openqa.selenium.remote.RemoteWebDriver.execute(RemoteWebDriver.java:531) ~[selenium-remote-driver-4.10.0.jar:?]
	at org.openqa.selenium.remote.RemoteWebDriver.execute(RemoteWebDriver.java:590) ~[selenium-remote-driver-4.10.0.jar:?]
	at org.openqa.selenium.remote.RemoteWebDriver.execute(RemoteWebDriver.java:594) ~[selenium-remote-driver-4.10.0.jar:?]
	at org.openqa.selenium.remote.RemoteWebDriver.getScreenshotAs(RemoteWebDriver.java:316) ~[selenium-remote-driver-4.10.0.jar:?]
	at jdk.internal.reflect.NativeMethodAccessorImpl.invoke0(Native Method) ~[?:?]
	at jdk.internal.reflect.NativeMethodAccessorImpl.invoke(NativeMethodAccessorImpl.java:62) ~[?:?]
	at jdk.internal.reflect.DelegatingMethodAccessorImpl.invoke(DelegatingMethodAccessorImpl.java:43) ~[?:?]
	at java.lang.reflect.Method.invoke(Method.java:566) ~[?:?]
	at org.openqa.selenium.support.ThreadGuard$WebDriverInvocationHandler.invokeUnderlying(ThreadGuard.java:99) ~[selenium-support-4.10.0.jar:?]
	at org.openqa.selenium.support.ThreadGuard$WebDriverInvocationHandler.invoke(ThreadGuard.java:91) ~[selenium-support-4.10.0.jar:?]
	at com.sun.proxy.$Proxy47.getScreenshotAs(Unknown Source) ~[?:?]
	at anhtester.com.listeners.AllureListener.beforeTestStop(AllureListener.java:43) ~[test-classes/:?]
	at io.qameta.allure.listener.LifecycleNotifier.lambda$runSafely$0(LifecycleNotifier.java:211) ~[allure-java-commons-2.22.1.jar:2.22.1]
	at java.util.ArrayList.forEach(ArrayList.java:1541) ~[?:?]
	at io.qameta.allure.listener.LifecycleNotifier.runSafely(LifecycleNotifier.java:209) ~[allure-java-commons-2.22.1.jar:2.22.1]
	at io.qameta.allure.listener.LifecycleNotifier.beforeTestStop(LifecycleNotifier.java:88) ~[allure-java-commons-2.22.1.jar:2.22.1]
	at io.qameta.allure.AllureLifecycle.stopTestCase(AllureLifecycle.java:420) ~[allure-java-commons-2.22.1.jar:2.22.1]
	at io.qameta.allure.cucumber7jvm.AllureCucumber7Jvm.handleTestCaseFinished(AllureCucumber7Jvm.java:197) ~[allure-cucumber7-jvm-2.22.1.jar:2.22.1]
	at io.cucumber.core.eventbus.AbstractEventPublisher.send(AbstractEventPublisher.java:51) ~[cucumber-core-7.12.1.jar:7.12.1]
	at io.cucumber.core.eventbus.AbstractEventBus.send(AbstractEventBus.java:12) ~[cucumber-core-7.12.1.jar:7.12.1]
	at io.cucumber.core.runtime.SynchronizedEventBus.send(SynchronizedEventBus.java:47) ~[cucumber-core-7.12.1.jar:7.12.1]
	at io.cucumber.core.runtime.ThreadLocalRunnerSupplier$LocalEventBus.send(ThreadLocalRunnerSupplier.java:62) ~[cucumber-core-7.12.1.jar:7.12.1]
	at io.cucumber.core.runner.TestCase.emitTestCaseFinished(TestCase.java:219) ~[cucumber-core-7.12.1.jar:7.12.1]
	at io.cucumber.core.runner.TestCase.run(TestCase.java:98) ~[cucumber-core-7.12.1.jar:7.12.1]
	at io.cucumber.core.runner.Runner.runPickle(Runner.java:75) ~[cucumber-core-7.12.1.jar:7.12.1]
	at io.cucumber.testng.TestNGCucumberRunner.lambda$runScenario$1(TestNGCucumberRunner.java:132) ~[cucumber-testng-7.12.1.jar:7.12.1]
	at io.cucumber.core.runtime.CucumberExecutionContext.lambda$runTestCase$5(CucumberExecutionContext.java:137) ~[cucumber-core-7.12.1.jar:7.12.1]
	at io.cucumber.core.runtime.RethrowingThrowableCollector.executeAndThrow(RethrowingThrowableCollector.java:23) [cucumber-core-7.12.1.jar:7.12.1]
	at io.cucumber.core.runtime.CucumberExecutionContext.runTestCase(CucumberExecutionContext.java:137) [cucumber-core-7.12.1.jar:7.12.1]
	at io.cucumber.testng.TestNGCucumberRunner.runScenario(TestNGCucumberRunner.java:129) [cucumber-testng-7.12.1.jar:7.12.1]
	at io.cucumber.testng.AbstractTestNGCucumberTests.runScenario(AbstractTestNGCucumberTests.java:35) [cucumber-testng-7.12.1.jar:7.12.1]
	at jdk.internal.reflect.NativeMethodAccessorImpl.invoke0(Native Method) ~[?:?]
	at jdk.internal.reflect.NativeMethodAccessorImpl.invoke(NativeMethodAccessorImpl.java:62) ~[?:?]
	at jdk.internal.reflect.DelegatingMethodAccessorImpl.invoke(DelegatingMethodAccessorImpl.java:43) ~[?:?]
	at java.lang.reflect.Method.invoke(Method.java:566) ~[?:?]
	at org.testng.internal.invokers.MethodInvocationHelper.invokeMethod(MethodInvocationHelper.java:139) [testng-7.8.0.jar:7.8.0]
	at org.testng.internal.invokers.TestInvoker.invokeMethod(TestInvoker.java:664) [testng-7.8.0.jar:7.8.0]
	at org.testng.internal.invokers.TestInvoker.invokeTestMethod(TestInvoker.java:227) [testng-7.8.0.jar:7.8.0]
	at org.testng.internal.invokers.TestMethodWithDataProviderMethodWorker.call(TestMethodWithDataProviderMethodWorker.java:80) [testng-7.8.0.jar:7.8.0]
	at org.testng.internal.invokers.TestMethodWithDataProviderMethodWorker.call(TestMethodWithDataProviderMethodWorker.java:17) [testng-7.8.0.jar:7.8.0]
	at java.util.concurrent.FutureTask.run(FutureTask.java:264) [?:?]
	at java.util.concurrent.Executors$RunnableAdapter.call(Executors.java:515) [?:?]
	at java.util.concurrent.FutureTask.run(FutureTask.java:264) [?:?]
	at java.util.concurrent.ThreadPoolExecutor.runWorker(ThreadPoolExecutor.java:1128) [?:?]
	at java.util.concurrent.ThreadPoolExecutor$Worker.run(ThreadPoolExecutor.java:628) [?:?]
	at java.lang.Thread.run(Thread.java:834) [?:?]
[ERROR] 25-06-2023 21:10:56 [TestNG-PoolService-0] [LifecycleNotifier] - Could not invoke listener method
org.openqa.selenium.NoSuchSessionException: Session ID is null. Using WebDriver after calling quit()?
Build info: version: '4.10.0', revision: 'c14d967899'
System info: os.name: 'Mac OS X', os.arch: 'aarch64', os.version: '12.6', java.version: '11.0.16'
Driver info: org.openqa.selenium.chrome.ChromeDriver
Command: [null, screenshot {}]
Capabilities {acceptInsecureCerts: false, browserName: chrome, browserVersion: 114.0.5735.133, chrome: {chromedriverVersion: 114.0.5735.90 (386bc09e8f4f..., userDataDir: /var/folders/bz/l4ntdftn1jd...}, goog:chromeOptions: {debuggerAddress: localhost:62075}, networkConnectionEnabled: false, pageLoadStrategy: normal, platformName: mac, proxy: Proxy(), se:cdp: ws://localhost:62075/devtoo..., se:cdpVersion: 114.0.5735.133, setWindowRect: true, strictFileInteractability: false, timeouts: {implicit: 0, pageLoad: 300000, script: 30000}, unhandledPromptBehavior: dismiss and notify, webauthn:extension:credBlob: true, webauthn:extension:largeBlob: true, webauthn:extension:minPinLength: true, webauthn:extension:prf: true, webauthn:virtualAuthenticators: true}
	at org.openqa.selenium.remote.HttpCommandExecutor.execute(HttpCommandExecutor.java:152) ~[selenium-remote-driver-4.10.0.jar:?]
	at org.openqa.selenium.remote.service.DriverCommandExecutor.invokeExecute(DriverCommandExecutor.java:196) ~[selenium-remote-driver-4.10.0.jar:?]
	at org.openqa.selenium.remote.service.DriverCommandExecutor.execute(DriverCommandExecutor.java:171) ~[selenium-remote-driver-4.10.0.jar:?]
	at org.openqa.selenium.remote.RemoteWebDriver.execute(RemoteWebDriver.java:531) ~[selenium-remote-driver-4.10.0.jar:?]
	at org.openqa.selenium.remote.RemoteWebDriver.execute(RemoteWebDriver.java:590) ~[selenium-remote-driver-4.10.0.jar:?]
	at org.openqa.selenium.remote.RemoteWebDriver.execute(RemoteWebDriver.java:594) ~[selenium-remote-driver-4.10.0.jar:?]
	at org.openqa.selenium.remote.RemoteWebDriver.getScreenshotAs(RemoteWebDriver.java:316) ~[selenium-remote-driver-4.10.0.jar:?]
	at jdk.internal.reflect.NativeMethodAccessorImpl.invoke0(Native Method) ~[?:?]
	at jdk.internal.reflect.NativeMethodAccessorImpl.invoke(NativeMethodAccessorImpl.java:62) ~[?:?]
	at jdk.internal.reflect.DelegatingMethodAccessorImpl.invoke(DelegatingMethodAccessorImpl.java:43) ~[?:?]
	at java.lang.reflect.Method.invoke(Method.java:566) ~[?:?]
	at org.openqa.selenium.support.ThreadGuard$WebDriverInvocationHandler.invokeUnderlying(ThreadGuard.java:99) ~[selenium-support-4.10.0.jar:?]
	at org.openqa.selenium.support.ThreadGuard$WebDriverInvocationHandler.invoke(ThreadGuard.java:91) ~[selenium-support-4.10.0.jar:?]
	at com.sun.proxy.$Proxy47.getScreenshotAs(Unknown Source) ~[?:?]
	at anhtester.com.listeners.AllureListener.beforeTestStop(AllureListener.java:43) ~[test-classes/:?]
	at io.qameta.allure.listener.LifecycleNotifier.lambda$runSafely$0(LifecycleNotifier.java:211) ~[allure-java-commons-2.22.1.jar:2.22.1]
	at java.util.ArrayList.forEach(ArrayList.java:1541) [?:?]
	at io.qameta.allure.listener.LifecycleNotifier.runSafely(LifecycleNotifier.java:209) [allure-java-commons-2.22.1.jar:2.22.1]
	at io.qameta.allure.listener.LifecycleNotifier.beforeTestStop(LifecycleNotifier.java:88) [allure-java-commons-2.22.1.jar:2.22.1]
	at io.qameta.allure.AllureLifecycle.stopTestCase(AllureLifecycle.java:420) [allure-java-commons-2.22.1.jar:2.22.1]
	at io.qameta.allure.testng.AllureTestNg.stopTestCase(AllureTestNg.java:376) [allure-testng-2.22.1.jar:2.22.1]
	at io.qameta.allure.testng.AllureTestNg.onTestFailure(AllureTestNg.java:370) [allure-testng-2.22.1.jar:2.22.1]
	at org.testng.internal.TestListenerHelper.runTestListeners(TestListenerHelper.java:108) [testng-7.8.0.jar:7.8.0]
	at org.testng.internal.invokers.TestInvoker.runTestResultListener(TestInvoker.java:262) [testng-7.8.0.jar:7.8.0]
	at org.testng.internal.invokers.TestInvoker.invokeMethod(TestInvoker.java:751) [testng-7.8.0.jar:7.8.0]
	at org.testng.internal.invokers.TestInvoker.invokeTestMethod(TestInvoker.java:227) [testng-7.8.0.jar:7.8.0]
	at org.testng.internal.invokers.TestMethodWithDataProviderMethodWorker.call(TestMethodWithDataProviderMethodWorker.java:80) [testng-7.8.0.jar:7.8.0]
	at org.testng.internal.invokers.TestMethodWithDataProviderMethodWorker.call(TestMethodWithDataProviderMethodWorker.java:17) [testng-7.8.0.jar:7.8.0]
	at java.util.concurrent.FutureTask.run(FutureTask.java:264) [?:?]
	at java.util.concurrent.Executors$RunnableAdapter.call(Executors.java:515) [?:?]
	at java.util.concurrent.FutureTask.run(FutureTask.java:264) [?:?]
	at java.util.concurrent.ThreadPoolExecutor.runWorker(ThreadPoolExecutor.java:1128) [?:?]
	at java.util.concurrent.ThreadPoolExecutor$Worker.run(ThreadPoolExecutor.java:628) [?:?]
	at java.lang.Thread.run(Thread.java:834) [?:?]
[INFO] 25-06-2023 21:15:18 [main] [Utils] - [TestNG] Running:
  /Users/kanthreddy/Library/Caches/JetBrains/IdeaIE2022.2/temp-testng-customsuite.xml

[INFO] 25-06-2023 21:15:19 [main] [LogUtils] - Loaded all properties files.
[INFO] 25-06-2023 21:15:19 [main] [LogUtils] - {TARGET=local, ownerDetail=xpath&&//div[@id='s2id_created_by']//a[@class='select2-choice']/span[1], menuClients=xpath&&//span[normalize-space()='Clients'], TELEGRAM_CHATID=, OVERRIDE_REPORTS=yes, inputPhone=xpath&&//input[@id='phone'], inputClientGroups=xpath&&(//label[normalize-space()='Client groups']/following-sibling::div//input)[1], buttonSaveOnDialog=xpath&&//div[@id='ajaxModalContent']//button[normalize-space()='Save'], spanFirstItemClientGroups=xpath&&//span[@class='select2-match'], inputCountry=xpath&&//input[@id='country'], SEND_REPORT_TO_TELEGRAM=no, SEND_EMAIL_TO_USERS=no, ZIP_FOLDER_NAME=CucumberExtentReports.zip, WAIT_DEFAULT=5, REMOTE_PORT=4444, TELEGRAM_TOKEN=, buttonAddClient=xpath&&//a[normalize-space()='Add client'], URL_CORP=https://corporate-dev.hubpay.ae/auth/signin, labelClientGroups=xpath&&//li[@class='select2-search-choice']/div, URL_OPS=https://ops-portal-dev.hubpay.ae/wallet/, inputState=xpath&&//input[@id='state'], labelOnClientPage=xpath&&//span[normalize-space()='Total clients'], inputPassword=xpath&&//input[@id='password'], EXTENT_REPORT_PDF=PdfReport.pdf, inputAddress=xpath&&//textarea[@id='address'], VIDEO_RECORD=no, inputSearchOwner=xpath&&//div[@id='select2-drop']//input, tabClient=xpath&&//ul[@id='client-tabs']//li[2], labelEmailError=id&&email-error, tabClientInfo=xpath&&//a[normalize-space()='Client info'], PASSWORD=T+wyT5u9cOelDJbBWNgxLw, inputWebsite=xpath&&//input[@id='website'], SCREENSHOT_ALL_STEPS=no, labelAuthentication=xpath&&//div[@role='alert'], EXTENT_REPORT_NAME=ExtentReport, EXPORT_VIDEO_PATH=ExportData/Videos, EXPORT_CAPTURE_PATH=ExportData/Images, WAIT_PAGE_LOADED=30, SCREENSHOT_PASSED_STEPS=no, radioOrganization=xpath&&//input[@id='type_organization'], EXTENT_REPORT_FOLDER=reports/CucumberExtentReports, itemClientFirstRow=xpath&&//table[@id='client-table']//tbody/tr[1]/td[2]/a, WAIT_EXPLICIT=10, BROWSER=chrome, SCREENSHOT_SKIPPED_STEPS=yes, inputEmail=xpath&&//input[@id='email'], menuDashboard=xpath&&//span[normalize-space()='Dashboard'], REPORT_TITLE=Report | Automation Framework Cucumber TestNG | Anh Tester, AUTHOR=Anh Tester, EXCEL_DATA_FILE_PATH=src/test/resources/testdata/ClientsDataExcel.xlsx, WAIT_IMPLICIT=20, PROJECT_NAME=Automation Framework Cucumber TestNG | Anh Tester, HEADLESS=false, REMOTE_URL=localhost, inputCompanyName=xpath&&//input[@id='company_name'], selectOwner=xpath&&//div[@id='s2id_created_by'], inputCity=xpath&&//input[@id='city'], SCREENSHOT_FAILED_STEPS=yes, TXT_FILE_PATH=src/test/resources/testdata/TxtFileData.txt, selectFirstItemOwner=xpath&&(//div[contains(@id,'select2-result-label')])[1], buttonSignIn=xpath&&//button[normalize-space()='Sign in'], JSON_DATA_FILE_PATH=src/test/resources/config/config.json, inputVat=xpath&&//input[@id='vat_number'], ACTIVE_PAGE_LOADED=true, headerPageClientInfo=xpath&&//form[@id='company-form']//h4, URL_CRM=https://rise.fairsketch.com/signin, WAIT_SLEEP_STEP=0, OPEN_REPORTS_AFTER_EXECUTION=no, buttonDynamicXpath=xpath&&//button[normalize-space()='%s'], ZIP_FOLDER_PATH=reports/CucumberExtentReports, inputZip=xpath&&//input[@id='zip'], inputSearch=xpath&&//input[@placeholder='Search'], ZIP_FOLDER=no, menuProjects=xpath&&//span[normalize-space()='Projects']}
[INFO] 25-06-2023 21:15:20 [main] [LogUtils] - Loaded all properties files.
[INFO] 25-06-2023 21:15:20 [main] [LogUtils] - {TARGET=local, ownerDetail=xpath&&//div[@id='s2id_created_by']//a[@class='select2-choice']/span[1], menuClients=xpath&&//span[normalize-space()='Clients'], TELEGRAM_CHATID=, OVERRIDE_REPORTS=yes, inputPhone=xpath&&//input[@id='phone'], inputClientGroups=xpath&&(//label[normalize-space()='Client groups']/following-sibling::div//input)[1], buttonSaveOnDialog=xpath&&//div[@id='ajaxModalContent']//button[normalize-space()='Save'], spanFirstItemClientGroups=xpath&&//span[@class='select2-match'], inputCountry=xpath&&//input[@id='country'], SEND_REPORT_TO_TELEGRAM=no, SEND_EMAIL_TO_USERS=no, ZIP_FOLDER_NAME=CucumberExtentReports.zip, WAIT_DEFAULT=5, REMOTE_PORT=4444, TELEGRAM_TOKEN=, buttonAddClient=xpath&&//a[normalize-space()='Add client'], URL_CORP=https://corporate-dev.hubpay.ae/auth/signin, labelClientGroups=xpath&&//li[@class='select2-search-choice']/div, URL_OPS=https://ops-portal-dev.hubpay.ae/wallet/, inputState=xpath&&//input[@id='state'], labelOnClientPage=xpath&&//span[normalize-space()='Total clients'], inputPassword=xpath&&//input[@id='password'], EXTENT_REPORT_PDF=PdfReport.pdf, inputAddress=xpath&&//textarea[@id='address'], VIDEO_RECORD=no, inputSearchOwner=xpath&&//div[@id='select2-drop']//input, tabClient=xpath&&//ul[@id='client-tabs']//li[2], labelEmailError=id&&email-error, tabClientInfo=xpath&&//a[normalize-space()='Client info'], PASSWORD=T+wyT5u9cOelDJbBWNgxLw, inputWebsite=xpath&&//input[@id='website'], SCREENSHOT_ALL_STEPS=no, labelAuthentication=xpath&&//div[@role='alert'], EXTENT_REPORT_NAME=ExtentReport, EXPORT_VIDEO_PATH=ExportData/Videos, EXPORT_CAPTURE_PATH=ExportData/Images, WAIT_PAGE_LOADED=30, SCREENSHOT_PASSED_STEPS=no, radioOrganization=xpath&&//input[@id='type_organization'], EXTENT_REPORT_FOLDER=reports/CucumberExtentReports, itemClientFirstRow=xpath&&//table[@id='client-table']//tbody/tr[1]/td[2]/a, WAIT_EXPLICIT=10, BROWSER=chrome, SCREENSHOT_SKIPPED_STEPS=yes, inputEmail=xpath&&//input[@id='email'], menuDashboard=xpath&&//span[normalize-space()='Dashboard'], REPORT_TITLE=Report | Automation Framework Cucumber TestNG | Anh Tester, AUTHOR=Anh Tester, EXCEL_DATA_FILE_PATH=src/test/resources/testdata/ClientsDataExcel.xlsx, WAIT_IMPLICIT=20, PROJECT_NAME=Automation Framework Cucumber TestNG | Anh Tester, HEADLESS=false, REMOTE_URL=localhost, inputCompanyName=xpath&&//input[@id='company_name'], selectOwner=xpath&&//div[@id='s2id_created_by'], inputCity=xpath&&//input[@id='city'], SCREENSHOT_FAILED_STEPS=yes, TXT_FILE_PATH=src/test/resources/testdata/TxtFileData.txt, selectFirstItemOwner=xpath&&(//div[contains(@id,'select2-result-label')])[1], buttonSignIn=xpath&&//button[normalize-space()='Sign in'], JSON_DATA_FILE_PATH=src/test/resources/config/config.json, inputVat=xpath&&//input[@id='vat_number'], ACTIVE_PAGE_LOADED=true, headerPageClientInfo=xpath&&//form[@id='company-form']//h4, URL_CRM=https://rise.fairsketch.com/signin, WAIT_SLEEP_STEP=0, OPEN_REPORTS_AFTER_EXECUTION=no, buttonDynamicXpath=xpath&&//button[normalize-space()='%s'], ZIP_FOLDER_PATH=reports/CucumberExtentReports, inputZip=xpath&&//input[@id='zip'], inputSearch=xpath&&//input[@placeholder='Search'], ZIP_FOLDER=no, menuProjects=xpath&&//span[normalize-space()='Projects']}
[INFO] 25-06-2023 21:15:21 [TestNG-PoolService-1] [WebDriverManager] - Using chromedriver 114.0.5735.90 (resolved driver for Chrome 114)
[INFO] 25-06-2023 21:15:21 [TestNG-PoolService-0] [WebDriverManager] - Using chromedriver 114.0.5735.90 (resolved driver for Chrome 114)
[INFO] 25-06-2023 21:15:21 [TestNG-PoolService-0] [WebDriverManager] - Exporting webdriver.chrome.driver as /Users/kanthreddy/.cache/selenium/chromedriver/mac-arm64/114.0.5735.90/chromedriver
[INFO] 25-06-2023 21:15:21 [TestNG-PoolService-1] [WebDriverManager] - Exporting webdriver.chrome.driver as /Users/kanthreddy/.cache/selenium/chromedriver/mac-arm64/114.0.5735.90/chromedriver
[INFO] 25-06-2023 21:15:29 [TestNG-PoolService-0] [LogUtils] - Driver in TestContext: ChromeDriver: chrome on mac (f99ae5ace52208c8530bdce2ac6855b2)
[INFO] 25-06-2023 21:15:29 [TestNG-PoolService-1] [LogUtils] - Driver in TestContext: ChromeDriver: chrome on mac (37868146406a641449ed7d4e14992f73)
[INFO] 25-06-2023 21:15:35 [TestNG-PoolService-0] [LogUtils] - Open URL: https://corporate-dev.hubpay.ae/auth/signin
[INFO] 25-06-2023 21:15:35 [TestNG-PoolService-1] [LogUtils] - Open URL: https://corporate-dev.hubpay.ae/auth/signin
[INFO] 25-06-2023 21:15:35 [TestNG-PoolService-1] [LogUtils] - Verify element visible By.cssSelector: input[name='username']
[INFO] 25-06-2023 21:15:35 [TestNG-PoolService-0] [LogUtils] - Verify element visible By.cssSelector: input[name='username']
[INFO] 25-06-2023 21:15:39 [TestNG-PoolService-0] [LogUtils] - Set text sreekanth@hubpay.ae on By.cssSelector: input[name='username']
[INFO] 25-06-2023 21:15:40 [TestNG-PoolService-1] [LogUtils] - Set text sreekanth@hubpay.ae on By.cssSelector: input[name='username']
[INFO] 25-06-2023 21:15:40 [TestNG-PoolService-0] [LogUtils] - Verify element visible By.cssSelector: input[name='password']
[INFO] 25-06-2023 21:15:40 [TestNG-PoolService-1] [LogUtils] - Verify element visible By.cssSelector: input[name='password']
[INFO] 25-06-2023 21:15:42 [TestNG-PoolService-0] [LogUtils] - Set text Hubpass@1 on By.cssSelector: input[name='password']
[INFO] 25-06-2023 21:15:42 [TestNG-PoolService-1] [LogUtils] - Set text Hubpass@1 on By.cssSelector: input[name='password']
[INFO] 25-06-2023 21:15:48 [TestNG-PoolService-0] [LogUtils] - Click on element with JS: By.xpath: //button[text()='Next']
[INFO] 25-06-2023 21:15:48 [TestNG-PoolService-1] [LogUtils] - Click on element with JS: By.xpath: //button[text()='Next']
[INFO] 25-06-2023 21:16:22 [TestNG-PoolService-0] [LogUtils] - Verify element visible By.xpath: //li[contains(.,'Sign out')]
[INFO] 25-06-2023 21:16:24 [TestNG-PoolService-1] [LogUtils] - Verify element visible By.xpath: //li[contains(.,'Sign out')]
[INFO] 25-06-2023 21:16:26 [TestNG-PoolService-0] [LogUtils] - Verify element visible By.xpath: //h1[text()='Dashboard']
[INFO] 25-06-2023 21:16:26 [TestNG-PoolService-0] [LogUtils] - Verify element visible By.xpath: //h1[text()='Dashboard']
[INFO] 25-06-2023 21:16:27 [TestNG-PoolService-0] [LogUtils] - Verify element visible By.xpath: //p[contains(text(),'EUR')]
[INFO] 25-06-2023 21:16:27 [TestNG-PoolService-0] [LogUtils] - Verify element visible By.xpath: //p[contains(text(),'EUR')]
[INFO] 25-06-2023 21:16:28 [TestNG-PoolService-1] [LogUtils] - Verify element visible By.xpath: //h1[text()='Dashboard']
[INFO] 25-06-2023 21:16:28 [TestNG-PoolService-1] [LogUtils] - Verify element visible By.xpath: //h1[text()='Dashboard']
[INFO] 25-06-2023 21:16:29 [TestNG-PoolService-1] [LogUtils] - Verify element visible By.xpath: //p[contains(text(),'GBP')]
[INFO] 25-06-2023 21:16:29 [TestNG-PoolService-1] [LogUtils] - Verify element visible By.xpath: //p[contains(text(),'GBP')]
[INFO] 25-06-2023 21:16:30 [TestNG-PoolService-0] [LogUtils] - Verify element visible By.xpath: //p[contains(text(),'AED')]
[INFO] 25-06-2023 21:16:32 [TestNG-PoolService-0] [LogUtils] - Verify element visible By.xpath: //p[contains(text(),'AED')]
[INFO] 25-06-2023 21:16:32 [TestNG-PoolService-0] [LogUtils] - Verify element visible By.xpath: //p[contains(text(),'EUR')]
[INFO] 25-06-2023 21:16:32 [TestNG-PoolService-1] [LogUtils] - Verify element visible By.xpath: //p[contains(text(),'AED')]
[INFO] 25-06-2023 21:16:33 [TestNG-PoolService-0] [LogUtils] - Verify element visible By.xpath: //p[contains(text(),'EUR')]
[INFO] 25-06-2023 21:16:33 [TestNG-PoolService-0] [LogUtils] - Verify element visible By.xpath: //p[contains(text(),'AED')]
[INFO] 25-06-2023 21:16:33 [TestNG-PoolService-0] [LogUtils] - Verify element visible By.xpath: //p[contains(text(),'AED')]
[INFO] 25-06-2023 21:16:33 [TestNG-PoolService-1] [LogUtils] - Verify element visible By.xpath: //p[contains(text(),'AED')]
[INFO] 25-06-2023 21:16:33 [TestNG-PoolService-0] [LogUtils] - Verify element visible By.xpath: //a[text()='Exchange']
[INFO] 25-06-2023 21:16:33 [TestNG-PoolService-1] [LogUtils] - Verify element visible By.xpath: //p[contains(text(),'GBP')]
[INFO] 25-06-2023 21:16:34 [TestNG-PoolService-1] [LogUtils] - Verify element visible By.xpath: //p[contains(text(),'GBP')]
[INFO] 25-06-2023 21:16:34 [TestNG-PoolService-1] [LogUtils] - Verify element visible By.xpath: //p[contains(text(),'AED')]
[INFO] 25-06-2023 21:16:34 [TestNG-PoolService-1] [LogUtils] - Verify element visible By.xpath: //p[contains(text(),'AED')]
[INFO] 25-06-2023 21:16:35 [TestNG-PoolService-1] [LogUtils] - Verify element visible By.xpath: //a[text()='Exchange']
[INFO] 25-06-2023 21:16:36 [TestNG-PoolService-0] [LogUtils] - Clicked on the element By.xpath: //a[text()='Exchange']
[INFO] 25-06-2023 21:16:44 [TestNG-PoolService-1] [LogUtils] - Clicked on the element By.xpath: //a[text()='Exchange']
[INFO] 25-06-2023 21:16:45 [TestNG-PoolService-0] [LogUtils] - Verify element visible By.xpath: //h1[text()='Exchange']
[INFO] 25-06-2023 21:16:45 [TestNG-PoolService-0] [LogUtils] - Verify element visible By.xpath: //h1[text()='Exchange']
[INFO] 25-06-2023 21:16:45 [TestNG-PoolService-0] [LogUtils] - Verify element visible By.xpath: //p[text()='Convert money between your wallets']
[INFO] 25-06-2023 21:16:45 [TestNG-PoolService-0] [LogUtils] - Verify element visible By.xpath: //span[text()='Amount']/preceding-sibling::span[text()='1']/parent::span
[INFO] 25-06-2023 21:16:45 [TestNG-PoolService-0] [LogUtils] - Verify element visible By.xpath: //span[text()='Review & confirm']/preceding-sibling::span[text()='2']/parent::span
[INFO] 25-06-2023 21:16:45 [TestNG-PoolService-0] [LogUtils] - Verify element visible By.xpath: //h1[text()='Amount']
[INFO] 25-06-2023 21:16:45 [TestNG-PoolService-0] [LogUtils] - Verify element visible By.xpath: //h1[text()='Amount']/following-sibling::p[text()='Select the wallet you want to exchange to and define the amount']
[INFO] 25-06-2023 21:16:45 [TestNG-PoolService-0] [LogUtils] - Verify element visible By.xpath: //input[@id='amount']/following-sibling::div/button
[INFO] 25-06-2023 21:16:45 [TestNG-PoolService-0] [LogUtils] - Verify element visible By.xpath: //label[text()='Sell']/following-sibling::div/input[@placeholder='0.00']/following-sibling::div[.='AED']
[INFO] 25-06-2023 21:16:46 [TestNG-PoolService-0] [LogUtils] - Verify TRUE: true
[INFO] 25-06-2023 21:16:46 [TestNG-PoolService-0] [LogUtils] - Verify element visible By.xpath: //p[.='ANITHA TEST BUSINESS Solutions Private Limited']
[INFO] 25-06-2023 21:16:46 [TestNG-PoolService-0] [LogUtils] - Verify element visible By.xpath: //p[.='Hello, SRIKANTH PALLA BHANUMURTHY REDDY']
[INFO] 25-06-2023 21:16:47 [TestNG-PoolService-0] [LogUtils] - Verify element visible By.xpath: //span[text()='Amount']/preceding-sibling::span[text()='1']/parent::span
[INFO] 25-06-2023 21:16:47 [TestNG-PoolService-0] [LogUtils] - Verify element visible By.xpath: //span[text()='Amount']/preceding-sibling::span[text()='1']/parent::span
[INFO] 25-06-2023 21:16:47 [TestNG-PoolService-0] [LogUtils] - Verify element visible By.xpath: //span[text()='Amount']/preceding-sibling::span[text()='1']/parent::span
[INFO] 25-06-2023 21:16:47 [TestNG-PoolService-0] [LogUtils] - Verify TRUE: true
[INFO] 25-06-2023 21:16:47 [TestNG-PoolService-0] [LogUtils] - Verify element visible By.xpath: //span[text()='Review & confirm']/preceding-sibling::span[text()='2']/parent::span
[INFO] 25-06-2023 21:16:48 [TestNG-PoolService-0] [LogUtils] - Verify element visible By.xpath: //span[text()='Review & confirm']/preceding-sibling::span[text()='2']/parent::span
[INFO] 25-06-2023 21:16:48 [TestNG-PoolService-0] [LogUtils] - Verify element visible By.xpath: //span[text()='Review & confirm']/preceding-sibling::span[text()='2']/parent::span
[INFO] 25-06-2023 21:16:48 [TestNG-PoolService-0] [LogUtils] - Verify TRUE: true
[INFO] 25-06-2023 21:16:57 [TestNG-PoolService-1] [LogUtils] - Verify element visible By.xpath: //h1[text()='Exchange']
[INFO] 25-06-2023 21:16:57 [TestNG-PoolService-1] [LogUtils] - Verify element visible By.xpath: //h1[text()='Exchange']
[INFO] 25-06-2023 21:16:57 [TestNG-PoolService-1] [LogUtils] - Verify element visible By.xpath: //p[text()='Convert money between your wallets']
[INFO] 25-06-2023 21:16:57 [TestNG-PoolService-1] [LogUtils] - Verify element visible By.xpath: //span[text()='Amount']/preceding-sibling::span[text()='1']/parent::span
[INFO] 25-06-2023 21:16:57 [TestNG-PoolService-1] [LogUtils] - Verify element visible By.xpath: //span[text()='Review & confirm']/preceding-sibling::span[text()='2']/parent::span
[INFO] 25-06-2023 21:16:57 [TestNG-PoolService-1] [LogUtils] - Verify element visible By.xpath: //h1[text()='Amount']
[INFO] 25-06-2023 21:16:57 [TestNG-PoolService-1] [LogUtils] - Verify element visible By.xpath: //h1[text()='Amount']/following-sibling::p[text()='Select the wallet you want to exchange to and define the amount']
[INFO] 25-06-2023 21:16:57 [TestNG-PoolService-1] [LogUtils] - Verify element visible By.xpath: //input[@id='amount']/following-sibling::div/button
[INFO] 25-06-2023 21:16:57 [TestNG-PoolService-1] [LogUtils] - Verify element visible By.xpath: //label[text()='Sell']/following-sibling::div/input[@placeholder='0.00']/following-sibling::div[.='AED']
[INFO] 25-06-2023 21:16:57 [TestNG-PoolService-1] [LogUtils] - Verify TRUE: true
[INFO] 25-06-2023 21:16:57 [TestNG-PoolService-1] [LogUtils] - Verify element visible By.xpath: //p[.='ANITHA TEST BUSINESS Solutions Private Limited']
[INFO] 25-06-2023 21:16:57 [TestNG-PoolService-1] [LogUtils] - Verify element visible By.xpath: //p[.='Hello, SRIKANTH PALLA BHANUMURTHY REDDY']
[INFO] 25-06-2023 21:16:57 [TestNG-PoolService-1] [LogUtils] - Verify element visible By.xpath: //span[text()='Amount']/preceding-sibling::span[text()='1']/parent::span
[INFO] 25-06-2023 21:16:58 [TestNG-PoolService-1] [LogUtils] - Verify element visible By.xpath: //span[text()='Amount']/preceding-sibling::span[text()='1']/parent::span
[INFO] 25-06-2023 21:16:58 [TestNG-PoolService-1] [LogUtils] - Verify element visible By.xpath: //span[text()='Amount']/preceding-sibling::span[text()='1']/parent::span
[INFO] 25-06-2023 21:16:58 [TestNG-PoolService-1] [LogUtils] - Verify TRUE: true
[INFO] 25-06-2023 21:16:58 [TestNG-PoolService-0] [LogUtils] - Verify element visible By.xpath: //input[@id='amount']
[INFO] 25-06-2023 21:16:58 [TestNG-PoolService-1] [LogUtils] - Verify element visible By.xpath: //span[text()='Review & confirm']/preceding-sibling::span[text()='2']/parent::span
[INFO] 25-06-2023 21:16:58 [TestNG-PoolService-1] [LogUtils] - Verify element visible By.xpath: //span[text()='Review & confirm']/preceding-sibling::span[text()='2']/parent::span
[INFO] 25-06-2023 21:16:58 [TestNG-PoolService-1] [LogUtils] - Verify element visible By.xpath: //span[text()='Review & confirm']/preceding-sibling::span[text()='2']/parent::span
[INFO] 25-06-2023 21:16:58 [TestNG-PoolService-1] [LogUtils] - Verify TRUE: true
[INFO] 25-06-2023 21:16:59 [TestNG-PoolService-0] [LogUtils] - Verify element visible By.xpath: //input[@id='amount']
[INFO] 25-06-2023 21:17:02 [TestNG-PoolService-0] [LogUtils] - Clear and Fill 10.00 on By.xpath: //input[@id='amount']
[INFO] 25-06-2023 21:17:02 [TestNG-PoolService-0] [LogUtils] - Verify element visible By.xpath: //input[@id='amount']
[INFO] 25-06-2023 21:17:03 [TestNG-PoolService-0] [LogUtils] - Clear value in textbox By.xpath: //input[@id='amount']
[INFO] 25-06-2023 21:17:03 [TestNG-PoolService-0] [LogUtils] - Verify element visible By.xpath: //input[@id='amount']
[INFO] 25-06-2023 21:17:21 [TestNG-PoolService-1] [LogUtils] - Verify element visible By.xpath: //input[@id='amount']
[INFO] 25-06-2023 21:17:21 [TestNG-PoolService-0] [LogUtils] - Set text 10.00 on By.xpath: //input[@id='amount']
[INFO] 25-06-2023 21:17:23 [TestNG-PoolService-1] [LogUtils] - Verify element visible By.xpath: //input[@id='amount']
[ERROR] 25-06-2023 21:17:32 [TestNG-PoolService-0] [LogUtils] - Live rate is not displayedBy.xpath: //div[text()='Live rate']/preceding-sibling::div//p
[ERROR] 25-06-2023 21:17:39 [TestNG-PoolService-0] [LifecycleNotifier] - Could not invoke listener method
org.openqa.selenium.NoSuchSessionException: Session ID is null. Using WebDriver after calling quit()?
Build info: version: '4.10.0', revision: 'c14d967899'
System info: os.name: 'Mac OS X', os.arch: 'aarch64', os.version: '12.6', java.version: '11.0.16'
Driver info: org.openqa.selenium.chrome.ChromeDriver
Command: [null, screenshot {}]
Capabilities {acceptInsecureCerts: false, browserName: chrome, browserVersion: 114.0.5735.133, chrome: {chromedriverVersion: 114.0.5735.90 (386bc09e8f4f..., userDataDir: /var/folders/bz/l4ntdftn1jd...}, goog:chromeOptions: {debuggerAddress: localhost:63682}, networkConnectionEnabled: false, pageLoadStrategy: normal, platformName: mac, proxy: Proxy(), se:cdp: ws://localhost:63682/devtoo..., se:cdpVersion: 114.0.5735.133, setWindowRect: true, strictFileInteractability: false, timeouts: {implicit: 0, pageLoad: 300000, script: 30000}, unhandledPromptBehavior: dismiss and notify, webauthn:extension:credBlob: true, webauthn:extension:largeBlob: true, webauthn:extension:minPinLength: true, webauthn:extension:prf: true, webauthn:virtualAuthenticators: true}
	at org.openqa.selenium.remote.HttpCommandExecutor.execute(HttpCommandExecutor.java:152) ~[selenium-remote-driver-4.10.0.jar:?]
	at org.openqa.selenium.remote.service.DriverCommandExecutor.invokeExecute(DriverCommandExecutor.java:196) ~[selenium-remote-driver-4.10.0.jar:?]
	at org.openqa.selenium.remote.service.DriverCommandExecutor.execute(DriverCommandExecutor.java:171) ~[selenium-remote-driver-4.10.0.jar:?]
	at org.openqa.selenium.remote.RemoteWebDriver.execute(RemoteWebDriver.java:531) ~[selenium-remote-driver-4.10.0.jar:?]
	at org.openqa.selenium.remote.RemoteWebDriver.execute(RemoteWebDriver.java:590) ~[selenium-remote-driver-4.10.0.jar:?]
	at org.openqa.selenium.remote.RemoteWebDriver.execute(RemoteWebDriver.java:594) ~[selenium-remote-driver-4.10.0.jar:?]
	at org.openqa.selenium.remote.RemoteWebDriver.getScreenshotAs(RemoteWebDriver.java:316) ~[selenium-remote-driver-4.10.0.jar:?]
	at jdk.internal.reflect.NativeMethodAccessorImpl.invoke0(Native Method) ~[?:?]
	at jdk.internal.reflect.NativeMethodAccessorImpl.invoke(NativeMethodAccessorImpl.java:62) ~[?:?]
	at jdk.internal.reflect.DelegatingMethodAccessorImpl.invoke(DelegatingMethodAccessorImpl.java:43) ~[?:?]
	at java.lang.reflect.Method.invoke(Method.java:566) ~[?:?]
	at org.openqa.selenium.support.ThreadGuard$WebDriverInvocationHandler.invokeUnderlying(ThreadGuard.java:99) ~[selenium-support-4.10.0.jar:?]
	at org.openqa.selenium.support.ThreadGuard$WebDriverInvocationHandler.invoke(ThreadGuard.java:91) ~[selenium-support-4.10.0.jar:?]
	at com.sun.proxy.$Proxy47.getScreenshotAs(Unknown Source) ~[?:?]
	at anhtester.com.listeners.AllureListener.beforeTestStop(AllureListener.java:43) ~[test-classes/:?]
	at io.qameta.allure.listener.LifecycleNotifier.lambda$runSafely$0(LifecycleNotifier.java:211) ~[allure-java-commons-2.22.1.jar:2.22.1]
	at java.util.ArrayList.forEach(ArrayList.java:1541) ~[?:?]
	at io.qameta.allure.listener.LifecycleNotifier.runSafely(LifecycleNotifier.java:209) ~[allure-java-commons-2.22.1.jar:2.22.1]
	at io.qameta.allure.listener.LifecycleNotifier.beforeTestStop(LifecycleNotifier.java:88) ~[allure-java-commons-2.22.1.jar:2.22.1]
	at io.qameta.allure.AllureLifecycle.stopTestCase(AllureLifecycle.java:420) ~[allure-java-commons-2.22.1.jar:2.22.1]
	at io.qameta.allure.cucumber7jvm.AllureCucumber7Jvm.handleTestCaseFinished(AllureCucumber7Jvm.java:197) ~[allure-cucumber7-jvm-2.22.1.jar:2.22.1]
	at io.cucumber.core.eventbus.AbstractEventPublisher.send(AbstractEventPublisher.java:51) ~[cucumber-core-7.12.1.jar:7.12.1]
	at io.cucumber.core.eventbus.AbstractEventBus.send(AbstractEventBus.java:12) ~[cucumber-core-7.12.1.jar:7.12.1]
	at io.cucumber.core.runtime.SynchronizedEventBus.send(SynchronizedEventBus.java:47) ~[cucumber-core-7.12.1.jar:7.12.1]
	at io.cucumber.core.runtime.ThreadLocalRunnerSupplier$LocalEventBus.send(ThreadLocalRunnerSupplier.java:62) ~[cucumber-core-7.12.1.jar:7.12.1]
	at io.cucumber.core.runner.TestCase.emitTestCaseFinished(TestCase.java:219) ~[cucumber-core-7.12.1.jar:7.12.1]
	at io.cucumber.core.runner.TestCase.run(TestCase.java:98) ~[cucumber-core-7.12.1.jar:7.12.1]
	at io.cucumber.core.runner.Runner.runPickle(Runner.java:75) ~[cucumber-core-7.12.1.jar:7.12.1]
	at io.cucumber.testng.TestNGCucumberRunner.lambda$runScenario$1(TestNGCucumberRunner.java:132) ~[cucumber-testng-7.12.1.jar:7.12.1]
	at io.cucumber.core.runtime.CucumberExecutionContext.lambda$runTestCase$5(CucumberExecutionContext.java:137) ~[cucumber-core-7.12.1.jar:7.12.1]
	at io.cucumber.core.runtime.RethrowingThrowableCollector.executeAndThrow(RethrowingThrowableCollector.java:23) [cucumber-core-7.12.1.jar:7.12.1]
	at io.cucumber.core.runtime.CucumberExecutionContext.runTestCase(CucumberExecutionContext.java:137) [cucumber-core-7.12.1.jar:7.12.1]
	at io.cucumber.testng.TestNGCucumberRunner.runScenario(TestNGCucumberRunner.java:129) [cucumber-testng-7.12.1.jar:7.12.1]
	at io.cucumber.testng.AbstractTestNGCucumberTests.runScenario(AbstractTestNGCucumberTests.java:35) [cucumber-testng-7.12.1.jar:7.12.1]
	at jdk.internal.reflect.NativeMethodAccessorImpl.invoke0(Native Method) ~[?:?]
	at jdk.internal.reflect.NativeMethodAccessorImpl.invoke(NativeMethodAccessorImpl.java:62) ~[?:?]
	at jdk.internal.reflect.DelegatingMethodAccessorImpl.invoke(DelegatingMethodAccessorImpl.java:43) ~[?:?]
	at java.lang.reflect.Method.invoke(Method.java:566) ~[?:?]
	at org.testng.internal.invokers.MethodInvocationHelper.invokeMethod(MethodInvocationHelper.java:139) [testng-7.8.0.jar:7.8.0]
	at org.testng.internal.invokers.TestInvoker.invokeMethod(TestInvoker.java:664) [testng-7.8.0.jar:7.8.0]
	at org.testng.internal.invokers.TestInvoker.invokeTestMethod(TestInvoker.java:227) [testng-7.8.0.jar:7.8.0]
	at org.testng.internal.invokers.TestMethodWithDataProviderMethodWorker.call(TestMethodWithDataProviderMethodWorker.java:80) [testng-7.8.0.jar:7.8.0]
	at org.testng.internal.invokers.TestMethodWithDataProviderMethodWorker.call(TestMethodWithDataProviderMethodWorker.java:17) [testng-7.8.0.jar:7.8.0]
	at java.util.concurrent.FutureTask.run(FutureTask.java:264) [?:?]
	at java.util.concurrent.Executors$RunnableAdapter.call(Executors.java:515) [?:?]
	at java.util.concurrent.FutureTask.run(FutureTask.java:264) [?:?]
	at java.util.concurrent.ThreadPoolExecutor.runWorker(ThreadPoolExecutor.java:1128) [?:?]
	at java.util.concurrent.ThreadPoolExecutor$Worker.run(ThreadPoolExecutor.java:628) [?:?]
	at java.lang.Thread.run(Thread.java:834) [?:?]
[ERROR] 25-06-2023 21:17:40 [TestNG-PoolService-0] [LifecycleNotifier] - Could not invoke listener method
org.openqa.selenium.NoSuchSessionException: Session ID is null. Using WebDriver after calling quit()?
Build info: version: '4.10.0', revision: 'c14d967899'
System info: os.name: 'Mac OS X', os.arch: 'aarch64', os.version: '12.6', java.version: '11.0.16'
Driver info: org.openqa.selenium.chrome.ChromeDriver
Command: [null, screenshot {}]
Capabilities {acceptInsecureCerts: false, browserName: chrome, browserVersion: 114.0.5735.133, chrome: {chromedriverVersion: 114.0.5735.90 (386bc09e8f4f..., userDataDir: /var/folders/bz/l4ntdftn1jd...}, goog:chromeOptions: {debuggerAddress: localhost:63682}, networkConnectionEnabled: false, pageLoadStrategy: normal, platformName: mac, proxy: Proxy(), se:cdp: ws://localhost:63682/devtoo..., se:cdpVersion: 114.0.5735.133, setWindowRect: true, strictFileInteractability: false, timeouts: {implicit: 0, pageLoad: 300000, script: 30000}, unhandledPromptBehavior: dismiss and notify, webauthn:extension:credBlob: true, webauthn:extension:largeBlob: true, webauthn:extension:minPinLength: true, webauthn:extension:prf: true, webauthn:virtualAuthenticators: true}
	at org.openqa.selenium.remote.HttpCommandExecutor.execute(HttpCommandExecutor.java:152) ~[selenium-remote-driver-4.10.0.jar:?]
	at org.openqa.selenium.remote.service.DriverCommandExecutor.invokeExecute(DriverCommandExecutor.java:196) ~[selenium-remote-driver-4.10.0.jar:?]
	at org.openqa.selenium.remote.service.DriverCommandExecutor.execute(DriverCommandExecutor.java:171) ~[selenium-remote-driver-4.10.0.jar:?]
	at org.openqa.selenium.remote.RemoteWebDriver.execute(RemoteWebDriver.java:531) ~[selenium-remote-driver-4.10.0.jar:?]
	at org.openqa.selenium.remote.RemoteWebDriver.execute(RemoteWebDriver.java:590) ~[selenium-remote-driver-4.10.0.jar:?]
	at org.openqa.selenium.remote.RemoteWebDriver.execute(RemoteWebDriver.java:594) ~[selenium-remote-driver-4.10.0.jar:?]
	at org.openqa.selenium.remote.RemoteWebDriver.getScreenshotAs(RemoteWebDriver.java:316) ~[selenium-remote-driver-4.10.0.jar:?]
	at jdk.internal.reflect.NativeMethodAccessorImpl.invoke0(Native Method) ~[?:?]
	at jdk.internal.reflect.NativeMethodAccessorImpl.invoke(NativeMethodAccessorImpl.java:62) ~[?:?]
	at jdk.internal.reflect.DelegatingMethodAccessorImpl.invoke(DelegatingMethodAccessorImpl.java:43) ~[?:?]
	at java.lang.reflect.Method.invoke(Method.java:566) ~[?:?]
	at org.openqa.selenium.support.ThreadGuard$WebDriverInvocationHandler.invokeUnderlying(ThreadGuard.java:99) ~[selenium-support-4.10.0.jar:?]
	at org.openqa.selenium.support.ThreadGuard$WebDriverInvocationHandler.invoke(ThreadGuard.java:91) ~[selenium-support-4.10.0.jar:?]
	at com.sun.proxy.$Proxy47.getScreenshotAs(Unknown Source) ~[?:?]
	at anhtester.com.listeners.AllureListener.beforeTestStop(AllureListener.java:43) ~[test-classes/:?]
	at io.qameta.allure.listener.LifecycleNotifier.lambda$runSafely$0(LifecycleNotifier.java:211) ~[allure-java-commons-2.22.1.jar:2.22.1]
	at java.util.ArrayList.forEach(ArrayList.java:1541) [?:?]
	at io.qameta.allure.listener.LifecycleNotifier.runSafely(LifecycleNotifier.java:209) [allure-java-commons-2.22.1.jar:2.22.1]
	at io.qameta.allure.listener.LifecycleNotifier.beforeTestStop(LifecycleNotifier.java:88) [allure-java-commons-2.22.1.jar:2.22.1]
	at io.qameta.allure.AllureLifecycle.stopTestCase(AllureLifecycle.java:420) [allure-java-commons-2.22.1.jar:2.22.1]
	at io.qameta.allure.testng.AllureTestNg.stopTestCase(AllureTestNg.java:376) [allure-testng-2.22.1.jar:2.22.1]
	at io.qameta.allure.testng.AllureTestNg.onTestFailure(AllureTestNg.java:370) [allure-testng-2.22.1.jar:2.22.1]
	at org.testng.internal.TestListenerHelper.runTestListeners(TestListenerHelper.java:108) [testng-7.8.0.jar:7.8.0]
	at org.testng.internal.invokers.TestInvoker.runTestResultListener(TestInvoker.java:262) [testng-7.8.0.jar:7.8.0]
	at org.testng.internal.invokers.TestInvoker.invokeMethod(TestInvoker.java:751) [testng-7.8.0.jar:7.8.0]
	at org.testng.internal.invokers.TestInvoker.invokeTestMethod(TestInvoker.java:227) [testng-7.8.0.jar:7.8.0]
	at org.testng.internal.invokers.TestMethodWithDataProviderMethodWorker.call(TestMethodWithDataProviderMethodWorker.java:80) [testng-7.8.0.jar:7.8.0]
	at org.testng.internal.invokers.TestMethodWithDataProviderMethodWorker.call(TestMethodWithDataProviderMethodWorker.java:17) [testng-7.8.0.jar:7.8.0]
	at java.util.concurrent.FutureTask.run(FutureTask.java:264) [?:?]
	at java.util.concurrent.Executors$RunnableAdapter.call(Executors.java:515) [?:?]
	at java.util.concurrent.FutureTask.run(FutureTask.java:264) [?:?]
	at java.util.concurrent.ThreadPoolExecutor.runWorker(ThreadPoolExecutor.java:1128) [?:?]
	at java.util.concurrent.ThreadPoolExecutor$Worker.run(ThreadPoolExecutor.java:628) [?:?]
	at java.lang.Thread.run(Thread.java:834) [?:?]
[INFO] 25-06-2023 21:17:44 [TestNG-PoolService-1] [LogUtils] - Clear and Fill 10.00 on By.xpath: //input[@id='amount']
[ERROR] 25-06-2023 21:17:54 [TestNG-PoolService-1] [LogUtils] - Live rate is not displayedBy.xpath: //div[text()='Live rate']/preceding-sibling::div//p
[ERROR] 25-06-2023 21:18:01 [TestNG-PoolService-1] [LifecycleNotifier] - Could not invoke listener method
org.openqa.selenium.NoSuchSessionException: Session ID is null. Using WebDriver after calling quit()?
Build info: version: '4.10.0', revision: 'c14d967899'
System info: os.name: 'Mac OS X', os.arch: 'aarch64', os.version: '12.6', java.version: '11.0.16'
Driver info: org.openqa.selenium.chrome.ChromeDriver
Command: [null, screenshot {}]
Capabilities {acceptInsecureCerts: false, browserName: chrome, browserVersion: 114.0.5735.133, chrome: {chromedriverVersion: 114.0.5735.90 (386bc09e8f4f..., userDataDir: /var/folders/bz/l4ntdftn1jd...}, goog:chromeOptions: {debuggerAddress: localhost:63681}, networkConnectionEnabled: false, pageLoadStrategy: normal, platformName: mac, proxy: Proxy(), se:cdp: ws://localhost:63681/devtoo..., se:cdpVersion: 114.0.5735.133, setWindowRect: true, strictFileInteractability: false, timeouts: {implicit: 0, pageLoad: 300000, script: 30000}, unhandledPromptBehavior: dismiss and notify, webauthn:extension:credBlob: true, webauthn:extension:largeBlob: true, webauthn:extension:minPinLength: true, webauthn:extension:prf: true, webauthn:virtualAuthenticators: true}
	at org.openqa.selenium.remote.HttpCommandExecutor.execute(HttpCommandExecutor.java:152) ~[selenium-remote-driver-4.10.0.jar:?]
	at org.openqa.selenium.remote.service.DriverCommandExecutor.invokeExecute(DriverCommandExecutor.java:196) ~[selenium-remote-driver-4.10.0.jar:?]
	at org.openqa.selenium.remote.service.DriverCommandExecutor.execute(DriverCommandExecutor.java:171) ~[selenium-remote-driver-4.10.0.jar:?]
	at org.openqa.selenium.remote.RemoteWebDriver.execute(RemoteWebDriver.java:531) ~[selenium-remote-driver-4.10.0.jar:?]
	at org.openqa.selenium.remote.RemoteWebDriver.execute(RemoteWebDriver.java:590) ~[selenium-remote-driver-4.10.0.jar:?]
	at org.openqa.selenium.remote.RemoteWebDriver.execute(RemoteWebDriver.java:594) ~[selenium-remote-driver-4.10.0.jar:?]
	at org.openqa.selenium.remote.RemoteWebDriver.getScreenshotAs(RemoteWebDriver.java:316) ~[selenium-remote-driver-4.10.0.jar:?]
	at jdk.internal.reflect.NativeMethodAccessorImpl.invoke0(Native Method) ~[?:?]
	at jdk.internal.reflect.NativeMethodAccessorImpl.invoke(NativeMethodAccessorImpl.java:62) ~[?:?]
	at jdk.internal.reflect.DelegatingMethodAccessorImpl.invoke(DelegatingMethodAccessorImpl.java:43) ~[?:?]
	at java.lang.reflect.Method.invoke(Method.java:566) ~[?:?]
	at org.openqa.selenium.support.ThreadGuard$WebDriverInvocationHandler.invokeUnderlying(ThreadGuard.java:99) ~[selenium-support-4.10.0.jar:?]
	at org.openqa.selenium.support.ThreadGuard$WebDriverInvocationHandler.invoke(ThreadGuard.java:91) ~[selenium-support-4.10.0.jar:?]
	at com.sun.proxy.$Proxy47.getScreenshotAs(Unknown Source) ~[?:?]
	at anhtester.com.listeners.AllureListener.beforeTestStop(AllureListener.java:43) ~[test-classes/:?]
	at io.qameta.allure.listener.LifecycleNotifier.lambda$runSafely$0(LifecycleNotifier.java:211) ~[allure-java-commons-2.22.1.jar:2.22.1]
	at java.util.ArrayList.forEach(ArrayList.java:1541) ~[?:?]
	at io.qameta.allure.listener.LifecycleNotifier.runSafely(LifecycleNotifier.java:209) ~[allure-java-commons-2.22.1.jar:2.22.1]
	at io.qameta.allure.listener.LifecycleNotifier.beforeTestStop(LifecycleNotifier.java:88) ~[allure-java-commons-2.22.1.jar:2.22.1]
	at io.qameta.allure.AllureLifecycle.stopTestCase(AllureLifecycle.java:420) ~[allure-java-commons-2.22.1.jar:2.22.1]
	at io.qameta.allure.cucumber7jvm.AllureCucumber7Jvm.handleTestCaseFinished(AllureCucumber7Jvm.java:197) ~[allure-cucumber7-jvm-2.22.1.jar:2.22.1]
	at io.cucumber.core.eventbus.AbstractEventPublisher.send(AbstractEventPublisher.java:51) ~[cucumber-core-7.12.1.jar:7.12.1]
	at io.cucumber.core.eventbus.AbstractEventBus.send(AbstractEventBus.java:12) ~[cucumber-core-7.12.1.jar:7.12.1]
	at io.cucumber.core.runtime.SynchronizedEventBus.send(SynchronizedEventBus.java:47) ~[cucumber-core-7.12.1.jar:7.12.1]
	at io.cucumber.core.runtime.ThreadLocalRunnerSupplier$LocalEventBus.send(ThreadLocalRunnerSupplier.java:62) ~[cucumber-core-7.12.1.jar:7.12.1]
	at io.cucumber.core.runner.TestCase.emitTestCaseFinished(TestCase.java:219) ~[cucumber-core-7.12.1.jar:7.12.1]
	at io.cucumber.core.runner.TestCase.run(TestCase.java:98) ~[cucumber-core-7.12.1.jar:7.12.1]
	at io.cucumber.core.runner.Runner.runPickle(Runner.java:75) ~[cucumber-core-7.12.1.jar:7.12.1]
	at io.cucumber.testng.TestNGCucumberRunner.lambda$runScenario$1(TestNGCucumberRunner.java:132) ~[cucumber-testng-7.12.1.jar:7.12.1]
	at io.cucumber.core.runtime.CucumberExecutionContext.lambda$runTestCase$5(CucumberExecutionContext.java:137) ~[cucumber-core-7.12.1.jar:7.12.1]
	at io.cucumber.core.runtime.RethrowingThrowableCollector.executeAndThrow(RethrowingThrowableCollector.java:23) [cucumber-core-7.12.1.jar:7.12.1]
	at io.cucumber.core.runtime.CucumberExecutionContext.runTestCase(CucumberExecutionContext.java:137) [cucumber-core-7.12.1.jar:7.12.1]
	at io.cucumber.testng.TestNGCucumberRunner.runScenario(TestNGCucumberRunner.java:129) [cucumber-testng-7.12.1.jar:7.12.1]
	at io.cucumber.testng.AbstractTestNGCucumberTests.runScenario(AbstractTestNGCucumberTests.java:35) [cucumber-testng-7.12.1.jar:7.12.1]
	at jdk.internal.reflect.NativeMethodAccessorImpl.invoke0(Native Method) ~[?:?]
	at jdk.internal.reflect.NativeMethodAccessorImpl.invoke(NativeMethodAccessorImpl.java:62) ~[?:?]
	at jdk.internal.reflect.DelegatingMethodAccessorImpl.invoke(DelegatingMethodAccessorImpl.java:43) ~[?:?]
	at java.lang.reflect.Method.invoke(Method.java:566) ~[?:?]
	at org.testng.internal.invokers.MethodInvocationHelper.invokeMethod(MethodInvocationHelper.java:139) [testng-7.8.0.jar:7.8.0]
	at org.testng.internal.invokers.TestInvoker.invokeMethod(TestInvoker.java:664) [testng-7.8.0.jar:7.8.0]
	at org.testng.internal.invokers.TestInvoker.invokeTestMethod(TestInvoker.java:227) [testng-7.8.0.jar:7.8.0]
	at org.testng.internal.invokers.TestMethodWithDataProviderMethodWorker.call(TestMethodWithDataProviderMethodWorker.java:80) [testng-7.8.0.jar:7.8.0]
	at org.testng.internal.invokers.TestMethodWithDataProviderMethodWorker.call(TestMethodWithDataProviderMethodWorker.java:17) [testng-7.8.0.jar:7.8.0]
	at java.util.concurrent.FutureTask.run(FutureTask.java:264) [?:?]
	at java.util.concurrent.Executors$RunnableAdapter.call(Executors.java:515) [?:?]
	at java.util.concurrent.FutureTask.run(FutureTask.java:264) [?:?]
	at java.util.concurrent.ThreadPoolExecutor.runWorker(ThreadPoolExecutor.java:1128) [?:?]
	at java.util.concurrent.ThreadPoolExecutor$Worker.run(ThreadPoolExecutor.java:628) [?:?]
	at java.lang.Thread.run(Thread.java:834) [?:?]
[ERROR] 25-06-2023 21:18:01 [TestNG-PoolService-1] [LifecycleNotifier] - Could not invoke listener method
org.openqa.selenium.NoSuchSessionException: Session ID is null. Using WebDriver after calling quit()?
Build info: version: '4.10.0', revision: 'c14d967899'
System info: os.name: 'Mac OS X', os.arch: 'aarch64', os.version: '12.6', java.version: '11.0.16'
Driver info: org.openqa.selenium.chrome.ChromeDriver
Command: [null, screenshot {}]
Capabilities {acceptInsecureCerts: false, browserName: chrome, browserVersion: 114.0.5735.133, chrome: {chromedriverVersion: 114.0.5735.90 (386bc09e8f4f..., userDataDir: /var/folders/bz/l4ntdftn1jd...}, goog:chromeOptions: {debuggerAddress: localhost:63681}, networkConnectionEnabled: false, pageLoadStrategy: normal, platformName: mac, proxy: Proxy(), se:cdp: ws://localhost:63681/devtoo..., se:cdpVersion: 114.0.5735.133, setWindowRect: true, strictFileInteractability: false, timeouts: {implicit: 0, pageLoad: 300000, script: 30000}, unhandledPromptBehavior: dismiss and notify, webauthn:extension:credBlob: true, webauthn:extension:largeBlob: true, webauthn:extension:minPinLength: true, webauthn:extension:prf: true, webauthn:virtualAuthenticators: true}
	at org.openqa.selenium.remote.HttpCommandExecutor.execute(HttpCommandExecutor.java:152) ~[selenium-remote-driver-4.10.0.jar:?]
	at org.openqa.selenium.remote.service.DriverCommandExecutor.invokeExecute(DriverCommandExecutor.java:196) ~[selenium-remote-driver-4.10.0.jar:?]
	at org.openqa.selenium.remote.service.DriverCommandExecutor.execute(DriverCommandExecutor.java:171) ~[selenium-remote-driver-4.10.0.jar:?]
	at org.openqa.selenium.remote.RemoteWebDriver.execute(RemoteWebDriver.java:531) ~[selenium-remote-driver-4.10.0.jar:?]
	at org.openqa.selenium.remote.RemoteWebDriver.execute(RemoteWebDriver.java:590) ~[selenium-remote-driver-4.10.0.jar:?]
	at org.openqa.selenium.remote.RemoteWebDriver.execute(RemoteWebDriver.java:594) ~[selenium-remote-driver-4.10.0.jar:?]
	at org.openqa.selenium.remote.RemoteWebDriver.getScreenshotAs(RemoteWebDriver.java:316) ~[selenium-remote-driver-4.10.0.jar:?]
	at jdk.internal.reflect.NativeMethodAccessorImpl.invoke0(Native Method) ~[?:?]
	at jdk.internal.reflect.NativeMethodAccessorImpl.invoke(NativeMethodAccessorImpl.java:62) ~[?:?]
	at jdk.internal.reflect.DelegatingMethodAccessorImpl.invoke(DelegatingMethodAccessorImpl.java:43) ~[?:?]
	at java.lang.reflect.Method.invoke(Method.java:566) ~[?:?]
	at org.openqa.selenium.support.ThreadGuard$WebDriverInvocationHandler.invokeUnderlying(ThreadGuard.java:99) ~[selenium-support-4.10.0.jar:?]
	at org.openqa.selenium.support.ThreadGuard$WebDriverInvocationHandler.invoke(ThreadGuard.java:91) ~[selenium-support-4.10.0.jar:?]
	at com.sun.proxy.$Proxy47.getScreenshotAs(Unknown Source) ~[?:?]
	at anhtester.com.listeners.AllureListener.beforeTestStop(AllureListener.java:43) ~[test-classes/:?]
	at io.qameta.allure.listener.LifecycleNotifier.lambda$runSafely$0(LifecycleNotifier.java:211) ~[allure-java-commons-2.22.1.jar:2.22.1]
	at java.util.ArrayList.forEach(ArrayList.java:1541) [?:?]
	at io.qameta.allure.listener.LifecycleNotifier.runSafely(LifecycleNotifier.java:209) [allure-java-commons-2.22.1.jar:2.22.1]
	at io.qameta.allure.listener.LifecycleNotifier.beforeTestStop(LifecycleNotifier.java:88) [allure-java-commons-2.22.1.jar:2.22.1]
	at io.qameta.allure.AllureLifecycle.stopTestCase(AllureLifecycle.java:420) [allure-java-commons-2.22.1.jar:2.22.1]
	at io.qameta.allure.testng.AllureTestNg.stopTestCase(AllureTestNg.java:376) [allure-testng-2.22.1.jar:2.22.1]
	at io.qameta.allure.testng.AllureTestNg.onTestFailure(AllureTestNg.java:370) [allure-testng-2.22.1.jar:2.22.1]
	at org.testng.internal.TestListenerHelper.runTestListeners(TestListenerHelper.java:108) [testng-7.8.0.jar:7.8.0]
	at org.testng.internal.invokers.TestInvoker.runTestResultListener(TestInvoker.java:262) [testng-7.8.0.jar:7.8.0]
	at org.testng.internal.invokers.TestInvoker.invokeMethod(TestInvoker.java:751) [testng-7.8.0.jar:7.8.0]
	at org.testng.internal.invokers.TestInvoker.invokeTestMethod(TestInvoker.java:227) [testng-7.8.0.jar:7.8.0]
	at org.testng.internal.invokers.TestMethodWithDataProviderMethodWorker.call(TestMethodWithDataProviderMethodWorker.java:80) [testng-7.8.0.jar:7.8.0]
	at org.testng.internal.invokers.TestMethodWithDataProviderMethodWorker.call(TestMethodWithDataProviderMethodWorker.java:17) [testng-7.8.0.jar:7.8.0]
	at java.util.concurrent.FutureTask.run(FutureTask.java:264) [?:?]
	at java.util.concurrent.Executors$RunnableAdapter.call(Executors.java:515) [?:?]
	at java.util.concurrent.FutureTask.run(FutureTask.java:264) [?:?]
	at java.util.concurrent.ThreadPoolExecutor.runWorker(ThreadPoolExecutor.java:1128) [?:?]
	at java.util.concurrent.ThreadPoolExecutor$Worker.run(ThreadPoolExecutor.java:628) [?:?]
	at java.lang.Thread.run(Thread.java:834) [?:?]
[INFO] 25-06-2023 21:24:38 [main] [Utils] - [TestNG] Running:
  /Users/kanthreddy/Library/Caches/JetBrains/IdeaIE2022.2/temp-testng-customsuite.xml

[INFO] 25-06-2023 21:24:39 [main] [LogUtils] - Loaded all properties files.
[INFO] 25-06-2023 21:24:39 [main] [LogUtils] - {TARGET=local, ownerDetail=xpath&&//div[@id='s2id_created_by']//a[@class='select2-choice']/span[1], menuClients=xpath&&//span[normalize-space()='Clients'], TELEGRAM_CHATID=, OVERRIDE_REPORTS=yes, inputPhone=xpath&&//input[@id='phone'], inputClientGroups=xpath&&(//label[normalize-space()='Client groups']/following-sibling::div//input)[1], buttonSaveOnDialog=xpath&&//div[@id='ajaxModalContent']//button[normalize-space()='Save'], spanFirstItemClientGroups=xpath&&//span[@class='select2-match'], inputCountry=xpath&&//input[@id='country'], SEND_REPORT_TO_TELEGRAM=no, SEND_EMAIL_TO_USERS=no, ZIP_FOLDER_NAME=CucumberExtentReports.zip, WAIT_DEFAULT=5, REMOTE_PORT=4444, TELEGRAM_TOKEN=, buttonAddClient=xpath&&//a[normalize-space()='Add client'], URL_CORP=https://corporate-dev.hubpay.ae/auth/signin, labelClientGroups=xpath&&//li[@class='select2-search-choice']/div, URL_OPS=https://ops-portal-dev.hubpay.ae/wallet/, inputState=xpath&&//input[@id='state'], labelOnClientPage=xpath&&//span[normalize-space()='Total clients'], inputPassword=xpath&&//input[@id='password'], EXTENT_REPORT_PDF=PdfReport.pdf, inputAddress=xpath&&//textarea[@id='address'], VIDEO_RECORD=no, inputSearchOwner=xpath&&//div[@id='select2-drop']//input, tabClient=xpath&&//ul[@id='client-tabs']//li[2], labelEmailError=id&&email-error, tabClientInfo=xpath&&//a[normalize-space()='Client info'], PASSWORD=T+wyT5u9cOelDJbBWNgxLw, inputWebsite=xpath&&//input[@id='website'], SCREENSHOT_ALL_STEPS=no, labelAuthentication=xpath&&//div[@role='alert'], EXTENT_REPORT_NAME=ExtentReport, EXPORT_VIDEO_PATH=ExportData/Videos, EXPORT_CAPTURE_PATH=ExportData/Images, WAIT_PAGE_LOADED=30, SCREENSHOT_PASSED_STEPS=no, radioOrganization=xpath&&//input[@id='type_organization'], EXTENT_REPORT_FOLDER=reports/CucumberExtentReports, itemClientFirstRow=xpath&&//table[@id='client-table']//tbody/tr[1]/td[2]/a, WAIT_EXPLICIT=10, BROWSER=chrome, SCREENSHOT_SKIPPED_STEPS=yes, inputEmail=xpath&&//input[@id='email'], menuDashboard=xpath&&//span[normalize-space()='Dashboard'], REPORT_TITLE=Report | Automation Framework Cucumber TestNG | Anh Tester, AUTHOR=Anh Tester, EXCEL_DATA_FILE_PATH=src/test/resources/testdata/ClientsDataExcel.xlsx, WAIT_IMPLICIT=20, PROJECT_NAME=Automation Framework Cucumber TestNG | Anh Tester, HEADLESS=false, REMOTE_URL=localhost, inputCompanyName=xpath&&//input[@id='company_name'], selectOwner=xpath&&//div[@id='s2id_created_by'], inputCity=xpath&&//input[@id='city'], SCREENSHOT_FAILED_STEPS=yes, TXT_FILE_PATH=src/test/resources/testdata/TxtFileData.txt, selectFirstItemOwner=xpath&&(//div[contains(@id,'select2-result-label')])[1], buttonSignIn=xpath&&//button[normalize-space()='Sign in'], JSON_DATA_FILE_PATH=src/test/resources/config/config.json, inputVat=xpath&&//input[@id='vat_number'], ACTIVE_PAGE_LOADED=true, headerPageClientInfo=xpath&&//form[@id='company-form']//h4, URL_CRM=https://rise.fairsketch.com/signin, WAIT_SLEEP_STEP=0, OPEN_REPORTS_AFTER_EXECUTION=no, buttonDynamicXpath=xpath&&//button[normalize-space()='%s'], ZIP_FOLDER_PATH=reports/CucumberExtentReports, inputZip=xpath&&//input[@id='zip'], inputSearch=xpath&&//input[@placeholder='Search'], ZIP_FOLDER=no, menuProjects=xpath&&//span[normalize-space()='Projects']}
[INFO] 25-06-2023 21:24:39 [main] [LogUtils] - Loaded all properties files.
[INFO] 25-06-2023 21:24:39 [main] [LogUtils] - {TARGET=local, ownerDetail=xpath&&//div[@id='s2id_created_by']//a[@class='select2-choice']/span[1], menuClients=xpath&&//span[normalize-space()='Clients'], TELEGRAM_CHATID=, OVERRIDE_REPORTS=yes, inputPhone=xpath&&//input[@id='phone'], inputClientGroups=xpath&&(//label[normalize-space()='Client groups']/following-sibling::div//input)[1], buttonSaveOnDialog=xpath&&//div[@id='ajaxModalContent']//button[normalize-space()='Save'], spanFirstItemClientGroups=xpath&&//span[@class='select2-match'], inputCountry=xpath&&//input[@id='country'], SEND_REPORT_TO_TELEGRAM=no, SEND_EMAIL_TO_USERS=no, ZIP_FOLDER_NAME=CucumberExtentReports.zip, WAIT_DEFAULT=5, REMOTE_PORT=4444, TELEGRAM_TOKEN=, buttonAddClient=xpath&&//a[normalize-space()='Add client'], URL_CORP=https://corporate-dev.hubpay.ae/auth/signin, labelClientGroups=xpath&&//li[@class='select2-search-choice']/div, URL_OPS=https://ops-portal-dev.hubpay.ae/wallet/, inputState=xpath&&//input[@id='state'], labelOnClientPage=xpath&&//span[normalize-space()='Total clients'], inputPassword=xpath&&//input[@id='password'], EXTENT_REPORT_PDF=PdfReport.pdf, inputAddress=xpath&&//textarea[@id='address'], VIDEO_RECORD=no, inputSearchOwner=xpath&&//div[@id='select2-drop']//input, tabClient=xpath&&//ul[@id='client-tabs']//li[2], labelEmailError=id&&email-error, tabClientInfo=xpath&&//a[normalize-space()='Client info'], PASSWORD=T+wyT5u9cOelDJbBWNgxLw, inputWebsite=xpath&&//input[@id='website'], SCREENSHOT_ALL_STEPS=no, labelAuthentication=xpath&&//div[@role='alert'], EXTENT_REPORT_NAME=ExtentReport, EXPORT_VIDEO_PATH=ExportData/Videos, EXPORT_CAPTURE_PATH=ExportData/Images, WAIT_PAGE_LOADED=30, SCREENSHOT_PASSED_STEPS=no, radioOrganization=xpath&&//input[@id='type_organization'], EXTENT_REPORT_FOLDER=reports/CucumberExtentReports, itemClientFirstRow=xpath&&//table[@id='client-table']//tbody/tr[1]/td[2]/a, WAIT_EXPLICIT=10, BROWSER=chrome, SCREENSHOT_SKIPPED_STEPS=yes, inputEmail=xpath&&//input[@id='email'], menuDashboard=xpath&&//span[normalize-space()='Dashboard'], REPORT_TITLE=Report | Automation Framework Cucumber TestNG | Anh Tester, AUTHOR=Anh Tester, EXCEL_DATA_FILE_PATH=src/test/resources/testdata/ClientsDataExcel.xlsx, WAIT_IMPLICIT=20, PROJECT_NAME=Automation Framework Cucumber TestNG | Anh Tester, HEADLESS=false, REMOTE_URL=localhost, inputCompanyName=xpath&&//input[@id='company_name'], selectOwner=xpath&&//div[@id='s2id_created_by'], inputCity=xpath&&//input[@id='city'], SCREENSHOT_FAILED_STEPS=yes, TXT_FILE_PATH=src/test/resources/testdata/TxtFileData.txt, selectFirstItemOwner=xpath&&(//div[contains(@id,'select2-result-label')])[1], buttonSignIn=xpath&&//button[normalize-space()='Sign in'], JSON_DATA_FILE_PATH=src/test/resources/config/config.json, inputVat=xpath&&//input[@id='vat_number'], ACTIVE_PAGE_LOADED=true, headerPageClientInfo=xpath&&//form[@id='company-form']//h4, URL_CRM=https://rise.fairsketch.com/signin, WAIT_SLEEP_STEP=0, OPEN_REPORTS_AFTER_EXECUTION=no, buttonDynamicXpath=xpath&&//button[normalize-space()='%s'], ZIP_FOLDER_PATH=reports/CucumberExtentReports, inputZip=xpath&&//input[@id='zip'], inputSearch=xpath&&//input[@placeholder='Search'], ZIP_FOLDER=no, menuProjects=xpath&&//span[normalize-space()='Projects']}
[INFO] 25-06-2023 21:24:40 [TestNG-PoolService-0] [WebDriverManager] - Using chromedriver 114.0.5735.90 (resolved driver for Chrome 114)
[INFO] 25-06-2023 21:24:40 [TestNG-PoolService-1] [WebDriverManager] - Using chromedriver 114.0.5735.90 (resolved driver for Chrome 114)
[INFO] 25-06-2023 21:24:40 [TestNG-PoolService-0] [WebDriverManager] - Exporting webdriver.chrome.driver as /Users/kanthreddy/.cache/selenium/chromedriver/mac-arm64/114.0.5735.90/chromedriver
[INFO] 25-06-2023 21:24:40 [TestNG-PoolService-1] [WebDriverManager] - Exporting webdriver.chrome.driver as /Users/kanthreddy/.cache/selenium/chromedriver/mac-arm64/114.0.5735.90/chromedriver
[INFO] 25-06-2023 21:24:48 [TestNG-PoolService-1] [LogUtils] - Driver in TestContext: ChromeDriver: chrome on mac (beecf9606b3c18ff911dd0aeb1ca23f5)
[INFO] 25-06-2023 21:24:50 [TestNG-PoolService-0] [LogUtils] - Driver in TestContext: ChromeDriver: chrome on mac (b966fc4f3b59238c3103ae28c56daf30)
[INFO] 25-06-2023 21:24:54 [TestNG-PoolService-1] [LogUtils] - Open URL: https://corporate-dev.hubpay.ae/auth/signin
[INFO] 25-06-2023 21:24:54 [TestNG-PoolService-1] [LogUtils] - Verify element visible By.cssSelector: input[name='username']
[INFO] 25-06-2023 21:24:54 [TestNG-PoolService-0] [LogUtils] - Open URL: https://corporate-dev.hubpay.ae/auth/signin
[INFO] 25-06-2023 21:24:55 [TestNG-PoolService-0] [LogUtils] - Verify element visible By.cssSelector: input[name='username']
[INFO] 25-06-2023 21:24:59 [TestNG-PoolService-0] [LogUtils] - Set text sreekanth@hubpay.ae on By.cssSelector: input[name='username']
[INFO] 25-06-2023 21:24:59 [TestNG-PoolService-1] [LogUtils] - Set text sreekanth@hubpay.ae on By.cssSelector: input[name='username']
[INFO] 25-06-2023 21:25:00 [TestNG-PoolService-0] [LogUtils] - Verify element visible By.cssSelector: input[name='password']
[INFO] 25-06-2023 21:25:00 [TestNG-PoolService-1] [LogUtils] - Verify element visible By.cssSelector: input[name='password']
[INFO] 25-06-2023 21:25:02 [TestNG-PoolService-0] [LogUtils] - Set text Hubpass@1 on By.cssSelector: input[name='password']
[INFO] 25-06-2023 21:25:03 [TestNG-PoolService-1] [LogUtils] - Set text Hubpass@1 on By.cssSelector: input[name='password']
[INFO] 25-06-2023 21:25:07 [TestNG-PoolService-1] [LogUtils] - Click on element with JS: By.xpath: //button[text()='Next']
[INFO] 25-06-2023 21:25:08 [TestNG-PoolService-0] [LogUtils] - Click on element with JS: By.xpath: //button[text()='Next']
[INFO] 25-06-2023 21:25:32 [TestNG-PoolService-1] [LogUtils] - Verify element visible By.xpath: //li[contains(.,'Sign out')]
[INFO] 25-06-2023 21:25:32 [TestNG-PoolService-0] [LogUtils] - Verify element visible By.xpath: //li[contains(.,'Sign out')]
[INFO] 25-06-2023 21:25:35 [TestNG-PoolService-0] [LogUtils] - Verify element visible By.xpath: //h1[text()='Dashboard']
[INFO] 25-06-2023 21:25:35 [TestNG-PoolService-0] [LogUtils] - Verify element visible By.xpath: //h1[text()='Dashboard']
[INFO] 25-06-2023 21:25:36 [TestNG-PoolService-1] [LogUtils] - Verify element visible By.xpath: //h1[text()='Dashboard']
[INFO] 25-06-2023 21:25:36 [TestNG-PoolService-1] [LogUtils] - Verify element visible By.xpath: //h1[text()='Dashboard']
[INFO] 25-06-2023 21:25:36 [TestNG-PoolService-0] [LogUtils] - Verify element visible By.xpath: //p[contains(text(),'EUR')]
[INFO] 25-06-2023 21:25:36 [TestNG-PoolService-1] [LogUtils] - Verify element visible By.xpath: //p[contains(text(),'GBP')]
[INFO] 25-06-2023 21:25:36 [TestNG-PoolService-0] [LogUtils] - Verify element visible By.xpath: //p[contains(text(),'EUR')]
[INFO] 25-06-2023 21:25:36 [TestNG-PoolService-1] [LogUtils] - Verify element visible By.xpath: //p[contains(text(),'GBP')]
[INFO] 25-06-2023 21:25:38 [TestNG-PoolService-0] [LogUtils] - Verify element visible By.xpath: //p[contains(text(),'AED')]
[INFO] 25-06-2023 21:25:38 [TestNG-PoolService-1] [LogUtils] - Verify element visible By.xpath: //p[contains(text(),'AED')]
[INFO] 25-06-2023 21:25:38 [TestNG-PoolService-0] [LogUtils] - Verify element visible By.xpath: //p[contains(text(),'AED')]
[INFO] 25-06-2023 21:25:39 [TestNG-PoolService-0] [LogUtils] - Verify element visible By.xpath: //p[contains(text(),'EUR')]
[INFO] 25-06-2023 21:25:39 [TestNG-PoolService-0] [LogUtils] - Verify element visible By.xpath: //p[contains(text(),'EUR')]
[INFO] 25-06-2023 21:25:39 [TestNG-PoolService-1] [LogUtils] - Verify element visible By.xpath: //p[contains(text(),'AED')]
[INFO] 25-06-2023 21:25:39 [TestNG-PoolService-0] [LogUtils] - Verify element visible By.xpath: //p[contains(text(),'AED')]
[INFO] 25-06-2023 21:25:39 [TestNG-PoolService-1] [LogUtils] - Verify element visible By.xpath: //p[contains(text(),'GBP')]
[INFO] 25-06-2023 21:25:39 [TestNG-PoolService-0] [LogUtils] - Verify element visible By.xpath: //p[contains(text(),'AED')]
[INFO] 25-06-2023 21:25:39 [TestNG-PoolService-1] [LogUtils] - Verify element visible By.xpath: //p[contains(text(),'GBP')]
[INFO] 25-06-2023 21:25:39 [TestNG-PoolService-1] [LogUtils] - Verify element visible By.xpath: //p[contains(text(),'AED')]
[INFO] 25-06-2023 21:25:39 [TestNG-PoolService-1] [LogUtils] - Verify element visible By.xpath: //p[contains(text(),'AED')]
[INFO] 25-06-2023 21:25:40 [TestNG-PoolService-1] [LogUtils] - Verify element visible By.xpath: //a[text()='Exchange']
[INFO] 25-06-2023 21:25:42 [TestNG-PoolService-1] [LogUtils] - Clicked on the element By.xpath: //a[text()='Exchange']
[INFO] 25-06-2023 21:25:42 [TestNG-PoolService-0] [LogUtils] - Verify element visible By.xpath: //a[text()='Exchange']
[INFO] 25-06-2023 21:25:44 [TestNG-PoolService-0] [LogUtils] - Clicked on the element By.xpath: //a[text()='Exchange']
[INFO] 25-06-2023 21:25:50 [TestNG-PoolService-1] [LogUtils] - Verify element visible By.xpath: //h1[text()='Exchange']
[INFO] 25-06-2023 21:25:50 [TestNG-PoolService-1] [LogUtils] - Verify element visible By.xpath: //h1[text()='Exchange']
[INFO] 25-06-2023 21:25:50 [TestNG-PoolService-1] [LogUtils] - Verify element visible By.xpath: //p[text()='Convert money between your wallets']
[INFO] 25-06-2023 21:25:50 [TestNG-PoolService-1] [LogUtils] - Verify element visible By.xpath: //span[text()='Amount']/preceding-sibling::span[text()='1']/parent::span
[INFO] 25-06-2023 21:25:50 [TestNG-PoolService-1] [LogUtils] - Verify element visible By.xpath: //span[text()='Review & confirm']/preceding-sibling::span[text()='2']/parent::span
[INFO] 25-06-2023 21:25:50 [TestNG-PoolService-1] [LogUtils] - Verify element visible By.xpath: //h1[text()='Amount']
[INFO] 25-06-2023 21:25:50 [TestNG-PoolService-1] [LogUtils] - Verify element visible By.xpath: //h1[text()='Amount']/following-sibling::p[text()='Select the wallet you want to exchange to and define the amount']
[INFO] 25-06-2023 21:25:50 [TestNG-PoolService-1] [LogUtils] - Verify element visible By.xpath: //input[@id='amount']/following-sibling::div/button
[INFO] 25-06-2023 21:25:50 [TestNG-PoolService-1] [LogUtils] - Verify element visible By.xpath: //label[text()='Sell']/following-sibling::div/input[@placeholder='0.00']/following-sibling::div[.='AED']
[INFO] 25-06-2023 21:25:51 [TestNG-PoolService-1] [LogUtils] - Verify TRUE: true
[INFO] 25-06-2023 21:25:51 [TestNG-PoolService-0] [LogUtils] - Verify element visible By.xpath: //h1[text()='Exchange']
[INFO] 25-06-2023 21:25:51 [TestNG-PoolService-1] [LogUtils] - Verify element visible By.xpath: //p[.='ANITHA TEST BUSINESS Solutions Private Limited']
[INFO] 25-06-2023 21:25:51 [TestNG-PoolService-0] [LogUtils] - Verify element visible By.xpath: //h1[text()='Exchange']
[INFO] 25-06-2023 21:25:51 [TestNG-PoolService-1] [LogUtils] - Verify element visible By.xpath: //p[.='Hello, SRIKANTH PALLA BHANUMURTHY REDDY']
[INFO] 25-06-2023 21:25:51 [TestNG-PoolService-0] [LogUtils] - Verify element visible By.xpath: //p[text()='Convert money between your wallets']
[INFO] 25-06-2023 21:25:51 [TestNG-PoolService-0] [LogUtils] - Verify element visible By.xpath: //span[text()='Amount']/preceding-sibling::span[text()='1']/parent::span
[INFO] 25-06-2023 21:25:51 [TestNG-PoolService-0] [LogUtils] - Verify element visible By.xpath: //span[text()='Review & confirm']/preceding-sibling::span[text()='2']/parent::span
[INFO] 25-06-2023 21:25:51 [TestNG-PoolService-0] [LogUtils] - Verify element visible By.xpath: //h1[text()='Amount']
[INFO] 25-06-2023 21:25:51 [TestNG-PoolService-0] [LogUtils] - Verify element visible By.xpath: //h1[text()='Amount']/following-sibling::p[text()='Select the wallet you want to exchange to and define the amount']
[INFO] 25-06-2023 21:25:51 [TestNG-PoolService-0] [LogUtils] - Verify element visible By.xpath: //input[@id='amount']/following-sibling::div/button
[INFO] 25-06-2023 21:25:51 [TestNG-PoolService-0] [LogUtils] - Verify element visible By.xpath: //label[text()='Sell']/following-sibling::div/input[@placeholder='0.00']/following-sibling::div[.='AED']
[INFO] 25-06-2023 21:25:51 [TestNG-PoolService-1] [LogUtils] - Verify element visible By.xpath: //span[text()='Amount']/preceding-sibling::span[text()='1']/parent::span
[INFO] 25-06-2023 21:25:51 [TestNG-PoolService-0] [LogUtils] - Verify TRUE: true
[INFO] 25-06-2023 21:25:51 [TestNG-PoolService-0] [LogUtils] - Verify element visible By.xpath: //p[.='ANITHA TEST BUSINESS Solutions Private Limited']
[INFO] 25-06-2023 21:25:51 [TestNG-PoolService-0] [LogUtils] - Verify element visible By.xpath: //p[.='Hello, SRIKANTH PALLA BHANUMURTHY REDDY']
[INFO] 25-06-2023 21:25:51 [TestNG-PoolService-1] [LogUtils] - Verify element visible By.xpath: //span[text()='Amount']/preceding-sibling::span[text()='1']/parent::span
[INFO] 25-06-2023 21:25:51 [TestNG-PoolService-0] [LogUtils] - Verify element visible By.xpath: //span[text()='Amount']/preceding-sibling::span[text()='1']/parent::span
[INFO] 25-06-2023 21:25:51 [TestNG-PoolService-1] [LogUtils] - Verify element visible By.xpath: //span[text()='Amount']/preceding-sibling::span[text()='1']/parent::span
[INFO] 25-06-2023 21:25:51 [TestNG-PoolService-1] [LogUtils] - Verify TRUE: true
[INFO] 25-06-2023 21:25:52 [TestNG-PoolService-0] [LogUtils] - Verify element visible By.xpath: //span[text()='Amount']/preceding-sibling::span[text()='1']/parent::span
[INFO] 25-06-2023 21:25:52 [TestNG-PoolService-1] [LogUtils] - Verify element visible By.xpath: //span[text()='Review & confirm']/preceding-sibling::span[text()='2']/parent::span
[INFO] 25-06-2023 21:25:52 [TestNG-PoolService-0] [LogUtils] - Verify element visible By.xpath: //span[text()='Amount']/preceding-sibling::span[text()='1']/parent::span
[INFO] 25-06-2023 21:25:52 [TestNG-PoolService-1] [LogUtils] - Verify element visible By.xpath: //span[text()='Review & confirm']/preceding-sibling::span[text()='2']/parent::span
[INFO] 25-06-2023 21:25:52 [TestNG-PoolService-0] [LogUtils] - Verify TRUE: true
[INFO] 25-06-2023 21:25:52 [TestNG-PoolService-1] [LogUtils] - Verify element visible By.xpath: //span[text()='Review & confirm']/preceding-sibling::span[text()='2']/parent::span
[INFO] 25-06-2023 21:25:52 [TestNG-PoolService-1] [LogUtils] - Verify TRUE: true
[INFO] 25-06-2023 21:25:52 [TestNG-PoolService-0] [LogUtils] - Verify element visible By.xpath: //span[text()='Review & confirm']/preceding-sibling::span[text()='2']/parent::span
[INFO] 25-06-2023 21:25:52 [TestNG-PoolService-0] [LogUtils] - Verify element visible By.xpath: //span[text()='Review & confirm']/preceding-sibling::span[text()='2']/parent::span
[INFO] 25-06-2023 21:25:52 [TestNG-PoolService-0] [LogUtils] - Verify element visible By.xpath: //span[text()='Review & confirm']/preceding-sibling::span[text()='2']/parent::span
[INFO] 25-06-2023 21:25:52 [TestNG-PoolService-0] [LogUtils] - Verify TRUE: true
[INFO] 25-06-2023 21:26:02 [TestNG-PoolService-0] [LogUtils] - Verify element visible By.xpath: //input[@id='amount']
[INFO] 25-06-2023 21:26:03 [TestNG-PoolService-0] [LogUtils] - Verify element visible By.xpath: //input[@id='amount']
[INFO] 25-06-2023 21:26:04 [TestNG-PoolService-1] [LogUtils] - Verify element visible By.xpath: //input[@id='amount']
[INFO] 25-06-2023 21:26:05 [TestNG-PoolService-0] [LogUtils] - Clear and Fill 10.00 on By.xpath: //input[@id='amount']
[INFO] 25-06-2023 21:26:05 [TestNG-PoolService-0] [LogUtils] - Verify element visible By.xpath: //input[@id='amount']
[INFO] 25-06-2023 21:26:06 [TestNG-PoolService-0] [LogUtils] - Clear value in textbox By.xpath: //input[@id='amount']
[INFO] 25-06-2023 21:26:06 [TestNG-PoolService-0] [LogUtils] - Verify element visible By.xpath: //input[@id='amount']
[INFO] 25-06-2023 21:26:06 [TestNG-PoolService-1] [LogUtils] - Verify element visible By.xpath: //input[@id='amount']
[INFO] 25-06-2023 21:26:07 [TestNG-PoolService-0] [LogUtils] - Set text 10.00 on By.xpath: //input[@id='amount']
[INFO] 25-06-2023 21:26:08 [TestNG-PoolService-1] [LogUtils] - Clear and Fill 10.00 on By.xpath: //input[@id='amount']
[ERROR] 25-06-2023 21:26:18 [TestNG-PoolService-0] [LogUtils] - Live rate is not displayedBy.xpath: //div[text()='Live rate']/preceding-sibling::div//p
[ERROR] 25-06-2023 21:26:19 [TestNG-PoolService-1] [LogUtils] - Live rate is not displayedBy.xpath: //div[text()='Live rate']/preceding-sibling::div//p
[ERROR] 25-06-2023 21:26:19 [TestNG-PoolService-0] [LifecycleNotifier] - Could not invoke listener method
org.openqa.selenium.NoSuchSessionException: Session ID is null. Using WebDriver after calling quit()?
Build info: version: '4.10.0', revision: 'c14d967899'
System info: os.name: 'Mac OS X', os.arch: 'aarch64', os.version: '12.6', java.version: '11.0.16'
Driver info: org.openqa.selenium.chrome.ChromeDriver
Command: [null, screenshot {}]
Capabilities {acceptInsecureCerts: false, browserName: chrome, browserVersion: 114.0.5735.133, chrome: {chromedriverVersion: 114.0.5735.90 (386bc09e8f4f..., userDataDir: /var/folders/bz/l4ntdftn1jd...}, goog:chromeOptions: {debuggerAddress: localhost:49724}, networkConnectionEnabled: false, pageLoadStrategy: normal, platformName: mac, proxy: Proxy(), se:cdp: ws://localhost:49724/devtoo..., se:cdpVersion: 114.0.5735.133, setWindowRect: true, strictFileInteractability: false, timeouts: {implicit: 0, pageLoad: 300000, script: 30000}, unhandledPromptBehavior: dismiss and notify, webauthn:extension:credBlob: true, webauthn:extension:largeBlob: true, webauthn:extension:minPinLength: true, webauthn:extension:prf: true, webauthn:virtualAuthenticators: true}
	at org.openqa.selenium.remote.HttpCommandExecutor.execute(HttpCommandExecutor.java:152) ~[selenium-remote-driver-4.10.0.jar:?]
	at org.openqa.selenium.remote.service.DriverCommandExecutor.invokeExecute(DriverCommandExecutor.java:196) ~[selenium-remote-driver-4.10.0.jar:?]
	at org.openqa.selenium.remote.service.DriverCommandExecutor.execute(DriverCommandExecutor.java:171) ~[selenium-remote-driver-4.10.0.jar:?]
	at org.openqa.selenium.remote.RemoteWebDriver.execute(RemoteWebDriver.java:531) ~[selenium-remote-driver-4.10.0.jar:?]
	at org.openqa.selenium.remote.RemoteWebDriver.execute(RemoteWebDriver.java:590) ~[selenium-remote-driver-4.10.0.jar:?]
	at org.openqa.selenium.remote.RemoteWebDriver.execute(RemoteWebDriver.java:594) ~[selenium-remote-driver-4.10.0.jar:?]
	at org.openqa.selenium.remote.RemoteWebDriver.getScreenshotAs(RemoteWebDriver.java:316) ~[selenium-remote-driver-4.10.0.jar:?]
	at jdk.internal.reflect.NativeMethodAccessorImpl.invoke0(Native Method) ~[?:?]
	at jdk.internal.reflect.NativeMethodAccessorImpl.invoke(NativeMethodAccessorImpl.java:62) ~[?:?]
	at jdk.internal.reflect.DelegatingMethodAccessorImpl.invoke(DelegatingMethodAccessorImpl.java:43) ~[?:?]
	at java.lang.reflect.Method.invoke(Method.java:566) ~[?:?]
	at org.openqa.selenium.support.ThreadGuard$WebDriverInvocationHandler.invokeUnderlying(ThreadGuard.java:99) ~[selenium-support-4.10.0.jar:?]
	at org.openqa.selenium.support.ThreadGuard$WebDriverInvocationHandler.invoke(ThreadGuard.java:91) ~[selenium-support-4.10.0.jar:?]
	at com.sun.proxy.$Proxy47.getScreenshotAs(Unknown Source) ~[?:?]
	at anhtester.com.listeners.AllureListener.beforeTestStop(AllureListener.java:43) ~[test-classes/:?]
	at io.qameta.allure.listener.LifecycleNotifier.lambda$runSafely$0(LifecycleNotifier.java:211) ~[allure-java-commons-2.22.1.jar:2.22.1]
	at java.util.ArrayList.forEach(ArrayList.java:1541) ~[?:?]
	at io.qameta.allure.listener.LifecycleNotifier.runSafely(LifecycleNotifier.java:209) ~[allure-java-commons-2.22.1.jar:2.22.1]
	at io.qameta.allure.listener.LifecycleNotifier.beforeTestStop(LifecycleNotifier.java:88) ~[allure-java-commons-2.22.1.jar:2.22.1]
	at io.qameta.allure.AllureLifecycle.stopTestCase(AllureLifecycle.java:420) ~[allure-java-commons-2.22.1.jar:2.22.1]
	at io.qameta.allure.cucumber7jvm.AllureCucumber7Jvm.handleTestCaseFinished(AllureCucumber7Jvm.java:197) ~[allure-cucumber7-jvm-2.22.1.jar:2.22.1]
	at io.cucumber.core.eventbus.AbstractEventPublisher.send(AbstractEventPublisher.java:51) ~[cucumber-core-7.12.1.jar:7.12.1]
	at io.cucumber.core.eventbus.AbstractEventBus.send(AbstractEventBus.java:12) ~[cucumber-core-7.12.1.jar:7.12.1]
	at io.cucumber.core.runtime.SynchronizedEventBus.send(SynchronizedEventBus.java:47) ~[cucumber-core-7.12.1.jar:7.12.1]
	at io.cucumber.core.runtime.ThreadLocalRunnerSupplier$LocalEventBus.send(ThreadLocalRunnerSupplier.java:62) ~[cucumber-core-7.12.1.jar:7.12.1]
	at io.cucumber.core.runner.TestCase.emitTestCaseFinished(TestCase.java:219) ~[cucumber-core-7.12.1.jar:7.12.1]
	at io.cucumber.core.runner.TestCase.run(TestCase.java:98) ~[cucumber-core-7.12.1.jar:7.12.1]
	at io.cucumber.core.runner.Runner.runPickle(Runner.java:75) ~[cucumber-core-7.12.1.jar:7.12.1]
	at io.cucumber.testng.TestNGCucumberRunner.lambda$runScenario$1(TestNGCucumberRunner.java:132) ~[cucumber-testng-7.12.1.jar:7.12.1]
	at io.cucumber.core.runtime.CucumberExecutionContext.lambda$runTestCase$5(CucumberExecutionContext.java:137) ~[cucumber-core-7.12.1.jar:7.12.1]
	at io.cucumber.core.runtime.RethrowingThrowableCollector.executeAndThrow(RethrowingThrowableCollector.java:23) [cucumber-core-7.12.1.jar:7.12.1]
	at io.cucumber.core.runtime.CucumberExecutionContext.runTestCase(CucumberExecutionContext.java:137) [cucumber-core-7.12.1.jar:7.12.1]
	at io.cucumber.testng.TestNGCucumberRunner.runScenario(TestNGCucumberRunner.java:129) [cucumber-testng-7.12.1.jar:7.12.1]
	at io.cucumber.testng.AbstractTestNGCucumberTests.runScenario(AbstractTestNGCucumberTests.java:35) [cucumber-testng-7.12.1.jar:7.12.1]
	at jdk.internal.reflect.NativeMethodAccessorImpl.invoke0(Native Method) ~[?:?]
	at jdk.internal.reflect.NativeMethodAccessorImpl.invoke(NativeMethodAccessorImpl.java:62) ~[?:?]
	at jdk.internal.reflect.DelegatingMethodAccessorImpl.invoke(DelegatingMethodAccessorImpl.java:43) ~[?:?]
	at java.lang.reflect.Method.invoke(Method.java:566) ~[?:?]
	at org.testng.internal.invokers.MethodInvocationHelper.invokeMethod(MethodInvocationHelper.java:139) [testng-7.8.0.jar:7.8.0]
	at org.testng.internal.invokers.TestInvoker.invokeMethod(TestInvoker.java:664) [testng-7.8.0.jar:7.8.0]
	at org.testng.internal.invokers.TestInvoker.invokeTestMethod(TestInvoker.java:227) [testng-7.8.0.jar:7.8.0]
	at org.testng.internal.invokers.TestMethodWithDataProviderMethodWorker.call(TestMethodWithDataProviderMethodWorker.java:80) [testng-7.8.0.jar:7.8.0]
	at org.testng.internal.invokers.TestMethodWithDataProviderMethodWorker.call(TestMethodWithDataProviderMethodWorker.java:17) [testng-7.8.0.jar:7.8.0]
	at java.util.concurrent.FutureTask.run(FutureTask.java:264) [?:?]
	at java.util.concurrent.Executors$RunnableAdapter.call(Executors.java:515) [?:?]
	at java.util.concurrent.FutureTask.run(FutureTask.java:264) [?:?]
	at java.util.concurrent.ThreadPoolExecutor.runWorker(ThreadPoolExecutor.java:1128) [?:?]
	at java.util.concurrent.ThreadPoolExecutor$Worker.run(ThreadPoolExecutor.java:628) [?:?]
	at java.lang.Thread.run(Thread.java:834) [?:?]
[ERROR] 25-06-2023 21:26:19 [TestNG-PoolService-0] [LifecycleNotifier] - Could not invoke listener method
org.openqa.selenium.NoSuchSessionException: Session ID is null. Using WebDriver after calling quit()?
Build info: version: '4.10.0', revision: 'c14d967899'
System info: os.name: 'Mac OS X', os.arch: 'aarch64', os.version: '12.6', java.version: '11.0.16'
Driver info: org.openqa.selenium.chrome.ChromeDriver
Command: [null, screenshot {}]
Capabilities {acceptInsecureCerts: false, browserName: chrome, browserVersion: 114.0.5735.133, chrome: {chromedriverVersion: 114.0.5735.90 (386bc09e8f4f..., userDataDir: /var/folders/bz/l4ntdftn1jd...}, goog:chromeOptions: {debuggerAddress: localhost:49724}, networkConnectionEnabled: false, pageLoadStrategy: normal, platformName: mac, proxy: Proxy(), se:cdp: ws://localhost:49724/devtoo..., se:cdpVersion: 114.0.5735.133, setWindowRect: true, strictFileInteractability: false, timeouts: {implicit: 0, pageLoad: 300000, script: 30000}, unhandledPromptBehavior: dismiss and notify, webauthn:extension:credBlob: true, webauthn:extension:largeBlob: true, webauthn:extension:minPinLength: true, webauthn:extension:prf: true, webauthn:virtualAuthenticators: true}
	at org.openqa.selenium.remote.HttpCommandExecutor.execute(HttpCommandExecutor.java:152) ~[selenium-remote-driver-4.10.0.jar:?]
	at org.openqa.selenium.remote.service.DriverCommandExecutor.invokeExecute(DriverCommandExecutor.java:196) ~[selenium-remote-driver-4.10.0.jar:?]
	at org.openqa.selenium.remote.service.DriverCommandExecutor.execute(DriverCommandExecutor.java:171) ~[selenium-remote-driver-4.10.0.jar:?]
	at org.openqa.selenium.remote.RemoteWebDriver.execute(RemoteWebDriver.java:531) ~[selenium-remote-driver-4.10.0.jar:?]
	at org.openqa.selenium.remote.RemoteWebDriver.execute(RemoteWebDriver.java:590) ~[selenium-remote-driver-4.10.0.jar:?]
	at org.openqa.selenium.remote.RemoteWebDriver.execute(RemoteWebDriver.java:594) ~[selenium-remote-driver-4.10.0.jar:?]
	at org.openqa.selenium.remote.RemoteWebDriver.getScreenshotAs(RemoteWebDriver.java:316) ~[selenium-remote-driver-4.10.0.jar:?]
	at jdk.internal.reflect.NativeMethodAccessorImpl.invoke0(Native Method) ~[?:?]
	at jdk.internal.reflect.NativeMethodAccessorImpl.invoke(NativeMethodAccessorImpl.java:62) ~[?:?]
	at jdk.internal.reflect.DelegatingMethodAccessorImpl.invoke(DelegatingMethodAccessorImpl.java:43) ~[?:?]
	at java.lang.reflect.Method.invoke(Method.java:566) ~[?:?]
	at org.openqa.selenium.support.ThreadGuard$WebDriverInvocationHandler.invokeUnderlying(ThreadGuard.java:99) ~[selenium-support-4.10.0.jar:?]
	at org.openqa.selenium.support.ThreadGuard$WebDriverInvocationHandler.invoke(ThreadGuard.java:91) ~[selenium-support-4.10.0.jar:?]
	at com.sun.proxy.$Proxy47.getScreenshotAs(Unknown Source) ~[?:?]
	at anhtester.com.listeners.AllureListener.beforeTestStop(AllureListener.java:43) ~[test-classes/:?]
	at io.qameta.allure.listener.LifecycleNotifier.lambda$runSafely$0(LifecycleNotifier.java:211) ~[allure-java-commons-2.22.1.jar:2.22.1]
	at java.util.ArrayList.forEach(ArrayList.java:1541) [?:?]
	at io.qameta.allure.listener.LifecycleNotifier.runSafely(LifecycleNotifier.java:209) [allure-java-commons-2.22.1.jar:2.22.1]
	at io.qameta.allure.listener.LifecycleNotifier.beforeTestStop(LifecycleNotifier.java:88) [allure-java-commons-2.22.1.jar:2.22.1]
	at io.qameta.allure.AllureLifecycle.stopTestCase(AllureLifecycle.java:420) [allure-java-commons-2.22.1.jar:2.22.1]
	at io.qameta.allure.testng.AllureTestNg.stopTestCase(AllureTestNg.java:376) [allure-testng-2.22.1.jar:2.22.1]
	at io.qameta.allure.testng.AllureTestNg.onTestFailure(AllureTestNg.java:370) [allure-testng-2.22.1.jar:2.22.1]
	at org.testng.internal.TestListenerHelper.runTestListeners(TestListenerHelper.java:108) [testng-7.8.0.jar:7.8.0]
	at org.testng.internal.invokers.TestInvoker.runTestResultListener(TestInvoker.java:262) [testng-7.8.0.jar:7.8.0]
	at org.testng.internal.invokers.TestInvoker.invokeMethod(TestInvoker.java:751) [testng-7.8.0.jar:7.8.0]
	at org.testng.internal.invokers.TestInvoker.invokeTestMethod(TestInvoker.java:227) [testng-7.8.0.jar:7.8.0]
	at org.testng.internal.invokers.TestMethodWithDataProviderMethodWorker.call(TestMethodWithDataProviderMethodWorker.java:80) [testng-7.8.0.jar:7.8.0]
	at org.testng.internal.invokers.TestMethodWithDataProviderMethodWorker.call(TestMethodWithDataProviderMethodWorker.java:17) [testng-7.8.0.jar:7.8.0]
	at java.util.concurrent.FutureTask.run(FutureTask.java:264) [?:?]
	at java.util.concurrent.Executors$RunnableAdapter.call(Executors.java:515) [?:?]
	at java.util.concurrent.FutureTask.run(FutureTask.java:264) [?:?]
	at java.util.concurrent.ThreadPoolExecutor.runWorker(ThreadPoolExecutor.java:1128) [?:?]
	at java.util.concurrent.ThreadPoolExecutor$Worker.run(ThreadPoolExecutor.java:628) [?:?]
	at java.lang.Thread.run(Thread.java:834) [?:?]
[ERROR] 25-06-2023 21:26:20 [TestNG-PoolService-1] [LifecycleNotifier] - Could not invoke listener method
org.openqa.selenium.NoSuchSessionException: Session ID is null. Using WebDriver after calling quit()?
Build info: version: '4.10.0', revision: 'c14d967899'
System info: os.name: 'Mac OS X', os.arch: 'aarch64', os.version: '12.6', java.version: '11.0.16'
Driver info: org.openqa.selenium.chrome.ChromeDriver
Command: [null, screenshot {}]
Capabilities {acceptInsecureCerts: false, browserName: chrome, browserVersion: 114.0.5735.133, chrome: {chromedriverVersion: 114.0.5735.90 (386bc09e8f4f..., userDataDir: /var/folders/bz/l4ntdftn1jd...}, goog:chromeOptions: {debuggerAddress: localhost:49725}, networkConnectionEnabled: false, pageLoadStrategy: normal, platformName: mac, proxy: Proxy(), se:cdp: ws://localhost:49725/devtoo..., se:cdpVersion: 114.0.5735.133, setWindowRect: true, strictFileInteractability: false, timeouts: {implicit: 0, pageLoad: 300000, script: 30000}, unhandledPromptBehavior: dismiss and notify, webauthn:extension:credBlob: true, webauthn:extension:largeBlob: true, webauthn:extension:minPinLength: true, webauthn:extension:prf: true, webauthn:virtualAuthenticators: true}
	at org.openqa.selenium.remote.HttpCommandExecutor.execute(HttpCommandExecutor.java:152) ~[selenium-remote-driver-4.10.0.jar:?]
	at org.openqa.selenium.remote.service.DriverCommandExecutor.invokeExecute(DriverCommandExecutor.java:196) ~[selenium-remote-driver-4.10.0.jar:?]
	at org.openqa.selenium.remote.service.DriverCommandExecutor.execute(DriverCommandExecutor.java:171) ~[selenium-remote-driver-4.10.0.jar:?]
	at org.openqa.selenium.remote.RemoteWebDriver.execute(RemoteWebDriver.java:531) ~[selenium-remote-driver-4.10.0.jar:?]
	at org.openqa.selenium.remote.RemoteWebDriver.execute(RemoteWebDriver.java:590) ~[selenium-remote-driver-4.10.0.jar:?]
	at org.openqa.selenium.remote.RemoteWebDriver.execute(RemoteWebDriver.java:594) ~[selenium-remote-driver-4.10.0.jar:?]
	at org.openqa.selenium.remote.RemoteWebDriver.getScreenshotAs(RemoteWebDriver.java:316) ~[selenium-remote-driver-4.10.0.jar:?]
	at jdk.internal.reflect.NativeMethodAccessorImpl.invoke0(Native Method) ~[?:?]
	at jdk.internal.reflect.NativeMethodAccessorImpl.invoke(NativeMethodAccessorImpl.java:62) ~[?:?]
	at jdk.internal.reflect.DelegatingMethodAccessorImpl.invoke(DelegatingMethodAccessorImpl.java:43) ~[?:?]
	at java.lang.reflect.Method.invoke(Method.java:566) ~[?:?]
	at org.openqa.selenium.support.ThreadGuard$WebDriverInvocationHandler.invokeUnderlying(ThreadGuard.java:99) ~[selenium-support-4.10.0.jar:?]
	at org.openqa.selenium.support.ThreadGuard$WebDriverInvocationHandler.invoke(ThreadGuard.java:91) ~[selenium-support-4.10.0.jar:?]
	at com.sun.proxy.$Proxy47.getScreenshotAs(Unknown Source) ~[?:?]
	at anhtester.com.listeners.AllureListener.beforeTestStop(AllureListener.java:43) ~[test-classes/:?]
	at io.qameta.allure.listener.LifecycleNotifier.lambda$runSafely$0(LifecycleNotifier.java:211) ~[allure-java-commons-2.22.1.jar:2.22.1]
	at java.util.ArrayList.forEach(ArrayList.java:1541) ~[?:?]
	at io.qameta.allure.listener.LifecycleNotifier.runSafely(LifecycleNotifier.java:209) ~[allure-java-commons-2.22.1.jar:2.22.1]
	at io.qameta.allure.listener.LifecycleNotifier.beforeTestStop(LifecycleNotifier.java:88) ~[allure-java-commons-2.22.1.jar:2.22.1]
	at io.qameta.allure.AllureLifecycle.stopTestCase(AllureLifecycle.java:420) ~[allure-java-commons-2.22.1.jar:2.22.1]
	at io.qameta.allure.cucumber7jvm.AllureCucumber7Jvm.handleTestCaseFinished(AllureCucumber7Jvm.java:197) ~[allure-cucumber7-jvm-2.22.1.jar:2.22.1]
	at io.cucumber.core.eventbus.AbstractEventPublisher.send(AbstractEventPublisher.java:51) ~[cucumber-core-7.12.1.jar:7.12.1]
	at io.cucumber.core.eventbus.AbstractEventBus.send(AbstractEventBus.java:12) ~[cucumber-core-7.12.1.jar:7.12.1]
	at io.cucumber.core.runtime.SynchronizedEventBus.send(SynchronizedEventBus.java:47) ~[cucumber-core-7.12.1.jar:7.12.1]
	at io.cucumber.core.runtime.ThreadLocalRunnerSupplier$LocalEventBus.send(ThreadLocalRunnerSupplier.java:62) ~[cucumber-core-7.12.1.jar:7.12.1]
	at io.cucumber.core.runner.TestCase.emitTestCaseFinished(TestCase.java:219) ~[cucumber-core-7.12.1.jar:7.12.1]
	at io.cucumber.core.runner.TestCase.run(TestCase.java:98) ~[cucumber-core-7.12.1.jar:7.12.1]
	at io.cucumber.core.runner.Runner.runPickle(Runner.java:75) ~[cucumber-core-7.12.1.jar:7.12.1]
	at io.cucumber.testng.TestNGCucumberRunner.lambda$runScenario$1(TestNGCucumberRunner.java:132) ~[cucumber-testng-7.12.1.jar:7.12.1]
	at io.cucumber.core.runtime.CucumberExecutionContext.lambda$runTestCase$5(CucumberExecutionContext.java:137) ~[cucumber-core-7.12.1.jar:7.12.1]
	at io.cucumber.core.runtime.RethrowingThrowableCollector.executeAndThrow(RethrowingThrowableCollector.java:23) [cucumber-core-7.12.1.jar:7.12.1]
	at io.cucumber.core.runtime.CucumberExecutionContext.runTestCase(CucumberExecutionContext.java:137) [cucumber-core-7.12.1.jar:7.12.1]
	at io.cucumber.testng.TestNGCucumberRunner.runScenario(TestNGCucumberRunner.java:129) [cucumber-testng-7.12.1.jar:7.12.1]
	at io.cucumber.testng.AbstractTestNGCucumberTests.runScenario(AbstractTestNGCucumberTests.java:35) [cucumber-testng-7.12.1.jar:7.12.1]
	at jdk.internal.reflect.NativeMethodAccessorImpl.invoke0(Native Method) ~[?:?]
	at jdk.internal.reflect.NativeMethodAccessorImpl.invoke(NativeMethodAccessorImpl.java:62) ~[?:?]
	at jdk.internal.reflect.DelegatingMethodAccessorImpl.invoke(DelegatingMethodAccessorImpl.java:43) ~[?:?]
	at java.lang.reflect.Method.invoke(Method.java:566) ~[?:?]
	at org.testng.internal.invokers.MethodInvocationHelper.invokeMethod(MethodInvocationHelper.java:139) [testng-7.8.0.jar:7.8.0]
	at org.testng.internal.invokers.TestInvoker.invokeMethod(TestInvoker.java:664) [testng-7.8.0.jar:7.8.0]
	at org.testng.internal.invokers.TestInvoker.invokeTestMethod(TestInvoker.java:227) [testng-7.8.0.jar:7.8.0]
	at org.testng.internal.invokers.TestMethodWithDataProviderMethodWorker.call(TestMethodWithDataProviderMethodWorker.java:80) [testng-7.8.0.jar:7.8.0]
	at org.testng.internal.invokers.TestMethodWithDataProviderMethodWorker.call(TestMethodWithDataProviderMethodWorker.java:17) [testng-7.8.0.jar:7.8.0]
	at java.util.concurrent.FutureTask.run(FutureTask.java:264) [?:?]
	at java.util.concurrent.Executors$RunnableAdapter.call(Executors.java:515) [?:?]
	at java.util.concurrent.FutureTask.run(FutureTask.java:264) [?:?]
	at java.util.concurrent.ThreadPoolExecutor.runWorker(ThreadPoolExecutor.java:1128) [?:?]
	at java.util.concurrent.ThreadPoolExecutor$Worker.run(ThreadPoolExecutor.java:628) [?:?]
	at java.lang.Thread.run(Thread.java:834) [?:?]
[ERROR] 25-06-2023 21:26:20 [TestNG-PoolService-1] [LifecycleNotifier] - Could not invoke listener method
org.openqa.selenium.NoSuchSessionException: Session ID is null. Using WebDriver after calling quit()?
Build info: version: '4.10.0', revision: 'c14d967899'
System info: os.name: 'Mac OS X', os.arch: 'aarch64', os.version: '12.6', java.version: '11.0.16'
Driver info: org.openqa.selenium.chrome.ChromeDriver
Command: [null, screenshot {}]
Capabilities {acceptInsecureCerts: false, browserName: chrome, browserVersion: 114.0.5735.133, chrome: {chromedriverVersion: 114.0.5735.90 (386bc09e8f4f..., userDataDir: /var/folders/bz/l4ntdftn1jd...}, goog:chromeOptions: {debuggerAddress: localhost:49725}, networkConnectionEnabled: false, pageLoadStrategy: normal, platformName: mac, proxy: Proxy(), se:cdp: ws://localhost:49725/devtoo..., se:cdpVersion: 114.0.5735.133, setWindowRect: true, strictFileInteractability: false, timeouts: {implicit: 0, pageLoad: 300000, script: 30000}, unhandledPromptBehavior: dismiss and notify, webauthn:extension:credBlob: true, webauthn:extension:largeBlob: true, webauthn:extension:minPinLength: true, webauthn:extension:prf: true, webauthn:virtualAuthenticators: true}
	at org.openqa.selenium.remote.HttpCommandExecutor.execute(HttpCommandExecutor.java:152) ~[selenium-remote-driver-4.10.0.jar:?]
	at org.openqa.selenium.remote.service.DriverCommandExecutor.invokeExecute(DriverCommandExecutor.java:196) ~[selenium-remote-driver-4.10.0.jar:?]
	at org.openqa.selenium.remote.service.DriverCommandExecutor.execute(DriverCommandExecutor.java:171) ~[selenium-remote-driver-4.10.0.jar:?]
	at org.openqa.selenium.remote.RemoteWebDriver.execute(RemoteWebDriver.java:531) ~[selenium-remote-driver-4.10.0.jar:?]
	at org.openqa.selenium.remote.RemoteWebDriver.execute(RemoteWebDriver.java:590) ~[selenium-remote-driver-4.10.0.jar:?]
	at org.openqa.selenium.remote.RemoteWebDriver.execute(RemoteWebDriver.java:594) ~[selenium-remote-driver-4.10.0.jar:?]
	at org.openqa.selenium.remote.RemoteWebDriver.getScreenshotAs(RemoteWebDriver.java:316) ~[selenium-remote-driver-4.10.0.jar:?]
	at jdk.internal.reflect.NativeMethodAccessorImpl.invoke0(Native Method) ~[?:?]
	at jdk.internal.reflect.NativeMethodAccessorImpl.invoke(NativeMethodAccessorImpl.java:62) ~[?:?]
	at jdk.internal.reflect.DelegatingMethodAccessorImpl.invoke(DelegatingMethodAccessorImpl.java:43) ~[?:?]
	at java.lang.reflect.Method.invoke(Method.java:566) ~[?:?]
	at org.openqa.selenium.support.ThreadGuard$WebDriverInvocationHandler.invokeUnderlying(ThreadGuard.java:99) ~[selenium-support-4.10.0.jar:?]
	at org.openqa.selenium.support.ThreadGuard$WebDriverInvocationHandler.invoke(ThreadGuard.java:91) ~[selenium-support-4.10.0.jar:?]
	at com.sun.proxy.$Proxy47.getScreenshotAs(Unknown Source) ~[?:?]
	at anhtester.com.listeners.AllureListener.beforeTestStop(AllureListener.java:43) ~[test-classes/:?]
	at io.qameta.allure.listener.LifecycleNotifier.lambda$runSafely$0(LifecycleNotifier.java:211) ~[allure-java-commons-2.22.1.jar:2.22.1]
	at java.util.ArrayList.forEach(ArrayList.java:1541) [?:?]
	at io.qameta.allure.listener.LifecycleNotifier.runSafely(LifecycleNotifier.java:209) [allure-java-commons-2.22.1.jar:2.22.1]
	at io.qameta.allure.listener.LifecycleNotifier.beforeTestStop(LifecycleNotifier.java:88) [allure-java-commons-2.22.1.jar:2.22.1]
	at io.qameta.allure.AllureLifecycle.stopTestCase(AllureLifecycle.java:420) [allure-java-commons-2.22.1.jar:2.22.1]
	at io.qameta.allure.testng.AllureTestNg.stopTestCase(AllureTestNg.java:376) [allure-testng-2.22.1.jar:2.22.1]
	at io.qameta.allure.testng.AllureTestNg.onTestFailure(AllureTestNg.java:370) [allure-testng-2.22.1.jar:2.22.1]
	at org.testng.internal.TestListenerHelper.runTestListeners(TestListenerHelper.java:108) [testng-7.8.0.jar:7.8.0]
	at org.testng.internal.invokers.TestInvoker.runTestResultListener(TestInvoker.java:262) [testng-7.8.0.jar:7.8.0]
	at org.testng.internal.invokers.TestInvoker.invokeMethod(TestInvoker.java:751) [testng-7.8.0.jar:7.8.0]
	at org.testng.internal.invokers.TestInvoker.invokeTestMethod(TestInvoker.java:227) [testng-7.8.0.jar:7.8.0]
	at org.testng.internal.invokers.TestMethodWithDataProviderMethodWorker.call(TestMethodWithDataProviderMethodWorker.java:80) [testng-7.8.0.jar:7.8.0]
	at org.testng.internal.invokers.TestMethodWithDataProviderMethodWorker.call(TestMethodWithDataProviderMethodWorker.java:17) [testng-7.8.0.jar:7.8.0]
	at java.util.concurrent.FutureTask.run(FutureTask.java:264) [?:?]
	at java.util.concurrent.Executors$RunnableAdapter.call(Executors.java:515) [?:?]
	at java.util.concurrent.FutureTask.run(FutureTask.java:264) [?:?]
	at java.util.concurrent.ThreadPoolExecutor.runWorker(ThreadPoolExecutor.java:1128) [?:?]
	at java.util.concurrent.ThreadPoolExecutor$Worker.run(ThreadPoolExecutor.java:628) [?:?]
	at java.lang.Thread.run(Thread.java:834) [?:?]
