[INFO] 22-06-2023 00:04:26 [main] [Utils] - [TestNG] Running:
  /Users/kanthreddy/Library/Caches/JetBrains/IdeaIE2022.2/temp-testng-customsuite.xml

[INFO] 22-06-2023 00:04:26 [main] [LogUtils] - Loaded all properties files.
[INFO] 22-06-2023 00:04:26 [main] [LogUtils] - {TARGET=local, ownerDetail=xpath&&//div[@id='s2id_created_by']//a[@class='select2-choice']/span[1], menuClients=xpath&&//span[normalize-space()='Clients'], TELEGRAM_CHATID=, OVERRIDE_REPORTS=yes, inputPhone=xpath&&//input[@id='phone'], inputClientGroups=xpath&&(//label[normalize-space()='Client groups']/following-sibling::div//input)[1], buttonSaveOnDialog=xpath&&//div[@id='ajaxModalContent']//button[normalize-space()='Save'], spanFirstItemClientGroups=xpath&&//span[@class='select2-match'], inputCountry=xpath&&//input[@id='country'], SEND_REPORT_TO_TELEGRAM=no, SEND_EMAIL_TO_USERS=no, ZIP_FOLDER_NAME=CucumberExtentReports.zip, WAIT_DEFAULT=5, REMOTE_PORT=4444, TELEGRAM_TOKEN=, buttonAddClient=xpath&&//a[normalize-space()='Add client'], URL_CORP=https://corporate-dev.hubpay.ae/auth/signin, labelClientGroups=xpath&&//li[@class='select2-search-choice']/div, URL_OPS=https://ops-portal-dev.hubpay.ae/wallet/, inputState=xpath&&//input[@id='state'], labelOnClientPage=xpath&&//span[normalize-space()='Total clients'], inputPassword=xpath&&//input[@id='password'], EXTENT_REPORT_PDF=PdfReport.pdf, inputAddress=xpath&&//textarea[@id='address'], VIDEO_RECORD=no, inputSearchOwner=xpath&&//div[@id='select2-drop']//input, tabClient=xpath&&//ul[@id='client-tabs']//li[2], labelEmailError=id&&email-error, tabClientInfo=xpath&&//a[normalize-space()='Client info'], PASSWORD=T+wyT5u9cOelDJbBWNgxLw, inputWebsite=xpath&&//input[@id='website'], SCREENSHOT_ALL_STEPS=no, labelAuthentication=xpath&&//div[@role='alert'], EXTENT_REPORT_NAME=ExtentReport, EXPORT_VIDEO_PATH=ExportData/Videos, EXPORT_CAPTURE_PATH=ExportData/Images, WAIT_PAGE_LOADED=30, SCREENSHOT_PASSED_STEPS=no, radioOrganization=xpath&&//input[@id='type_organization'], EXTENT_REPORT_FOLDER=reports/CucumberExtentReports, itemClientFirstRow=xpath&&//table[@id='client-table']//tbody/tr[1]/td[2]/a, WAIT_EXPLICIT=10, BROWSER=chrome, SCREENSHOT_SKIPPED_STEPS=yes, inputEmail=xpath&&//input[@id='email'], menuDashboard=xpath&&//span[normalize-space()='Dashboard'], REPORT_TITLE=Report | Automation Framework Cucumber TestNG | Anh Tester, AUTHOR=Anh Tester, EXCEL_DATA_FILE_PATH=src/test/resources/testdata/ClientsDataExcel.xlsx, WAIT_IMPLICIT=20, PROJECT_NAME=Automation Framework Cucumber TestNG | Anh Tester, HEADLESS=false, REMOTE_URL=localhost, inputCompanyName=xpath&&//input[@id='company_name'], selectOwner=xpath&&//div[@id='s2id_created_by'], inputCity=xpath&&//input[@id='city'], SCREENSHOT_FAILED_STEPS=yes, TXT_FILE_PATH=src/test/resources/testdata/TxtFileData.txt, selectFirstItemOwner=xpath&&(//div[contains(@id,'select2-result-label')])[1], buttonSignIn=xpath&&//button[normalize-space()='Sign in'], JSON_DATA_FILE_PATH=src/test/resources/config/config.json, inputVat=xpath&&//input[@id='vat_number'], ACTIVE_PAGE_LOADED=true, headerPageClientInfo=xpath&&//form[@id='company-form']//h4, URL_CRM=https://rise.fairsketch.com/signin, WAIT_SLEEP_STEP=0, OPEN_REPORTS_AFTER_EXECUTION=no, buttonDynamicXpath=xpath&&//button[normalize-space()='%s'], ZIP_FOLDER_PATH=reports/CucumberExtentReports, inputZip=xpath&&//input[@id='zip'], inputSearch=xpath&&//input[@placeholder='Search'], ZIP_FOLDER=no, menuProjects=xpath&&//span[normalize-space()='Projects']}
[INFO] 22-06-2023 00:04:26 [main] [LogUtils] - Loaded all properties files.
[INFO] 22-06-2023 00:04:26 [main] [LogUtils] - {TARGET=local, ownerDetail=xpath&&//div[@id='s2id_created_by']//a[@class='select2-choice']/span[1], menuClients=xpath&&//span[normalize-space()='Clients'], TELEGRAM_CHATID=, OVERRIDE_REPORTS=yes, inputPhone=xpath&&//input[@id='phone'], inputClientGroups=xpath&&(//label[normalize-space()='Client groups']/following-sibling::div//input)[1], buttonSaveOnDialog=xpath&&//div[@id='ajaxModalContent']//button[normalize-space()='Save'], spanFirstItemClientGroups=xpath&&//span[@class='select2-match'], inputCountry=xpath&&//input[@id='country'], SEND_REPORT_TO_TELEGRAM=no, SEND_EMAIL_TO_USERS=no, ZIP_FOLDER_NAME=CucumberExtentReports.zip, WAIT_DEFAULT=5, REMOTE_PORT=4444, TELEGRAM_TOKEN=, buttonAddClient=xpath&&//a[normalize-space()='Add client'], URL_CORP=https://corporate-dev.hubpay.ae/auth/signin, labelClientGroups=xpath&&//li[@class='select2-search-choice']/div, URL_OPS=https://ops-portal-dev.hubpay.ae/wallet/, inputState=xpath&&//input[@id='state'], labelOnClientPage=xpath&&//span[normalize-space()='Total clients'], inputPassword=xpath&&//input[@id='password'], EXTENT_REPORT_PDF=PdfReport.pdf, inputAddress=xpath&&//textarea[@id='address'], VIDEO_RECORD=no, inputSearchOwner=xpath&&//div[@id='select2-drop']//input, tabClient=xpath&&//ul[@id='client-tabs']//li[2], labelEmailError=id&&email-error, tabClientInfo=xpath&&//a[normalize-space()='Client info'], PASSWORD=T+wyT5u9cOelDJbBWNgxLw, inputWebsite=xpath&&//input[@id='website'], SCREENSHOT_ALL_STEPS=no, labelAuthentication=xpath&&//div[@role='alert'], EXTENT_REPORT_NAME=ExtentReport, EXPORT_VIDEO_PATH=ExportData/Videos, EXPORT_CAPTURE_PATH=ExportData/Images, WAIT_PAGE_LOADED=30, SCREENSHOT_PASSED_STEPS=no, radioOrganization=xpath&&//input[@id='type_organization'], EXTENT_REPORT_FOLDER=reports/CucumberExtentReports, itemClientFirstRow=xpath&&//table[@id='client-table']//tbody/tr[1]/td[2]/a, WAIT_EXPLICIT=10, BROWSER=chrome, SCREENSHOT_SKIPPED_STEPS=yes, inputEmail=xpath&&//input[@id='email'], menuDashboard=xpath&&//span[normalize-space()='Dashboard'], REPORT_TITLE=Report | Automation Framework Cucumber TestNG | Anh Tester, AUTHOR=Anh Tester, EXCEL_DATA_FILE_PATH=src/test/resources/testdata/ClientsDataExcel.xlsx, WAIT_IMPLICIT=20, PROJECT_NAME=Automation Framework Cucumber TestNG | Anh Tester, HEADLESS=false, REMOTE_URL=localhost, inputCompanyName=xpath&&//input[@id='company_name'], selectOwner=xpath&&//div[@id='s2id_created_by'], inputCity=xpath&&//input[@id='city'], SCREENSHOT_FAILED_STEPS=yes, TXT_FILE_PATH=src/test/resources/testdata/TxtFileData.txt, selectFirstItemOwner=xpath&&(//div[contains(@id,'select2-result-label')])[1], buttonSignIn=xpath&&//button[normalize-space()='Sign in'], JSON_DATA_FILE_PATH=src/test/resources/config/config.json, inputVat=xpath&&//input[@id='vat_number'], ACTIVE_PAGE_LOADED=true, headerPageClientInfo=xpath&&//form[@id='company-form']//h4, URL_CRM=https://rise.fairsketch.com/signin, WAIT_SLEEP_STEP=0, OPEN_REPORTS_AFTER_EXECUTION=no, buttonDynamicXpath=xpath&&//button[normalize-space()='%s'], ZIP_FOLDER_PATH=reports/CucumberExtentReports, inputZip=xpath&&//input[@id='zip'], inputSearch=xpath&&//input[@placeholder='Search'], ZIP_FOLDER=no, menuProjects=xpath&&//span[normalize-space()='Projects']}
[INFO] 22-06-2023 00:04:27 [main] [WebDriverManager] - Using chromedriver 114.0.5735.90 (resolved driver for Chrome 114)
[INFO] 22-06-2023 00:04:27 [main] [WebDriverManager] - Exporting webdriver.chrome.driver as /Users/kanthreddy/.cache/selenium/chromedriver/mac-arm64/114.0.5735.90/chromedriver
[INFO] 22-06-2023 00:04:36 [main] [LogUtils] - Driver in TestContext: ChromeDriver: chrome on mac (4ca594308c2e4c07e383ac5d796358a5)
[INFO] 22-06-2023 00:04:40 [main] [LogUtils] - Open URL: https://corporate-dev.hubpay.ae/auth/signin
[INFO] 22-06-2023 00:04:40 [main] [LogUtils] - Verify element visible By.cssSelector: input[name='username']
[INFO] 22-06-2023 00:04:42 [main] [LogUtils] - Set text sreekanth@hubpay.ae on By.cssSelector: input[name='username']
[INFO] 22-06-2023 00:04:43 [main] [LogUtils] - Verify element visible By.cssSelector: input[name='password']
[INFO] 22-06-2023 00:04:44 [main] [LogUtils] - Set text Hubpass@1 on By.cssSelector: input[name='password']
[INFO] 22-06-2023 00:04:48 [main] [LogUtils] - Click on element with JS: By.xpath: //button[text()='Next']
[INFO] 22-06-2023 00:05:04 [main] [LogUtils] - Verify element visible By.xpath: //li[contains(.,'Sign out')]
[INFO] 22-06-2023 00:05:07 [main] [LogUtils] - Verify element visible By.xpath: //h1[text()='Dashboard']
[INFO] 22-06-2023 00:05:07 [main] [LogUtils] - Verify element visible By.xpath: //h1[text()='Dashboard']
[INFO] 22-06-2023 00:05:07 [main] [LogUtils] - Verify element visible By.xpath: //p[contains(text(),'AUD')]
[INFO] 22-06-2023 00:05:07 [main] [LogUtils] - Verify element visible By.xpath: //p[contains(text(),'AUD')]
[INFO] 22-06-2023 00:05:08 [main] [LogUtils] - Verify element visible By.xpath: //p[contains(text(),'AED')]
[INFO] 22-06-2023 00:05:08 [main] [LogUtils] - Verify element visible By.xpath: //p[contains(text(),'AED')]
[INFO] 22-06-2023 00:05:09 [main] [LogUtils] - Verify element visible By.xpath: //a[text()='Exchange']
[INFO] 22-06-2023 00:05:10 [main] [LogUtils] - Clicked on the element By.xpath: //a[text()='Exchange']
[INFO] 22-06-2023 00:05:15 [main] [LogUtils] - Verify element visible By.xpath: //h1[text()='Exchange']
[INFO] 22-06-2023 00:05:15 [main] [LogUtils] - Verify element visible By.xpath: //h1[text()='Exchange']
[INFO] 22-06-2023 00:05:15 [main] [LogUtils] - Verify element visible By.xpath: //p[text()='Convert money between your wallets']
[INFO] 22-06-2023 00:05:15 [main] [LogUtils] - Verify element visible By.xpath: //span[text()='Amount']/preceding-sibling::span[text()='1']/parent::span
[INFO] 22-06-2023 00:05:15 [main] [LogUtils] - Verify element visible By.xpath: //span[text()='Review & confirm']/preceding-sibling::span[text()='2']/parent::span
[INFO] 22-06-2023 00:05:15 [main] [LogUtils] - Verify element visible By.xpath: //h1[text()='Amount']
[INFO] 22-06-2023 00:05:15 [main] [LogUtils] - Verify element visible By.xpath: //h1[text()='Amount']/following-sibling::p[text()='Select the wallet you want to exchange to and define the amount']
[INFO] 22-06-2023 00:05:15 [main] [LogUtils] - Verify element visible By.xpath: //input[@id='amount']/following-sibling::div/button
[INFO] 22-06-2023 00:05:15 [main] [LogUtils] - Verify element visible By.xpath: //label[text()='Sell']/following-sibling::div/input[@placeholder='0.00']/following-sibling::div[.='AED']
[INFO] 22-06-2023 00:05:15 [main] [LogUtils] - Verify TRUE: true
[INFO] 22-06-2023 00:05:15 [main] [LogUtils] - Verify element visible By.xpath: //p[.='ANITHA TEST BUSINESS Solutions Private Limited']
[INFO] 22-06-2023 00:05:15 [main] [LogUtils] - Verify element visible By.xpath: //p[.='Hello, SRIKANTH PALLA BHANUMURTHY REDDY']
[INFO] 22-06-2023 00:05:15 [main] [LogUtils] - Verify element visible By.xpath: //span[text()='Amount']/preceding-sibling::span[text()='1']/parent::span
[INFO] 22-06-2023 00:05:15 [main] [LogUtils] - Verify element visible By.xpath: //span[text()='Amount']/preceding-sibling::span[text()='1']/parent::span
[INFO] 22-06-2023 00:05:15 [main] [LogUtils] - Verify element visible By.xpath: //span[text()='Amount']/preceding-sibling::span[text()='1']/parent::span
[INFO] 22-06-2023 00:05:15 [main] [LogUtils] - Verify TRUE: true
[INFO] 22-06-2023 00:05:16 [main] [LogUtils] - Verify element visible By.xpath: //span[text()='Review & confirm']/preceding-sibling::span[text()='2']/parent::span
[INFO] 22-06-2023 00:05:16 [main] [LogUtils] - Verify element visible By.xpath: //span[text()='Review & confirm']/preceding-sibling::span[text()='2']/parent::span
[INFO] 22-06-2023 00:05:16 [main] [LogUtils] - Verify element visible By.xpath: //span[text()='Review & confirm']/preceding-sibling::span[text()='2']/parent::span
[INFO] 22-06-2023 00:05:16 [main] [LogUtils] - Verify TRUE: true
[INFO] 22-06-2023 00:05:23 [main] [LogUtils] - Verify element visible By.xpath: //input[@id='amount']
[INFO] 22-06-2023 00:05:24 [main] [LogUtils] - Verify element visible By.xpath: //input[@id='amount']
[INFO] 22-06-2023 00:05:25 [main] [LogUtils] - Clear and Fill 10 on By.xpath: //input[@id='amount']
[INFO] 22-06-2023 00:05:25 [main] [LogUtils] - Verify element visible By.xpath: //div[text()='Live rate']/preceding-sibling::div//p
[INFO] 22-06-2023 00:05:25 [main] [LogUtils] - Verify element visible By.xpath: //div[text()='Live rate']/preceding-sibling::div//p
[INFO] 22-06-2023 00:05:25 [main] [LogUtils] - Verify element visible By.xpath: //div[text()='Live rate']/preceding-sibling::div//p
[INFO] 22-06-2023 00:05:26 [main] [LogUtils] - Verify element visible By.xpath: //div[text()='Live rate']/preceding-sibling::div//p
[INFO] 22-06-2023 00:05:26 [main] [LogUtils] - Verify text of an element [Contains]: true
[INFO] 22-06-2023 00:05:26 [main] [LogUtils] - Verify element visible By.xpath: //div[text()='Live rate']/preceding-sibling::div//p
[INFO] 22-06-2023 00:05:26 [main] [LogUtils] - Verify element visible By.xpath: //div[text()='Live rate']/preceding-sibling::div//p
[INFO] 22-06-2023 00:05:26 [main] [LogUtils] - Verify element visible By.xpath: //div[text()='Processing time']/preceding-sibling::div
[INFO] 22-06-2023 00:05:26 [main] [LogUtils] - Verify element visible By.xpath: //div[text()='Processing time']/preceding-sibling::div
[INFO] 22-06-2023 00:05:26 [main] [LogUtils] - Verify element visible By.xpath: //div[text()='Processing time']/preceding-sibling::div
[INFO] 22-06-2023 00:05:26 [main] [LogUtils] - Verify text of an element [Equals]: true
[INFO] 22-06-2023 00:05:26 [main] [LogUtils] - Verify element visible By.xpath: //div[text()='Processing time']/preceding-sibling::div
[INFO] 22-06-2023 00:05:26 [main] [LogUtils] - Verify element visible By.xpath: //div[text()='Processing time']/preceding-sibling::div
[INFO] 22-06-2023 00:05:26 [main] [LogUtils] - Verify element visible By.xpath: //div[text()='Processing time']/preceding-sibling::div
[INFO] 22-06-2023 00:05:26 [main] [LogUtils] - Verify element visible By.xpath: //div[text()='Processing time']/preceding-sibling::div
[INFO] 22-06-2023 00:05:26 [main] [LogUtils] - Verify element visible By.xpath: //div[text()='Processing time']/preceding-sibling::div
[INFO] 22-06-2023 00:05:26 [main] [LogUtils] - Verify element visible By.xpath: //div[text()='Processing time']/preceding-sibling::div
[INFO] 22-06-2023 00:05:27 [main] [LogUtils] - Verify element visible By.xpath: //button/span
[INFO] 22-06-2023 00:05:27 [main] [LogUtils] - Verify element visible By.xpath: //button/span
[INFO] 22-06-2023 00:05:27 [main] [LogUtils] - Verify element visible By.xpath: //input[@id='amount']
[INFO] 22-06-2023 00:05:27 [main] [LogUtils] - Verify element visible By.xpath: //input[@id='sell']/following-sibling::div
[INFO] 22-06-2023 00:05:27 [main] [LogUtils] - Verify element visible By.xpath: //input[@id='sell']/following-sibling::div
[INFO] 22-06-2023 00:05:27 [main] [LogUtils] - Verify element visible By.xpath: //div[text()='Live rate']/preceding-sibling::div//p
[INFO] 22-06-2023 00:05:27 [main] [LogUtils] - Verify element visible By.xpath: //div[text()='Live rate']/preceding-sibling::div//p
[INFO] 22-06-2023 00:05:27 [main] [LogUtils] - Verify element visible By.xpath: //input[@id='amount']
[INFO] 22-06-2023 00:05:28 [main] [LogUtils] - Verify element visible By.xpath: //div[text()='Live rate']/preceding-sibling::div//p
[INFO] 22-06-2023 00:05:28 [main] [LogUtils] - Verify element visible By.xpath: //div[text()='Live rate']/preceding-sibling::div//p
[INFO] 22-06-2023 00:05:28 [main] [LogUtils] - Verify element visible By.xpath: //div[text()='Settlement date']/preceding-sibling::div
[INFO] 22-06-2023 00:05:28 [main] [LogUtils] - Verify element visible By.xpath: //div[text()='Settlement date']/preceding-sibling::div
[INFO] 22-06-2023 00:05:28 [main] [LogUtils] - Verify element visible By.xpath: //div[text()='Processing time']/preceding-sibling::div
[INFO] 22-06-2023 00:05:28 [main] [LogUtils] - Verify element visible By.xpath: //div[text()='Processing time']/preceding-sibling::div
[INFO] 22-06-2023 00:05:28 [main] [LogUtils] - Verify element visible By.xpath: //div[text()='Settlement date']/preceding-sibling::div
[INFO] 22-06-2023 00:05:28 [main] [LogUtils] - Verify element visible By.xpath: //div[text()='Settlement date']/preceding-sibling::div
[INFO] 22-06-2023 00:05:28 [main] [LogUtils] - Verify element visible By.xpath: //div[text()='Settlement date']/preceding-sibling::div
[INFO] 22-06-2023 00:05:28 [main] [LogUtils] - Verify element visible By.xpath: //div[text()='Settlement date']/preceding-sibling::div
[INFO] 22-06-2023 00:05:28 [main] [LogUtils] - Verify element visible By.xpath: //div[text()='Settlement date']/preceding-sibling::div
[INFO] 22-06-2023 00:05:29 [main] [LogUtils] - Verify element visible By.xpath: //div[text()='Settlement date']/preceding-sibling::div
[INFO] 22-06-2023 00:05:29 [main] [LogUtils] - Verify element visible By.xpath: //div[text()='Settlement date']/preceding-sibling::div
[INFO] 22-06-2023 00:05:29 [main] [LogUtils] - Verify element visible By.xpath: //div[text()='Settlement date']/preceding-sibling::div
[INFO] 22-06-2023 00:05:29 [main] [LogUtils] - Scroll to element By.xpath: //button[contains(.,'Next')]
[INFO] 22-06-2023 00:05:29 [main] [LogUtils] - Click on element with JS: By.xpath: //button[contains(.,'Next')]
[INFO] 22-06-2023 00:05:29 [main] [LogUtils] - Verify element visible By.xpath: //span[text()='Amount']/preceding-sibling::span[text()='1']/parent::span
[INFO] 22-06-2023 00:05:29 [main] [LogUtils] - Verify element visible By.xpath: //span[text()='Amount']/preceding-sibling::span[text()='1']/parent::span
[INFO] 22-06-2023 00:05:30 [main] [LogUtils] - Verify element visible By.xpath: //span[text()='Amount']/preceding-sibling::span[text()='1']/parent::span
[INFO] 22-06-2023 00:05:30 [main] [LogUtils] - Verify TRUE: false
[ERROR] 22-06-2023 00:05:31 [main] [LifecycleNotifier] - Could not invoke listener method
org.openqa.selenium.NoSuchSessionException: Session ID is null. Using WebDriver after calling quit()?
Build info: version: '4.10.0', revision: 'c14d967899'
System info: os.name: 'Mac OS X', os.arch: 'aarch64', os.version: '12.6', java.version: '11.0.16'
Driver info: org.openqa.selenium.chrome.ChromeDriver
Command: [null, screenshot {}]
Capabilities {acceptInsecureCerts: false, browserName: chrome, browserVersion: 114.0.5735.133, chrome: {chromedriverVersion: 114.0.5735.90 (386bc09e8f4f..., userDataDir: /var/folders/bz/l4ntdftn1jd...}, goog:chromeOptions: {debuggerAddress: localhost:59032}, networkConnectionEnabled: false, pageLoadStrategy: normal, platformName: mac, proxy: Proxy(), se:cdp: ws://localhost:59032/devtoo..., se:cdpVersion: 114.0.5735.133, setWindowRect: true, strictFileInteractability: false, timeouts: {implicit: 0, pageLoad: 300000, script: 30000}, unhandledPromptBehavior: dismiss and notify, webauthn:extension:credBlob: true, webauthn:extension:largeBlob: true, webauthn:extension:minPinLength: true, webauthn:extension:prf: true, webauthn:virtualAuthenticators: true}
	at org.openqa.selenium.remote.HttpCommandExecutor.execute(HttpCommandExecutor.java:152) ~[selenium-remote-driver-4.10.0.jar:?]
	at org.openqa.selenium.remote.service.DriverCommandExecutor.invokeExecute(DriverCommandExecutor.java:196) ~[selenium-remote-driver-4.10.0.jar:?]
	at org.openqa.selenium.remote.service.DriverCommandExecutor.execute(DriverCommandExecutor.java:171) ~[selenium-remote-driver-4.10.0.jar:?]
	at org.openqa.selenium.remote.RemoteWebDriver.execute(RemoteWebDriver.java:531) ~[selenium-remote-driver-4.10.0.jar:?]
	at org.openqa.selenium.remote.RemoteWebDriver.execute(RemoteWebDriver.java:590) ~[selenium-remote-driver-4.10.0.jar:?]
	at org.openqa.selenium.remote.RemoteWebDriver.execute(RemoteWebDriver.java:594) ~[selenium-remote-driver-4.10.0.jar:?]
	at org.openqa.selenium.remote.RemoteWebDriver.getScreenshotAs(RemoteWebDriver.java:316) ~[selenium-remote-driver-4.10.0.jar:?]
	at jdk.internal.reflect.NativeMethodAccessorImpl.invoke0(Native Method) ~[?:?]
	at jdk.internal.reflect.NativeMethodAccessorImpl.invoke(NativeMethodAccessorImpl.java:62) ~[?:?]
	at jdk.internal.reflect.DelegatingMethodAccessorImpl.invoke(DelegatingMethodAccessorImpl.java:43) ~[?:?]
	at java.lang.reflect.Method.invoke(Method.java:566) ~[?:?]
	at org.openqa.selenium.support.ThreadGuard$WebDriverInvocationHandler.invokeUnderlying(ThreadGuard.java:99) ~[selenium-support-4.10.0.jar:?]
	at org.openqa.selenium.support.ThreadGuard$WebDriverInvocationHandler.invoke(ThreadGuard.java:91) ~[selenium-support-4.10.0.jar:?]
	at com.sun.proxy.$Proxy47.getScreenshotAs(Unknown Source) ~[?:?]
	at anhtester.com.listeners.AllureListener.beforeTestStop(AllureListener.java:43) ~[test-classes/:?]
	at io.qameta.allure.listener.LifecycleNotifier.lambda$runSafely$0(LifecycleNotifier.java:211) ~[allure-java-commons-2.22.1.jar:2.22.1]
	at java.util.ArrayList.forEach(ArrayList.java:1541) ~[?:?]
	at io.qameta.allure.listener.LifecycleNotifier.runSafely(LifecycleNotifier.java:209) ~[allure-java-commons-2.22.1.jar:2.22.1]
	at io.qameta.allure.listener.LifecycleNotifier.beforeTestStop(LifecycleNotifier.java:88) ~[allure-java-commons-2.22.1.jar:2.22.1]
	at io.qameta.allure.AllureLifecycle.stopTestCase(AllureLifecycle.java:420) ~[allure-java-commons-2.22.1.jar:2.22.1]
	at io.qameta.allure.cucumber7jvm.AllureCucumber7Jvm.handleTestCaseFinished(AllureCucumber7Jvm.java:197) ~[allure-cucumber7-jvm-2.22.1.jar:2.22.1]
	at io.cucumber.core.eventbus.AbstractEventPublisher.send(AbstractEventPublisher.java:51) ~[cucumber-core-7.12.1.jar:7.12.1]
	at io.cucumber.core.eventbus.AbstractEventBus.send(AbstractEventBus.java:12) ~[cucumber-core-7.12.1.jar:7.12.1]
	at io.cucumber.core.runtime.SynchronizedEventBus.send(SynchronizedEventBus.java:47) ~[cucumber-core-7.12.1.jar:7.12.1]
	at io.cucumber.core.runtime.ThreadLocalRunnerSupplier$LocalEventBus.send(ThreadLocalRunnerSupplier.java:62) ~[cucumber-core-7.12.1.jar:7.12.1]
	at io.cucumber.core.runner.TestCase.emitTestCaseFinished(TestCase.java:219) ~[cucumber-core-7.12.1.jar:7.12.1]
	at io.cucumber.core.runner.TestCase.run(TestCase.java:98) ~[cucumber-core-7.12.1.jar:7.12.1]
	at io.cucumber.core.runner.Runner.runPickle(Runner.java:75) ~[cucumber-core-7.12.1.jar:7.12.1]
	at io.cucumber.testng.TestNGCucumberRunner.lambda$runScenario$1(TestNGCucumberRunner.java:132) ~[cucumber-testng-7.12.1.jar:7.12.1]
	at io.cucumber.core.runtime.CucumberExecutionContext.lambda$runTestCase$5(CucumberExecutionContext.java:137) ~[cucumber-core-7.12.1.jar:7.12.1]
	at io.cucumber.core.runtime.RethrowingThrowableCollector.executeAndThrow(RethrowingThrowableCollector.java:23) ~[cucumber-core-7.12.1.jar:7.12.1]
	at io.cucumber.core.runtime.CucumberExecutionContext.runTestCase(CucumberExecutionContext.java:137) ~[cucumber-core-7.12.1.jar:7.12.1]
	at io.cucumber.testng.TestNGCucumberRunner.runScenario(TestNGCucumberRunner.java:129) ~[cucumber-testng-7.12.1.jar:7.12.1]
	at io.cucumber.testng.AbstractTestNGCucumberTests.runScenario(AbstractTestNGCucumberTests.java:35) ~[cucumber-testng-7.12.1.jar:7.12.1]
	at jdk.internal.reflect.NativeMethodAccessorImpl.invoke0(Native Method) ~[?:?]
	at jdk.internal.reflect.NativeMethodAccessorImpl.invoke(NativeMethodAccessorImpl.java:62) ~[?:?]
	at jdk.internal.reflect.DelegatingMethodAccessorImpl.invoke(DelegatingMethodAccessorImpl.java:43) ~[?:?]
	at java.lang.reflect.Method.invoke(Method.java:566) ~[?:?]
	at org.testng.internal.invokers.MethodInvocationHelper.invokeMethod(MethodInvocationHelper.java:139) ~[testng-7.8.0.jar:7.8.0]
	at org.testng.internal.invokers.TestInvoker.invokeMethod(TestInvoker.java:664) ~[testng-7.8.0.jar:7.8.0]
	at org.testng.internal.invokers.TestInvoker.invokeTestMethod(TestInvoker.java:227) ~[testng-7.8.0.jar:7.8.0]
	at org.testng.internal.invokers.MethodRunner.runInSequence(MethodRunner.java:50) ~[testng-7.8.0.jar:7.8.0]
	at org.testng.internal.invokers.TestInvoker$MethodInvocationAgent.invoke(TestInvoker.java:957) ~[testng-7.8.0.jar:7.8.0]
	at org.testng.internal.invokers.TestInvoker.invokeTestMethods(TestInvoker.java:200) ~[testng-7.8.0.jar:7.8.0]
	at org.testng.internal.invokers.TestMethodWorker.invokeTestMethods(TestMethodWorker.java:148) ~[testng-7.8.0.jar:7.8.0]
	at org.testng.internal.invokers.TestMethodWorker.run(TestMethodWorker.java:128) ~[testng-7.8.0.jar:7.8.0]
	at java.util.ArrayList.forEach(ArrayList.java:1541) [?:?]
	at org.testng.TestRunner.privateRun(TestRunner.java:848) [testng-7.8.0.jar:7.8.0]
	at org.testng.TestRunner.run(TestRunner.java:621) [testng-7.8.0.jar:7.8.0]
	at org.testng.SuiteRunner.runTest(SuiteRunner.java:443) [testng-7.8.0.jar:7.8.0]
	at org.testng.SuiteRunner.runSequentially(SuiteRunner.java:437) [testng-7.8.0.jar:7.8.0]
	at org.testng.SuiteRunner.privateRun(SuiteRunner.java:397) [testng-7.8.0.jar:7.8.0]
	at org.testng.SuiteRunner.run(SuiteRunner.java:336) [testng-7.8.0.jar:7.8.0]
	at org.testng.SuiteRunnerWorker.runSuite(SuiteRunnerWorker.java:52) [testng-7.8.0.jar:7.8.0]
	at org.testng.SuiteRunnerWorker.run(SuiteRunnerWorker.java:95) [testng-7.8.0.jar:7.8.0]
	at org.testng.TestNG.runSuitesSequentially(TestNG.java:1280) [testng-7.8.0.jar:7.8.0]
	at org.testng.TestNG.runSuitesLocally(TestNG.java:1200) [testng-7.8.0.jar:7.8.0]
	at org.testng.TestNG.runSuites(TestNG.java:1114) [testng-7.8.0.jar:7.8.0]
	at org.testng.TestNG.run(TestNG.java:1082) [testng-7.8.0.jar:7.8.0]
	at com.intellij.rt.testng.IDEARemoteTestNG.run(IDEARemoteTestNG.java:66) [testng-rt.jar:?]
	at com.intellij.rt.testng.RemoteTestNGStarter.main(RemoteTestNGStarter.java:109) [testng-rt.jar:?]
[ERROR] 22-06-2023 00:05:31 [main] [LifecycleNotifier] - Could not invoke listener method
org.openqa.selenium.NoSuchSessionException: Session ID is null. Using WebDriver after calling quit()?
Build info: version: '4.10.0', revision: 'c14d967899'
System info: os.name: 'Mac OS X', os.arch: 'aarch64', os.version: '12.6', java.version: '11.0.16'
Driver info: org.openqa.selenium.chrome.ChromeDriver
Command: [null, screenshot {}]
Capabilities {acceptInsecureCerts: false, browserName: chrome, browserVersion: 114.0.5735.133, chrome: {chromedriverVersion: 114.0.5735.90 (386bc09e8f4f..., userDataDir: /var/folders/bz/l4ntdftn1jd...}, goog:chromeOptions: {debuggerAddress: localhost:59032}, networkConnectionEnabled: false, pageLoadStrategy: normal, platformName: mac, proxy: Proxy(), se:cdp: ws://localhost:59032/devtoo..., se:cdpVersion: 114.0.5735.133, setWindowRect: true, strictFileInteractability: false, timeouts: {implicit: 0, pageLoad: 300000, script: 30000}, unhandledPromptBehavior: dismiss and notify, webauthn:extension:credBlob: true, webauthn:extension:largeBlob: true, webauthn:extension:minPinLength: true, webauthn:extension:prf: true, webauthn:virtualAuthenticators: true}
	at org.openqa.selenium.remote.HttpCommandExecutor.execute(HttpCommandExecutor.java:152) ~[selenium-remote-driver-4.10.0.jar:?]
	at org.openqa.selenium.remote.service.DriverCommandExecutor.invokeExecute(DriverCommandExecutor.java:196) ~[selenium-remote-driver-4.10.0.jar:?]
	at org.openqa.selenium.remote.service.DriverCommandExecutor.execute(DriverCommandExecutor.java:171) ~[selenium-remote-driver-4.10.0.jar:?]
	at org.openqa.selenium.remote.RemoteWebDriver.execute(RemoteWebDriver.java:531) ~[selenium-remote-driver-4.10.0.jar:?]
	at org.openqa.selenium.remote.RemoteWebDriver.execute(RemoteWebDriver.java:590) ~[selenium-remote-driver-4.10.0.jar:?]
	at org.openqa.selenium.remote.RemoteWebDriver.execute(RemoteWebDriver.java:594) ~[selenium-remote-driver-4.10.0.jar:?]
	at org.openqa.selenium.remote.RemoteWebDriver.getScreenshotAs(RemoteWebDriver.java:316) ~[selenium-remote-driver-4.10.0.jar:?]
	at jdk.internal.reflect.NativeMethodAccessorImpl.invoke0(Native Method) ~[?:?]
	at jdk.internal.reflect.NativeMethodAccessorImpl.invoke(NativeMethodAccessorImpl.java:62) ~[?:?]
	at jdk.internal.reflect.DelegatingMethodAccessorImpl.invoke(DelegatingMethodAccessorImpl.java:43) ~[?:?]
	at java.lang.reflect.Method.invoke(Method.java:566) ~[?:?]
	at org.openqa.selenium.support.ThreadGuard$WebDriverInvocationHandler.invokeUnderlying(ThreadGuard.java:99) ~[selenium-support-4.10.0.jar:?]
	at org.openqa.selenium.support.ThreadGuard$WebDriverInvocationHandler.invoke(ThreadGuard.java:91) ~[selenium-support-4.10.0.jar:?]
	at com.sun.proxy.$Proxy47.getScreenshotAs(Unknown Source) ~[?:?]
	at anhtester.com.listeners.AllureListener.beforeTestStop(AllureListener.java:43) ~[test-classes/:?]
	at io.qameta.allure.listener.LifecycleNotifier.lambda$runSafely$0(LifecycleNotifier.java:211) ~[allure-java-commons-2.22.1.jar:2.22.1]
	at java.util.ArrayList.forEach(ArrayList.java:1541) ~[?:?]
	at io.qameta.allure.listener.LifecycleNotifier.runSafely(LifecycleNotifier.java:209) ~[allure-java-commons-2.22.1.jar:2.22.1]
	at io.qameta.allure.listener.LifecycleNotifier.beforeTestStop(LifecycleNotifier.java:88) ~[allure-java-commons-2.22.1.jar:2.22.1]
	at io.qameta.allure.AllureLifecycle.stopTestCase(AllureLifecycle.java:420) ~[allure-java-commons-2.22.1.jar:2.22.1]
	at io.qameta.allure.testng.AllureTestNg.stopTestCase(AllureTestNg.java:376) ~[allure-testng-2.22.1.jar:2.22.1]
	at io.qameta.allure.testng.AllureTestNg.onTestFailure(AllureTestNg.java:370) ~[allure-testng-2.22.1.jar:2.22.1]
	at org.testng.internal.TestListenerHelper.runTestListeners(TestListenerHelper.java:108) ~[testng-7.8.0.jar:7.8.0]
	at org.testng.internal.invokers.TestInvoker.runTestResultListener(TestInvoker.java:262) ~[testng-7.8.0.jar:7.8.0]
	at org.testng.internal.invokers.TestInvoker.invokeMethod(TestInvoker.java:751) ~[testng-7.8.0.jar:7.8.0]
	at org.testng.internal.invokers.TestInvoker.invokeTestMethod(TestInvoker.java:227) ~[testng-7.8.0.jar:7.8.0]
	at org.testng.internal.invokers.MethodRunner.runInSequence(MethodRunner.java:50) ~[testng-7.8.0.jar:7.8.0]
	at org.testng.internal.invokers.TestInvoker$MethodInvocationAgent.invoke(TestInvoker.java:957) ~[testng-7.8.0.jar:7.8.0]
	at org.testng.internal.invokers.TestInvoker.invokeTestMethods(TestInvoker.java:200) ~[testng-7.8.0.jar:7.8.0]
	at org.testng.internal.invokers.TestMethodWorker.invokeTestMethods(TestMethodWorker.java:148) ~[testng-7.8.0.jar:7.8.0]
	at org.testng.internal.invokers.TestMethodWorker.run(TestMethodWorker.java:128) ~[testng-7.8.0.jar:7.8.0]
	at java.util.ArrayList.forEach(ArrayList.java:1541) [?:?]
	at org.testng.TestRunner.privateRun(TestRunner.java:848) [testng-7.8.0.jar:7.8.0]
	at org.testng.TestRunner.run(TestRunner.java:621) [testng-7.8.0.jar:7.8.0]
	at org.testng.SuiteRunner.runTest(SuiteRunner.java:443) [testng-7.8.0.jar:7.8.0]
	at org.testng.SuiteRunner.runSequentially(SuiteRunner.java:437) [testng-7.8.0.jar:7.8.0]
	at org.testng.SuiteRunner.privateRun(SuiteRunner.java:397) [testng-7.8.0.jar:7.8.0]
	at org.testng.SuiteRunner.run(SuiteRunner.java:336) [testng-7.8.0.jar:7.8.0]
	at org.testng.SuiteRunnerWorker.runSuite(SuiteRunnerWorker.java:52) [testng-7.8.0.jar:7.8.0]
	at org.testng.SuiteRunnerWorker.run(SuiteRunnerWorker.java:95) [testng-7.8.0.jar:7.8.0]
	at org.testng.TestNG.runSuitesSequentially(TestNG.java:1280) [testng-7.8.0.jar:7.8.0]
	at org.testng.TestNG.runSuitesLocally(TestNG.java:1200) [testng-7.8.0.jar:7.8.0]
	at org.testng.TestNG.runSuites(TestNG.java:1114) [testng-7.8.0.jar:7.8.0]
	at org.testng.TestNG.run(TestNG.java:1082) [testng-7.8.0.jar:7.8.0]
	at com.intellij.rt.testng.IDEARemoteTestNG.run(IDEARemoteTestNG.java:66) [testng-rt.jar:?]
	at com.intellij.rt.testng.RemoteTestNGStarter.main(RemoteTestNGStarter.java:109) [testng-rt.jar:?]
[INFO] 22-06-2023 00:15:45 [main] [Utils] - [TestNG] Running:
  /Users/kanthreddy/Library/Caches/JetBrains/IdeaIE2022.2/temp-testng-customsuite.xml

[INFO] 22-06-2023 00:15:46 [main] [LogUtils] - Loaded all properties files.
[INFO] 22-06-2023 00:15:46 [main] [LogUtils] - {TARGET=local, ownerDetail=xpath&&//div[@id='s2id_created_by']//a[@class='select2-choice']/span[1], menuClients=xpath&&//span[normalize-space()='Clients'], TELEGRAM_CHATID=, OVERRIDE_REPORTS=yes, inputPhone=xpath&&//input[@id='phone'], inputClientGroups=xpath&&(//label[normalize-space()='Client groups']/following-sibling::div//input)[1], buttonSaveOnDialog=xpath&&//div[@id='ajaxModalContent']//button[normalize-space()='Save'], spanFirstItemClientGroups=xpath&&//span[@class='select2-match'], inputCountry=xpath&&//input[@id='country'], SEND_REPORT_TO_TELEGRAM=no, SEND_EMAIL_TO_USERS=no, ZIP_FOLDER_NAME=CucumberExtentReports.zip, WAIT_DEFAULT=5, REMOTE_PORT=4444, TELEGRAM_TOKEN=, buttonAddClient=xpath&&//a[normalize-space()='Add client'], URL_CORP=https://corporate-dev.hubpay.ae/auth/signin, labelClientGroups=xpath&&//li[@class='select2-search-choice']/div, URL_OPS=https://ops-portal-dev.hubpay.ae/wallet/, inputState=xpath&&//input[@id='state'], labelOnClientPage=xpath&&//span[normalize-space()='Total clients'], inputPassword=xpath&&//input[@id='password'], EXTENT_REPORT_PDF=PdfReport.pdf, inputAddress=xpath&&//textarea[@id='address'], VIDEO_RECORD=no, inputSearchOwner=xpath&&//div[@id='select2-drop']//input, tabClient=xpath&&//ul[@id='client-tabs']//li[2], labelEmailError=id&&email-error, tabClientInfo=xpath&&//a[normalize-space()='Client info'], PASSWORD=T+wyT5u9cOelDJbBWNgxLw, inputWebsite=xpath&&//input[@id='website'], SCREENSHOT_ALL_STEPS=no, labelAuthentication=xpath&&//div[@role='alert'], EXTENT_REPORT_NAME=ExtentReport, EXPORT_VIDEO_PATH=ExportData/Videos, EXPORT_CAPTURE_PATH=ExportData/Images, WAIT_PAGE_LOADED=30, SCREENSHOT_PASSED_STEPS=no, radioOrganization=xpath&&//input[@id='type_organization'], EXTENT_REPORT_FOLDER=reports/CucumberExtentReports, itemClientFirstRow=xpath&&//table[@id='client-table']//tbody/tr[1]/td[2]/a, WAIT_EXPLICIT=10, BROWSER=chrome, SCREENSHOT_SKIPPED_STEPS=yes, inputEmail=xpath&&//input[@id='email'], menuDashboard=xpath&&//span[normalize-space()='Dashboard'], REPORT_TITLE=Report | Automation Framework Cucumber TestNG | Anh Tester, AUTHOR=Anh Tester, EXCEL_DATA_FILE_PATH=src/test/resources/testdata/ClientsDataExcel.xlsx, WAIT_IMPLICIT=20, PROJECT_NAME=Automation Framework Cucumber TestNG | Anh Tester, HEADLESS=false, REMOTE_URL=localhost, inputCompanyName=xpath&&//input[@id='company_name'], selectOwner=xpath&&//div[@id='s2id_created_by'], inputCity=xpath&&//input[@id='city'], SCREENSHOT_FAILED_STEPS=yes, TXT_FILE_PATH=src/test/resources/testdata/TxtFileData.txt, selectFirstItemOwner=xpath&&(//div[contains(@id,'select2-result-label')])[1], buttonSignIn=xpath&&//button[normalize-space()='Sign in'], JSON_DATA_FILE_PATH=src/test/resources/config/config.json, inputVat=xpath&&//input[@id='vat_number'], ACTIVE_PAGE_LOADED=true, headerPageClientInfo=xpath&&//form[@id='company-form']//h4, URL_CRM=https://rise.fairsketch.com/signin, WAIT_SLEEP_STEP=0, OPEN_REPORTS_AFTER_EXECUTION=no, buttonDynamicXpath=xpath&&//button[normalize-space()='%s'], ZIP_FOLDER_PATH=reports/CucumberExtentReports, inputZip=xpath&&//input[@id='zip'], inputSearch=xpath&&//input[@placeholder='Search'], ZIP_FOLDER=no, menuProjects=xpath&&//span[normalize-space()='Projects']}
[INFO] 22-06-2023 00:15:46 [main] [LogUtils] - Loaded all properties files.
[INFO] 22-06-2023 00:15:46 [main] [LogUtils] - {TARGET=local, ownerDetail=xpath&&//div[@id='s2id_created_by']//a[@class='select2-choice']/span[1], menuClients=xpath&&//span[normalize-space()='Clients'], TELEGRAM_CHATID=, OVERRIDE_REPORTS=yes, inputPhone=xpath&&//input[@id='phone'], inputClientGroups=xpath&&(//label[normalize-space()='Client groups']/following-sibling::div//input)[1], buttonSaveOnDialog=xpath&&//div[@id='ajaxModalContent']//button[normalize-space()='Save'], spanFirstItemClientGroups=xpath&&//span[@class='select2-match'], inputCountry=xpath&&//input[@id='country'], SEND_REPORT_TO_TELEGRAM=no, SEND_EMAIL_TO_USERS=no, ZIP_FOLDER_NAME=CucumberExtentReports.zip, WAIT_DEFAULT=5, REMOTE_PORT=4444, TELEGRAM_TOKEN=, buttonAddClient=xpath&&//a[normalize-space()='Add client'], URL_CORP=https://corporate-dev.hubpay.ae/auth/signin, labelClientGroups=xpath&&//li[@class='select2-search-choice']/div, URL_OPS=https://ops-portal-dev.hubpay.ae/wallet/, inputState=xpath&&//input[@id='state'], labelOnClientPage=xpath&&//span[normalize-space()='Total clients'], inputPassword=xpath&&//input[@id='password'], EXTENT_REPORT_PDF=PdfReport.pdf, inputAddress=xpath&&//textarea[@id='address'], VIDEO_RECORD=no, inputSearchOwner=xpath&&//div[@id='select2-drop']//input, tabClient=xpath&&//ul[@id='client-tabs']//li[2], labelEmailError=id&&email-error, tabClientInfo=xpath&&//a[normalize-space()='Client info'], PASSWORD=T+wyT5u9cOelDJbBWNgxLw, inputWebsite=xpath&&//input[@id='website'], SCREENSHOT_ALL_STEPS=no, labelAuthentication=xpath&&//div[@role='alert'], EXTENT_REPORT_NAME=ExtentReport, EXPORT_VIDEO_PATH=ExportData/Videos, EXPORT_CAPTURE_PATH=ExportData/Images, WAIT_PAGE_LOADED=30, SCREENSHOT_PASSED_STEPS=no, radioOrganization=xpath&&//input[@id='type_organization'], EXTENT_REPORT_FOLDER=reports/CucumberExtentReports, itemClientFirstRow=xpath&&//table[@id='client-table']//tbody/tr[1]/td[2]/a, WAIT_EXPLICIT=10, BROWSER=chrome, SCREENSHOT_SKIPPED_STEPS=yes, inputEmail=xpath&&//input[@id='email'], menuDashboard=xpath&&//span[normalize-space()='Dashboard'], REPORT_TITLE=Report | Automation Framework Cucumber TestNG | Anh Tester, AUTHOR=Anh Tester, EXCEL_DATA_FILE_PATH=src/test/resources/testdata/ClientsDataExcel.xlsx, WAIT_IMPLICIT=20, PROJECT_NAME=Automation Framework Cucumber TestNG | Anh Tester, HEADLESS=false, REMOTE_URL=localhost, inputCompanyName=xpath&&//input[@id='company_name'], selectOwner=xpath&&//div[@id='s2id_created_by'], inputCity=xpath&&//input[@id='city'], SCREENSHOT_FAILED_STEPS=yes, TXT_FILE_PATH=src/test/resources/testdata/TxtFileData.txt, selectFirstItemOwner=xpath&&(//div[contains(@id,'select2-result-label')])[1], buttonSignIn=xpath&&//button[normalize-space()='Sign in'], JSON_DATA_FILE_PATH=src/test/resources/config/config.json, inputVat=xpath&&//input[@id='vat_number'], ACTIVE_PAGE_LOADED=true, headerPageClientInfo=xpath&&//form[@id='company-form']//h4, URL_CRM=https://rise.fairsketch.com/signin, WAIT_SLEEP_STEP=0, OPEN_REPORTS_AFTER_EXECUTION=no, buttonDynamicXpath=xpath&&//button[normalize-space()='%s'], ZIP_FOLDER_PATH=reports/CucumberExtentReports, inputZip=xpath&&//input[@id='zip'], inputSearch=xpath&&//input[@placeholder='Search'], ZIP_FOLDER=no, menuProjects=xpath&&//span[normalize-space()='Projects']}
[WARN] 22-06-2023 00:16:16 [main] [VersionDetector] - Error reading commands.properties, using local instead
[INFO] 22-06-2023 00:16:16 [main] [WebDriverManager] - Using chromedriver 114.0.5735.90 (resolved driver for Chrome 114)
[INFO] 22-06-2023 00:16:16 [main] [WebDriverManager] - Exporting webdriver.chrome.driver as /Users/kanthreddy/.cache/selenium/chromedriver/mac-arm64/114.0.5735.90/chromedriver
[INFO] 22-06-2023 00:16:25 [main] [LogUtils] - Driver in TestContext: ChromeDriver: chrome on mac (dc7f07292b400b90d12ad2da2c32a9e1)
[INFO] 22-06-2023 00:16:28 [main] [LogUtils] - Open URL: https://corporate-dev.hubpay.ae/auth/signin
[INFO] 22-06-2023 00:16:28 [main] [LogUtils] - Verify element visible By.cssSelector: input[name='username']
[INFO] 22-06-2023 00:16:31 [main] [LogUtils] - Set text sreekanth@hubpay.ae on By.cssSelector: input[name='username']
[INFO] 22-06-2023 00:16:31 [main] [LogUtils] - Verify element visible By.cssSelector: input[name='password']
[INFO] 22-06-2023 00:16:32 [main] [LogUtils] - Set text Hubpass@1 on By.cssSelector: input[name='password']
[INFO] 22-06-2023 00:16:37 [main] [LogUtils] - Click on element with JS: By.xpath: //button[text()='Next']
[INFO] 22-06-2023 00:16:54 [main] [LogUtils] - Verify element visible By.xpath: //li[contains(.,'Sign out')]
[INFO] 22-06-2023 00:16:56 [main] [LogUtils] - Verify element visible By.xpath: //h1[text()='Dashboard']
[INFO] 22-06-2023 00:16:56 [main] [LogUtils] - Verify element visible By.xpath: //h1[text()='Dashboard']
[INFO] 22-06-2023 00:16:56 [main] [LogUtils] - Verify element visible By.xpath: //p[contains(text(),'AUD')]
[INFO] 22-06-2023 00:16:56 [main] [LogUtils] - Verify element visible By.xpath: //p[contains(text(),'AUD')]
[INFO] 22-06-2023 00:16:57 [main] [LogUtils] - Verify element visible By.xpath: //p[contains(text(),'AED')]
[INFO] 22-06-2023 00:16:57 [main] [LogUtils] - Verify element visible By.xpath: //p[contains(text(),'AED')]
[INFO] 22-06-2023 00:16:58 [main] [LogUtils] - Verify element visible By.xpath: //a[text()='Exchange']
[INFO] 22-06-2023 00:16:58 [main] [LogUtils] - Clicked on the element By.xpath: //a[text()='Exchange']
[INFO] 22-06-2023 00:17:03 [main] [LogUtils] - Verify element visible By.xpath: //h1[text()='Exchange']
[INFO] 22-06-2023 00:17:03 [main] [LogUtils] - Verify element visible By.xpath: //h1[text()='Exchange']
[INFO] 22-06-2023 00:17:03 [main] [LogUtils] - Verify element visible By.xpath: //p[text()='Convert money between your wallets']
[INFO] 22-06-2023 00:17:03 [main] [LogUtils] - Verify element visible By.xpath: //span[text()='Amount']/preceding-sibling::span[text()='1']/parent::span
[INFO] 22-06-2023 00:17:03 [main] [LogUtils] - Verify element visible By.xpath: //span[text()='Review & confirm']/preceding-sibling::span[text()='2']/parent::span
[INFO] 22-06-2023 00:17:03 [main] [LogUtils] - Verify element visible By.xpath: //h1[text()='Amount']
[INFO] 22-06-2023 00:17:04 [main] [LogUtils] - Verify element visible By.xpath: //h1[text()='Amount']/following-sibling::p[text()='Select the wallet you want to exchange to and define the amount']
[INFO] 22-06-2023 00:17:04 [main] [LogUtils] - Verify element visible By.xpath: //input[@id='amount']/following-sibling::div/button
[INFO] 22-06-2023 00:17:04 [main] [LogUtils] - Verify element visible By.xpath: //label[text()='Sell']/following-sibling::div/input[@placeholder='0.00']/following-sibling::div[.='AED']
[INFO] 22-06-2023 00:17:04 [main] [LogUtils] - Verify TRUE: true
[INFO] 22-06-2023 00:17:04 [main] [LogUtils] - Verify element visible By.xpath: //p[.='ANITHA TEST BUSINESS Solutions Private Limited']
[INFO] 22-06-2023 00:17:04 [main] [LogUtils] - Verify element visible By.xpath: //p[.='Hello, SRIKANTH PALLA BHANUMURTHY REDDY']
[INFO] 22-06-2023 00:17:04 [main] [LogUtils] - Verify element visible By.xpath: //span[text()='Amount']/preceding-sibling::span[text()='1']/parent::span
[INFO] 22-06-2023 00:17:04 [main] [LogUtils] - Verify element visible By.xpath: //span[text()='Amount']/preceding-sibling::span[text()='1']/parent::span
[INFO] 22-06-2023 00:17:04 [main] [LogUtils] - Verify element visible By.xpath: //span[text()='Amount']/preceding-sibling::span[text()='1']/parent::span
[INFO] 22-06-2023 00:17:04 [main] [LogUtils] - Verify TRUE: true
[INFO] 22-06-2023 00:17:04 [main] [LogUtils] - Verify element visible By.xpath: //span[text()='Review & confirm']/preceding-sibling::span[text()='2']/parent::span
[INFO] 22-06-2023 00:17:04 [main] [LogUtils] - Verify element visible By.xpath: //span[text()='Review & confirm']/preceding-sibling::span[text()='2']/parent::span
[INFO] 22-06-2023 00:17:04 [main] [LogUtils] - Verify element visible By.xpath: //span[text()='Review & confirm']/preceding-sibling::span[text()='2']/parent::span
[INFO] 22-06-2023 00:17:04 [main] [LogUtils] - Verify TRUE: true
[INFO] 22-06-2023 00:17:11 [main] [LogUtils] - Verify element visible By.xpath: //input[@id='amount']
[INFO] 22-06-2023 00:17:12 [main] [LogUtils] - Verify element visible By.xpath: //input[@id='amount']
[INFO] 22-06-2023 00:17:13 [main] [LogUtils] - Clear and Fill 10 on By.xpath: //input[@id='amount']
[INFO] 22-06-2023 00:17:13 [main] [LogUtils] - Verify element visible By.xpath: //div[text()='Live rate']/preceding-sibling::div//p
[INFO] 22-06-2023 00:17:13 [main] [LogUtils] - Verify element visible By.xpath: //div[text()='Live rate']/preceding-sibling::div//p
[INFO] 22-06-2023 00:17:14 [main] [LogUtils] - Verify element visible By.xpath: //div[text()='Live rate']/preceding-sibling::div//p
[INFO] 22-06-2023 00:17:14 [main] [LogUtils] - Verify element visible By.xpath: //div[text()='Live rate']/preceding-sibling::div//p
[INFO] 22-06-2023 00:17:14 [main] [LogUtils] - Verify text of an element [Contains]: true
[INFO] 22-06-2023 00:17:14 [main] [LogUtils] - Verify element visible By.xpath: //div[text()='Live rate']/preceding-sibling::div//p
[INFO] 22-06-2023 00:17:14 [main] [LogUtils] - Verify element visible By.xpath: //div[text()='Live rate']/preceding-sibling::div//p
[INFO] 22-06-2023 00:17:14 [main] [LogUtils] - Verify element visible By.xpath: //div[text()='Processing time']/preceding-sibling::div
[INFO] 22-06-2023 00:17:14 [main] [LogUtils] - Verify element visible By.xpath: //div[text()='Processing time']/preceding-sibling::div
[INFO] 22-06-2023 00:17:14 [main] [LogUtils] - Verify element visible By.xpath: //div[text()='Processing time']/preceding-sibling::div
[INFO] 22-06-2023 00:17:14 [main] [LogUtils] - Verify text of an element [Equals]: true
[INFO] 22-06-2023 00:17:14 [main] [LogUtils] - Verify element visible By.xpath: //div[text()='Processing time']/preceding-sibling::div
[INFO] 22-06-2023 00:17:14 [main] [LogUtils] - Verify element visible By.xpath: //div[text()='Processing time']/preceding-sibling::div
[INFO] 22-06-2023 00:17:14 [main] [LogUtils] - Verify element visible By.xpath: //div[text()='Processing time']/preceding-sibling::div
[INFO] 22-06-2023 00:17:15 [main] [LogUtils] - Verify element visible By.xpath: //div[text()='Processing time']/preceding-sibling::div
[INFO] 22-06-2023 00:17:15 [main] [LogUtils] - Verify element visible By.xpath: //div[text()='Processing time']/preceding-sibling::div
[INFO] 22-06-2023 00:17:15 [main] [LogUtils] - Verify element visible By.xpath: //div[text()='Processing time']/preceding-sibling::div
[INFO] 22-06-2023 00:17:15 [main] [LogUtils] - Verify element visible By.xpath: //button/span
[INFO] 22-06-2023 00:17:15 [main] [LogUtils] - Verify element visible By.xpath: //button/span
[INFO] 22-06-2023 00:17:15 [main] [LogUtils] - Verify element visible By.xpath: //input[@id='amount']
[INFO] 22-06-2023 00:17:16 [main] [LogUtils] - Verify element visible By.xpath: //input[@id='sell']/following-sibling::div
[INFO] 22-06-2023 00:17:16 [main] [LogUtils] - Verify element visible By.xpath: //input[@id='sell']/following-sibling::div
[INFO] 22-06-2023 00:17:16 [main] [LogUtils] - Verify element visible By.xpath: //div[text()='Live rate']/preceding-sibling::div//p
[INFO] 22-06-2023 00:17:16 [main] [LogUtils] - Verify element visible By.xpath: //div[text()='Live rate']/preceding-sibling::div//p
[INFO] 22-06-2023 00:17:16 [main] [LogUtils] - Verify element visible By.xpath: //input[@id='amount']
[INFO] 22-06-2023 00:17:16 [main] [LogUtils] - Verify element visible By.xpath: //div[text()='Live rate']/preceding-sibling::div//p
[INFO] 22-06-2023 00:17:16 [main] [LogUtils] - Verify element visible By.xpath: //div[text()='Live rate']/preceding-sibling::div//p
[INFO] 22-06-2023 00:17:16 [main] [LogUtils] - Verify element visible By.xpath: //div[text()='Settlement date']/preceding-sibling::div
[INFO] 22-06-2023 00:17:16 [main] [LogUtils] - Verify element visible By.xpath: //div[text()='Settlement date']/preceding-sibling::div
[INFO] 22-06-2023 00:17:16 [main] [LogUtils] - Verify element visible By.xpath: //div[text()='Processing time']/preceding-sibling::div
[INFO] 22-06-2023 00:17:16 [main] [LogUtils] - Verify element visible By.xpath: //div[text()='Processing time']/preceding-sibling::div
[INFO] 22-06-2023 00:17:16 [main] [LogUtils] - Verify element visible By.xpath: //div[text()='Settlement date']/preceding-sibling::div
[INFO] 22-06-2023 00:17:16 [main] [LogUtils] - Verify element visible By.xpath: //div[text()='Settlement date']/preceding-sibling::div
[INFO] 22-06-2023 00:17:16 [main] [LogUtils] - Verify element visible By.xpath: //div[text()='Settlement date']/preceding-sibling::div
[INFO] 22-06-2023 00:17:17 [main] [LogUtils] - Verify element visible By.xpath: //div[text()='Settlement date']/preceding-sibling::div
[INFO] 22-06-2023 00:17:17 [main] [LogUtils] - Verify element visible By.xpath: //div[text()='Settlement date']/preceding-sibling::div
[INFO] 22-06-2023 00:17:17 [main] [LogUtils] - Verify element visible By.xpath: //div[text()='Settlement date']/preceding-sibling::div
[INFO] 22-06-2023 00:17:17 [main] [LogUtils] - Verify element visible By.xpath: //div[text()='Settlement date']/preceding-sibling::div
[INFO] 22-06-2023 00:17:17 [main] [LogUtils] - Verify element visible By.xpath: //div[text()='Settlement date']/preceding-sibling::div
[INFO] 22-06-2023 00:17:17 [main] [LogUtils] - Scroll to element By.xpath: //button[contains(.,'Next')]
[INFO] 22-06-2023 00:17:17 [main] [LogUtils] - Click on element with JS: By.xpath: //button[contains(.,'Next')]
[INFO] 22-06-2023 00:17:17 [main] [LogUtils] - Verify element visible By.xpath: //span[text()='Amount']/preceding-sibling::span[text()='1']/parent::span
[INFO] 22-06-2023 00:17:17 [main] [LogUtils] - Verify element visible By.xpath: //span[text()='Amount']/preceding-sibling::span[text()='1']/parent::span
[INFO] 22-06-2023 00:17:18 [main] [LogUtils] - Verify element visible By.xpath: //span[text()='Amount']/preceding-sibling::span[text()='1']/parent::span
[INFO] 22-06-2023 00:17:18 [main] [LogUtils] - Verify TRUE: false
[ERROR] 22-06-2023 00:17:19 [main] [LifecycleNotifier] - Could not invoke listener method
org.openqa.selenium.NoSuchSessionException: Session ID is null. Using WebDriver after calling quit()?
Build info: version: '4.10.0', revision: 'c14d967899'
System info: os.name: 'Mac OS X', os.arch: 'aarch64', os.version: '12.6', java.version: '11.0.16'
Driver info: org.openqa.selenium.chrome.ChromeDriver
Command: [null, screenshot {}]
Capabilities {acceptInsecureCerts: false, browserName: chrome, browserVersion: 114.0.5735.133, chrome: {chromedriverVersion: 114.0.5735.90 (386bc09e8f4f..., userDataDir: /var/folders/bz/l4ntdftn1jd...}, goog:chromeOptions: {debuggerAddress: localhost:62128}, networkConnectionEnabled: false, pageLoadStrategy: normal, platformName: mac, proxy: Proxy(), se:cdp: ws://localhost:62128/devtoo..., se:cdpVersion: 114.0.5735.133, setWindowRect: true, strictFileInteractability: false, timeouts: {implicit: 0, pageLoad: 300000, script: 30000}, unhandledPromptBehavior: dismiss and notify, webauthn:extension:credBlob: true, webauthn:extension:largeBlob: true, webauthn:extension:minPinLength: true, webauthn:extension:prf: true, webauthn:virtualAuthenticators: true}
	at org.openqa.selenium.remote.HttpCommandExecutor.execute(HttpCommandExecutor.java:152) ~[selenium-remote-driver-4.10.0.jar:?]
	at org.openqa.selenium.remote.service.DriverCommandExecutor.invokeExecute(DriverCommandExecutor.java:196) ~[selenium-remote-driver-4.10.0.jar:?]
	at org.openqa.selenium.remote.service.DriverCommandExecutor.execute(DriverCommandExecutor.java:171) ~[selenium-remote-driver-4.10.0.jar:?]
	at org.openqa.selenium.remote.RemoteWebDriver.execute(RemoteWebDriver.java:531) ~[selenium-remote-driver-4.10.0.jar:?]
	at org.openqa.selenium.remote.RemoteWebDriver.execute(RemoteWebDriver.java:590) ~[selenium-remote-driver-4.10.0.jar:?]
	at org.openqa.selenium.remote.RemoteWebDriver.execute(RemoteWebDriver.java:594) ~[selenium-remote-driver-4.10.0.jar:?]
	at org.openqa.selenium.remote.RemoteWebDriver.getScreenshotAs(RemoteWebDriver.java:316) ~[selenium-remote-driver-4.10.0.jar:?]
	at jdk.internal.reflect.NativeMethodAccessorImpl.invoke0(Native Method) ~[?:?]
	at jdk.internal.reflect.NativeMethodAccessorImpl.invoke(NativeMethodAccessorImpl.java:62) ~[?:?]
	at jdk.internal.reflect.DelegatingMethodAccessorImpl.invoke(DelegatingMethodAccessorImpl.java:43) ~[?:?]
	at java.lang.reflect.Method.invoke(Method.java:566) ~[?:?]
	at org.openqa.selenium.support.ThreadGuard$WebDriverInvocationHandler.invokeUnderlying(ThreadGuard.java:99) ~[selenium-support-4.10.0.jar:?]
	at org.openqa.selenium.support.ThreadGuard$WebDriverInvocationHandler.invoke(ThreadGuard.java:91) ~[selenium-support-4.10.0.jar:?]
	at com.sun.proxy.$Proxy47.getScreenshotAs(Unknown Source) ~[?:?]
	at anhtester.com.listeners.AllureListener.beforeTestStop(AllureListener.java:43) ~[test-classes/:?]
	at io.qameta.allure.listener.LifecycleNotifier.lambda$runSafely$0(LifecycleNotifier.java:211) ~[allure-java-commons-2.22.1.jar:2.22.1]
	at java.util.ArrayList.forEach(ArrayList.java:1541) ~[?:?]
	at io.qameta.allure.listener.LifecycleNotifier.runSafely(LifecycleNotifier.java:209) ~[allure-java-commons-2.22.1.jar:2.22.1]
	at io.qameta.allure.listener.LifecycleNotifier.beforeTestStop(LifecycleNotifier.java:88) ~[allure-java-commons-2.22.1.jar:2.22.1]
	at io.qameta.allure.AllureLifecycle.stopTestCase(AllureLifecycle.java:420) ~[allure-java-commons-2.22.1.jar:2.22.1]
	at io.qameta.allure.cucumber7jvm.AllureCucumber7Jvm.handleTestCaseFinished(AllureCucumber7Jvm.java:197) ~[allure-cucumber7-jvm-2.22.1.jar:2.22.1]
	at io.cucumber.core.eventbus.AbstractEventPublisher.send(AbstractEventPublisher.java:51) ~[cucumber-core-7.12.1.jar:7.12.1]
	at io.cucumber.core.eventbus.AbstractEventBus.send(AbstractEventBus.java:12) ~[cucumber-core-7.12.1.jar:7.12.1]
	at io.cucumber.core.runtime.SynchronizedEventBus.send(SynchronizedEventBus.java:47) ~[cucumber-core-7.12.1.jar:7.12.1]
	at io.cucumber.core.runtime.ThreadLocalRunnerSupplier$LocalEventBus.send(ThreadLocalRunnerSupplier.java:62) ~[cucumber-core-7.12.1.jar:7.12.1]
	at io.cucumber.core.runner.TestCase.emitTestCaseFinished(TestCase.java:219) ~[cucumber-core-7.12.1.jar:7.12.1]
	at io.cucumber.core.runner.TestCase.run(TestCase.java:98) ~[cucumber-core-7.12.1.jar:7.12.1]
	at io.cucumber.core.runner.Runner.runPickle(Runner.java:75) ~[cucumber-core-7.12.1.jar:7.12.1]
	at io.cucumber.testng.TestNGCucumberRunner.lambda$runScenario$1(TestNGCucumberRunner.java:132) ~[cucumber-testng-7.12.1.jar:7.12.1]
	at io.cucumber.core.runtime.CucumberExecutionContext.lambda$runTestCase$5(CucumberExecutionContext.java:137) ~[cucumber-core-7.12.1.jar:7.12.1]
	at io.cucumber.core.runtime.RethrowingThrowableCollector.executeAndThrow(RethrowingThrowableCollector.java:23) ~[cucumber-core-7.12.1.jar:7.12.1]
	at io.cucumber.core.runtime.CucumberExecutionContext.runTestCase(CucumberExecutionContext.java:137) ~[cucumber-core-7.12.1.jar:7.12.1]
	at io.cucumber.testng.TestNGCucumberRunner.runScenario(TestNGCucumberRunner.java:129) ~[cucumber-testng-7.12.1.jar:7.12.1]
	at io.cucumber.testng.AbstractTestNGCucumberTests.runScenario(AbstractTestNGCucumberTests.java:35) ~[cucumber-testng-7.12.1.jar:7.12.1]
	at jdk.internal.reflect.NativeMethodAccessorImpl.invoke0(Native Method) ~[?:?]
	at jdk.internal.reflect.NativeMethodAccessorImpl.invoke(NativeMethodAccessorImpl.java:62) ~[?:?]
	at jdk.internal.reflect.DelegatingMethodAccessorImpl.invoke(DelegatingMethodAccessorImpl.java:43) ~[?:?]
	at java.lang.reflect.Method.invoke(Method.java:566) ~[?:?]
	at org.testng.internal.invokers.MethodInvocationHelper.invokeMethod(MethodInvocationHelper.java:139) ~[testng-7.8.0.jar:7.8.0]
	at org.testng.internal.invokers.TestInvoker.invokeMethod(TestInvoker.java:664) ~[testng-7.8.0.jar:7.8.0]
	at org.testng.internal.invokers.TestInvoker.invokeTestMethod(TestInvoker.java:227) ~[testng-7.8.0.jar:7.8.0]
	at org.testng.internal.invokers.MethodRunner.runInSequence(MethodRunner.java:50) ~[testng-7.8.0.jar:7.8.0]
	at org.testng.internal.invokers.TestInvoker$MethodInvocationAgent.invoke(TestInvoker.java:957) ~[testng-7.8.0.jar:7.8.0]
	at org.testng.internal.invokers.TestInvoker.invokeTestMethods(TestInvoker.java:200) ~[testng-7.8.0.jar:7.8.0]
	at org.testng.internal.invokers.TestMethodWorker.invokeTestMethods(TestMethodWorker.java:148) ~[testng-7.8.0.jar:7.8.0]
	at org.testng.internal.invokers.TestMethodWorker.run(TestMethodWorker.java:128) ~[testng-7.8.0.jar:7.8.0]
	at java.util.ArrayList.forEach(ArrayList.java:1541) [?:?]
	at org.testng.TestRunner.privateRun(TestRunner.java:848) [testng-7.8.0.jar:7.8.0]
	at org.testng.TestRunner.run(TestRunner.java:621) [testng-7.8.0.jar:7.8.0]
	at org.testng.SuiteRunner.runTest(SuiteRunner.java:443) [testng-7.8.0.jar:7.8.0]
	at org.testng.SuiteRunner.runSequentially(SuiteRunner.java:437) [testng-7.8.0.jar:7.8.0]
	at org.testng.SuiteRunner.privateRun(SuiteRunner.java:397) [testng-7.8.0.jar:7.8.0]
	at org.testng.SuiteRunner.run(SuiteRunner.java:336) [testng-7.8.0.jar:7.8.0]
	at org.testng.SuiteRunnerWorker.runSuite(SuiteRunnerWorker.java:52) [testng-7.8.0.jar:7.8.0]
	at org.testng.SuiteRunnerWorker.run(SuiteRunnerWorker.java:95) [testng-7.8.0.jar:7.8.0]
	at org.testng.TestNG.runSuitesSequentially(TestNG.java:1280) [testng-7.8.0.jar:7.8.0]
	at org.testng.TestNG.runSuitesLocally(TestNG.java:1200) [testng-7.8.0.jar:7.8.0]
	at org.testng.TestNG.runSuites(TestNG.java:1114) [testng-7.8.0.jar:7.8.0]
	at org.testng.TestNG.run(TestNG.java:1082) [testng-7.8.0.jar:7.8.0]
	at com.intellij.rt.testng.IDEARemoteTestNG.run(IDEARemoteTestNG.java:66) [testng-rt.jar:?]
	at com.intellij.rt.testng.RemoteTestNGStarter.main(RemoteTestNGStarter.java:109) [testng-rt.jar:?]
[ERROR] 22-06-2023 00:17:19 [main] [LifecycleNotifier] - Could not invoke listener method
org.openqa.selenium.NoSuchSessionException: Session ID is null. Using WebDriver after calling quit()?
Build info: version: '4.10.0', revision: 'c14d967899'
System info: os.name: 'Mac OS X', os.arch: 'aarch64', os.version: '12.6', java.version: '11.0.16'
Driver info: org.openqa.selenium.chrome.ChromeDriver
Command: [null, screenshot {}]
Capabilities {acceptInsecureCerts: false, browserName: chrome, browserVersion: 114.0.5735.133, chrome: {chromedriverVersion: 114.0.5735.90 (386bc09e8f4f..., userDataDir: /var/folders/bz/l4ntdftn1jd...}, goog:chromeOptions: {debuggerAddress: localhost:62128}, networkConnectionEnabled: false, pageLoadStrategy: normal, platformName: mac, proxy: Proxy(), se:cdp: ws://localhost:62128/devtoo..., se:cdpVersion: 114.0.5735.133, setWindowRect: true, strictFileInteractability: false, timeouts: {implicit: 0, pageLoad: 300000, script: 30000}, unhandledPromptBehavior: dismiss and notify, webauthn:extension:credBlob: true, webauthn:extension:largeBlob: true, webauthn:extension:minPinLength: true, webauthn:extension:prf: true, webauthn:virtualAuthenticators: true}
	at org.openqa.selenium.remote.HttpCommandExecutor.execute(HttpCommandExecutor.java:152) ~[selenium-remote-driver-4.10.0.jar:?]
	at org.openqa.selenium.remote.service.DriverCommandExecutor.invokeExecute(DriverCommandExecutor.java:196) ~[selenium-remote-driver-4.10.0.jar:?]
	at org.openqa.selenium.remote.service.DriverCommandExecutor.execute(DriverCommandExecutor.java:171) ~[selenium-remote-driver-4.10.0.jar:?]
	at org.openqa.selenium.remote.RemoteWebDriver.execute(RemoteWebDriver.java:531) ~[selenium-remote-driver-4.10.0.jar:?]
	at org.openqa.selenium.remote.RemoteWebDriver.execute(RemoteWebDriver.java:590) ~[selenium-remote-driver-4.10.0.jar:?]
	at org.openqa.selenium.remote.RemoteWebDriver.execute(RemoteWebDriver.java:594) ~[selenium-remote-driver-4.10.0.jar:?]
	at org.openqa.selenium.remote.RemoteWebDriver.getScreenshotAs(RemoteWebDriver.java:316) ~[selenium-remote-driver-4.10.0.jar:?]
	at jdk.internal.reflect.NativeMethodAccessorImpl.invoke0(Native Method) ~[?:?]
	at jdk.internal.reflect.NativeMethodAccessorImpl.invoke(NativeMethodAccessorImpl.java:62) ~[?:?]
	at jdk.internal.reflect.DelegatingMethodAccessorImpl.invoke(DelegatingMethodAccessorImpl.java:43) ~[?:?]
	at java.lang.reflect.Method.invoke(Method.java:566) ~[?:?]
	at org.openqa.selenium.support.ThreadGuard$WebDriverInvocationHandler.invokeUnderlying(ThreadGuard.java:99) ~[selenium-support-4.10.0.jar:?]
	at org.openqa.selenium.support.ThreadGuard$WebDriverInvocationHandler.invoke(ThreadGuard.java:91) ~[selenium-support-4.10.0.jar:?]
	at com.sun.proxy.$Proxy47.getScreenshotAs(Unknown Source) ~[?:?]
	at anhtester.com.listeners.AllureListener.beforeTestStop(AllureListener.java:43) ~[test-classes/:?]
	at io.qameta.allure.listener.LifecycleNotifier.lambda$runSafely$0(LifecycleNotifier.java:211) ~[allure-java-commons-2.22.1.jar:2.22.1]
	at java.util.ArrayList.forEach(ArrayList.java:1541) ~[?:?]
	at io.qameta.allure.listener.LifecycleNotifier.runSafely(LifecycleNotifier.java:209) ~[allure-java-commons-2.22.1.jar:2.22.1]
	at io.qameta.allure.listener.LifecycleNotifier.beforeTestStop(LifecycleNotifier.java:88) ~[allure-java-commons-2.22.1.jar:2.22.1]
	at io.qameta.allure.AllureLifecycle.stopTestCase(AllureLifecycle.java:420) ~[allure-java-commons-2.22.1.jar:2.22.1]
	at io.qameta.allure.testng.AllureTestNg.stopTestCase(AllureTestNg.java:376) ~[allure-testng-2.22.1.jar:2.22.1]
	at io.qameta.allure.testng.AllureTestNg.onTestFailure(AllureTestNg.java:370) ~[allure-testng-2.22.1.jar:2.22.1]
	at org.testng.internal.TestListenerHelper.runTestListeners(TestListenerHelper.java:108) ~[testng-7.8.0.jar:7.8.0]
	at org.testng.internal.invokers.TestInvoker.runTestResultListener(TestInvoker.java:262) ~[testng-7.8.0.jar:7.8.0]
	at org.testng.internal.invokers.TestInvoker.invokeMethod(TestInvoker.java:751) ~[testng-7.8.0.jar:7.8.0]
	at org.testng.internal.invokers.TestInvoker.invokeTestMethod(TestInvoker.java:227) ~[testng-7.8.0.jar:7.8.0]
	at org.testng.internal.invokers.MethodRunner.runInSequence(MethodRunner.java:50) ~[testng-7.8.0.jar:7.8.0]
	at org.testng.internal.invokers.TestInvoker$MethodInvocationAgent.invoke(TestInvoker.java:957) ~[testng-7.8.0.jar:7.8.0]
	at org.testng.internal.invokers.TestInvoker.invokeTestMethods(TestInvoker.java:200) ~[testng-7.8.0.jar:7.8.0]
	at org.testng.internal.invokers.TestMethodWorker.invokeTestMethods(TestMethodWorker.java:148) ~[testng-7.8.0.jar:7.8.0]
	at org.testng.internal.invokers.TestMethodWorker.run(TestMethodWorker.java:128) ~[testng-7.8.0.jar:7.8.0]
	at java.util.ArrayList.forEach(ArrayList.java:1541) [?:?]
	at org.testng.TestRunner.privateRun(TestRunner.java:848) [testng-7.8.0.jar:7.8.0]
	at org.testng.TestRunner.run(TestRunner.java:621) [testng-7.8.0.jar:7.8.0]
	at org.testng.SuiteRunner.runTest(SuiteRunner.java:443) [testng-7.8.0.jar:7.8.0]
	at org.testng.SuiteRunner.runSequentially(SuiteRunner.java:437) [testng-7.8.0.jar:7.8.0]
	at org.testng.SuiteRunner.privateRun(SuiteRunner.java:397) [testng-7.8.0.jar:7.8.0]
	at org.testng.SuiteRunner.run(SuiteRunner.java:336) [testng-7.8.0.jar:7.8.0]
	at org.testng.SuiteRunnerWorker.runSuite(SuiteRunnerWorker.java:52) [testng-7.8.0.jar:7.8.0]
	at org.testng.SuiteRunnerWorker.run(SuiteRunnerWorker.java:95) [testng-7.8.0.jar:7.8.0]
	at org.testng.TestNG.runSuitesSequentially(TestNG.java:1280) [testng-7.8.0.jar:7.8.0]
	at org.testng.TestNG.runSuitesLocally(TestNG.java:1200) [testng-7.8.0.jar:7.8.0]
	at org.testng.TestNG.runSuites(TestNG.java:1114) [testng-7.8.0.jar:7.8.0]
	at org.testng.TestNG.run(TestNG.java:1082) [testng-7.8.0.jar:7.8.0]
	at com.intellij.rt.testng.IDEARemoteTestNG.run(IDEARemoteTestNG.java:66) [testng-rt.jar:?]
	at com.intellij.rt.testng.RemoteTestNGStarter.main(RemoteTestNGStarter.java:109) [testng-rt.jar:?]
[INFO] 22-06-2023 00:32:41 [main] [Utils] - [TestNG] Running:
  /Users/kanthreddy/Library/Caches/JetBrains/IdeaIE2022.2/temp-testng-customsuite.xml

[INFO] 22-06-2023 00:32:42 [main] [LogUtils] - Loaded all properties files.
[INFO] 22-06-2023 00:32:42 [main] [LogUtils] - {TARGET=local, ownerDetail=xpath&&//div[@id='s2id_created_by']//a[@class='select2-choice']/span[1], menuClients=xpath&&//span[normalize-space()='Clients'], TELEGRAM_CHATID=, OVERRIDE_REPORTS=yes, inputPhone=xpath&&//input[@id='phone'], inputClientGroups=xpath&&(//label[normalize-space()='Client groups']/following-sibling::div//input)[1], buttonSaveOnDialog=xpath&&//div[@id='ajaxModalContent']//button[normalize-space()='Save'], spanFirstItemClientGroups=xpath&&//span[@class='select2-match'], inputCountry=xpath&&//input[@id='country'], SEND_REPORT_TO_TELEGRAM=no, SEND_EMAIL_TO_USERS=no, ZIP_FOLDER_NAME=CucumberExtentReports.zip, WAIT_DEFAULT=5, REMOTE_PORT=4444, TELEGRAM_TOKEN=, buttonAddClient=xpath&&//a[normalize-space()='Add client'], URL_CORP=https://corporate-dev.hubpay.ae/auth/signin, labelClientGroups=xpath&&//li[@class='select2-search-choice']/div, URL_OPS=https://ops-portal-dev.hubpay.ae/wallet/, inputState=xpath&&//input[@id='state'], labelOnClientPage=xpath&&//span[normalize-space()='Total clients'], inputPassword=xpath&&//input[@id='password'], EXTENT_REPORT_PDF=PdfReport.pdf, inputAddress=xpath&&//textarea[@id='address'], VIDEO_RECORD=no, inputSearchOwner=xpath&&//div[@id='select2-drop']//input, tabClient=xpath&&//ul[@id='client-tabs']//li[2], labelEmailError=id&&email-error, tabClientInfo=xpath&&//a[normalize-space()='Client info'], PASSWORD=T+wyT5u9cOelDJbBWNgxLw, inputWebsite=xpath&&//input[@id='website'], SCREENSHOT_ALL_STEPS=no, labelAuthentication=xpath&&//div[@role='alert'], EXTENT_REPORT_NAME=ExtentReport, EXPORT_VIDEO_PATH=ExportData/Videos, EXPORT_CAPTURE_PATH=ExportData/Images, WAIT_PAGE_LOADED=30, SCREENSHOT_PASSED_STEPS=no, radioOrganization=xpath&&//input[@id='type_organization'], EXTENT_REPORT_FOLDER=reports/CucumberExtentReports, itemClientFirstRow=xpath&&//table[@id='client-table']//tbody/tr[1]/td[2]/a, WAIT_EXPLICIT=10, BROWSER=chrome, SCREENSHOT_SKIPPED_STEPS=yes, inputEmail=xpath&&//input[@id='email'], menuDashboard=xpath&&//span[normalize-space()='Dashboard'], REPORT_TITLE=Report | Automation Framework Cucumber TestNG | Anh Tester, AUTHOR=Anh Tester, EXCEL_DATA_FILE_PATH=src/test/resources/testdata/ClientsDataExcel.xlsx, WAIT_IMPLICIT=20, PROJECT_NAME=Automation Framework Cucumber TestNG | Anh Tester, HEADLESS=false, REMOTE_URL=localhost, inputCompanyName=xpath&&//input[@id='company_name'], selectOwner=xpath&&//div[@id='s2id_created_by'], inputCity=xpath&&//input[@id='city'], SCREENSHOT_FAILED_STEPS=yes, TXT_FILE_PATH=src/test/resources/testdata/TxtFileData.txt, selectFirstItemOwner=xpath&&(//div[contains(@id,'select2-result-label')])[1], buttonSignIn=xpath&&//button[normalize-space()='Sign in'], JSON_DATA_FILE_PATH=src/test/resources/config/config.json, inputVat=xpath&&//input[@id='vat_number'], ACTIVE_PAGE_LOADED=true, headerPageClientInfo=xpath&&//form[@id='company-form']//h4, URL_CRM=https://rise.fairsketch.com/signin, WAIT_SLEEP_STEP=0, OPEN_REPORTS_AFTER_EXECUTION=no, buttonDynamicXpath=xpath&&//button[normalize-space()='%s'], ZIP_FOLDER_PATH=reports/CucumberExtentReports, inputZip=xpath&&//input[@id='zip'], inputSearch=xpath&&//input[@placeholder='Search'], ZIP_FOLDER=no, menuProjects=xpath&&//span[normalize-space()='Projects']}
[INFO] 22-06-2023 00:32:42 [main] [LogUtils] - Loaded all properties files.
[INFO] 22-06-2023 00:32:42 [main] [LogUtils] - {TARGET=local, ownerDetail=xpath&&//div[@id='s2id_created_by']//a[@class='select2-choice']/span[1], menuClients=xpath&&//span[normalize-space()='Clients'], TELEGRAM_CHATID=, OVERRIDE_REPORTS=yes, inputPhone=xpath&&//input[@id='phone'], inputClientGroups=xpath&&(//label[normalize-space()='Client groups']/following-sibling::div//input)[1], buttonSaveOnDialog=xpath&&//div[@id='ajaxModalContent']//button[normalize-space()='Save'], spanFirstItemClientGroups=xpath&&//span[@class='select2-match'], inputCountry=xpath&&//input[@id='country'], SEND_REPORT_TO_TELEGRAM=no, SEND_EMAIL_TO_USERS=no, ZIP_FOLDER_NAME=CucumberExtentReports.zip, WAIT_DEFAULT=5, REMOTE_PORT=4444, TELEGRAM_TOKEN=, buttonAddClient=xpath&&//a[normalize-space()='Add client'], URL_CORP=https://corporate-dev.hubpay.ae/auth/signin, labelClientGroups=xpath&&//li[@class='select2-search-choice']/div, URL_OPS=https://ops-portal-dev.hubpay.ae/wallet/, inputState=xpath&&//input[@id='state'], labelOnClientPage=xpath&&//span[normalize-space()='Total clients'], inputPassword=xpath&&//input[@id='password'], EXTENT_REPORT_PDF=PdfReport.pdf, inputAddress=xpath&&//textarea[@id='address'], VIDEO_RECORD=no, inputSearchOwner=xpath&&//div[@id='select2-drop']//input, tabClient=xpath&&//ul[@id='client-tabs']//li[2], labelEmailError=id&&email-error, tabClientInfo=xpath&&//a[normalize-space()='Client info'], PASSWORD=T+wyT5u9cOelDJbBWNgxLw, inputWebsite=xpath&&//input[@id='website'], SCREENSHOT_ALL_STEPS=no, labelAuthentication=xpath&&//div[@role='alert'], EXTENT_REPORT_NAME=ExtentReport, EXPORT_VIDEO_PATH=ExportData/Videos, EXPORT_CAPTURE_PATH=ExportData/Images, WAIT_PAGE_LOADED=30, SCREENSHOT_PASSED_STEPS=no, radioOrganization=xpath&&//input[@id='type_organization'], EXTENT_REPORT_FOLDER=reports/CucumberExtentReports, itemClientFirstRow=xpath&&//table[@id='client-table']//tbody/tr[1]/td[2]/a, WAIT_EXPLICIT=10, BROWSER=chrome, SCREENSHOT_SKIPPED_STEPS=yes, inputEmail=xpath&&//input[@id='email'], menuDashboard=xpath&&//span[normalize-space()='Dashboard'], REPORT_TITLE=Report | Automation Framework Cucumber TestNG | Anh Tester, AUTHOR=Anh Tester, EXCEL_DATA_FILE_PATH=src/test/resources/testdata/ClientsDataExcel.xlsx, WAIT_IMPLICIT=20, PROJECT_NAME=Automation Framework Cucumber TestNG | Anh Tester, HEADLESS=false, REMOTE_URL=localhost, inputCompanyName=xpath&&//input[@id='company_name'], selectOwner=xpath&&//div[@id='s2id_created_by'], inputCity=xpath&&//input[@id='city'], SCREENSHOT_FAILED_STEPS=yes, TXT_FILE_PATH=src/test/resources/testdata/TxtFileData.txt, selectFirstItemOwner=xpath&&(//div[contains(@id,'select2-result-label')])[1], buttonSignIn=xpath&&//button[normalize-space()='Sign in'], JSON_DATA_FILE_PATH=src/test/resources/config/config.json, inputVat=xpath&&//input[@id='vat_number'], ACTIVE_PAGE_LOADED=true, headerPageClientInfo=xpath&&//form[@id='company-form']//h4, URL_CRM=https://rise.fairsketch.com/signin, WAIT_SLEEP_STEP=0, OPEN_REPORTS_AFTER_EXECUTION=no, buttonDynamicXpath=xpath&&//button[normalize-space()='%s'], ZIP_FOLDER_PATH=reports/CucumberExtentReports, inputZip=xpath&&//input[@id='zip'], inputSearch=xpath&&//input[@placeholder='Search'], ZIP_FOLDER=no, menuProjects=xpath&&//span[normalize-space()='Projects']}
[INFO] 22-06-2023 00:32:43 [main] [WebDriverManager] - Using chromedriver 114.0.5735.90 (resolved driver for Chrome 114)
[INFO] 22-06-2023 00:32:43 [main] [WebDriverManager] - Exporting webdriver.chrome.driver as /Users/kanthreddy/.cache/selenium/chromedriver/mac-arm64/114.0.5735.90/chromedriver
[INFO] 22-06-2023 00:32:50 [main] [LogUtils] - Driver in TestContext: ChromeDriver: chrome on mac (58753973390bd2d7383125828617bc11)
[INFO] 22-06-2023 00:32:53 [main] [LogUtils] - Open URL: https://corporate-dev.hubpay.ae/auth/signin
[INFO] 22-06-2023 00:32:53 [main] [LogUtils] - Verify element visible By.cssSelector: input[name='username']
[INFO] 22-06-2023 00:32:56 [main] [LogUtils] - Set text sreekanth@hubpay.ae on By.cssSelector: input[name='username']
[INFO] 22-06-2023 00:32:56 [main] [LogUtils] - Verify element visible By.cssSelector: input[name='password']
[INFO] 22-06-2023 00:32:57 [main] [LogUtils] - Set text Hubpass@1 on By.cssSelector: input[name='password']
[INFO] 22-06-2023 00:33:01 [main] [LogUtils] - Click on element with JS: By.xpath: //button[text()='Next']
[INFO] 22-06-2023 00:33:18 [main] [LogUtils] - Verify element visible By.xpath: //li[contains(.,'Sign out')]
[INFO] 22-06-2023 00:33:20 [main] [LogUtils] - Verify element visible By.xpath: //h1[text()='Dashboard']
[INFO] 22-06-2023 00:33:20 [main] [LogUtils] - Verify element visible By.xpath: //h1[text()='Dashboard']
[INFO] 22-06-2023 00:33:20 [main] [LogUtils] - Verify element visible By.xpath: //p[contains(text(),'AUD')]
[INFO] 22-06-2023 00:33:21 [main] [LogUtils] - Verify element visible By.xpath: //p[contains(text(),'AUD')]
[INFO] 22-06-2023 00:33:22 [main] [LogUtils] - Verify element visible By.xpath: //p[contains(text(),'AED')]
[INFO] 22-06-2023 00:33:22 [main] [LogUtils] - Verify element visible By.xpath: //p[contains(text(),'AED')]
[INFO] 22-06-2023 00:33:22 [main] [LogUtils] - Verify element visible By.xpath: //a[text()='Exchange']
[INFO] 22-06-2023 00:33:23 [main] [LogUtils] - Clicked on the element By.xpath: //a[text()='Exchange']
[INFO] 22-06-2023 00:33:30 [main] [LogUtils] - Verify element visible By.xpath: //h1[text()='Exchange']
[INFO] 22-06-2023 00:33:30 [main] [LogUtils] - Verify element visible By.xpath: //h1[text()='Exchange']
[INFO] 22-06-2023 00:33:30 [main] [LogUtils] - Verify element visible By.xpath: //p[text()='Convert money between your wallets']
[INFO] 22-06-2023 00:33:30 [main] [LogUtils] - Verify element visible By.xpath: //span[text()='Amount']/preceding-sibling::span[text()='1']/parent::span
[INFO] 22-06-2023 00:33:30 [main] [LogUtils] - Verify element visible By.xpath: //span[text()='Review & confirm']/preceding-sibling::span[text()='2']/parent::span
[INFO] 22-06-2023 00:33:30 [main] [LogUtils] - Verify element visible By.xpath: //h1[text()='Amount']
[INFO] 22-06-2023 00:33:30 [main] [LogUtils] - Verify element visible By.xpath: //h1[text()='Amount']/following-sibling::p[text()='Select the wallet you want to exchange to and define the amount']
[INFO] 22-06-2023 00:33:30 [main] [LogUtils] - Verify element visible By.xpath: //input[@id='amount']/following-sibling::div/button
[INFO] 22-06-2023 00:33:30 [main] [LogUtils] - Verify element visible By.xpath: //label[text()='Sell']/following-sibling::div/input[@placeholder='0.00']/following-sibling::div[.='AED']
[INFO] 22-06-2023 00:33:30 [main] [LogUtils] - Verify TRUE: true
[INFO] 22-06-2023 00:33:31 [main] [LogUtils] - Verify element visible By.xpath: //p[.='ANITHA TEST BUSINESS Solutions Private Limited']
[INFO] 22-06-2023 00:33:31 [main] [LogUtils] - Verify element visible By.xpath: //p[.='Hello, SRIKANTH PALLA BHANUMURTHY REDDY']
[INFO] 22-06-2023 00:33:31 [main] [LogUtils] - Verify element visible By.xpath: //span[text()='Amount']/preceding-sibling::span[text()='1']/parent::span
[INFO] 22-06-2023 00:33:31 [main] [LogUtils] - Verify element visible By.xpath: //span[text()='Amount']/preceding-sibling::span[text()='1']/parent::span
[INFO] 22-06-2023 00:33:31 [main] [LogUtils] - Verify element visible By.xpath: //span[text()='Amount']/preceding-sibling::span[text()='1']/parent::span
[INFO] 22-06-2023 00:33:31 [main] [LogUtils] - Verify TRUE: true
[INFO] 22-06-2023 00:33:31 [main] [LogUtils] - Verify element visible By.xpath: //span[text()='Review & confirm']/preceding-sibling::span[text()='2']/parent::span
[INFO] 22-06-2023 00:33:31 [main] [LogUtils] - Verify element visible By.xpath: //span[text()='Review & confirm']/preceding-sibling::span[text()='2']/parent::span
[INFO] 22-06-2023 00:33:31 [main] [LogUtils] - Verify element visible By.xpath: //span[text()='Review & confirm']/preceding-sibling::span[text()='2']/parent::span
[INFO] 22-06-2023 00:33:31 [main] [LogUtils] - Verify TRUE: true
[INFO] 22-06-2023 00:33:37 [main] [LogUtils] - Verify element visible By.xpath: //input[@id='amount']
[INFO] 22-06-2023 00:33:38 [main] [LogUtils] - Verify element visible By.xpath: //input[@id='amount']
[INFO] 22-06-2023 00:33:40 [main] [LogUtils] - Clear and Fill 10 on By.xpath: //input[@id='amount']
[INFO] 22-06-2023 00:33:40 [main] [LogUtils] - Verify element visible By.xpath: //div[text()='Live rate']/preceding-sibling::div//p
[INFO] 22-06-2023 00:33:40 [main] [LogUtils] - Verify element visible By.xpath: //div[text()='Live rate']/preceding-sibling::div//p
[INFO] 22-06-2023 00:33:40 [main] [LogUtils] - Verify element visible By.xpath: //div[text()='Live rate']/preceding-sibling::div//p
[INFO] 22-06-2023 00:33:40 [main] [LogUtils] - Verify element visible By.xpath: //div[text()='Live rate']/preceding-sibling::div//p
[INFO] 22-06-2023 00:33:40 [main] [LogUtils] - Verify text of an element [Contains]: true
[INFO] 22-06-2023 00:33:41 [main] [LogUtils] - Verify element visible By.xpath: //div[text()='Live rate']/preceding-sibling::div//p
[INFO] 22-06-2023 00:33:41 [main] [LogUtils] - Verify element visible By.xpath: //div[text()='Live rate']/preceding-sibling::div//p
[INFO] 22-06-2023 00:33:41 [main] [LogUtils] - Verify element visible By.xpath: //div[text()='Processing time']/preceding-sibling::div
[INFO] 22-06-2023 00:33:41 [main] [LogUtils] - Verify element visible By.xpath: //div[text()='Processing time']/preceding-sibling::div
[INFO] 22-06-2023 00:33:41 [main] [LogUtils] - Verify element visible By.xpath: //div[text()='Processing time']/preceding-sibling::div
[INFO] 22-06-2023 00:33:41 [main] [LogUtils] - Verify text of an element [Equals]: true
[INFO] 22-06-2023 00:33:41 [main] [LogUtils] - Verify element visible By.xpath: //div[text()='Processing time']/preceding-sibling::div
[INFO] 22-06-2023 00:33:41 [main] [LogUtils] - Verify element visible By.xpath: //div[text()='Processing time']/preceding-sibling::div
[INFO] 22-06-2023 00:33:41 [main] [LogUtils] - Verify element visible By.xpath: //div[text()='Processing time']/preceding-sibling::div
[INFO] 22-06-2023 00:33:41 [main] [LogUtils] - Verify element visible By.xpath: //div[text()='Processing time']/preceding-sibling::div
[INFO] 22-06-2023 00:33:41 [main] [LogUtils] - Verify element visible By.xpath: //div[text()='Processing time']/preceding-sibling::div
[INFO] 22-06-2023 00:33:41 [main] [LogUtils] - Verify element visible By.xpath: //div[text()='Processing time']/preceding-sibling::div
[INFO] 22-06-2023 00:33:41 [main] [LogUtils] - Verify element visible By.xpath: //button/span
[INFO] 22-06-2023 00:33:42 [main] [LogUtils] - Verify element visible By.xpath: //button/span
[INFO] 22-06-2023 00:33:42 [main] [LogUtils] - Verify element visible By.xpath: //input[@id='amount']
[INFO] 22-06-2023 00:33:42 [main] [LogUtils] - Verify element visible By.xpath: //input[@id='sell']/following-sibling::div
[INFO] 22-06-2023 00:33:42 [main] [LogUtils] - Verify element visible By.xpath: //input[@id='sell']/following-sibling::div
[INFO] 22-06-2023 00:33:42 [main] [LogUtils] - Verify element visible By.xpath: //div[text()='Live rate']/preceding-sibling::div//p
[INFO] 22-06-2023 00:33:42 [main] [LogUtils] - Verify element visible By.xpath: //div[text()='Live rate']/preceding-sibling::div//p
[INFO] 22-06-2023 00:33:42 [main] [LogUtils] - Verify element visible By.xpath: //input[@id='amount']
[INFO] 22-06-2023 00:33:43 [main] [LogUtils] - Verify element visible By.xpath: //div[text()='Live rate']/preceding-sibling::div//p
[INFO] 22-06-2023 00:33:43 [main] [LogUtils] - Verify element visible By.xpath: //div[text()='Live rate']/preceding-sibling::div//p
[INFO] 22-06-2023 00:33:43 [main] [LogUtils] - Verify element visible By.xpath: //div[text()='Settlement date']/preceding-sibling::div
[INFO] 22-06-2023 00:33:43 [main] [LogUtils] - Verify element visible By.xpath: //div[text()='Settlement date']/preceding-sibling::div
[INFO] 22-06-2023 00:33:43 [main] [LogUtils] - Verify element visible By.xpath: //div[text()='Processing time']/preceding-sibling::div
[INFO] 22-06-2023 00:33:43 [main] [LogUtils] - Verify element visible By.xpath: //div[text()='Processing time']/preceding-sibling::div
[INFO] 22-06-2023 00:33:43 [main] [LogUtils] - Verify element visible By.xpath: //div[text()='Settlement date']/preceding-sibling::div
[INFO] 22-06-2023 00:33:43 [main] [LogUtils] - Verify element visible By.xpath: //div[text()='Settlement date']/preceding-sibling::div
[INFO] 22-06-2023 00:33:43 [main] [LogUtils] - Verify element visible By.xpath: //div[text()='Settlement date']/preceding-sibling::div
[INFO] 22-06-2023 00:33:43 [main] [LogUtils] - Verify element visible By.xpath: //div[text()='Settlement date']/preceding-sibling::div
[INFO] 22-06-2023 00:33:43 [main] [LogUtils] - Verify element visible By.xpath: //div[text()='Settlement date']/preceding-sibling::div
[INFO] 22-06-2023 00:33:43 [main] [LogUtils] - Verify element visible By.xpath: //div[text()='Settlement date']/preceding-sibling::div
[INFO] 22-06-2023 00:33:43 [main] [LogUtils] - Verify element visible By.xpath: //div[text()='Settlement date']/preceding-sibling::div
[INFO] 22-06-2023 00:33:43 [main] [LogUtils] - Verify element visible By.xpath: //div[text()='Settlement date']/preceding-sibling::div
[INFO] 22-06-2023 00:33:44 [main] [LogUtils] - Scroll to element By.xpath: //button[contains(.,'Next')]
[INFO] 22-06-2023 00:33:44 [main] [LogUtils] - Click on element with JS: By.xpath: //button[contains(.,'Next')]
[INFO] 22-06-2023 00:33:44 [main] [LogUtils] - Verify element visible By.xpath: //span[text()='Amount']/preceding-sibling::span[text()='1']/parent::span
[INFO] 22-06-2023 00:33:44 [main] [LogUtils] - Verify element visible By.xpath: //span[text()='Amount']/preceding-sibling::span[text()='1']/parent::span
[INFO] 22-06-2023 00:33:44 [main] [LogUtils] - Verify element visible By.xpath: //span[text()='Amount']/preceding-sibling::span[text()='1']/parent::span
[INFO] 22-06-2023 00:33:44 [main] [LogUtils] - Verify TRUE: false
[ERROR] 22-06-2023 00:33:46 [main] [LifecycleNotifier] - Could not invoke listener method
org.openqa.selenium.NoSuchSessionException: Session ID is null. Using WebDriver after calling quit()?
Build info: version: '4.10.0', revision: 'c14d967899'
System info: os.name: 'Mac OS X', os.arch: 'aarch64', os.version: '12.6', java.version: '11.0.16'
Driver info: org.openqa.selenium.chrome.ChromeDriver
Command: [null, screenshot {}]
Capabilities {acceptInsecureCerts: false, browserName: chrome, browserVersion: 114.0.5735.133, chrome: {chromedriverVersion: 114.0.5735.90 (386bc09e8f4f..., userDataDir: /var/folders/bz/l4ntdftn1jd...}, goog:chromeOptions: {debuggerAddress: localhost:49964}, networkConnectionEnabled: false, pageLoadStrategy: normal, platformName: mac, proxy: Proxy(), se:cdp: ws://localhost:49964/devtoo..., se:cdpVersion: 114.0.5735.133, setWindowRect: true, strictFileInteractability: false, timeouts: {implicit: 0, pageLoad: 300000, script: 30000}, unhandledPromptBehavior: dismiss and notify, webauthn:extension:credBlob: true, webauthn:extension:largeBlob: true, webauthn:extension:minPinLength: true, webauthn:extension:prf: true, webauthn:virtualAuthenticators: true}
	at org.openqa.selenium.remote.HttpCommandExecutor.execute(HttpCommandExecutor.java:152) ~[selenium-remote-driver-4.10.0.jar:?]
	at org.openqa.selenium.remote.service.DriverCommandExecutor.invokeExecute(DriverCommandExecutor.java:196) ~[selenium-remote-driver-4.10.0.jar:?]
	at org.openqa.selenium.remote.service.DriverCommandExecutor.execute(DriverCommandExecutor.java:171) ~[selenium-remote-driver-4.10.0.jar:?]
	at org.openqa.selenium.remote.RemoteWebDriver.execute(RemoteWebDriver.java:531) ~[selenium-remote-driver-4.10.0.jar:?]
	at org.openqa.selenium.remote.RemoteWebDriver.execute(RemoteWebDriver.java:590) ~[selenium-remote-driver-4.10.0.jar:?]
	at org.openqa.selenium.remote.RemoteWebDriver.execute(RemoteWebDriver.java:594) ~[selenium-remote-driver-4.10.0.jar:?]
	at org.openqa.selenium.remote.RemoteWebDriver.getScreenshotAs(RemoteWebDriver.java:316) ~[selenium-remote-driver-4.10.0.jar:?]
	at jdk.internal.reflect.NativeMethodAccessorImpl.invoke0(Native Method) ~[?:?]
	at jdk.internal.reflect.NativeMethodAccessorImpl.invoke(NativeMethodAccessorImpl.java:62) ~[?:?]
	at jdk.internal.reflect.DelegatingMethodAccessorImpl.invoke(DelegatingMethodAccessorImpl.java:43) ~[?:?]
	at java.lang.reflect.Method.invoke(Method.java:566) ~[?:?]
	at org.openqa.selenium.support.ThreadGuard$WebDriverInvocationHandler.invokeUnderlying(ThreadGuard.java:99) ~[selenium-support-4.10.0.jar:?]
	at org.openqa.selenium.support.ThreadGuard$WebDriverInvocationHandler.invoke(ThreadGuard.java:91) ~[selenium-support-4.10.0.jar:?]
	at com.sun.proxy.$Proxy47.getScreenshotAs(Unknown Source) ~[?:?]
	at anhtester.com.listeners.AllureListener.beforeTestStop(AllureListener.java:43) ~[test-classes/:?]
	at io.qameta.allure.listener.LifecycleNotifier.lambda$runSafely$0(LifecycleNotifier.java:211) ~[allure-java-commons-2.22.1.jar:2.22.1]
	at java.util.ArrayList.forEach(ArrayList.java:1541) ~[?:?]
	at io.qameta.allure.listener.LifecycleNotifier.runSafely(LifecycleNotifier.java:209) ~[allure-java-commons-2.22.1.jar:2.22.1]
	at io.qameta.allure.listener.LifecycleNotifier.beforeTestStop(LifecycleNotifier.java:88) ~[allure-java-commons-2.22.1.jar:2.22.1]
	at io.qameta.allure.AllureLifecycle.stopTestCase(AllureLifecycle.java:420) ~[allure-java-commons-2.22.1.jar:2.22.1]
	at io.qameta.allure.cucumber7jvm.AllureCucumber7Jvm.handleTestCaseFinished(AllureCucumber7Jvm.java:197) ~[allure-cucumber7-jvm-2.22.1.jar:2.22.1]
	at io.cucumber.core.eventbus.AbstractEventPublisher.send(AbstractEventPublisher.java:51) ~[cucumber-core-7.12.1.jar:7.12.1]
	at io.cucumber.core.eventbus.AbstractEventBus.send(AbstractEventBus.java:12) ~[cucumber-core-7.12.1.jar:7.12.1]
	at io.cucumber.core.runtime.SynchronizedEventBus.send(SynchronizedEventBus.java:47) ~[cucumber-core-7.12.1.jar:7.12.1]
	at io.cucumber.core.runtime.ThreadLocalRunnerSupplier$LocalEventBus.send(ThreadLocalRunnerSupplier.java:62) ~[cucumber-core-7.12.1.jar:7.12.1]
	at io.cucumber.core.runner.TestCase.emitTestCaseFinished(TestCase.java:219) ~[cucumber-core-7.12.1.jar:7.12.1]
	at io.cucumber.core.runner.TestCase.run(TestCase.java:98) ~[cucumber-core-7.12.1.jar:7.12.1]
	at io.cucumber.core.runner.Runner.runPickle(Runner.java:75) ~[cucumber-core-7.12.1.jar:7.12.1]
	at io.cucumber.testng.TestNGCucumberRunner.lambda$runScenario$1(TestNGCucumberRunner.java:132) ~[cucumber-testng-7.12.1.jar:7.12.1]
	at io.cucumber.core.runtime.CucumberExecutionContext.lambda$runTestCase$5(CucumberExecutionContext.java:137) ~[cucumber-core-7.12.1.jar:7.12.1]
	at io.cucumber.core.runtime.RethrowingThrowableCollector.executeAndThrow(RethrowingThrowableCollector.java:23) ~[cucumber-core-7.12.1.jar:7.12.1]
	at io.cucumber.core.runtime.CucumberExecutionContext.runTestCase(CucumberExecutionContext.java:137) ~[cucumber-core-7.12.1.jar:7.12.1]
	at io.cucumber.testng.TestNGCucumberRunner.runScenario(TestNGCucumberRunner.java:129) ~[cucumber-testng-7.12.1.jar:7.12.1]
	at io.cucumber.testng.AbstractTestNGCucumberTests.runScenario(AbstractTestNGCucumberTests.java:35) ~[cucumber-testng-7.12.1.jar:7.12.1]
	at jdk.internal.reflect.NativeMethodAccessorImpl.invoke0(Native Method) ~[?:?]
	at jdk.internal.reflect.NativeMethodAccessorImpl.invoke(NativeMethodAccessorImpl.java:62) ~[?:?]
	at jdk.internal.reflect.DelegatingMethodAccessorImpl.invoke(DelegatingMethodAccessorImpl.java:43) ~[?:?]
	at java.lang.reflect.Method.invoke(Method.java:566) ~[?:?]
	at org.testng.internal.invokers.MethodInvocationHelper.invokeMethod(MethodInvocationHelper.java:139) ~[testng-7.8.0.jar:7.8.0]
	at org.testng.internal.invokers.TestInvoker.invokeMethod(TestInvoker.java:664) ~[testng-7.8.0.jar:7.8.0]
	at org.testng.internal.invokers.TestInvoker.invokeTestMethod(TestInvoker.java:227) ~[testng-7.8.0.jar:7.8.0]
	at org.testng.internal.invokers.MethodRunner.runInSequence(MethodRunner.java:50) ~[testng-7.8.0.jar:7.8.0]
	at org.testng.internal.invokers.TestInvoker$MethodInvocationAgent.invoke(TestInvoker.java:957) ~[testng-7.8.0.jar:7.8.0]
	at org.testng.internal.invokers.TestInvoker.invokeTestMethods(TestInvoker.java:200) ~[testng-7.8.0.jar:7.8.0]
	at org.testng.internal.invokers.TestMethodWorker.invokeTestMethods(TestMethodWorker.java:148) ~[testng-7.8.0.jar:7.8.0]
	at org.testng.internal.invokers.TestMethodWorker.run(TestMethodWorker.java:128) ~[testng-7.8.0.jar:7.8.0]
	at java.util.ArrayList.forEach(ArrayList.java:1541) [?:?]
	at org.testng.TestRunner.privateRun(TestRunner.java:848) [testng-7.8.0.jar:7.8.0]
	at org.testng.TestRunner.run(TestRunner.java:621) [testng-7.8.0.jar:7.8.0]
	at org.testng.SuiteRunner.runTest(SuiteRunner.java:443) [testng-7.8.0.jar:7.8.0]
	at org.testng.SuiteRunner.runSequentially(SuiteRunner.java:437) [testng-7.8.0.jar:7.8.0]
	at org.testng.SuiteRunner.privateRun(SuiteRunner.java:397) [testng-7.8.0.jar:7.8.0]
	at org.testng.SuiteRunner.run(SuiteRunner.java:336) [testng-7.8.0.jar:7.8.0]
	at org.testng.SuiteRunnerWorker.runSuite(SuiteRunnerWorker.java:52) [testng-7.8.0.jar:7.8.0]
	at org.testng.SuiteRunnerWorker.run(SuiteRunnerWorker.java:95) [testng-7.8.0.jar:7.8.0]
	at org.testng.TestNG.runSuitesSequentially(TestNG.java:1280) [testng-7.8.0.jar:7.8.0]
	at org.testng.TestNG.runSuitesLocally(TestNG.java:1200) [testng-7.8.0.jar:7.8.0]
	at org.testng.TestNG.runSuites(TestNG.java:1114) [testng-7.8.0.jar:7.8.0]
	at org.testng.TestNG.run(TestNG.java:1082) [testng-7.8.0.jar:7.8.0]
	at com.intellij.rt.testng.IDEARemoteTestNG.run(IDEARemoteTestNG.java:66) [testng-rt.jar:?]
	at com.intellij.rt.testng.RemoteTestNGStarter.main(RemoteTestNGStarter.java:109) [testng-rt.jar:?]
[ERROR] 22-06-2023 00:33:46 [main] [LifecycleNotifier] - Could not invoke listener method
org.openqa.selenium.NoSuchSessionException: Session ID is null. Using WebDriver after calling quit()?
Build info: version: '4.10.0', revision: 'c14d967899'
System info: os.name: 'Mac OS X', os.arch: 'aarch64', os.version: '12.6', java.version: '11.0.16'
Driver info: org.openqa.selenium.chrome.ChromeDriver
Command: [null, screenshot {}]
Capabilities {acceptInsecureCerts: false, browserName: chrome, browserVersion: 114.0.5735.133, chrome: {chromedriverVersion: 114.0.5735.90 (386bc09e8f4f..., userDataDir: /var/folders/bz/l4ntdftn1jd...}, goog:chromeOptions: {debuggerAddress: localhost:49964}, networkConnectionEnabled: false, pageLoadStrategy: normal, platformName: mac, proxy: Proxy(), se:cdp: ws://localhost:49964/devtoo..., se:cdpVersion: 114.0.5735.133, setWindowRect: true, strictFileInteractability: false, timeouts: {implicit: 0, pageLoad: 300000, script: 30000}, unhandledPromptBehavior: dismiss and notify, webauthn:extension:credBlob: true, webauthn:extension:largeBlob: true, webauthn:extension:minPinLength: true, webauthn:extension:prf: true, webauthn:virtualAuthenticators: true}
	at org.openqa.selenium.remote.HttpCommandExecutor.execute(HttpCommandExecutor.java:152) ~[selenium-remote-driver-4.10.0.jar:?]
	at org.openqa.selenium.remote.service.DriverCommandExecutor.invokeExecute(DriverCommandExecutor.java:196) ~[selenium-remote-driver-4.10.0.jar:?]
	at org.openqa.selenium.remote.service.DriverCommandExecutor.execute(DriverCommandExecutor.java:171) ~[selenium-remote-driver-4.10.0.jar:?]
	at org.openqa.selenium.remote.RemoteWebDriver.execute(RemoteWebDriver.java:531) ~[selenium-remote-driver-4.10.0.jar:?]
	at org.openqa.selenium.remote.RemoteWebDriver.execute(RemoteWebDriver.java:590) ~[selenium-remote-driver-4.10.0.jar:?]
	at org.openqa.selenium.remote.RemoteWebDriver.execute(RemoteWebDriver.java:594) ~[selenium-remote-driver-4.10.0.jar:?]
	at org.openqa.selenium.remote.RemoteWebDriver.getScreenshotAs(RemoteWebDriver.java:316) ~[selenium-remote-driver-4.10.0.jar:?]
	at jdk.internal.reflect.NativeMethodAccessorImpl.invoke0(Native Method) ~[?:?]
	at jdk.internal.reflect.NativeMethodAccessorImpl.invoke(NativeMethodAccessorImpl.java:62) ~[?:?]
	at jdk.internal.reflect.DelegatingMethodAccessorImpl.invoke(DelegatingMethodAccessorImpl.java:43) ~[?:?]
	at java.lang.reflect.Method.invoke(Method.java:566) ~[?:?]
	at org.openqa.selenium.support.ThreadGuard$WebDriverInvocationHandler.invokeUnderlying(ThreadGuard.java:99) ~[selenium-support-4.10.0.jar:?]
	at org.openqa.selenium.support.ThreadGuard$WebDriverInvocationHandler.invoke(ThreadGuard.java:91) ~[selenium-support-4.10.0.jar:?]
	at com.sun.proxy.$Proxy47.getScreenshotAs(Unknown Source) ~[?:?]
	at anhtester.com.listeners.AllureListener.beforeTestStop(AllureListener.java:43) ~[test-classes/:?]
	at io.qameta.allure.listener.LifecycleNotifier.lambda$runSafely$0(LifecycleNotifier.java:211) ~[allure-java-commons-2.22.1.jar:2.22.1]
	at java.util.ArrayList.forEach(ArrayList.java:1541) ~[?:?]
	at io.qameta.allure.listener.LifecycleNotifier.runSafely(LifecycleNotifier.java:209) ~[allure-java-commons-2.22.1.jar:2.22.1]
	at io.qameta.allure.listener.LifecycleNotifier.beforeTestStop(LifecycleNotifier.java:88) ~[allure-java-commons-2.22.1.jar:2.22.1]
	at io.qameta.allure.AllureLifecycle.stopTestCase(AllureLifecycle.java:420) ~[allure-java-commons-2.22.1.jar:2.22.1]
	at io.qameta.allure.testng.AllureTestNg.stopTestCase(AllureTestNg.java:376) ~[allure-testng-2.22.1.jar:2.22.1]
	at io.qameta.allure.testng.AllureTestNg.onTestFailure(AllureTestNg.java:370) ~[allure-testng-2.22.1.jar:2.22.1]
	at org.testng.internal.TestListenerHelper.runTestListeners(TestListenerHelper.java:108) ~[testng-7.8.0.jar:7.8.0]
	at org.testng.internal.invokers.TestInvoker.runTestResultListener(TestInvoker.java:262) ~[testng-7.8.0.jar:7.8.0]
	at org.testng.internal.invokers.TestInvoker.invokeMethod(TestInvoker.java:751) ~[testng-7.8.0.jar:7.8.0]
	at org.testng.internal.invokers.TestInvoker.invokeTestMethod(TestInvoker.java:227) ~[testng-7.8.0.jar:7.8.0]
	at org.testng.internal.invokers.MethodRunner.runInSequence(MethodRunner.java:50) ~[testng-7.8.0.jar:7.8.0]
	at org.testng.internal.invokers.TestInvoker$MethodInvocationAgent.invoke(TestInvoker.java:957) ~[testng-7.8.0.jar:7.8.0]
	at org.testng.internal.invokers.TestInvoker.invokeTestMethods(TestInvoker.java:200) ~[testng-7.8.0.jar:7.8.0]
	at org.testng.internal.invokers.TestMethodWorker.invokeTestMethods(TestMethodWorker.java:148) ~[testng-7.8.0.jar:7.8.0]
	at org.testng.internal.invokers.TestMethodWorker.run(TestMethodWorker.java:128) ~[testng-7.8.0.jar:7.8.0]
	at java.util.ArrayList.forEach(ArrayList.java:1541) [?:?]
	at org.testng.TestRunner.privateRun(TestRunner.java:848) [testng-7.8.0.jar:7.8.0]
	at org.testng.TestRunner.run(TestRunner.java:621) [testng-7.8.0.jar:7.8.0]
	at org.testng.SuiteRunner.runTest(SuiteRunner.java:443) [testng-7.8.0.jar:7.8.0]
	at org.testng.SuiteRunner.runSequentially(SuiteRunner.java:437) [testng-7.8.0.jar:7.8.0]
	at org.testng.SuiteRunner.privateRun(SuiteRunner.java:397) [testng-7.8.0.jar:7.8.0]
	at org.testng.SuiteRunner.run(SuiteRunner.java:336) [testng-7.8.0.jar:7.8.0]
	at org.testng.SuiteRunnerWorker.runSuite(SuiteRunnerWorker.java:52) [testng-7.8.0.jar:7.8.0]
	at org.testng.SuiteRunnerWorker.run(SuiteRunnerWorker.java:95) [testng-7.8.0.jar:7.8.0]
	at org.testng.TestNG.runSuitesSequentially(TestNG.java:1280) [testng-7.8.0.jar:7.8.0]
	at org.testng.TestNG.runSuitesLocally(TestNG.java:1200) [testng-7.8.0.jar:7.8.0]
	at org.testng.TestNG.runSuites(TestNG.java:1114) [testng-7.8.0.jar:7.8.0]
	at org.testng.TestNG.run(TestNG.java:1082) [testng-7.8.0.jar:7.8.0]
	at com.intellij.rt.testng.IDEARemoteTestNG.run(IDEARemoteTestNG.java:66) [testng-rt.jar:?]
	at com.intellij.rt.testng.RemoteTestNGStarter.main(RemoteTestNGStarter.java:109) [testng-rt.jar:?]
[INFO] 22-06-2023 15:51:25 [main] [Utils] - [TestNG] Running:
  /Users/kanthreddy/Library/Caches/JetBrains/IdeaIE2022.2/temp-testng-customsuite.xml

[INFO] 22-06-2023 15:51:26 [main] [LogUtils] - Loaded all properties files.
[INFO] 22-06-2023 15:51:26 [main] [LogUtils] - {TARGET=local, ownerDetail=xpath&&//div[@id='s2id_created_by']//a[@class='select2-choice']/span[1], menuClients=xpath&&//span[normalize-space()='Clients'], TELEGRAM_CHATID=, OVERRIDE_REPORTS=yes, inputPhone=xpath&&//input[@id='phone'], inputClientGroups=xpath&&(//label[normalize-space()='Client groups']/following-sibling::div//input)[1], buttonSaveOnDialog=xpath&&//div[@id='ajaxModalContent']//button[normalize-space()='Save'], spanFirstItemClientGroups=xpath&&//span[@class='select2-match'], inputCountry=xpath&&//input[@id='country'], SEND_REPORT_TO_TELEGRAM=no, SEND_EMAIL_TO_USERS=no, ZIP_FOLDER_NAME=CucumberExtentReports.zip, WAIT_DEFAULT=5, REMOTE_PORT=4444, TELEGRAM_TOKEN=, buttonAddClient=xpath&&//a[normalize-space()='Add client'], URL_CORP=https://corporate-dev.hubpay.ae/auth/signin, labelClientGroups=xpath&&//li[@class='select2-search-choice']/div, URL_OPS=https://ops-portal-dev.hubpay.ae/wallet/, inputState=xpath&&//input[@id='state'], labelOnClientPage=xpath&&//span[normalize-space()='Total clients'], inputPassword=xpath&&//input[@id='password'], EXTENT_REPORT_PDF=PdfReport.pdf, inputAddress=xpath&&//textarea[@id='address'], VIDEO_RECORD=no, inputSearchOwner=xpath&&//div[@id='select2-drop']//input, tabClient=xpath&&//ul[@id='client-tabs']//li[2], labelEmailError=id&&email-error, tabClientInfo=xpath&&//a[normalize-space()='Client info'], PASSWORD=T+wyT5u9cOelDJbBWNgxLw, inputWebsite=xpath&&//input[@id='website'], SCREENSHOT_ALL_STEPS=no, labelAuthentication=xpath&&//div[@role='alert'], EXTENT_REPORT_NAME=ExtentReport, EXPORT_VIDEO_PATH=ExportData/Videos, EXPORT_CAPTURE_PATH=ExportData/Images, WAIT_PAGE_LOADED=30, SCREENSHOT_PASSED_STEPS=no, radioOrganization=xpath&&//input[@id='type_organization'], EXTENT_REPORT_FOLDER=reports/CucumberExtentReports, itemClientFirstRow=xpath&&//table[@id='client-table']//tbody/tr[1]/td[2]/a, WAIT_EXPLICIT=10, BROWSER=chrome, SCREENSHOT_SKIPPED_STEPS=yes, inputEmail=xpath&&//input[@id='email'], menuDashboard=xpath&&//span[normalize-space()='Dashboard'], REPORT_TITLE=Report | Automation Framework Cucumber TestNG | Anh Tester, AUTHOR=Anh Tester, EXCEL_DATA_FILE_PATH=src/test/resources/testdata/ClientsDataExcel.xlsx, WAIT_IMPLICIT=20, PROJECT_NAME=Automation Framework Cucumber TestNG | Anh Tester, HEADLESS=false, REMOTE_URL=localhost, inputCompanyName=xpath&&//input[@id='company_name'], selectOwner=xpath&&//div[@id='s2id_created_by'], inputCity=xpath&&//input[@id='city'], SCREENSHOT_FAILED_STEPS=yes, TXT_FILE_PATH=src/test/resources/testdata/TxtFileData.txt, selectFirstItemOwner=xpath&&(//div[contains(@id,'select2-result-label')])[1], buttonSignIn=xpath&&//button[normalize-space()='Sign in'], JSON_DATA_FILE_PATH=src/test/resources/config/config.json, inputVat=xpath&&//input[@id='vat_number'], ACTIVE_PAGE_LOADED=true, headerPageClientInfo=xpath&&//form[@id='company-form']//h4, URL_CRM=https://rise.fairsketch.com/signin, WAIT_SLEEP_STEP=0, OPEN_REPORTS_AFTER_EXECUTION=no, buttonDynamicXpath=xpath&&//button[normalize-space()='%s'], ZIP_FOLDER_PATH=reports/CucumberExtentReports, inputZip=xpath&&//input[@id='zip'], inputSearch=xpath&&//input[@placeholder='Search'], ZIP_FOLDER=no, menuProjects=xpath&&//span[normalize-space()='Projects']}
[INFO] 22-06-2023 15:51:26 [main] [LogUtils] - Loaded all properties files.
[INFO] 22-06-2023 15:51:26 [main] [LogUtils] - {TARGET=local, ownerDetail=xpath&&//div[@id='s2id_created_by']//a[@class='select2-choice']/span[1], menuClients=xpath&&//span[normalize-space()='Clients'], TELEGRAM_CHATID=, OVERRIDE_REPORTS=yes, inputPhone=xpath&&//input[@id='phone'], inputClientGroups=xpath&&(//label[normalize-space()='Client groups']/following-sibling::div//input)[1], buttonSaveOnDialog=xpath&&//div[@id='ajaxModalContent']//button[normalize-space()='Save'], spanFirstItemClientGroups=xpath&&//span[@class='select2-match'], inputCountry=xpath&&//input[@id='country'], SEND_REPORT_TO_TELEGRAM=no, SEND_EMAIL_TO_USERS=no, ZIP_FOLDER_NAME=CucumberExtentReports.zip, WAIT_DEFAULT=5, REMOTE_PORT=4444, TELEGRAM_TOKEN=, buttonAddClient=xpath&&//a[normalize-space()='Add client'], URL_CORP=https://corporate-dev.hubpay.ae/auth/signin, labelClientGroups=xpath&&//li[@class='select2-search-choice']/div, URL_OPS=https://ops-portal-dev.hubpay.ae/wallet/, inputState=xpath&&//input[@id='state'], labelOnClientPage=xpath&&//span[normalize-space()='Total clients'], inputPassword=xpath&&//input[@id='password'], EXTENT_REPORT_PDF=PdfReport.pdf, inputAddress=xpath&&//textarea[@id='address'], VIDEO_RECORD=no, inputSearchOwner=xpath&&//div[@id='select2-drop']//input, tabClient=xpath&&//ul[@id='client-tabs']//li[2], labelEmailError=id&&email-error, tabClientInfo=xpath&&//a[normalize-space()='Client info'], PASSWORD=T+wyT5u9cOelDJbBWNgxLw, inputWebsite=xpath&&//input[@id='website'], SCREENSHOT_ALL_STEPS=no, labelAuthentication=xpath&&//div[@role='alert'], EXTENT_REPORT_NAME=ExtentReport, EXPORT_VIDEO_PATH=ExportData/Videos, EXPORT_CAPTURE_PATH=ExportData/Images, WAIT_PAGE_LOADED=30, SCREENSHOT_PASSED_STEPS=no, radioOrganization=xpath&&//input[@id='type_organization'], EXTENT_REPORT_FOLDER=reports/CucumberExtentReports, itemClientFirstRow=xpath&&//table[@id='client-table']//tbody/tr[1]/td[2]/a, WAIT_EXPLICIT=10, BROWSER=chrome, SCREENSHOT_SKIPPED_STEPS=yes, inputEmail=xpath&&//input[@id='email'], menuDashboard=xpath&&//span[normalize-space()='Dashboard'], REPORT_TITLE=Report | Automation Framework Cucumber TestNG | Anh Tester, AUTHOR=Anh Tester, EXCEL_DATA_FILE_PATH=src/test/resources/testdata/ClientsDataExcel.xlsx, WAIT_IMPLICIT=20, PROJECT_NAME=Automation Framework Cucumber TestNG | Anh Tester, HEADLESS=false, REMOTE_URL=localhost, inputCompanyName=xpath&&//input[@id='company_name'], selectOwner=xpath&&//div[@id='s2id_created_by'], inputCity=xpath&&//input[@id='city'], SCREENSHOT_FAILED_STEPS=yes, TXT_FILE_PATH=src/test/resources/testdata/TxtFileData.txt, selectFirstItemOwner=xpath&&(//div[contains(@id,'select2-result-label')])[1], buttonSignIn=xpath&&//button[normalize-space()='Sign in'], JSON_DATA_FILE_PATH=src/test/resources/config/config.json, inputVat=xpath&&//input[@id='vat_number'], ACTIVE_PAGE_LOADED=true, headerPageClientInfo=xpath&&//form[@id='company-form']//h4, URL_CRM=https://rise.fairsketch.com/signin, WAIT_SLEEP_STEP=0, OPEN_REPORTS_AFTER_EXECUTION=no, buttonDynamicXpath=xpath&&//button[normalize-space()='%s'], ZIP_FOLDER_PATH=reports/CucumberExtentReports, inputZip=xpath&&//input[@id='zip'], inputSearch=xpath&&//input[@placeholder='Search'], ZIP_FOLDER=no, menuProjects=xpath&&//span[normalize-space()='Projects']}
[WARN] 22-06-2023 15:51:57 [main] [VersionDetector] - Error reading commands.properties, using local instead
[INFO] 22-06-2023 15:51:58 [main] [WebDriverManager] - Using chromedriver 114.0.5735.90 (resolved driver for Chrome 114)
[INFO] 22-06-2023 15:51:58 [main] [WebDriverManager] - Exporting webdriver.chrome.driver as /Users/kanthreddy/.cache/selenium/chromedriver/mac-arm64/114.0.5735.90/chromedriver
[INFO] 22-06-2023 15:52:05 [main] [LogUtils] - Driver in TestContext: ChromeDriver: chrome on mac (dcc9b3e981ffe4a7049ca33478ca156d)
[INFO] 22-06-2023 15:52:09 [main] [LogUtils] - Open URL: https://corporate-dev.hubpay.ae/auth/signin
[INFO] 22-06-2023 15:52:09 [main] [LogUtils] - Verify element visible By.cssSelector: input[name='username']
[INFO] 22-06-2023 15:52:12 [main] [LogUtils] - Set text sreekanth@hubpay.ae on By.cssSelector: input[name='username']
[INFO] 22-06-2023 15:52:12 [main] [LogUtils] - Verify element visible By.cssSelector: input[name='password']
[INFO] 22-06-2023 15:52:14 [main] [LogUtils] - Set text Hubpass@1 on By.cssSelector: input[name='password']
[INFO] 22-06-2023 15:52:18 [main] [LogUtils] - Click on element with JS: By.xpath: //button[text()='Next']
[INFO] 22-06-2023 15:52:36 [main] [LogUtils] - Verify element visible By.xpath: //li[contains(.,'Sign out')]
[INFO] 22-06-2023 15:52:39 [main] [LogUtils] - Verify element visible By.xpath: //h1[text()='Dashboard']
[INFO] 22-06-2023 15:52:39 [main] [LogUtils] - Verify element visible By.xpath: //h1[text()='Dashboard']
[INFO] 22-06-2023 15:52:39 [main] [LogUtils] - Verify element visible By.xpath: //p[contains(text(),'AUD')]
[INFO] 22-06-2023 15:52:39 [main] [LogUtils] - Verify element visible By.xpath: //p[contains(text(),'AUD')]
[INFO] 22-06-2023 15:52:41 [main] [LogUtils] - Verify element visible By.xpath: //p[contains(text(),'AED')]
[INFO] 22-06-2023 15:52:41 [main] [LogUtils] - Verify element visible By.xpath: //p[contains(text(),'AED')]
[INFO] 22-06-2023 15:52:41 [main] [LogUtils] - Verify element visible By.xpath: //p[contains(text(),'AUD')]
[INFO] 22-06-2023 15:52:41 [main] [LogUtils] - Verify element visible By.xpath: //p[contains(text(),'AUD')]
[INFO] 22-06-2023 15:52:41 [main] [LogUtils] - Verify element visible By.xpath: //p[contains(text(),'AED')]
[INFO] 22-06-2023 15:52:41 [main] [LogUtils] - Verify element visible By.xpath: //p[contains(text(),'AED')]
[INFO] 22-06-2023 15:52:42 [main] [LogUtils] - Verify element visible By.xpath: //a[text()='Exchange']
[INFO] 22-06-2023 15:52:43 [main] [LogUtils] - Clicked on the element By.xpath: //a[text()='Exchange']
[INFO] 22-06-2023 15:52:48 [main] [LogUtils] - Verify element visible By.xpath: //h1[text()='Exchange']
[INFO] 22-06-2023 15:52:48 [main] [LogUtils] - Verify element visible By.xpath: //h1[text()='Exchange']
[INFO] 22-06-2023 15:52:48 [main] [LogUtils] - Verify element visible By.xpath: //p[text()='Convert money between your wallets']
[INFO] 22-06-2023 15:52:48 [main] [LogUtils] - Verify element visible By.xpath: //span[text()='Amount']/preceding-sibling::span[text()='1']/parent::span
[INFO] 22-06-2023 15:52:48 [main] [LogUtils] - Verify element visible By.xpath: //span[text()='Review & confirm']/preceding-sibling::span[text()='2']/parent::span
[INFO] 22-06-2023 15:52:48 [main] [LogUtils] - Verify element visible By.xpath: //h1[text()='Amount']
[INFO] 22-06-2023 15:52:48 [main] [LogUtils] - Verify element visible By.xpath: //h1[text()='Amount']/following-sibling::p[text()='Select the wallet you want to exchange to and define the amount']
[INFO] 22-06-2023 15:52:48 [main] [LogUtils] - Verify element visible By.xpath: //input[@id='amount']/following-sibling::div/button
[INFO] 22-06-2023 15:52:48 [main] [LogUtils] - Verify element visible By.xpath: //label[text()='Sell']/following-sibling::div/input[@placeholder='0.00']/following-sibling::div[.='AED']
[INFO] 22-06-2023 15:52:48 [main] [LogUtils] - Verify TRUE: true
[INFO] 22-06-2023 15:52:48 [main] [LogUtils] - Verify element visible By.xpath: //p[.='ANITHA TEST BUSINESS Solutions Private Limited']
[INFO] 22-06-2023 15:52:48 [main] [LogUtils] - Verify element visible By.xpath: //p[.='Hello, SRIKANTH PALLA BHANUMURTHY REDDY']
[INFO] 22-06-2023 15:52:48 [main] [LogUtils] - Verify element visible By.xpath: //span[text()='Amount']/preceding-sibling::span[text()='1']/parent::span
[INFO] 22-06-2023 15:52:48 [main] [LogUtils] - Verify element visible By.xpath: //span[text()='Amount']/preceding-sibling::span[text()='1']/parent::span
[INFO] 22-06-2023 15:52:49 [main] [LogUtils] - Verify element visible By.xpath: //span[text()='Amount']/preceding-sibling::span[text()='1']/parent::span
[INFO] 22-06-2023 15:52:49 [main] [LogUtils] - Verify TRUE: true
[INFO] 22-06-2023 15:52:49 [main] [LogUtils] - Verify element visible By.xpath: //span[text()='Review & confirm']/preceding-sibling::span[text()='2']/parent::span
[INFO] 22-06-2023 15:52:49 [main] [LogUtils] - Verify element visible By.xpath: //span[text()='Review & confirm']/preceding-sibling::span[text()='2']/parent::span
[INFO] 22-06-2023 15:52:49 [main] [LogUtils] - Verify element visible By.xpath: //span[text()='Review & confirm']/preceding-sibling::span[text()='2']/parent::span
[INFO] 22-06-2023 15:52:49 [main] [LogUtils] - Verify TRUE: true
[INFO] 22-06-2023 15:52:55 [main] [LogUtils] - Verify element visible By.xpath: //input[@id='amount']
[INFO] 22-06-2023 15:52:56 [main] [LogUtils] - Verify element visible By.xpath: //input[@id='amount']
[INFO] 22-06-2023 15:52:58 [main] [LogUtils] - Clear and Fill 10 on By.xpath: //input[@id='amount']
[INFO] 22-06-2023 15:52:59 [main] [LogUtils] - Verify element visible By.xpath: //div[text()='Live rate']/preceding-sibling::div//p
[INFO] 22-06-2023 15:52:59 [main] [LogUtils] - Verify element visible By.xpath: //div[text()='Live rate']/preceding-sibling::div//p
[INFO] 22-06-2023 15:52:59 [main] [LogUtils] - Verify element visible By.xpath: //div[text()='Live rate']/preceding-sibling::div//p
[INFO] 22-06-2023 15:52:59 [main] [LogUtils] - Verify element visible By.xpath: //div[text()='Live rate']/preceding-sibling::div//p
[INFO] 22-06-2023 15:52:59 [main] [LogUtils] - Verify text of an element [Contains]: true
[INFO] 22-06-2023 15:52:59 [main] [LogUtils] - Verify element visible By.xpath: //div[text()='Live rate']/preceding-sibling::div//p
[INFO] 22-06-2023 15:52:59 [main] [LogUtils] - Verify element visible By.xpath: //div[text()='Live rate']/preceding-sibling::div//p
[INFO] 22-06-2023 15:52:59 [main] [LogUtils] - Verify element visible By.xpath: //div[text()='Processing time']/preceding-sibling::div
[INFO] 22-06-2023 15:52:59 [main] [LogUtils] - Verify element visible By.xpath: //div[text()='Processing time']/preceding-sibling::div
[INFO] 22-06-2023 15:53:00 [main] [LogUtils] - Verify element visible By.xpath: //div[text()='Processing time']/preceding-sibling::div
[INFO] 22-06-2023 15:53:00 [main] [LogUtils] - Verify text of an element [Equals]: true
[INFO] 22-06-2023 15:53:00 [main] [LogUtils] - Verify element visible By.xpath: //div[text()='Processing time']/preceding-sibling::div
[INFO] 22-06-2023 15:53:00 [main] [LogUtils] - Verify element visible By.xpath: //div[text()='Processing time']/preceding-sibling::div
[INFO] 22-06-2023 15:53:00 [main] [LogUtils] - Verify element visible By.xpath: //div[text()='Processing time']/preceding-sibling::div
[INFO] 22-06-2023 15:53:00 [main] [LogUtils] - Verify element visible By.xpath: //div[text()='Processing time']/preceding-sibling::div
[INFO] 22-06-2023 15:53:00 [main] [LogUtils] - Verify element visible By.xpath: //div[text()='Processing time']/preceding-sibling::div
[INFO] 22-06-2023 15:53:00 [main] [LogUtils] - Verify element visible By.xpath: //div[text()='Processing time']/preceding-sibling::div
[INFO] 22-06-2023 15:53:00 [main] [LogUtils] - Scroll to element By.xpath: //button[contains(.,'Next')]
[INFO] 22-06-2023 15:53:01 [main] [LogUtils] - Click on element with JS: By.xpath: //button[contains(.,'Next')]
[INFO] 22-06-2023 15:53:01 [main] [LogUtils] - Verify element visible By.xpath: //span[text()='Amount']/preceding-sibling::span[text()='1']/parent::span
[INFO] 22-06-2023 15:53:01 [main] [LogUtils] - Verify element visible By.xpath: //span[text()='Amount']/preceding-sibling::span[text()='1']/parent::span
[INFO] 22-06-2023 15:53:01 [main] [LogUtils] - Verify element visible By.xpath: //span[text()='Amount']/preceding-sibling::span[text()='1']/parent::span
[INFO] 22-06-2023 15:53:01 [main] [LogUtils] - Verify TRUE: false
[ERROR] 22-06-2023 15:53:03 [main] [LifecycleNotifier] - Could not invoke listener method
org.openqa.selenium.NoSuchSessionException: Session ID is null. Using WebDriver after calling quit()?
Build info: version: '4.10.0', revision: 'c14d967899'
System info: os.name: 'Mac OS X', os.arch: 'aarch64', os.version: '12.6', java.version: '11.0.16'
Driver info: org.openqa.selenium.chrome.ChromeDriver
Command: [null, screenshot {}]
Capabilities {acceptInsecureCerts: false, browserName: chrome, browserVersion: 114.0.5735.133, chrome: {chromedriverVersion: 114.0.5735.90 (386bc09e8f4f..., userDataDir: /var/folders/bz/l4ntdftn1jd...}, goog:chromeOptions: {debuggerAddress: localhost:49547}, networkConnectionEnabled: false, pageLoadStrategy: normal, platformName: mac, proxy: Proxy(), se:cdp: ws://localhost:49547/devtoo..., se:cdpVersion: 114.0.5735.133, setWindowRect: true, strictFileInteractability: false, timeouts: {implicit: 0, pageLoad: 300000, script: 30000}, unhandledPromptBehavior: dismiss and notify, webauthn:extension:credBlob: true, webauthn:extension:largeBlob: true, webauthn:extension:minPinLength: true, webauthn:extension:prf: true, webauthn:virtualAuthenticators: true}
	at org.openqa.selenium.remote.HttpCommandExecutor.execute(HttpCommandExecutor.java:152) ~[selenium-remote-driver-4.10.0.jar:?]
	at org.openqa.selenium.remote.service.DriverCommandExecutor.invokeExecute(DriverCommandExecutor.java:196) ~[selenium-remote-driver-4.10.0.jar:?]
	at org.openqa.selenium.remote.service.DriverCommandExecutor.execute(DriverCommandExecutor.java:171) ~[selenium-remote-driver-4.10.0.jar:?]
	at org.openqa.selenium.remote.RemoteWebDriver.execute(RemoteWebDriver.java:531) ~[selenium-remote-driver-4.10.0.jar:?]
	at org.openqa.selenium.remote.RemoteWebDriver.execute(RemoteWebDriver.java:590) ~[selenium-remote-driver-4.10.0.jar:?]
	at org.openqa.selenium.remote.RemoteWebDriver.execute(RemoteWebDriver.java:594) ~[selenium-remote-driver-4.10.0.jar:?]
	at org.openqa.selenium.remote.RemoteWebDriver.getScreenshotAs(RemoteWebDriver.java:316) ~[selenium-remote-driver-4.10.0.jar:?]
	at jdk.internal.reflect.NativeMethodAccessorImpl.invoke0(Native Method) ~[?:?]
	at jdk.internal.reflect.NativeMethodAccessorImpl.invoke(NativeMethodAccessorImpl.java:62) ~[?:?]
	at jdk.internal.reflect.DelegatingMethodAccessorImpl.invoke(DelegatingMethodAccessorImpl.java:43) ~[?:?]
	at java.lang.reflect.Method.invoke(Method.java:566) ~[?:?]
	at org.openqa.selenium.support.ThreadGuard$WebDriverInvocationHandler.invokeUnderlying(ThreadGuard.java:99) ~[selenium-support-4.10.0.jar:?]
	at org.openqa.selenium.support.ThreadGuard$WebDriverInvocationHandler.invoke(ThreadGuard.java:91) ~[selenium-support-4.10.0.jar:?]
	at com.sun.proxy.$Proxy47.getScreenshotAs(Unknown Source) ~[?:?]
	at anhtester.com.listeners.AllureListener.beforeTestStop(AllureListener.java:43) ~[test-classes/:?]
	at io.qameta.allure.listener.LifecycleNotifier.lambda$runSafely$0(LifecycleNotifier.java:211) ~[allure-java-commons-2.22.1.jar:2.22.1]
	at java.util.ArrayList.forEach(ArrayList.java:1541) ~[?:?]
	at io.qameta.allure.listener.LifecycleNotifier.runSafely(LifecycleNotifier.java:209) ~[allure-java-commons-2.22.1.jar:2.22.1]
	at io.qameta.allure.listener.LifecycleNotifier.beforeTestStop(LifecycleNotifier.java:88) ~[allure-java-commons-2.22.1.jar:2.22.1]
	at io.qameta.allure.AllureLifecycle.stopTestCase(AllureLifecycle.java:420) ~[allure-java-commons-2.22.1.jar:2.22.1]
	at io.qameta.allure.cucumber7jvm.AllureCucumber7Jvm.handleTestCaseFinished(AllureCucumber7Jvm.java:197) ~[allure-cucumber7-jvm-2.22.1.jar:2.22.1]
	at io.cucumber.core.eventbus.AbstractEventPublisher.send(AbstractEventPublisher.java:51) ~[cucumber-core-7.12.1.jar:7.12.1]
	at io.cucumber.core.eventbus.AbstractEventBus.send(AbstractEventBus.java:12) ~[cucumber-core-7.12.1.jar:7.12.1]
	at io.cucumber.core.runtime.SynchronizedEventBus.send(SynchronizedEventBus.java:47) ~[cucumber-core-7.12.1.jar:7.12.1]
	at io.cucumber.core.runtime.ThreadLocalRunnerSupplier$LocalEventBus.send(ThreadLocalRunnerSupplier.java:62) ~[cucumber-core-7.12.1.jar:7.12.1]
	at io.cucumber.core.runner.TestCase.emitTestCaseFinished(TestCase.java:219) ~[cucumber-core-7.12.1.jar:7.12.1]
	at io.cucumber.core.runner.TestCase.run(TestCase.java:98) ~[cucumber-core-7.12.1.jar:7.12.1]
	at io.cucumber.core.runner.Runner.runPickle(Runner.java:75) ~[cucumber-core-7.12.1.jar:7.12.1]
	at io.cucumber.testng.TestNGCucumberRunner.lambda$runScenario$1(TestNGCucumberRunner.java:132) ~[cucumber-testng-7.12.1.jar:7.12.1]
	at io.cucumber.core.runtime.CucumberExecutionContext.lambda$runTestCase$5(CucumberExecutionContext.java:137) ~[cucumber-core-7.12.1.jar:7.12.1]
	at io.cucumber.core.runtime.RethrowingThrowableCollector.executeAndThrow(RethrowingThrowableCollector.java:23) ~[cucumber-core-7.12.1.jar:7.12.1]
	at io.cucumber.core.runtime.CucumberExecutionContext.runTestCase(CucumberExecutionContext.java:137) ~[cucumber-core-7.12.1.jar:7.12.1]
	at io.cucumber.testng.TestNGCucumberRunner.runScenario(TestNGCucumberRunner.java:129) ~[cucumber-testng-7.12.1.jar:7.12.1]
	at io.cucumber.testng.AbstractTestNGCucumberTests.runScenario(AbstractTestNGCucumberTests.java:35) ~[cucumber-testng-7.12.1.jar:7.12.1]
	at jdk.internal.reflect.NativeMethodAccessorImpl.invoke0(Native Method) ~[?:?]
	at jdk.internal.reflect.NativeMethodAccessorImpl.invoke(NativeMethodAccessorImpl.java:62) ~[?:?]
	at jdk.internal.reflect.DelegatingMethodAccessorImpl.invoke(DelegatingMethodAccessorImpl.java:43) ~[?:?]
	at java.lang.reflect.Method.invoke(Method.java:566) ~[?:?]
	at org.testng.internal.invokers.MethodInvocationHelper.invokeMethod(MethodInvocationHelper.java:139) ~[testng-7.8.0.jar:7.8.0]
	at org.testng.internal.invokers.TestInvoker.invokeMethod(TestInvoker.java:664) ~[testng-7.8.0.jar:7.8.0]
	at org.testng.internal.invokers.TestInvoker.invokeTestMethod(TestInvoker.java:227) ~[testng-7.8.0.jar:7.8.0]
	at org.testng.internal.invokers.MethodRunner.runInSequence(MethodRunner.java:50) ~[testng-7.8.0.jar:7.8.0]
	at org.testng.internal.invokers.TestInvoker$MethodInvocationAgent.invoke(TestInvoker.java:957) ~[testng-7.8.0.jar:7.8.0]
	at org.testng.internal.invokers.TestInvoker.invokeTestMethods(TestInvoker.java:200) ~[testng-7.8.0.jar:7.8.0]
	at org.testng.internal.invokers.TestMethodWorker.invokeTestMethods(TestMethodWorker.java:148) ~[testng-7.8.0.jar:7.8.0]
	at org.testng.internal.invokers.TestMethodWorker.run(TestMethodWorker.java:128) ~[testng-7.8.0.jar:7.8.0]
	at java.util.ArrayList.forEach(ArrayList.java:1541) [?:?]
	at org.testng.TestRunner.privateRun(TestRunner.java:848) [testng-7.8.0.jar:7.8.0]
	at org.testng.TestRunner.run(TestRunner.java:621) [testng-7.8.0.jar:7.8.0]
	at org.testng.SuiteRunner.runTest(SuiteRunner.java:443) [testng-7.8.0.jar:7.8.0]
	at org.testng.SuiteRunner.runSequentially(SuiteRunner.java:437) [testng-7.8.0.jar:7.8.0]
	at org.testng.SuiteRunner.privateRun(SuiteRunner.java:397) [testng-7.8.0.jar:7.8.0]
	at org.testng.SuiteRunner.run(SuiteRunner.java:336) [testng-7.8.0.jar:7.8.0]
	at org.testng.SuiteRunnerWorker.runSuite(SuiteRunnerWorker.java:52) [testng-7.8.0.jar:7.8.0]
	at org.testng.SuiteRunnerWorker.run(SuiteRunnerWorker.java:95) [testng-7.8.0.jar:7.8.0]
	at org.testng.TestNG.runSuitesSequentially(TestNG.java:1280) [testng-7.8.0.jar:7.8.0]
	at org.testng.TestNG.runSuitesLocally(TestNG.java:1200) [testng-7.8.0.jar:7.8.0]
	at org.testng.TestNG.runSuites(TestNG.java:1114) [testng-7.8.0.jar:7.8.0]
	at org.testng.TestNG.run(TestNG.java:1082) [testng-7.8.0.jar:7.8.0]
	at com.intellij.rt.testng.IDEARemoteTestNG.run(IDEARemoteTestNG.java:66) [testng-rt.jar:?]
	at com.intellij.rt.testng.RemoteTestNGStarter.main(RemoteTestNGStarter.java:109) [testng-rt.jar:?]
[ERROR] 22-06-2023 15:53:03 [main] [LifecycleNotifier] - Could not invoke listener method
org.openqa.selenium.NoSuchSessionException: Session ID is null. Using WebDriver after calling quit()?
Build info: version: '4.10.0', revision: 'c14d967899'
System info: os.name: 'Mac OS X', os.arch: 'aarch64', os.version: '12.6', java.version: '11.0.16'
Driver info: org.openqa.selenium.chrome.ChromeDriver
Command: [null, screenshot {}]
Capabilities {acceptInsecureCerts: false, browserName: chrome, browserVersion: 114.0.5735.133, chrome: {chromedriverVersion: 114.0.5735.90 (386bc09e8f4f..., userDataDir: /var/folders/bz/l4ntdftn1jd...}, goog:chromeOptions: {debuggerAddress: localhost:49547}, networkConnectionEnabled: false, pageLoadStrategy: normal, platformName: mac, proxy: Proxy(), se:cdp: ws://localhost:49547/devtoo..., se:cdpVersion: 114.0.5735.133, setWindowRect: true, strictFileInteractability: false, timeouts: {implicit: 0, pageLoad: 300000, script: 30000}, unhandledPromptBehavior: dismiss and notify, webauthn:extension:credBlob: true, webauthn:extension:largeBlob: true, webauthn:extension:minPinLength: true, webauthn:extension:prf: true, webauthn:virtualAuthenticators: true}
	at org.openqa.selenium.remote.HttpCommandExecutor.execute(HttpCommandExecutor.java:152) ~[selenium-remote-driver-4.10.0.jar:?]
	at org.openqa.selenium.remote.service.DriverCommandExecutor.invokeExecute(DriverCommandExecutor.java:196) ~[selenium-remote-driver-4.10.0.jar:?]
	at org.openqa.selenium.remote.service.DriverCommandExecutor.execute(DriverCommandExecutor.java:171) ~[selenium-remote-driver-4.10.0.jar:?]
	at org.openqa.selenium.remote.RemoteWebDriver.execute(RemoteWebDriver.java:531) ~[selenium-remote-driver-4.10.0.jar:?]
	at org.openqa.selenium.remote.RemoteWebDriver.execute(RemoteWebDriver.java:590) ~[selenium-remote-driver-4.10.0.jar:?]
	at org.openqa.selenium.remote.RemoteWebDriver.execute(RemoteWebDriver.java:594) ~[selenium-remote-driver-4.10.0.jar:?]
	at org.openqa.selenium.remote.RemoteWebDriver.getScreenshotAs(RemoteWebDriver.java:316) ~[selenium-remote-driver-4.10.0.jar:?]
	at jdk.internal.reflect.NativeMethodAccessorImpl.invoke0(Native Method) ~[?:?]
	at jdk.internal.reflect.NativeMethodAccessorImpl.invoke(NativeMethodAccessorImpl.java:62) ~[?:?]
	at jdk.internal.reflect.DelegatingMethodAccessorImpl.invoke(DelegatingMethodAccessorImpl.java:43) ~[?:?]
	at java.lang.reflect.Method.invoke(Method.java:566) ~[?:?]
	at org.openqa.selenium.support.ThreadGuard$WebDriverInvocationHandler.invokeUnderlying(ThreadGuard.java:99) ~[selenium-support-4.10.0.jar:?]
	at org.openqa.selenium.support.ThreadGuard$WebDriverInvocationHandler.invoke(ThreadGuard.java:91) ~[selenium-support-4.10.0.jar:?]
	at com.sun.proxy.$Proxy47.getScreenshotAs(Unknown Source) ~[?:?]
	at anhtester.com.listeners.AllureListener.beforeTestStop(AllureListener.java:43) ~[test-classes/:?]
	at io.qameta.allure.listener.LifecycleNotifier.lambda$runSafely$0(LifecycleNotifier.java:211) ~[allure-java-commons-2.22.1.jar:2.22.1]
	at java.util.ArrayList.forEach(ArrayList.java:1541) ~[?:?]
	at io.qameta.allure.listener.LifecycleNotifier.runSafely(LifecycleNotifier.java:209) ~[allure-java-commons-2.22.1.jar:2.22.1]
	at io.qameta.allure.listener.LifecycleNotifier.beforeTestStop(LifecycleNotifier.java:88) ~[allure-java-commons-2.22.1.jar:2.22.1]
	at io.qameta.allure.AllureLifecycle.stopTestCase(AllureLifecycle.java:420) ~[allure-java-commons-2.22.1.jar:2.22.1]
	at io.qameta.allure.testng.AllureTestNg.stopTestCase(AllureTestNg.java:376) ~[allure-testng-2.22.1.jar:2.22.1]
	at io.qameta.allure.testng.AllureTestNg.onTestFailure(AllureTestNg.java:370) ~[allure-testng-2.22.1.jar:2.22.1]
	at org.testng.internal.TestListenerHelper.runTestListeners(TestListenerHelper.java:108) ~[testng-7.8.0.jar:7.8.0]
	at org.testng.internal.invokers.TestInvoker.runTestResultListener(TestInvoker.java:262) ~[testng-7.8.0.jar:7.8.0]
	at org.testng.internal.invokers.TestInvoker.invokeMethod(TestInvoker.java:751) ~[testng-7.8.0.jar:7.8.0]
	at org.testng.internal.invokers.TestInvoker.invokeTestMethod(TestInvoker.java:227) ~[testng-7.8.0.jar:7.8.0]
	at org.testng.internal.invokers.MethodRunner.runInSequence(MethodRunner.java:50) ~[testng-7.8.0.jar:7.8.0]
	at org.testng.internal.invokers.TestInvoker$MethodInvocationAgent.invoke(TestInvoker.java:957) ~[testng-7.8.0.jar:7.8.0]
	at org.testng.internal.invokers.TestInvoker.invokeTestMethods(TestInvoker.java:200) ~[testng-7.8.0.jar:7.8.0]
	at org.testng.internal.invokers.TestMethodWorker.invokeTestMethods(TestMethodWorker.java:148) ~[testng-7.8.0.jar:7.8.0]
	at org.testng.internal.invokers.TestMethodWorker.run(TestMethodWorker.java:128) ~[testng-7.8.0.jar:7.8.0]
	at java.util.ArrayList.forEach(ArrayList.java:1541) [?:?]
	at org.testng.TestRunner.privateRun(TestRunner.java:848) [testng-7.8.0.jar:7.8.0]
	at org.testng.TestRunner.run(TestRunner.java:621) [testng-7.8.0.jar:7.8.0]
	at org.testng.SuiteRunner.runTest(SuiteRunner.java:443) [testng-7.8.0.jar:7.8.0]
	at org.testng.SuiteRunner.runSequentially(SuiteRunner.java:437) [testng-7.8.0.jar:7.8.0]
	at org.testng.SuiteRunner.privateRun(SuiteRunner.java:397) [testng-7.8.0.jar:7.8.0]
	at org.testng.SuiteRunner.run(SuiteRunner.java:336) [testng-7.8.0.jar:7.8.0]
	at org.testng.SuiteRunnerWorker.runSuite(SuiteRunnerWorker.java:52) [testng-7.8.0.jar:7.8.0]
	at org.testng.SuiteRunnerWorker.run(SuiteRunnerWorker.java:95) [testng-7.8.0.jar:7.8.0]
	at org.testng.TestNG.runSuitesSequentially(TestNG.java:1280) [testng-7.8.0.jar:7.8.0]
	at org.testng.TestNG.runSuitesLocally(TestNG.java:1200) [testng-7.8.0.jar:7.8.0]
	at org.testng.TestNG.runSuites(TestNG.java:1114) [testng-7.8.0.jar:7.8.0]
	at org.testng.TestNG.run(TestNG.java:1082) [testng-7.8.0.jar:7.8.0]
	at com.intellij.rt.testng.IDEARemoteTestNG.run(IDEARemoteTestNG.java:66) [testng-rt.jar:?]
	at com.intellij.rt.testng.RemoteTestNGStarter.main(RemoteTestNGStarter.java:109) [testng-rt.jar:?]
[INFO] 22-06-2023 16:12:48 [main] [Utils] - [TestNG] Running:
  /Users/kanthreddy/Library/Caches/JetBrains/IdeaIE2022.2/temp-testng-customsuite.xml

[INFO] 22-06-2023 16:12:49 [main] [LogUtils] - Loaded all properties files.
[INFO] 22-06-2023 16:12:49 [main] [LogUtils] - {TARGET=local, ownerDetail=xpath&&//div[@id='s2id_created_by']//a[@class='select2-choice']/span[1], menuClients=xpath&&//span[normalize-space()='Clients'], TELEGRAM_CHATID=, OVERRIDE_REPORTS=yes, inputPhone=xpath&&//input[@id='phone'], inputClientGroups=xpath&&(//label[normalize-space()='Client groups']/following-sibling::div//input)[1], buttonSaveOnDialog=xpath&&//div[@id='ajaxModalContent']//button[normalize-space()='Save'], spanFirstItemClientGroups=xpath&&//span[@class='select2-match'], inputCountry=xpath&&//input[@id='country'], SEND_REPORT_TO_TELEGRAM=no, SEND_EMAIL_TO_USERS=no, ZIP_FOLDER_NAME=CucumberExtentReports.zip, WAIT_DEFAULT=5, REMOTE_PORT=4444, TELEGRAM_TOKEN=, buttonAddClient=xpath&&//a[normalize-space()='Add client'], URL_CORP=https://corporate-dev.hubpay.ae/auth/signin, labelClientGroups=xpath&&//li[@class='select2-search-choice']/div, URL_OPS=https://ops-portal-dev.hubpay.ae/wallet/, inputState=xpath&&//input[@id='state'], labelOnClientPage=xpath&&//span[normalize-space()='Total clients'], inputPassword=xpath&&//input[@id='password'], EXTENT_REPORT_PDF=PdfReport.pdf, inputAddress=xpath&&//textarea[@id='address'], VIDEO_RECORD=no, inputSearchOwner=xpath&&//div[@id='select2-drop']//input, tabClient=xpath&&//ul[@id='client-tabs']//li[2], labelEmailError=id&&email-error, tabClientInfo=xpath&&//a[normalize-space()='Client info'], PASSWORD=T+wyT5u9cOelDJbBWNgxLw, inputWebsite=xpath&&//input[@id='website'], SCREENSHOT_ALL_STEPS=no, labelAuthentication=xpath&&//div[@role='alert'], EXTENT_REPORT_NAME=ExtentReport, EXPORT_VIDEO_PATH=ExportData/Videos, EXPORT_CAPTURE_PATH=ExportData/Images, WAIT_PAGE_LOADED=30, SCREENSHOT_PASSED_STEPS=no, radioOrganization=xpath&&//input[@id='type_organization'], EXTENT_REPORT_FOLDER=reports/CucumberExtentReports, itemClientFirstRow=xpath&&//table[@id='client-table']//tbody/tr[1]/td[2]/a, WAIT_EXPLICIT=10, BROWSER=chrome, SCREENSHOT_SKIPPED_STEPS=yes, inputEmail=xpath&&//input[@id='email'], menuDashboard=xpath&&//span[normalize-space()='Dashboard'], REPORT_TITLE=Report | Automation Framework Cucumber TestNG | Anh Tester, AUTHOR=Anh Tester, EXCEL_DATA_FILE_PATH=src/test/resources/testdata/ClientsDataExcel.xlsx, WAIT_IMPLICIT=20, PROJECT_NAME=Automation Framework Cucumber TestNG | Anh Tester, HEADLESS=false, REMOTE_URL=localhost, inputCompanyName=xpath&&//input[@id='company_name'], selectOwner=xpath&&//div[@id='s2id_created_by'], inputCity=xpath&&//input[@id='city'], SCREENSHOT_FAILED_STEPS=yes, TXT_FILE_PATH=src/test/resources/testdata/TxtFileData.txt, selectFirstItemOwner=xpath&&(//div[contains(@id,'select2-result-label')])[1], buttonSignIn=xpath&&//button[normalize-space()='Sign in'], JSON_DATA_FILE_PATH=src/test/resources/config/config.json, inputVat=xpath&&//input[@id='vat_number'], ACTIVE_PAGE_LOADED=true, headerPageClientInfo=xpath&&//form[@id='company-form']//h4, URL_CRM=https://rise.fairsketch.com/signin, WAIT_SLEEP_STEP=0, OPEN_REPORTS_AFTER_EXECUTION=no, buttonDynamicXpath=xpath&&//button[normalize-space()='%s'], ZIP_FOLDER_PATH=reports/CucumberExtentReports, inputZip=xpath&&//input[@id='zip'], inputSearch=xpath&&//input[@placeholder='Search'], ZIP_FOLDER=no, menuProjects=xpath&&//span[normalize-space()='Projects']}
[INFO] 22-06-2023 16:12:49 [main] [LogUtils] - Loaded all properties files.
[INFO] 22-06-2023 16:12:49 [main] [LogUtils] - {TARGET=local, ownerDetail=xpath&&//div[@id='s2id_created_by']//a[@class='select2-choice']/span[1], menuClients=xpath&&//span[normalize-space()='Clients'], TELEGRAM_CHATID=, OVERRIDE_REPORTS=yes, inputPhone=xpath&&//input[@id='phone'], inputClientGroups=xpath&&(//label[normalize-space()='Client groups']/following-sibling::div//input)[1], buttonSaveOnDialog=xpath&&//div[@id='ajaxModalContent']//button[normalize-space()='Save'], spanFirstItemClientGroups=xpath&&//span[@class='select2-match'], inputCountry=xpath&&//input[@id='country'], SEND_REPORT_TO_TELEGRAM=no, SEND_EMAIL_TO_USERS=no, ZIP_FOLDER_NAME=CucumberExtentReports.zip, WAIT_DEFAULT=5, REMOTE_PORT=4444, TELEGRAM_TOKEN=, buttonAddClient=xpath&&//a[normalize-space()='Add client'], URL_CORP=https://corporate-dev.hubpay.ae/auth/signin, labelClientGroups=xpath&&//li[@class='select2-search-choice']/div, URL_OPS=https://ops-portal-dev.hubpay.ae/wallet/, inputState=xpath&&//input[@id='state'], labelOnClientPage=xpath&&//span[normalize-space()='Total clients'], inputPassword=xpath&&//input[@id='password'], EXTENT_REPORT_PDF=PdfReport.pdf, inputAddress=xpath&&//textarea[@id='address'], VIDEO_RECORD=no, inputSearchOwner=xpath&&//div[@id='select2-drop']//input, tabClient=xpath&&//ul[@id='client-tabs']//li[2], labelEmailError=id&&email-error, tabClientInfo=xpath&&//a[normalize-space()='Client info'], PASSWORD=T+wyT5u9cOelDJbBWNgxLw, inputWebsite=xpath&&//input[@id='website'], SCREENSHOT_ALL_STEPS=no, labelAuthentication=xpath&&//div[@role='alert'], EXTENT_REPORT_NAME=ExtentReport, EXPORT_VIDEO_PATH=ExportData/Videos, EXPORT_CAPTURE_PATH=ExportData/Images, WAIT_PAGE_LOADED=30, SCREENSHOT_PASSED_STEPS=no, radioOrganization=xpath&&//input[@id='type_organization'], EXTENT_REPORT_FOLDER=reports/CucumberExtentReports, itemClientFirstRow=xpath&&//table[@id='client-table']//tbody/tr[1]/td[2]/a, WAIT_EXPLICIT=10, BROWSER=chrome, SCREENSHOT_SKIPPED_STEPS=yes, inputEmail=xpath&&//input[@id='email'], menuDashboard=xpath&&//span[normalize-space()='Dashboard'], REPORT_TITLE=Report | Automation Framework Cucumber TestNG | Anh Tester, AUTHOR=Anh Tester, EXCEL_DATA_FILE_PATH=src/test/resources/testdata/ClientsDataExcel.xlsx, WAIT_IMPLICIT=20, PROJECT_NAME=Automation Framework Cucumber TestNG | Anh Tester, HEADLESS=false, REMOTE_URL=localhost, inputCompanyName=xpath&&//input[@id='company_name'], selectOwner=xpath&&//div[@id='s2id_created_by'], inputCity=xpath&&//input[@id='city'], SCREENSHOT_FAILED_STEPS=yes, TXT_FILE_PATH=src/test/resources/testdata/TxtFileData.txt, selectFirstItemOwner=xpath&&(//div[contains(@id,'select2-result-label')])[1], buttonSignIn=xpath&&//button[normalize-space()='Sign in'], JSON_DATA_FILE_PATH=src/test/resources/config/config.json, inputVat=xpath&&//input[@id='vat_number'], ACTIVE_PAGE_LOADED=true, headerPageClientInfo=xpath&&//form[@id='company-form']//h4, URL_CRM=https://rise.fairsketch.com/signin, WAIT_SLEEP_STEP=0, OPEN_REPORTS_AFTER_EXECUTION=no, buttonDynamicXpath=xpath&&//button[normalize-space()='%s'], ZIP_FOLDER_PATH=reports/CucumberExtentReports, inputZip=xpath&&//input[@id='zip'], inputSearch=xpath&&//input[@placeholder='Search'], ZIP_FOLDER=no, menuProjects=xpath&&//span[normalize-space()='Projects']}
[INFO] 22-06-2023 16:12:50 [main] [WebDriverManager] - Using chromedriver 114.0.5735.90 (resolved driver for Chrome 114)
[INFO] 22-06-2023 16:12:50 [main] [WebDriverManager] - Exporting webdriver.chrome.driver as /Users/kanthreddy/.cache/selenium/chromedriver/mac-arm64/114.0.5735.90/chromedriver
[INFO] 22-06-2023 16:12:58 [main] [LogUtils] - Driver in TestContext: ChromeDriver: chrome on mac (0c426deca7694e70c158f48386bee6a1)
[INFO] 22-06-2023 16:13:04 [main] [LogUtils] - Open URL: https://corporate-dev.hubpay.ae/auth/signin
[INFO] 22-06-2023 16:13:04 [main] [LogUtils] - Verify element visible By.cssSelector: input[name='username']
[INFO] 22-06-2023 16:13:07 [main] [LogUtils] - Set text sreekanth@hubpay.ae on By.cssSelector: input[name='username']
[INFO] 22-06-2023 16:13:07 [main] [LogUtils] - Verify element visible By.cssSelector: input[name='password']
[INFO] 22-06-2023 16:13:08 [main] [LogUtils] - Set text Hubpass@1 on By.cssSelector: input[name='password']
[INFO] 22-06-2023 16:13:13 [main] [LogUtils] - Click on element with JS: By.xpath: //button[text()='Next']
[INFO] 22-06-2023 16:13:31 [main] [LogUtils] - Verify element visible By.xpath: //li[contains(.,'Sign out')]
[INFO] 22-06-2023 16:13:33 [main] [LogUtils] - Verify element visible By.xpath: //h1[text()='Dashboard']
[INFO] 22-06-2023 16:13:33 [main] [LogUtils] - Verify element visible By.xpath: //h1[text()='Dashboard']
[INFO] 22-06-2023 16:13:33 [main] [LogUtils] - Verify element visible By.xpath: //p[contains(text(),'AUD')]
[INFO] 22-06-2023 16:13:34 [main] [LogUtils] - Verify element visible By.xpath: //p[contains(text(),'AUD')]
[INFO] 22-06-2023 16:13:35 [main] [LogUtils] - Verify element visible By.xpath: //p[contains(text(),'AED')]
[INFO] 22-06-2023 16:13:35 [main] [LogUtils] - Verify element visible By.xpath: //p[contains(text(),'AED')]
[INFO] 22-06-2023 16:13:35 [main] [LogUtils] - Verify element visible By.xpath: //p[contains(text(),'AUD')]
[INFO] 22-06-2023 16:13:35 [main] [LogUtils] - Verify element visible By.xpath: //p[contains(text(),'AUD')]
[INFO] 22-06-2023 16:13:35 [main] [LogUtils] - Verify element visible By.xpath: //p[contains(text(),'AED')]
[INFO] 22-06-2023 16:13:36 [main] [LogUtils] - Verify element visible By.xpath: //p[contains(text(),'AED')]
[INFO] 22-06-2023 16:13:36 [main] [LogUtils] - Verify element visible By.xpath: //a[text()='Exchange']
[INFO] 22-06-2023 16:13:37 [main] [LogUtils] - Clicked on the element By.xpath: //a[text()='Exchange']
[INFO] 22-06-2023 16:13:42 [main] [LogUtils] - Verify element visible By.xpath: //h1[text()='Exchange']
[INFO] 22-06-2023 16:13:43 [main] [LogUtils] - Verify element visible By.xpath: //h1[text()='Exchange']
[INFO] 22-06-2023 16:13:43 [main] [LogUtils] - Verify element visible By.xpath: //p[text()='Convert money between your wallets']
[INFO] 22-06-2023 16:13:43 [main] [LogUtils] - Verify element visible By.xpath: //span[text()='Amount']/preceding-sibling::span[text()='1']/parent::span
[INFO] 22-06-2023 16:13:43 [main] [LogUtils] - Verify element visible By.xpath: //span[text()='Review & confirm']/preceding-sibling::span[text()='2']/parent::span
[INFO] 22-06-2023 16:13:43 [main] [LogUtils] - Verify element visible By.xpath: //h1[text()='Amount']
[INFO] 22-06-2023 16:13:43 [main] [LogUtils] - Verify element visible By.xpath: //h1[text()='Amount']/following-sibling::p[text()='Select the wallet you want to exchange to and define the amount']
[INFO] 22-06-2023 16:13:43 [main] [LogUtils] - Verify element visible By.xpath: //input[@id='amount']/following-sibling::div/button
[INFO] 22-06-2023 16:13:43 [main] [LogUtils] - Verify element visible By.xpath: //label[text()='Sell']/following-sibling::div/input[@placeholder='0.00']/following-sibling::div[.='AED']
[INFO] 22-06-2023 16:13:43 [main] [LogUtils] - Verify TRUE: true
[INFO] 22-06-2023 16:13:43 [main] [LogUtils] - Verify element visible By.xpath: //p[.='ANITHA TEST BUSINESS Solutions Private Limited']
[INFO] 22-06-2023 16:13:43 [main] [LogUtils] - Verify element visible By.xpath: //p[.='Hello, SRIKANTH PALLA BHANUMURTHY REDDY']
[INFO] 22-06-2023 16:13:43 [main] [LogUtils] - Verify element visible By.xpath: //span[text()='Amount']/preceding-sibling::span[text()='1']/parent::span
[INFO] 22-06-2023 16:13:43 [main] [LogUtils] - Verify element visible By.xpath: //span[text()='Amount']/preceding-sibling::span[text()='1']/parent::span
[INFO] 22-06-2023 16:13:43 [main] [LogUtils] - Verify element visible By.xpath: //span[text()='Amount']/preceding-sibling::span[text()='1']/parent::span
[INFO] 22-06-2023 16:13:43 [main] [LogUtils] - Verify TRUE: true
[INFO] 22-06-2023 16:13:44 [main] [LogUtils] - Verify element visible By.xpath: //span[text()='Review & confirm']/preceding-sibling::span[text()='2']/parent::span
[INFO] 22-06-2023 16:13:44 [main] [LogUtils] - Verify element visible By.xpath: //span[text()='Review & confirm']/preceding-sibling::span[text()='2']/parent::span
[INFO] 22-06-2023 16:13:44 [main] [LogUtils] - Verify element visible By.xpath: //span[text()='Review & confirm']/preceding-sibling::span[text()='2']/parent::span
[INFO] 22-06-2023 16:13:44 [main] [LogUtils] - Verify TRUE: true
[INFO] 22-06-2023 16:13:52 [main] [LogUtils] - Verify element visible By.xpath: //input[@id='amount']
[INFO] 22-06-2023 16:13:52 [main] [LogUtils] - Verify element visible By.xpath: //input[@id='amount']
[INFO] 22-06-2023 16:13:54 [main] [LogUtils] - Clear and Fill 10 on By.xpath: //input[@id='amount']
[INFO] 22-06-2023 16:13:54 [main] [LogUtils] - Verify element visible By.xpath: //div[text()='Live rate']/preceding-sibling::div//p
[INFO] 22-06-2023 16:13:54 [main] [LogUtils] - Verify element visible By.xpath: //div[text()='Live rate']/preceding-sibling::div//p
[INFO] 22-06-2023 16:13:54 [main] [LogUtils] - Verify element visible By.xpath: //div[text()='Live rate']/preceding-sibling::div//p
[INFO] 22-06-2023 16:13:54 [main] [LogUtils] - Verify element visible By.xpath: //div[text()='Live rate']/preceding-sibling::div//p
[INFO] 22-06-2023 16:13:54 [main] [LogUtils] - Verify text of an element [Contains]: true
[INFO] 22-06-2023 16:13:54 [main] [LogUtils] - Verify element visible By.xpath: //div[text()='Live rate']/preceding-sibling::div//p
[INFO] 22-06-2023 16:13:54 [main] [LogUtils] - Verify element visible By.xpath: //div[text()='Live rate']/preceding-sibling::div//p
[INFO] 22-06-2023 16:13:55 [main] [LogUtils] - Verify element visible By.xpath: //div[text()='Processing time']/preceding-sibling::div
[INFO] 22-06-2023 16:13:55 [main] [LogUtils] - Verify element visible By.xpath: //div[text()='Processing time']/preceding-sibling::div
[INFO] 22-06-2023 16:13:55 [main] [LogUtils] - Verify element visible By.xpath: //div[text()='Processing time']/preceding-sibling::div
[INFO] 22-06-2023 16:13:55 [main] [LogUtils] - Verify text of an element [Equals]: true
[INFO] 22-06-2023 16:13:55 [main] [LogUtils] - Verify element visible By.xpath: //div[text()='Processing time']/preceding-sibling::div
[INFO] 22-06-2023 16:13:55 [main] [LogUtils] - Verify element visible By.xpath: //div[text()='Processing time']/preceding-sibling::div
[INFO] 22-06-2023 16:13:55 [main] [LogUtils] - Verify element visible By.xpath: //div[text()='Processing time']/preceding-sibling::div
[INFO] 22-06-2023 16:13:55 [main] [LogUtils] - Verify element visible By.xpath: //div[text()='Processing time']/preceding-sibling::div
[INFO] 22-06-2023 16:13:55 [main] [LogUtils] - Verify element visible By.xpath: //div[text()='Processing time']/preceding-sibling::div
[INFO] 22-06-2023 16:13:55 [main] [LogUtils] - Verify element visible By.xpath: //div[text()='Processing time']/preceding-sibling::div
[INFO] 22-06-2023 16:13:56 [main] [LogUtils] - Verify element visible By.xpath: //button/span
[INFO] 22-06-2023 16:13:56 [main] [LogUtils] - Verify element visible By.xpath: //button/span
[INFO] 22-06-2023 16:13:56 [main] [LogUtils] - Verify element visible By.xpath: //input[@id='amount']
[INFO] 22-06-2023 16:13:56 [main] [LogUtils] - Verify element visible By.xpath: //input[@id='sell']/following-sibling::div
[INFO] 22-06-2023 16:13:56 [main] [LogUtils] - Verify element visible By.xpath: //input[@id='sell']/following-sibling::div
[INFO] 22-06-2023 16:13:56 [main] [LogUtils] - Verify element visible By.xpath: //div[text()='Live rate']/preceding-sibling::div//p
[INFO] 22-06-2023 16:13:56 [main] [LogUtils] - Verify element visible By.xpath: //div[text()='Live rate']/preceding-sibling::div//p
[INFO] 22-06-2023 16:13:56 [main] [LogUtils] - Verify element visible By.xpath: //input[@id='amount']
[INFO] 22-06-2023 16:13:56 [main] [LogUtils] - Verify element visible By.xpath: //div[text()='Live rate']/preceding-sibling::div//p
[INFO] 22-06-2023 16:13:57 [main] [LogUtils] - Verify element visible By.xpath: //div[text()='Live rate']/preceding-sibling::div//p
[INFO] 22-06-2023 16:13:57 [main] [LogUtils] - Verify element visible By.xpath: //div[text()='Settlement date']/preceding-sibling::div
[INFO] 22-06-2023 16:13:57 [main] [LogUtils] - Verify element visible By.xpath: //div[text()='Settlement date']/preceding-sibling::div
[INFO] 22-06-2023 16:13:57 [main] [LogUtils] - Verify element visible By.xpath: //div[text()='Processing time']/preceding-sibling::div
[INFO] 22-06-2023 16:13:57 [main] [LogUtils] - Verify element visible By.xpath: //div[text()='Processing time']/preceding-sibling::div
[INFO] 22-06-2023 16:13:57 [main] [LogUtils] - Verify element visible By.xpath: //div[text()='Settlement date']/preceding-sibling::div
[INFO] 22-06-2023 16:13:57 [main] [LogUtils] - Verify element visible By.xpath: //div[text()='Settlement date']/preceding-sibling::div
[INFO] 22-06-2023 16:13:57 [main] [LogUtils] - Verify element visible By.xpath: //div[text()='Settlement date']/preceding-sibling::div
[INFO] 22-06-2023 16:13:57 [main] [LogUtils] - Verify element visible By.xpath: //div[text()='Settlement date']/preceding-sibling::div
[INFO] 22-06-2023 16:13:57 [main] [LogUtils] - Scroll to element By.xpath: //button[contains(.,'Next')]
[INFO] 22-06-2023 16:13:59 [main] [LogUtils] - Click on element with JS: By.xpath: //button[contains(.,'Next')]
[INFO] 22-06-2023 16:13:59 [main] [LogUtils] - Verify element visible By.xpath: //span[text()='Amount']/preceding-sibling::span[text()='1']/parent::span
[INFO] 22-06-2023 16:13:59 [main] [LogUtils] - Verify element visible By.xpath: //span[text()='Amount']/preceding-sibling::span[text()='1']/parent::span
[INFO] 22-06-2023 16:13:59 [main] [LogUtils] - Verify element visible By.xpath: //span[text()='Amount']/preceding-sibling::span[text()='1']/parent::span
[INFO] 22-06-2023 16:13:59 [main] [LogUtils] - Verify TRUE: false
[ERROR] 22-06-2023 16:14:00 [main] [LifecycleNotifier] - Could not invoke listener method
org.openqa.selenium.NoSuchSessionException: Session ID is null. Using WebDriver after calling quit()?
Build info: version: '4.10.0', revision: 'c14d967899'
System info: os.name: 'Mac OS X', os.arch: 'aarch64', os.version: '12.6', java.version: '11.0.16'
Driver info: org.openqa.selenium.chrome.ChromeDriver
Command: [null, screenshot {}]
Capabilities {acceptInsecureCerts: false, browserName: chrome, browserVersion: 114.0.5735.133, chrome: {chromedriverVersion: 114.0.5735.90 (386bc09e8f4f..., userDataDir: /var/folders/bz/l4ntdftn1jd...}, goog:chromeOptions: {debuggerAddress: localhost:55900}, networkConnectionEnabled: false, pageLoadStrategy: normal, platformName: mac, proxy: Proxy(), se:cdp: ws://localhost:55900/devtoo..., se:cdpVersion: 114.0.5735.133, setWindowRect: true, strictFileInteractability: false, timeouts: {implicit: 0, pageLoad: 300000, script: 30000}, unhandledPromptBehavior: dismiss and notify, webauthn:extension:credBlob: true, webauthn:extension:largeBlob: true, webauthn:extension:minPinLength: true, webauthn:extension:prf: true, webauthn:virtualAuthenticators: true}
	at org.openqa.selenium.remote.HttpCommandExecutor.execute(HttpCommandExecutor.java:152) ~[selenium-remote-driver-4.10.0.jar:?]
	at org.openqa.selenium.remote.service.DriverCommandExecutor.invokeExecute(DriverCommandExecutor.java:196) ~[selenium-remote-driver-4.10.0.jar:?]
	at org.openqa.selenium.remote.service.DriverCommandExecutor.execute(DriverCommandExecutor.java:171) ~[selenium-remote-driver-4.10.0.jar:?]
	at org.openqa.selenium.remote.RemoteWebDriver.execute(RemoteWebDriver.java:531) ~[selenium-remote-driver-4.10.0.jar:?]
	at org.openqa.selenium.remote.RemoteWebDriver.execute(RemoteWebDriver.java:590) ~[selenium-remote-driver-4.10.0.jar:?]
	at org.openqa.selenium.remote.RemoteWebDriver.execute(RemoteWebDriver.java:594) ~[selenium-remote-driver-4.10.0.jar:?]
	at org.openqa.selenium.remote.RemoteWebDriver.getScreenshotAs(RemoteWebDriver.java:316) ~[selenium-remote-driver-4.10.0.jar:?]
	at jdk.internal.reflect.NativeMethodAccessorImpl.invoke0(Native Method) ~[?:?]
	at jdk.internal.reflect.NativeMethodAccessorImpl.invoke(NativeMethodAccessorImpl.java:62) ~[?:?]
	at jdk.internal.reflect.DelegatingMethodAccessorImpl.invoke(DelegatingMethodAccessorImpl.java:43) ~[?:?]
	at java.lang.reflect.Method.invoke(Method.java:566) ~[?:?]
	at org.openqa.selenium.support.ThreadGuard$WebDriverInvocationHandler.invokeUnderlying(ThreadGuard.java:99) ~[selenium-support-4.10.0.jar:?]
	at org.openqa.selenium.support.ThreadGuard$WebDriverInvocationHandler.invoke(ThreadGuard.java:91) ~[selenium-support-4.10.0.jar:?]
	at com.sun.proxy.$Proxy47.getScreenshotAs(Unknown Source) ~[?:?]
	at anhtester.com.listeners.AllureListener.beforeTestStop(AllureListener.java:43) ~[test-classes/:?]
	at io.qameta.allure.listener.LifecycleNotifier.lambda$runSafely$0(LifecycleNotifier.java:211) ~[allure-java-commons-2.22.1.jar:2.22.1]
	at java.util.ArrayList.forEach(ArrayList.java:1541) ~[?:?]
	at io.qameta.allure.listener.LifecycleNotifier.runSafely(LifecycleNotifier.java:209) ~[allure-java-commons-2.22.1.jar:2.22.1]
	at io.qameta.allure.listener.LifecycleNotifier.beforeTestStop(LifecycleNotifier.java:88) ~[allure-java-commons-2.22.1.jar:2.22.1]
	at io.qameta.allure.AllureLifecycle.stopTestCase(AllureLifecycle.java:420) ~[allure-java-commons-2.22.1.jar:2.22.1]
	at io.qameta.allure.cucumber7jvm.AllureCucumber7Jvm.handleTestCaseFinished(AllureCucumber7Jvm.java:197) ~[allure-cucumber7-jvm-2.22.1.jar:2.22.1]
	at io.cucumber.core.eventbus.AbstractEventPublisher.send(AbstractEventPublisher.java:51) ~[cucumber-core-7.12.1.jar:7.12.1]
	at io.cucumber.core.eventbus.AbstractEventBus.send(AbstractEventBus.java:12) ~[cucumber-core-7.12.1.jar:7.12.1]
	at io.cucumber.core.runtime.SynchronizedEventBus.send(SynchronizedEventBus.java:47) ~[cucumber-core-7.12.1.jar:7.12.1]
	at io.cucumber.core.runtime.ThreadLocalRunnerSupplier$LocalEventBus.send(ThreadLocalRunnerSupplier.java:62) ~[cucumber-core-7.12.1.jar:7.12.1]
	at io.cucumber.core.runner.TestCase.emitTestCaseFinished(TestCase.java:219) ~[cucumber-core-7.12.1.jar:7.12.1]
	at io.cucumber.core.runner.TestCase.run(TestCase.java:98) ~[cucumber-core-7.12.1.jar:7.12.1]
	at io.cucumber.core.runner.Runner.runPickle(Runner.java:75) ~[cucumber-core-7.12.1.jar:7.12.1]
	at io.cucumber.testng.TestNGCucumberRunner.lambda$runScenario$1(TestNGCucumberRunner.java:132) ~[cucumber-testng-7.12.1.jar:7.12.1]
	at io.cucumber.core.runtime.CucumberExecutionContext.lambda$runTestCase$5(CucumberExecutionContext.java:137) ~[cucumber-core-7.12.1.jar:7.12.1]
	at io.cucumber.core.runtime.RethrowingThrowableCollector.executeAndThrow(RethrowingThrowableCollector.java:23) ~[cucumber-core-7.12.1.jar:7.12.1]
	at io.cucumber.core.runtime.CucumberExecutionContext.runTestCase(CucumberExecutionContext.java:137) ~[cucumber-core-7.12.1.jar:7.12.1]
	at io.cucumber.testng.TestNGCucumberRunner.runScenario(TestNGCucumberRunner.java:129) ~[cucumber-testng-7.12.1.jar:7.12.1]
	at io.cucumber.testng.AbstractTestNGCucumberTests.runScenario(AbstractTestNGCucumberTests.java:35) ~[cucumber-testng-7.12.1.jar:7.12.1]
	at jdk.internal.reflect.NativeMethodAccessorImpl.invoke0(Native Method) ~[?:?]
	at jdk.internal.reflect.NativeMethodAccessorImpl.invoke(NativeMethodAccessorImpl.java:62) ~[?:?]
	at jdk.internal.reflect.DelegatingMethodAccessorImpl.invoke(DelegatingMethodAccessorImpl.java:43) ~[?:?]
	at java.lang.reflect.Method.invoke(Method.java:566) ~[?:?]
	at org.testng.internal.invokers.MethodInvocationHelper.invokeMethod(MethodInvocationHelper.java:139) ~[testng-7.8.0.jar:7.8.0]
	at org.testng.internal.invokers.TestInvoker.invokeMethod(TestInvoker.java:664) ~[testng-7.8.0.jar:7.8.0]
	at org.testng.internal.invokers.TestInvoker.invokeTestMethod(TestInvoker.java:227) ~[testng-7.8.0.jar:7.8.0]
	at org.testng.internal.invokers.MethodRunner.runInSequence(MethodRunner.java:50) ~[testng-7.8.0.jar:7.8.0]
	at org.testng.internal.invokers.TestInvoker$MethodInvocationAgent.invoke(TestInvoker.java:957) ~[testng-7.8.0.jar:7.8.0]
	at org.testng.internal.invokers.TestInvoker.invokeTestMethods(TestInvoker.java:200) ~[testng-7.8.0.jar:7.8.0]
	at org.testng.internal.invokers.TestMethodWorker.invokeTestMethods(TestMethodWorker.java:148) ~[testng-7.8.0.jar:7.8.0]
	at org.testng.internal.invokers.TestMethodWorker.run(TestMethodWorker.java:128) ~[testng-7.8.0.jar:7.8.0]
	at java.util.ArrayList.forEach(ArrayList.java:1541) [?:?]
	at org.testng.TestRunner.privateRun(TestRunner.java:848) [testng-7.8.0.jar:7.8.0]
	at org.testng.TestRunner.run(TestRunner.java:621) [testng-7.8.0.jar:7.8.0]
	at org.testng.SuiteRunner.runTest(SuiteRunner.java:443) [testng-7.8.0.jar:7.8.0]
	at org.testng.SuiteRunner.runSequentially(SuiteRunner.java:437) [testng-7.8.0.jar:7.8.0]
	at org.testng.SuiteRunner.privateRun(SuiteRunner.java:397) [testng-7.8.0.jar:7.8.0]
	at org.testng.SuiteRunner.run(SuiteRunner.java:336) [testng-7.8.0.jar:7.8.0]
	at org.testng.SuiteRunnerWorker.runSuite(SuiteRunnerWorker.java:52) [testng-7.8.0.jar:7.8.0]
	at org.testng.SuiteRunnerWorker.run(SuiteRunnerWorker.java:95) [testng-7.8.0.jar:7.8.0]
	at org.testng.TestNG.runSuitesSequentially(TestNG.java:1280) [testng-7.8.0.jar:7.8.0]
	at org.testng.TestNG.runSuitesLocally(TestNG.java:1200) [testng-7.8.0.jar:7.8.0]
	at org.testng.TestNG.runSuites(TestNG.java:1114) [testng-7.8.0.jar:7.8.0]
	at org.testng.TestNG.run(TestNG.java:1082) [testng-7.8.0.jar:7.8.0]
	at com.intellij.rt.testng.IDEARemoteTestNG.run(IDEARemoteTestNG.java:66) [testng-rt.jar:?]
	at com.intellij.rt.testng.RemoteTestNGStarter.main(RemoteTestNGStarter.java:109) [testng-rt.jar:?]
[ERROR] 22-06-2023 16:14:01 [main] [LifecycleNotifier] - Could not invoke listener method
org.openqa.selenium.NoSuchSessionException: Session ID is null. Using WebDriver after calling quit()?
Build info: version: '4.10.0', revision: 'c14d967899'
System info: os.name: 'Mac OS X', os.arch: 'aarch64', os.version: '12.6', java.version: '11.0.16'
Driver info: org.openqa.selenium.chrome.ChromeDriver
Command: [null, screenshot {}]
Capabilities {acceptInsecureCerts: false, browserName: chrome, browserVersion: 114.0.5735.133, chrome: {chromedriverVersion: 114.0.5735.90 (386bc09e8f4f..., userDataDir: /var/folders/bz/l4ntdftn1jd...}, goog:chromeOptions: {debuggerAddress: localhost:55900}, networkConnectionEnabled: false, pageLoadStrategy: normal, platformName: mac, proxy: Proxy(), se:cdp: ws://localhost:55900/devtoo..., se:cdpVersion: 114.0.5735.133, setWindowRect: true, strictFileInteractability: false, timeouts: {implicit: 0, pageLoad: 300000, script: 30000}, unhandledPromptBehavior: dismiss and notify, webauthn:extension:credBlob: true, webauthn:extension:largeBlob: true, webauthn:extension:minPinLength: true, webauthn:extension:prf: true, webauthn:virtualAuthenticators: true}
	at org.openqa.selenium.remote.HttpCommandExecutor.execute(HttpCommandExecutor.java:152) ~[selenium-remote-driver-4.10.0.jar:?]
	at org.openqa.selenium.remote.service.DriverCommandExecutor.invokeExecute(DriverCommandExecutor.java:196) ~[selenium-remote-driver-4.10.0.jar:?]
	at org.openqa.selenium.remote.service.DriverCommandExecutor.execute(DriverCommandExecutor.java:171) ~[selenium-remote-driver-4.10.0.jar:?]
	at org.openqa.selenium.remote.RemoteWebDriver.execute(RemoteWebDriver.java:531) ~[selenium-remote-driver-4.10.0.jar:?]
	at org.openqa.selenium.remote.RemoteWebDriver.execute(RemoteWebDriver.java:590) ~[selenium-remote-driver-4.10.0.jar:?]
	at org.openqa.selenium.remote.RemoteWebDriver.execute(RemoteWebDriver.java:594) ~[selenium-remote-driver-4.10.0.jar:?]
	at org.openqa.selenium.remote.RemoteWebDriver.getScreenshotAs(RemoteWebDriver.java:316) ~[selenium-remote-driver-4.10.0.jar:?]
	at jdk.internal.reflect.NativeMethodAccessorImpl.invoke0(Native Method) ~[?:?]
	at jdk.internal.reflect.NativeMethodAccessorImpl.invoke(NativeMethodAccessorImpl.java:62) ~[?:?]
	at jdk.internal.reflect.DelegatingMethodAccessorImpl.invoke(DelegatingMethodAccessorImpl.java:43) ~[?:?]
	at java.lang.reflect.Method.invoke(Method.java:566) ~[?:?]
	at org.openqa.selenium.support.ThreadGuard$WebDriverInvocationHandler.invokeUnderlying(ThreadGuard.java:99) ~[selenium-support-4.10.0.jar:?]
	at org.openqa.selenium.support.ThreadGuard$WebDriverInvocationHandler.invoke(ThreadGuard.java:91) ~[selenium-support-4.10.0.jar:?]
	at com.sun.proxy.$Proxy47.getScreenshotAs(Unknown Source) ~[?:?]
	at anhtester.com.listeners.AllureListener.beforeTestStop(AllureListener.java:43) ~[test-classes/:?]
	at io.qameta.allure.listener.LifecycleNotifier.lambda$runSafely$0(LifecycleNotifier.java:211) ~[allure-java-commons-2.22.1.jar:2.22.1]
	at java.util.ArrayList.forEach(ArrayList.java:1541) ~[?:?]
	at io.qameta.allure.listener.LifecycleNotifier.runSafely(LifecycleNotifier.java:209) ~[allure-java-commons-2.22.1.jar:2.22.1]
	at io.qameta.allure.listener.LifecycleNotifier.beforeTestStop(LifecycleNotifier.java:88) ~[allure-java-commons-2.22.1.jar:2.22.1]
	at io.qameta.allure.AllureLifecycle.stopTestCase(AllureLifecycle.java:420) ~[allure-java-commons-2.22.1.jar:2.22.1]
	at io.qameta.allure.testng.AllureTestNg.stopTestCase(AllureTestNg.java:376) ~[allure-testng-2.22.1.jar:2.22.1]
	at io.qameta.allure.testng.AllureTestNg.onTestFailure(AllureTestNg.java:370) ~[allure-testng-2.22.1.jar:2.22.1]
	at org.testng.internal.TestListenerHelper.runTestListeners(TestListenerHelper.java:108) ~[testng-7.8.0.jar:7.8.0]
	at org.testng.internal.invokers.TestInvoker.runTestResultListener(TestInvoker.java:262) ~[testng-7.8.0.jar:7.8.0]
	at org.testng.internal.invokers.TestInvoker.invokeMethod(TestInvoker.java:751) ~[testng-7.8.0.jar:7.8.0]
	at org.testng.internal.invokers.TestInvoker.invokeTestMethod(TestInvoker.java:227) ~[testng-7.8.0.jar:7.8.0]
	at org.testng.internal.invokers.MethodRunner.runInSequence(MethodRunner.java:50) ~[testng-7.8.0.jar:7.8.0]
	at org.testng.internal.invokers.TestInvoker$MethodInvocationAgent.invoke(TestInvoker.java:957) ~[testng-7.8.0.jar:7.8.0]
	at org.testng.internal.invokers.TestInvoker.invokeTestMethods(TestInvoker.java:200) ~[testng-7.8.0.jar:7.8.0]
	at org.testng.internal.invokers.TestMethodWorker.invokeTestMethods(TestMethodWorker.java:148) ~[testng-7.8.0.jar:7.8.0]
	at org.testng.internal.invokers.TestMethodWorker.run(TestMethodWorker.java:128) ~[testng-7.8.0.jar:7.8.0]
	at java.util.ArrayList.forEach(ArrayList.java:1541) [?:?]
	at org.testng.TestRunner.privateRun(TestRunner.java:848) [testng-7.8.0.jar:7.8.0]
	at org.testng.TestRunner.run(TestRunner.java:621) [testng-7.8.0.jar:7.8.0]
	at org.testng.SuiteRunner.runTest(SuiteRunner.java:443) [testng-7.8.0.jar:7.8.0]
	at org.testng.SuiteRunner.runSequentially(SuiteRunner.java:437) [testng-7.8.0.jar:7.8.0]
	at org.testng.SuiteRunner.privateRun(SuiteRunner.java:397) [testng-7.8.0.jar:7.8.0]
	at org.testng.SuiteRunner.run(SuiteRunner.java:336) [testng-7.8.0.jar:7.8.0]
	at org.testng.SuiteRunnerWorker.runSuite(SuiteRunnerWorker.java:52) [testng-7.8.0.jar:7.8.0]
	at org.testng.SuiteRunnerWorker.run(SuiteRunnerWorker.java:95) [testng-7.8.0.jar:7.8.0]
	at org.testng.TestNG.runSuitesSequentially(TestNG.java:1280) [testng-7.8.0.jar:7.8.0]
	at org.testng.TestNG.runSuitesLocally(TestNG.java:1200) [testng-7.8.0.jar:7.8.0]
	at org.testng.TestNG.runSuites(TestNG.java:1114) [testng-7.8.0.jar:7.8.0]
	at org.testng.TestNG.run(TestNG.java:1082) [testng-7.8.0.jar:7.8.0]
	at com.intellij.rt.testng.IDEARemoteTestNG.run(IDEARemoteTestNG.java:66) [testng-rt.jar:?]
	at com.intellij.rt.testng.RemoteTestNGStarter.main(RemoteTestNGStarter.java:109) [testng-rt.jar:?]
[INFO] 22-06-2023 16:19:27 [main] [Utils] - [TestNG] Running:
  /Users/kanthreddy/Library/Caches/JetBrains/IdeaIE2022.2/temp-testng-customsuite.xml

[INFO] 22-06-2023 16:19:28 [main] [LogUtils] - Loaded all properties files.
[INFO] 22-06-2023 16:19:28 [main] [LogUtils] - {TARGET=local, ownerDetail=xpath&&//div[@id='s2id_created_by']//a[@class='select2-choice']/span[1], menuClients=xpath&&//span[normalize-space()='Clients'], TELEGRAM_CHATID=, OVERRIDE_REPORTS=yes, inputPhone=xpath&&//input[@id='phone'], inputClientGroups=xpath&&(//label[normalize-space()='Client groups']/following-sibling::div//input)[1], buttonSaveOnDialog=xpath&&//div[@id='ajaxModalContent']//button[normalize-space()='Save'], spanFirstItemClientGroups=xpath&&//span[@class='select2-match'], inputCountry=xpath&&//input[@id='country'], SEND_REPORT_TO_TELEGRAM=no, SEND_EMAIL_TO_USERS=no, ZIP_FOLDER_NAME=CucumberExtentReports.zip, WAIT_DEFAULT=5, REMOTE_PORT=4444, TELEGRAM_TOKEN=, buttonAddClient=xpath&&//a[normalize-space()='Add client'], URL_CORP=https://corporate-dev.hubpay.ae/auth/signin, labelClientGroups=xpath&&//li[@class='select2-search-choice']/div, URL_OPS=https://ops-portal-dev.hubpay.ae/wallet/, inputState=xpath&&//input[@id='state'], labelOnClientPage=xpath&&//span[normalize-space()='Total clients'], inputPassword=xpath&&//input[@id='password'], EXTENT_REPORT_PDF=PdfReport.pdf, inputAddress=xpath&&//textarea[@id='address'], VIDEO_RECORD=no, inputSearchOwner=xpath&&//div[@id='select2-drop']//input, tabClient=xpath&&//ul[@id='client-tabs']//li[2], labelEmailError=id&&email-error, tabClientInfo=xpath&&//a[normalize-space()='Client info'], PASSWORD=T+wyT5u9cOelDJbBWNgxLw, inputWebsite=xpath&&//input[@id='website'], SCREENSHOT_ALL_STEPS=no, labelAuthentication=xpath&&//div[@role='alert'], EXTENT_REPORT_NAME=ExtentReport, EXPORT_VIDEO_PATH=ExportData/Videos, EXPORT_CAPTURE_PATH=ExportData/Images, WAIT_PAGE_LOADED=30, SCREENSHOT_PASSED_STEPS=no, radioOrganization=xpath&&//input[@id='type_organization'], EXTENT_REPORT_FOLDER=reports/CucumberExtentReports, itemClientFirstRow=xpath&&//table[@id='client-table']//tbody/tr[1]/td[2]/a, WAIT_EXPLICIT=10, BROWSER=chrome, SCREENSHOT_SKIPPED_STEPS=yes, inputEmail=xpath&&//input[@id='email'], menuDashboard=xpath&&//span[normalize-space()='Dashboard'], REPORT_TITLE=Report | Automation Framework Cucumber TestNG | Anh Tester, AUTHOR=Anh Tester, EXCEL_DATA_FILE_PATH=src/test/resources/testdata/ClientsDataExcel.xlsx, WAIT_IMPLICIT=20, PROJECT_NAME=Automation Framework Cucumber TestNG | Anh Tester, HEADLESS=false, REMOTE_URL=localhost, inputCompanyName=xpath&&//input[@id='company_name'], selectOwner=xpath&&//div[@id='s2id_created_by'], inputCity=xpath&&//input[@id='city'], SCREENSHOT_FAILED_STEPS=yes, TXT_FILE_PATH=src/test/resources/testdata/TxtFileData.txt, selectFirstItemOwner=xpath&&(//div[contains(@id,'select2-result-label')])[1], buttonSignIn=xpath&&//button[normalize-space()='Sign in'], JSON_DATA_FILE_PATH=src/test/resources/config/config.json, inputVat=xpath&&//input[@id='vat_number'], ACTIVE_PAGE_LOADED=true, headerPageClientInfo=xpath&&//form[@id='company-form']//h4, URL_CRM=https://rise.fairsketch.com/signin, WAIT_SLEEP_STEP=0, OPEN_REPORTS_AFTER_EXECUTION=no, buttonDynamicXpath=xpath&&//button[normalize-space()='%s'], ZIP_FOLDER_PATH=reports/CucumberExtentReports, inputZip=xpath&&//input[@id='zip'], inputSearch=xpath&&//input[@placeholder='Search'], ZIP_FOLDER=no, menuProjects=xpath&&//span[normalize-space()='Projects']}
[INFO] 22-06-2023 16:19:28 [main] [LogUtils] - Loaded all properties files.
[INFO] 22-06-2023 16:19:28 [main] [LogUtils] - {TARGET=local, ownerDetail=xpath&&//div[@id='s2id_created_by']//a[@class='select2-choice']/span[1], menuClients=xpath&&//span[normalize-space()='Clients'], TELEGRAM_CHATID=, OVERRIDE_REPORTS=yes, inputPhone=xpath&&//input[@id='phone'], inputClientGroups=xpath&&(//label[normalize-space()='Client groups']/following-sibling::div//input)[1], buttonSaveOnDialog=xpath&&//div[@id='ajaxModalContent']//button[normalize-space()='Save'], spanFirstItemClientGroups=xpath&&//span[@class='select2-match'], inputCountry=xpath&&//input[@id='country'], SEND_REPORT_TO_TELEGRAM=no, SEND_EMAIL_TO_USERS=no, ZIP_FOLDER_NAME=CucumberExtentReports.zip, WAIT_DEFAULT=5, REMOTE_PORT=4444, TELEGRAM_TOKEN=, buttonAddClient=xpath&&//a[normalize-space()='Add client'], URL_CORP=https://corporate-dev.hubpay.ae/auth/signin, labelClientGroups=xpath&&//li[@class='select2-search-choice']/div, URL_OPS=https://ops-portal-dev.hubpay.ae/wallet/, inputState=xpath&&//input[@id='state'], labelOnClientPage=xpath&&//span[normalize-space()='Total clients'], inputPassword=xpath&&//input[@id='password'], EXTENT_REPORT_PDF=PdfReport.pdf, inputAddress=xpath&&//textarea[@id='address'], VIDEO_RECORD=no, inputSearchOwner=xpath&&//div[@id='select2-drop']//input, tabClient=xpath&&//ul[@id='client-tabs']//li[2], labelEmailError=id&&email-error, tabClientInfo=xpath&&//a[normalize-space()='Client info'], PASSWORD=T+wyT5u9cOelDJbBWNgxLw, inputWebsite=xpath&&//input[@id='website'], SCREENSHOT_ALL_STEPS=no, labelAuthentication=xpath&&//div[@role='alert'], EXTENT_REPORT_NAME=ExtentReport, EXPORT_VIDEO_PATH=ExportData/Videos, EXPORT_CAPTURE_PATH=ExportData/Images, WAIT_PAGE_LOADED=30, SCREENSHOT_PASSED_STEPS=no, radioOrganization=xpath&&//input[@id='type_organization'], EXTENT_REPORT_FOLDER=reports/CucumberExtentReports, itemClientFirstRow=xpath&&//table[@id='client-table']//tbody/tr[1]/td[2]/a, WAIT_EXPLICIT=10, BROWSER=chrome, SCREENSHOT_SKIPPED_STEPS=yes, inputEmail=xpath&&//input[@id='email'], menuDashboard=xpath&&//span[normalize-space()='Dashboard'], REPORT_TITLE=Report | Automation Framework Cucumber TestNG | Anh Tester, AUTHOR=Anh Tester, EXCEL_DATA_FILE_PATH=src/test/resources/testdata/ClientsDataExcel.xlsx, WAIT_IMPLICIT=20, PROJECT_NAME=Automation Framework Cucumber TestNG | Anh Tester, HEADLESS=false, REMOTE_URL=localhost, inputCompanyName=xpath&&//input[@id='company_name'], selectOwner=xpath&&//div[@id='s2id_created_by'], inputCity=xpath&&//input[@id='city'], SCREENSHOT_FAILED_STEPS=yes, TXT_FILE_PATH=src/test/resources/testdata/TxtFileData.txt, selectFirstItemOwner=xpath&&(//div[contains(@id,'select2-result-label')])[1], buttonSignIn=xpath&&//button[normalize-space()='Sign in'], JSON_DATA_FILE_PATH=src/test/resources/config/config.json, inputVat=xpath&&//input[@id='vat_number'], ACTIVE_PAGE_LOADED=true, headerPageClientInfo=xpath&&//form[@id='company-form']//h4, URL_CRM=https://rise.fairsketch.com/signin, WAIT_SLEEP_STEP=0, OPEN_REPORTS_AFTER_EXECUTION=no, buttonDynamicXpath=xpath&&//button[normalize-space()='%s'], ZIP_FOLDER_PATH=reports/CucumberExtentReports, inputZip=xpath&&//input[@id='zip'], inputSearch=xpath&&//input[@placeholder='Search'], ZIP_FOLDER=no, menuProjects=xpath&&//span[normalize-space()='Projects']}
[INFO] 22-06-2023 16:19:28 [main] [WebDriverManager] - Using chromedriver 114.0.5735.90 (resolved driver for Chrome 114)
[INFO] 22-06-2023 16:19:28 [main] [WebDriverManager] - Exporting webdriver.chrome.driver as /Users/kanthreddy/.cache/selenium/chromedriver/mac-arm64/114.0.5735.90/chromedriver
[INFO] 22-06-2023 16:19:35 [main] [LogUtils] - Driver in TestContext: ChromeDriver: chrome on mac (343b09c4005c00c677c2ebdfd1b86735)
[INFO] 22-06-2023 16:19:39 [main] [LogUtils] - Open URL: https://corporate-dev.hubpay.ae/auth/signin
[INFO] 22-06-2023 16:19:39 [main] [LogUtils] - Verify element visible By.cssSelector: input[name='username']
[INFO] 22-06-2023 16:19:42 [main] [LogUtils] - Set text sreekanth@hubpay.ae on By.cssSelector: input[name='username']
[INFO] 22-06-2023 16:19:42 [main] [LogUtils] - Verify element visible By.cssSelector: input[name='password']
[INFO] 22-06-2023 16:19:43 [main] [LogUtils] - Set text Hubpass@1 on By.cssSelector: input[name='password']
[INFO] 22-06-2023 16:19:47 [main] [LogUtils] - Click on element with JS: By.xpath: //button[text()='Next']
[INFO] 22-06-2023 16:19:57 [main] [LogUtils] - Verify element visible By.xpath: //li[contains(.,'Sign out')]
[INFO] 22-06-2023 16:20:06 [main] [LogUtils] - Verify element visible By.xpath: //h1[text()='Dashboard']
[INFO] 22-06-2023 16:20:08 [main] [LogUtils] - Verify element visible By.xpath: //h1[text()='Dashboard']
[INFO] 22-06-2023 16:20:08 [main] [LogUtils] - Verify element visible By.xpath: //p[contains(text(),'AUD')]
[INFO] 22-06-2023 16:20:08 [main] [LogUtils] - Verify element visible By.xpath: //p[contains(text(),'AUD')]
[INFO] 22-06-2023 16:20:09 [main] [LogUtils] - Verify element visible By.xpath: //p[contains(text(),'AED')]
[INFO] 22-06-2023 16:20:09 [main] [LogUtils] - Verify element visible By.xpath: //p[contains(text(),'AED')]
[INFO] 22-06-2023 16:20:10 [main] [LogUtils] - Verify element visible By.xpath: //p[contains(text(),'AUD')]
[INFO] 22-06-2023 16:20:10 [main] [LogUtils] - Verify element visible By.xpath: //p[contains(text(),'AUD')]
[INFO] 22-06-2023 16:20:10 [main] [LogUtils] - Verify element visible By.xpath: //p[contains(text(),'AED')]
[INFO] 22-06-2023 16:20:10 [main] [LogUtils] - Verify element visible By.xpath: //p[contains(text(),'AED')]
[INFO] 22-06-2023 16:20:10 [main] [LogUtils] - Verify element visible By.xpath: //a[text()='Exchange']
[INFO] 22-06-2023 16:20:11 [main] [LogUtils] - Clicked on the element By.xpath: //a[text()='Exchange']
[INFO] 22-06-2023 16:20:16 [main] [LogUtils] - Verify element visible By.xpath: //h1[text()='Exchange']
[INFO] 22-06-2023 16:20:16 [main] [LogUtils] - Verify element visible By.xpath: //h1[text()='Exchange']
[INFO] 22-06-2023 16:20:16 [main] [LogUtils] - Verify element visible By.xpath: //p[text()='Convert money between your wallets']
[INFO] 22-06-2023 16:20:16 [main] [LogUtils] - Verify element visible By.xpath: //span[text()='Amount']/preceding-sibling::span[text()='1']/parent::span
[INFO] 22-06-2023 16:20:16 [main] [LogUtils] - Verify element visible By.xpath: //span[text()='Review & confirm']/preceding-sibling::span[text()='2']/parent::span
[INFO] 22-06-2023 16:20:16 [main] [LogUtils] - Verify element visible By.xpath: //h1[text()='Amount']
[INFO] 22-06-2023 16:20:16 [main] [LogUtils] - Verify element visible By.xpath: //h1[text()='Amount']/following-sibling::p[text()='Select the wallet you want to exchange to and define the amount']
[INFO] 22-06-2023 16:20:16 [main] [LogUtils] - Verify element visible By.xpath: //input[@id='amount']/following-sibling::div/button
[INFO] 22-06-2023 16:20:16 [main] [LogUtils] - Verify element visible By.xpath: //label[text()='Sell']/following-sibling::div/input[@placeholder='0.00']/following-sibling::div[.='AED']
[INFO] 22-06-2023 16:20:16 [main] [LogUtils] - Verify TRUE: true
[INFO] 22-06-2023 16:20:16 [main] [LogUtils] - Verify element visible By.xpath: //p[.='ANITHA TEST BUSINESS Solutions Private Limited']
[INFO] 22-06-2023 16:20:16 [main] [LogUtils] - Verify element visible By.xpath: //p[.='Hello, SRIKANTH PALLA BHANUMURTHY REDDY']
[INFO] 22-06-2023 16:20:16 [main] [LogUtils] - Verify element visible By.xpath: //span[text()='Amount']/preceding-sibling::span[text()='1']/parent::span
[INFO] 22-06-2023 16:20:16 [main] [LogUtils] - Verify element visible By.xpath: //span[text()='Amount']/preceding-sibling::span[text()='1']/parent::span
[INFO] 22-06-2023 16:20:16 [main] [LogUtils] - Verify element visible By.xpath: //span[text()='Amount']/preceding-sibling::span[text()='1']/parent::span
[INFO] 22-06-2023 16:20:16 [main] [LogUtils] - Verify TRUE: true
[ERROR] 22-06-2023 16:20:27 [main] [LogUtils] - Element not exist. By.xpath: //h1[text()='Review & confirm']
[ERROR] 22-06-2023 16:20:28 [main] [LifecycleNotifier] - Could not invoke listener method
org.openqa.selenium.NoSuchSessionException: Session ID is null. Using WebDriver after calling quit()?
Build info: version: '4.10.0', revision: 'c14d967899'
System info: os.name: 'Mac OS X', os.arch: 'aarch64', os.version: '12.6', java.version: '11.0.16'
Driver info: org.openqa.selenium.chrome.ChromeDriver
Command: [null, screenshot {}]
Capabilities {acceptInsecureCerts: false, browserName: chrome, browserVersion: 114.0.5735.133, chrome: {chromedriverVersion: 114.0.5735.90 (386bc09e8f4f..., userDataDir: /var/folders/bz/l4ntdftn1jd...}, goog:chromeOptions: {debuggerAddress: localhost:57765}, networkConnectionEnabled: false, pageLoadStrategy: normal, platformName: mac, proxy: Proxy(), se:cdp: ws://localhost:57765/devtoo..., se:cdpVersion: 114.0.5735.133, setWindowRect: true, strictFileInteractability: false, timeouts: {implicit: 0, pageLoad: 300000, script: 30000}, unhandledPromptBehavior: dismiss and notify, webauthn:extension:credBlob: true, webauthn:extension:largeBlob: true, webauthn:extension:minPinLength: true, webauthn:extension:prf: true, webauthn:virtualAuthenticators: true}
	at org.openqa.selenium.remote.HttpCommandExecutor.execute(HttpCommandExecutor.java:152) ~[selenium-remote-driver-4.10.0.jar:?]
	at org.openqa.selenium.remote.service.DriverCommandExecutor.invokeExecute(DriverCommandExecutor.java:196) ~[selenium-remote-driver-4.10.0.jar:?]
	at org.openqa.selenium.remote.service.DriverCommandExecutor.execute(DriverCommandExecutor.java:171) ~[selenium-remote-driver-4.10.0.jar:?]
	at org.openqa.selenium.remote.RemoteWebDriver.execute(RemoteWebDriver.java:531) ~[selenium-remote-driver-4.10.0.jar:?]
	at org.openqa.selenium.remote.RemoteWebDriver.execute(RemoteWebDriver.java:590) ~[selenium-remote-driver-4.10.0.jar:?]
	at org.openqa.selenium.remote.RemoteWebDriver.execute(RemoteWebDriver.java:594) ~[selenium-remote-driver-4.10.0.jar:?]
	at org.openqa.selenium.remote.RemoteWebDriver.getScreenshotAs(RemoteWebDriver.java:316) ~[selenium-remote-driver-4.10.0.jar:?]
	at jdk.internal.reflect.NativeMethodAccessorImpl.invoke0(Native Method) ~[?:?]
	at jdk.internal.reflect.NativeMethodAccessorImpl.invoke(NativeMethodAccessorImpl.java:62) ~[?:?]
	at jdk.internal.reflect.DelegatingMethodAccessorImpl.invoke(DelegatingMethodAccessorImpl.java:43) ~[?:?]
	at java.lang.reflect.Method.invoke(Method.java:566) ~[?:?]
	at org.openqa.selenium.support.ThreadGuard$WebDriverInvocationHandler.invokeUnderlying(ThreadGuard.java:99) ~[selenium-support-4.10.0.jar:?]
	at org.openqa.selenium.support.ThreadGuard$WebDriverInvocationHandler.invoke(ThreadGuard.java:91) ~[selenium-support-4.10.0.jar:?]
	at com.sun.proxy.$Proxy47.getScreenshotAs(Unknown Source) ~[?:?]
	at anhtester.com.listeners.AllureListener.beforeTestStop(AllureListener.java:43) ~[test-classes/:?]
	at io.qameta.allure.listener.LifecycleNotifier.lambda$runSafely$0(LifecycleNotifier.java:211) ~[allure-java-commons-2.22.1.jar:2.22.1]
	at java.util.ArrayList.forEach(ArrayList.java:1541) ~[?:?]
	at io.qameta.allure.listener.LifecycleNotifier.runSafely(LifecycleNotifier.java:209) ~[allure-java-commons-2.22.1.jar:2.22.1]
	at io.qameta.allure.listener.LifecycleNotifier.beforeTestStop(LifecycleNotifier.java:88) ~[allure-java-commons-2.22.1.jar:2.22.1]
	at io.qameta.allure.AllureLifecycle.stopTestCase(AllureLifecycle.java:420) ~[allure-java-commons-2.22.1.jar:2.22.1]
	at io.qameta.allure.cucumber7jvm.AllureCucumber7Jvm.handleTestCaseFinished(AllureCucumber7Jvm.java:197) ~[allure-cucumber7-jvm-2.22.1.jar:2.22.1]
	at io.cucumber.core.eventbus.AbstractEventPublisher.send(AbstractEventPublisher.java:51) ~[cucumber-core-7.12.1.jar:7.12.1]
	at io.cucumber.core.eventbus.AbstractEventBus.send(AbstractEventBus.java:12) ~[cucumber-core-7.12.1.jar:7.12.1]
	at io.cucumber.core.runtime.SynchronizedEventBus.send(SynchronizedEventBus.java:47) ~[cucumber-core-7.12.1.jar:7.12.1]
	at io.cucumber.core.runtime.ThreadLocalRunnerSupplier$LocalEventBus.send(ThreadLocalRunnerSupplier.java:62) ~[cucumber-core-7.12.1.jar:7.12.1]
	at io.cucumber.core.runner.TestCase.emitTestCaseFinished(TestCase.java:219) ~[cucumber-core-7.12.1.jar:7.12.1]
	at io.cucumber.core.runner.TestCase.run(TestCase.java:98) ~[cucumber-core-7.12.1.jar:7.12.1]
	at io.cucumber.core.runner.Runner.runPickle(Runner.java:75) ~[cucumber-core-7.12.1.jar:7.12.1]
	at io.cucumber.testng.TestNGCucumberRunner.lambda$runScenario$1(TestNGCucumberRunner.java:132) ~[cucumber-testng-7.12.1.jar:7.12.1]
	at io.cucumber.core.runtime.CucumberExecutionContext.lambda$runTestCase$5(CucumberExecutionContext.java:137) ~[cucumber-core-7.12.1.jar:7.12.1]
	at io.cucumber.core.runtime.RethrowingThrowableCollector.executeAndThrow(RethrowingThrowableCollector.java:23) ~[cucumber-core-7.12.1.jar:7.12.1]
	at io.cucumber.core.runtime.CucumberExecutionContext.runTestCase(CucumberExecutionContext.java:137) ~[cucumber-core-7.12.1.jar:7.12.1]
	at io.cucumber.testng.TestNGCucumberRunner.runScenario(TestNGCucumberRunner.java:129) ~[cucumber-testng-7.12.1.jar:7.12.1]
	at io.cucumber.testng.AbstractTestNGCucumberTests.runScenario(AbstractTestNGCucumberTests.java:35) ~[cucumber-testng-7.12.1.jar:7.12.1]
	at jdk.internal.reflect.NativeMethodAccessorImpl.invoke0(Native Method) ~[?:?]
	at jdk.internal.reflect.NativeMethodAccessorImpl.invoke(NativeMethodAccessorImpl.java:62) ~[?:?]
	at jdk.internal.reflect.DelegatingMethodAccessorImpl.invoke(DelegatingMethodAccessorImpl.java:43) ~[?:?]
	at java.lang.reflect.Method.invoke(Method.java:566) ~[?:?]
	at org.testng.internal.invokers.MethodInvocationHelper.invokeMethod(MethodInvocationHelper.java:139) ~[testng-7.8.0.jar:7.8.0]
	at org.testng.internal.invokers.TestInvoker.invokeMethod(TestInvoker.java:664) ~[testng-7.8.0.jar:7.8.0]
	at org.testng.internal.invokers.TestInvoker.invokeTestMethod(TestInvoker.java:227) ~[testng-7.8.0.jar:7.8.0]
	at org.testng.internal.invokers.MethodRunner.runInSequence(MethodRunner.java:50) ~[testng-7.8.0.jar:7.8.0]
	at org.testng.internal.invokers.TestInvoker$MethodInvocationAgent.invoke(TestInvoker.java:957) ~[testng-7.8.0.jar:7.8.0]
	at org.testng.internal.invokers.TestInvoker.invokeTestMethods(TestInvoker.java:200) ~[testng-7.8.0.jar:7.8.0]
	at org.testng.internal.invokers.TestMethodWorker.invokeTestMethods(TestMethodWorker.java:148) ~[testng-7.8.0.jar:7.8.0]
	at org.testng.internal.invokers.TestMethodWorker.run(TestMethodWorker.java:128) ~[testng-7.8.0.jar:7.8.0]
	at java.util.ArrayList.forEach(ArrayList.java:1541) [?:?]
	at org.testng.TestRunner.privateRun(TestRunner.java:848) [testng-7.8.0.jar:7.8.0]
	at org.testng.TestRunner.run(TestRunner.java:621) [testng-7.8.0.jar:7.8.0]
	at org.testng.SuiteRunner.runTest(SuiteRunner.java:443) [testng-7.8.0.jar:7.8.0]
	at org.testng.SuiteRunner.runSequentially(SuiteRunner.java:437) [testng-7.8.0.jar:7.8.0]
	at org.testng.SuiteRunner.privateRun(SuiteRunner.java:397) [testng-7.8.0.jar:7.8.0]
	at org.testng.SuiteRunner.run(SuiteRunner.java:336) [testng-7.8.0.jar:7.8.0]
	at org.testng.SuiteRunnerWorker.runSuite(SuiteRunnerWorker.java:52) [testng-7.8.0.jar:7.8.0]
	at org.testng.SuiteRunnerWorker.run(SuiteRunnerWorker.java:95) [testng-7.8.0.jar:7.8.0]
	at org.testng.TestNG.runSuitesSequentially(TestNG.java:1280) [testng-7.8.0.jar:7.8.0]
	at org.testng.TestNG.runSuitesLocally(TestNG.java:1200) [testng-7.8.0.jar:7.8.0]
	at org.testng.TestNG.runSuites(TestNG.java:1114) [testng-7.8.0.jar:7.8.0]
	at org.testng.TestNG.run(TestNG.java:1082) [testng-7.8.0.jar:7.8.0]
	at com.intellij.rt.testng.IDEARemoteTestNG.run(IDEARemoteTestNG.java:66) [testng-rt.jar:?]
	at com.intellij.rt.testng.RemoteTestNGStarter.main(RemoteTestNGStarter.java:109) [testng-rt.jar:?]
[ERROR] 22-06-2023 16:20:28 [main] [LifecycleNotifier] - Could not invoke listener method
org.openqa.selenium.NoSuchSessionException: Session ID is null. Using WebDriver after calling quit()?
Build info: version: '4.10.0', revision: 'c14d967899'
System info: os.name: 'Mac OS X', os.arch: 'aarch64', os.version: '12.6', java.version: '11.0.16'
Driver info: org.openqa.selenium.chrome.ChromeDriver
Command: [null, screenshot {}]
Capabilities {acceptInsecureCerts: false, browserName: chrome, browserVersion: 114.0.5735.133, chrome: {chromedriverVersion: 114.0.5735.90 (386bc09e8f4f..., userDataDir: /var/folders/bz/l4ntdftn1jd...}, goog:chromeOptions: {debuggerAddress: localhost:57765}, networkConnectionEnabled: false, pageLoadStrategy: normal, platformName: mac, proxy: Proxy(), se:cdp: ws://localhost:57765/devtoo..., se:cdpVersion: 114.0.5735.133, setWindowRect: true, strictFileInteractability: false, timeouts: {implicit: 0, pageLoad: 300000, script: 30000}, unhandledPromptBehavior: dismiss and notify, webauthn:extension:credBlob: true, webauthn:extension:largeBlob: true, webauthn:extension:minPinLength: true, webauthn:extension:prf: true, webauthn:virtualAuthenticators: true}
	at org.openqa.selenium.remote.HttpCommandExecutor.execute(HttpCommandExecutor.java:152) ~[selenium-remote-driver-4.10.0.jar:?]
	at org.openqa.selenium.remote.service.DriverCommandExecutor.invokeExecute(DriverCommandExecutor.java:196) ~[selenium-remote-driver-4.10.0.jar:?]
	at org.openqa.selenium.remote.service.DriverCommandExecutor.execute(DriverCommandExecutor.java:171) ~[selenium-remote-driver-4.10.0.jar:?]
	at org.openqa.selenium.remote.RemoteWebDriver.execute(RemoteWebDriver.java:531) ~[selenium-remote-driver-4.10.0.jar:?]
	at org.openqa.selenium.remote.RemoteWebDriver.execute(RemoteWebDriver.java:590) ~[selenium-remote-driver-4.10.0.jar:?]
	at org.openqa.selenium.remote.RemoteWebDriver.execute(RemoteWebDriver.java:594) ~[selenium-remote-driver-4.10.0.jar:?]
	at org.openqa.selenium.remote.RemoteWebDriver.getScreenshotAs(RemoteWebDriver.java:316) ~[selenium-remote-driver-4.10.0.jar:?]
	at jdk.internal.reflect.NativeMethodAccessorImpl.invoke0(Native Method) ~[?:?]
	at jdk.internal.reflect.NativeMethodAccessorImpl.invoke(NativeMethodAccessorImpl.java:62) ~[?:?]
	at jdk.internal.reflect.DelegatingMethodAccessorImpl.invoke(DelegatingMethodAccessorImpl.java:43) ~[?:?]
	at java.lang.reflect.Method.invoke(Method.java:566) ~[?:?]
	at org.openqa.selenium.support.ThreadGuard$WebDriverInvocationHandler.invokeUnderlying(ThreadGuard.java:99) ~[selenium-support-4.10.0.jar:?]
	at org.openqa.selenium.support.ThreadGuard$WebDriverInvocationHandler.invoke(ThreadGuard.java:91) ~[selenium-support-4.10.0.jar:?]
	at com.sun.proxy.$Proxy47.getScreenshotAs(Unknown Source) ~[?:?]
	at anhtester.com.listeners.AllureListener.beforeTestStop(AllureListener.java:43) ~[test-classes/:?]
	at io.qameta.allure.listener.LifecycleNotifier.lambda$runSafely$0(LifecycleNotifier.java:211) ~[allure-java-commons-2.22.1.jar:2.22.1]
	at java.util.ArrayList.forEach(ArrayList.java:1541) ~[?:?]
	at io.qameta.allure.listener.LifecycleNotifier.runSafely(LifecycleNotifier.java:209) ~[allure-java-commons-2.22.1.jar:2.22.1]
	at io.qameta.allure.listener.LifecycleNotifier.beforeTestStop(LifecycleNotifier.java:88) ~[allure-java-commons-2.22.1.jar:2.22.1]
	at io.qameta.allure.AllureLifecycle.stopTestCase(AllureLifecycle.java:420) ~[allure-java-commons-2.22.1.jar:2.22.1]
	at io.qameta.allure.testng.AllureTestNg.stopTestCase(AllureTestNg.java:376) ~[allure-testng-2.22.1.jar:2.22.1]
	at io.qameta.allure.testng.AllureTestNg.onTestFailure(AllureTestNg.java:370) ~[allure-testng-2.22.1.jar:2.22.1]
	at org.testng.internal.TestListenerHelper.runTestListeners(TestListenerHelper.java:108) ~[testng-7.8.0.jar:7.8.0]
	at org.testng.internal.invokers.TestInvoker.runTestResultListener(TestInvoker.java:262) ~[testng-7.8.0.jar:7.8.0]
	at org.testng.internal.invokers.TestInvoker.invokeMethod(TestInvoker.java:751) ~[testng-7.8.0.jar:7.8.0]
	at org.testng.internal.invokers.TestInvoker.invokeTestMethod(TestInvoker.java:227) ~[testng-7.8.0.jar:7.8.0]
	at org.testng.internal.invokers.MethodRunner.runInSequence(MethodRunner.java:50) ~[testng-7.8.0.jar:7.8.0]
	at org.testng.internal.invokers.TestInvoker$MethodInvocationAgent.invoke(TestInvoker.java:957) ~[testng-7.8.0.jar:7.8.0]
	at org.testng.internal.invokers.TestInvoker.invokeTestMethods(TestInvoker.java:200) ~[testng-7.8.0.jar:7.8.0]
	at org.testng.internal.invokers.TestMethodWorker.invokeTestMethods(TestMethodWorker.java:148) ~[testng-7.8.0.jar:7.8.0]
	at org.testng.internal.invokers.TestMethodWorker.run(TestMethodWorker.java:128) ~[testng-7.8.0.jar:7.8.0]
	at java.util.ArrayList.forEach(ArrayList.java:1541) [?:?]
	at org.testng.TestRunner.privateRun(TestRunner.java:848) [testng-7.8.0.jar:7.8.0]
	at org.testng.TestRunner.run(TestRunner.java:621) [testng-7.8.0.jar:7.8.0]
	at org.testng.SuiteRunner.runTest(SuiteRunner.java:443) [testng-7.8.0.jar:7.8.0]
	at org.testng.SuiteRunner.runSequentially(SuiteRunner.java:437) [testng-7.8.0.jar:7.8.0]
	at org.testng.SuiteRunner.privateRun(SuiteRunner.java:397) [testng-7.8.0.jar:7.8.0]
	at org.testng.SuiteRunner.run(SuiteRunner.java:336) [testng-7.8.0.jar:7.8.0]
	at org.testng.SuiteRunnerWorker.runSuite(SuiteRunnerWorker.java:52) [testng-7.8.0.jar:7.8.0]
	at org.testng.SuiteRunnerWorker.run(SuiteRunnerWorker.java:95) [testng-7.8.0.jar:7.8.0]
	at org.testng.TestNG.runSuitesSequentially(TestNG.java:1280) [testng-7.8.0.jar:7.8.0]
	at org.testng.TestNG.runSuitesLocally(TestNG.java:1200) [testng-7.8.0.jar:7.8.0]
	at org.testng.TestNG.runSuites(TestNG.java:1114) [testng-7.8.0.jar:7.8.0]
	at org.testng.TestNG.run(TestNG.java:1082) [testng-7.8.0.jar:7.8.0]
	at com.intellij.rt.testng.IDEARemoteTestNG.run(IDEARemoteTestNG.java:66) [testng-rt.jar:?]
	at com.intellij.rt.testng.RemoteTestNGStarter.main(RemoteTestNGStarter.java:109) [testng-rt.jar:?]
[INFO] 22-06-2023 16:24:53 [main] [Utils] - [TestNG] Running:
  /Users/kanthreddy/Library/Caches/JetBrains/IdeaIE2022.2/temp-testng-customsuite.xml

[INFO] 22-06-2023 16:24:54 [main] [LogUtils] - Loaded all properties files.
[INFO] 22-06-2023 16:24:54 [main] [LogUtils] - {TARGET=local, ownerDetail=xpath&&//div[@id='s2id_created_by']//a[@class='select2-choice']/span[1], menuClients=xpath&&//span[normalize-space()='Clients'], TELEGRAM_CHATID=, OVERRIDE_REPORTS=yes, inputPhone=xpath&&//input[@id='phone'], inputClientGroups=xpath&&(//label[normalize-space()='Client groups']/following-sibling::div//input)[1], buttonSaveOnDialog=xpath&&//div[@id='ajaxModalContent']//button[normalize-space()='Save'], spanFirstItemClientGroups=xpath&&//span[@class='select2-match'], inputCountry=xpath&&//input[@id='country'], SEND_REPORT_TO_TELEGRAM=no, SEND_EMAIL_TO_USERS=no, ZIP_FOLDER_NAME=CucumberExtentReports.zip, WAIT_DEFAULT=5, REMOTE_PORT=4444, TELEGRAM_TOKEN=, buttonAddClient=xpath&&//a[normalize-space()='Add client'], URL_CORP=https://corporate-dev.hubpay.ae/auth/signin, labelClientGroups=xpath&&//li[@class='select2-search-choice']/div, URL_OPS=https://ops-portal-dev.hubpay.ae/wallet/, inputState=xpath&&//input[@id='state'], labelOnClientPage=xpath&&//span[normalize-space()='Total clients'], inputPassword=xpath&&//input[@id='password'], EXTENT_REPORT_PDF=PdfReport.pdf, inputAddress=xpath&&//textarea[@id='address'], VIDEO_RECORD=no, inputSearchOwner=xpath&&//div[@id='select2-drop']//input, tabClient=xpath&&//ul[@id='client-tabs']//li[2], labelEmailError=id&&email-error, tabClientInfo=xpath&&//a[normalize-space()='Client info'], PASSWORD=T+wyT5u9cOelDJbBWNgxLw, inputWebsite=xpath&&//input[@id='website'], SCREENSHOT_ALL_STEPS=no, labelAuthentication=xpath&&//div[@role='alert'], EXTENT_REPORT_NAME=ExtentReport, EXPORT_VIDEO_PATH=ExportData/Videos, EXPORT_CAPTURE_PATH=ExportData/Images, WAIT_PAGE_LOADED=30, SCREENSHOT_PASSED_STEPS=no, radioOrganization=xpath&&//input[@id='type_organization'], EXTENT_REPORT_FOLDER=reports/CucumberExtentReports, itemClientFirstRow=xpath&&//table[@id='client-table']//tbody/tr[1]/td[2]/a, WAIT_EXPLICIT=10, BROWSER=chrome, SCREENSHOT_SKIPPED_STEPS=yes, inputEmail=xpath&&//input[@id='email'], menuDashboard=xpath&&//span[normalize-space()='Dashboard'], REPORT_TITLE=Report | Automation Framework Cucumber TestNG | Anh Tester, AUTHOR=Anh Tester, EXCEL_DATA_FILE_PATH=src/test/resources/testdata/ClientsDataExcel.xlsx, WAIT_IMPLICIT=20, PROJECT_NAME=Automation Framework Cucumber TestNG | Anh Tester, HEADLESS=false, REMOTE_URL=localhost, inputCompanyName=xpath&&//input[@id='company_name'], selectOwner=xpath&&//div[@id='s2id_created_by'], inputCity=xpath&&//input[@id='city'], SCREENSHOT_FAILED_STEPS=yes, TXT_FILE_PATH=src/test/resources/testdata/TxtFileData.txt, selectFirstItemOwner=xpath&&(//div[contains(@id,'select2-result-label')])[1], buttonSignIn=xpath&&//button[normalize-space()='Sign in'], JSON_DATA_FILE_PATH=src/test/resources/config/config.json, inputVat=xpath&&//input[@id='vat_number'], ACTIVE_PAGE_LOADED=true, headerPageClientInfo=xpath&&//form[@id='company-form']//h4, URL_CRM=https://rise.fairsketch.com/signin, WAIT_SLEEP_STEP=0, OPEN_REPORTS_AFTER_EXECUTION=no, buttonDynamicXpath=xpath&&//button[normalize-space()='%s'], ZIP_FOLDER_PATH=reports/CucumberExtentReports, inputZip=xpath&&//input[@id='zip'], inputSearch=xpath&&//input[@placeholder='Search'], ZIP_FOLDER=no, menuProjects=xpath&&//span[normalize-space()='Projects']}
[INFO] 22-06-2023 16:24:54 [main] [LogUtils] - Loaded all properties files.
[INFO] 22-06-2023 16:24:54 [main] [LogUtils] - {TARGET=local, ownerDetail=xpath&&//div[@id='s2id_created_by']//a[@class='select2-choice']/span[1], menuClients=xpath&&//span[normalize-space()='Clients'], TELEGRAM_CHATID=, OVERRIDE_REPORTS=yes, inputPhone=xpath&&//input[@id='phone'], inputClientGroups=xpath&&(//label[normalize-space()='Client groups']/following-sibling::div//input)[1], buttonSaveOnDialog=xpath&&//div[@id='ajaxModalContent']//button[normalize-space()='Save'], spanFirstItemClientGroups=xpath&&//span[@class='select2-match'], inputCountry=xpath&&//input[@id='country'], SEND_REPORT_TO_TELEGRAM=no, SEND_EMAIL_TO_USERS=no, ZIP_FOLDER_NAME=CucumberExtentReports.zip, WAIT_DEFAULT=5, REMOTE_PORT=4444, TELEGRAM_TOKEN=, buttonAddClient=xpath&&//a[normalize-space()='Add client'], URL_CORP=https://corporate-dev.hubpay.ae/auth/signin, labelClientGroups=xpath&&//li[@class='select2-search-choice']/div, URL_OPS=https://ops-portal-dev.hubpay.ae/wallet/, inputState=xpath&&//input[@id='state'], labelOnClientPage=xpath&&//span[normalize-space()='Total clients'], inputPassword=xpath&&//input[@id='password'], EXTENT_REPORT_PDF=PdfReport.pdf, inputAddress=xpath&&//textarea[@id='address'], VIDEO_RECORD=no, inputSearchOwner=xpath&&//div[@id='select2-drop']//input, tabClient=xpath&&//ul[@id='client-tabs']//li[2], labelEmailError=id&&email-error, tabClientInfo=xpath&&//a[normalize-space()='Client info'], PASSWORD=T+wyT5u9cOelDJbBWNgxLw, inputWebsite=xpath&&//input[@id='website'], SCREENSHOT_ALL_STEPS=no, labelAuthentication=xpath&&//div[@role='alert'], EXTENT_REPORT_NAME=ExtentReport, EXPORT_VIDEO_PATH=ExportData/Videos, EXPORT_CAPTURE_PATH=ExportData/Images, WAIT_PAGE_LOADED=30, SCREENSHOT_PASSED_STEPS=no, radioOrganization=xpath&&//input[@id='type_organization'], EXTENT_REPORT_FOLDER=reports/CucumberExtentReports, itemClientFirstRow=xpath&&//table[@id='client-table']//tbody/tr[1]/td[2]/a, WAIT_EXPLICIT=10, BROWSER=chrome, SCREENSHOT_SKIPPED_STEPS=yes, inputEmail=xpath&&//input[@id='email'], menuDashboard=xpath&&//span[normalize-space()='Dashboard'], REPORT_TITLE=Report | Automation Framework Cucumber TestNG | Anh Tester, AUTHOR=Anh Tester, EXCEL_DATA_FILE_PATH=src/test/resources/testdata/ClientsDataExcel.xlsx, WAIT_IMPLICIT=20, PROJECT_NAME=Automation Framework Cucumber TestNG | Anh Tester, HEADLESS=false, REMOTE_URL=localhost, inputCompanyName=xpath&&//input[@id='company_name'], selectOwner=xpath&&//div[@id='s2id_created_by'], inputCity=xpath&&//input[@id='city'], SCREENSHOT_FAILED_STEPS=yes, TXT_FILE_PATH=src/test/resources/testdata/TxtFileData.txt, selectFirstItemOwner=xpath&&(//div[contains(@id,'select2-result-label')])[1], buttonSignIn=xpath&&//button[normalize-space()='Sign in'], JSON_DATA_FILE_PATH=src/test/resources/config/config.json, inputVat=xpath&&//input[@id='vat_number'], ACTIVE_PAGE_LOADED=true, headerPageClientInfo=xpath&&//form[@id='company-form']//h4, URL_CRM=https://rise.fairsketch.com/signin, WAIT_SLEEP_STEP=0, OPEN_REPORTS_AFTER_EXECUTION=no, buttonDynamicXpath=xpath&&//button[normalize-space()='%s'], ZIP_FOLDER_PATH=reports/CucumberExtentReports, inputZip=xpath&&//input[@id='zip'], inputSearch=xpath&&//input[@placeholder='Search'], ZIP_FOLDER=no, menuProjects=xpath&&//span[normalize-space()='Projects']}
[INFO] 22-06-2023 16:24:54 [main] [WebDriverManager] - Using chromedriver 114.0.5735.90 (resolved driver for Chrome 114)
[INFO] 22-06-2023 16:24:54 [main] [WebDriverManager] - Exporting webdriver.chrome.driver as /Users/kanthreddy/.cache/selenium/chromedriver/mac-arm64/114.0.5735.90/chromedriver
[INFO] 22-06-2023 16:25:01 [main] [LogUtils] - Driver in TestContext: ChromeDriver: chrome on mac (c1f90a57dc9335c49563653d96c1d843)
[INFO] 22-06-2023 16:25:07 [main] [LogUtils] - Open URL: https://corporate-dev.hubpay.ae/auth/signin
[INFO] 22-06-2023 16:25:07 [main] [LogUtils] - Verify element visible By.cssSelector: input[name='username']
[INFO] 22-06-2023 16:25:10 [main] [LogUtils] - Set text sreekanth@hubpay.ae on By.cssSelector: input[name='username']
[INFO] 22-06-2023 16:25:10 [main] [LogUtils] - Verify element visible By.cssSelector: input[name='password']
[INFO] 22-06-2023 16:25:11 [main] [LogUtils] - Set text Hubpass@1 on By.cssSelector: input[name='password']
[INFO] 22-06-2023 16:25:15 [main] [LogUtils] - Click on element with JS: By.xpath: //button[text()='Next']
[INFO] 22-06-2023 16:25:32 [main] [LogUtils] - Verify element visible By.xpath: //li[contains(.,'Sign out')]
[INFO] 22-06-2023 16:25:33 [main] [LogUtils] - Verify element visible By.xpath: //h1[text()='Dashboard']
[INFO] 22-06-2023 16:25:34 [main] [LogUtils] - Verify element visible By.xpath: //h1[text()='Dashboard']
[INFO] 22-06-2023 16:25:34 [main] [LogUtils] - Verify element visible By.xpath: //p[contains(text(),'AUD')]
[INFO] 22-06-2023 16:25:34 [main] [LogUtils] - Verify element visible By.xpath: //p[contains(text(),'AUD')]
[INFO] 22-06-2023 16:25:36 [main] [LogUtils] - Verify element visible By.xpath: //p[contains(text(),'AED')]
[INFO] 22-06-2023 16:25:36 [main] [LogUtils] - Verify element visible By.xpath: //p[contains(text(),'AED')]
[INFO] 22-06-2023 16:25:36 [main] [LogUtils] - Verify element visible By.xpath: //p[contains(text(),'AUD')]
[INFO] 22-06-2023 16:25:36 [main] [LogUtils] - Verify element visible By.xpath: //p[contains(text(),'AUD')]
[INFO] 22-06-2023 16:25:36 [main] [LogUtils] - Verify element visible By.xpath: //p[contains(text(),'AED')]
[INFO] 22-06-2023 16:25:36 [main] [LogUtils] - Verify element visible By.xpath: //p[contains(text(),'AED')]
[INFO] 22-06-2023 16:25:37 [main] [LogUtils] - Verify element visible By.xpath: //a[text()='Exchange']
[INFO] 22-06-2023 16:25:38 [main] [LogUtils] - Clicked on the element By.xpath: //a[text()='Exchange']
[INFO] 22-06-2023 16:25:42 [main] [LogUtils] - Verify element visible By.xpath: //h1[text()='Exchange']
[INFO] 22-06-2023 16:25:42 [main] [LogUtils] - Verify element visible By.xpath: //h1[text()='Exchange']
[INFO] 22-06-2023 16:25:42 [main] [LogUtils] - Verify element visible By.xpath: //p[text()='Convert money between your wallets']
[INFO] 22-06-2023 16:25:42 [main] [LogUtils] - Verify element visible By.xpath: //span[text()='Amount']/preceding-sibling::span[text()='1']/parent::span
[INFO] 22-06-2023 16:25:42 [main] [LogUtils] - Verify element visible By.xpath: //span[text()='Review & confirm']/preceding-sibling::span[text()='2']/parent::span
[INFO] 22-06-2023 16:25:43 [main] [LogUtils] - Verify element visible By.xpath: //h1[text()='Amount']
[INFO] 22-06-2023 16:25:43 [main] [LogUtils] - Verify element visible By.xpath: //h1[text()='Amount']/following-sibling::p[text()='Select the wallet you want to exchange to and define the amount']
[INFO] 22-06-2023 16:25:43 [main] [LogUtils] - Verify element visible By.xpath: //input[@id='amount']/following-sibling::div/button
[INFO] 22-06-2023 16:25:43 [main] [LogUtils] - Verify element visible By.xpath: //label[text()='Sell']/following-sibling::div/input[@placeholder='0.00']/following-sibling::div[.='AED']
[INFO] 22-06-2023 16:25:43 [main] [LogUtils] - Verify TRUE: true
[INFO] 22-06-2023 16:25:43 [main] [LogUtils] - Verify element visible By.xpath: //p[.='ANITHA TEST BUSINESS Solutions Private Limited']
[INFO] 22-06-2023 16:25:43 [main] [LogUtils] - Verify element visible By.xpath: //p[.='Hello, SRIKANTH PALLA BHANUMURTHY REDDY']
[INFO] 22-06-2023 16:25:43 [main] [LogUtils] - Verify element visible By.xpath: //span[text()='Amount']/preceding-sibling::span[text()='1']/parent::span
[INFO] 22-06-2023 16:25:43 [main] [LogUtils] - Verify element visible By.xpath: //span[text()='Amount']/preceding-sibling::span[text()='1']/parent::span
[INFO] 22-06-2023 16:25:43 [main] [LogUtils] - Verify element visible By.xpath: //span[text()='Amount']/preceding-sibling::span[text()='1']/parent::span
[INFO] 22-06-2023 16:25:43 [main] [LogUtils] - Verify TRUE: true
[INFO] 22-06-2023 16:25:44 [main] [LogUtils] - Verify element visible By.xpath: //span[text()='Review & confirm']/preceding-sibling::span[text()='2']/parent::span
[INFO] 22-06-2023 16:25:44 [main] [LogUtils] - Verify element visible By.xpath: //span[text()='Review & confirm']/preceding-sibling::span[text()='2']/parent::span
[INFO] 22-06-2023 16:25:44 [main] [LogUtils] - Verify element visible By.xpath: //span[text()='Review & confirm']/preceding-sibling::span[text()='2']/parent::span
[INFO] 22-06-2023 16:25:44 [main] [LogUtils] - Verify TRUE: true
[INFO] 22-06-2023 16:25:51 [main] [LogUtils] - Verify element visible By.xpath: //input[@id='amount']
[INFO] 22-06-2023 16:25:52 [main] [LogUtils] - Verify element visible By.xpath: //input[@id='amount']
[INFO] 22-06-2023 16:25:53 [main] [LogUtils] - Clear and Fill 10 on By.xpath: //input[@id='amount']
[INFO] 22-06-2023 16:25:53 [main] [LogUtils] - Verify element visible By.xpath: //div[text()='Live rate']/preceding-sibling::div//p
[INFO] 22-06-2023 16:25:53 [main] [LogUtils] - Verify element visible By.xpath: //div[text()='Live rate']/preceding-sibling::div//p
[INFO] 22-06-2023 16:25:53 [main] [LogUtils] - Verify element visible By.xpath: //div[text()='Live rate']/preceding-sibling::div//p
[INFO] 22-06-2023 16:25:53 [main] [LogUtils] - Verify element visible By.xpath: //div[text()='Live rate']/preceding-sibling::div//p
[INFO] 22-06-2023 16:25:53 [main] [LogUtils] - Verify text of an element [Contains]: true
[INFO] 22-06-2023 16:25:54 [main] [LogUtils] - Verify element visible By.xpath: //div[text()='Live rate']/preceding-sibling::div//p
[INFO] 22-06-2023 16:25:54 [main] [LogUtils] - Verify element visible By.xpath: //div[text()='Live rate']/preceding-sibling::div//p
[INFO] 22-06-2023 16:25:54 [main] [LogUtils] - Verify element visible By.xpath: //div[text()='Processing time']/preceding-sibling::div
[INFO] 22-06-2023 16:25:54 [main] [LogUtils] - Verify element visible By.xpath: //div[text()='Processing time']/preceding-sibling::div
[INFO] 22-06-2023 16:25:54 [main] [LogUtils] - Verify element visible By.xpath: //div[text()='Processing time']/preceding-sibling::div
[INFO] 22-06-2023 16:25:54 [main] [LogUtils] - Verify text of an element [Equals]: true
[INFO] 22-06-2023 16:25:54 [main] [LogUtils] - Verify element visible By.xpath: //div[text()='Processing time']/preceding-sibling::div
[INFO] 22-06-2023 16:25:54 [main] [LogUtils] - Verify element visible By.xpath: //div[text()='Processing time']/preceding-sibling::div
[INFO] 22-06-2023 16:25:54 [main] [LogUtils] - Verify element visible By.xpath: //div[text()='Processing time']/preceding-sibling::div
[INFO] 22-06-2023 16:25:54 [main] [LogUtils] - Verify element visible By.xpath: //div[text()='Processing time']/preceding-sibling::div
[INFO] 22-06-2023 16:25:54 [main] [LogUtils] - Verify element visible By.xpath: //div[text()='Processing time']/preceding-sibling::div
[INFO] 22-06-2023 16:25:54 [main] [LogUtils] - Verify element visible By.xpath: //div[text()='Processing time']/preceding-sibling::div
[INFO] 22-06-2023 16:25:55 [main] [LogUtils] - Verify element visible By.xpath: //button/span
[INFO] 22-06-2023 16:25:55 [main] [LogUtils] - Verify element visible By.xpath: //button/span
[INFO] 22-06-2023 16:25:55 [main] [LogUtils] - Verify element visible By.xpath: //input[@id='amount']
[INFO] 22-06-2023 16:25:55 [main] [LogUtils] - Verify element visible By.xpath: //input[@id='sell']/following-sibling::div
[INFO] 22-06-2023 16:25:55 [main] [LogUtils] - Verify element visible By.xpath: //input[@id='sell']/following-sibling::div
[INFO] 22-06-2023 16:25:55 [main] [LogUtils] - Verify element visible By.xpath: //div[text()='Live rate']/preceding-sibling::div//p
[INFO] 22-06-2023 16:25:55 [main] [LogUtils] - Verify element visible By.xpath: //div[text()='Live rate']/preceding-sibling::div//p
[INFO] 22-06-2023 16:25:55 [main] [LogUtils] - Verify element visible By.xpath: //input[@id='amount']
[INFO] 22-06-2023 16:25:56 [main] [LogUtils] - Verify element visible By.xpath: //div[text()='Live rate']/preceding-sibling::div//p
[INFO] 22-06-2023 16:25:56 [main] [LogUtils] - Verify element visible By.xpath: //div[text()='Live rate']/preceding-sibling::div//p
[INFO] 22-06-2023 16:25:56 [main] [LogUtils] - Verify element visible By.xpath: //div[text()='Settlement date']/preceding-sibling::div
[INFO] 22-06-2023 16:25:56 [main] [LogUtils] - Verify element visible By.xpath: //div[text()='Settlement date']/preceding-sibling::div
[INFO] 22-06-2023 16:25:56 [main] [LogUtils] - Verify element visible By.xpath: //div[text()='Processing time']/preceding-sibling::div
[INFO] 22-06-2023 16:25:56 [main] [LogUtils] - Verify element visible By.xpath: //div[text()='Processing time']/preceding-sibling::div
[INFO] 22-06-2023 16:25:56 [main] [LogUtils] - Verify element visible By.xpath: //div[text()='Settlement date']/preceding-sibling::div
[INFO] 22-06-2023 16:25:56 [main] [LogUtils] - Verify element visible By.xpath: //div[text()='Settlement date']/preceding-sibling::div
[INFO] 22-06-2023 16:25:56 [main] [LogUtils] - Verify element visible By.xpath: //div[text()='Settlement date']/preceding-sibling::div
[INFO] 22-06-2023 16:25:56 [main] [LogUtils] - Verify element visible By.xpath: //div[text()='Settlement date']/preceding-sibling::div
[INFO] 22-06-2023 16:25:56 [main] [LogUtils] - Scroll to element By.xpath: //button[contains(.,'Next')]
[INFO] 22-06-2023 16:25:57 [main] [LogUtils] - Click on element with JS: By.xpath: //button[contains(.,'Next')]
[INFO] 22-06-2023 16:26:00 [main] [LogUtils] - Verify element visible By.xpath: //h1[text()='Review & confirm']
[INFO] 22-06-2023 16:26:00 [main] [LogUtils] - Verify element visible By.xpath: //span[text()='Amount']/preceding-sibling::span[text()='1']/parent::span
[INFO] 22-06-2023 16:26:00 [main] [LogUtils] - Verify element visible By.xpath: //span[text()='Amount']/preceding-sibling::span[text()='1']/parent::span
[INFO] 22-06-2023 16:26:00 [main] [LogUtils] - Verify element visible By.xpath: //span[text()='Amount']/preceding-sibling::span[text()='1']/parent::span
[INFO] 22-06-2023 16:26:00 [main] [LogUtils] - Verify TRUE: true
[INFO] 22-06-2023 16:26:00 [main] [LogUtils] - Verify element visible By.xpath: //span[text()='Review & confirm']/preceding-sibling::span[text()='2']/parent::span
[INFO] 22-06-2023 16:26:00 [main] [LogUtils] - Verify element visible By.xpath: //span[text()='Review & confirm']/preceding-sibling::span[text()='2']/parent::span
[INFO] 22-06-2023 16:26:00 [main] [LogUtils] - Verify element visible By.xpath: //span[text()='Review & confirm']/preceding-sibling::span[text()='2']/parent::span
[INFO] 22-06-2023 16:26:00 [main] [LogUtils] - Verify TRUE: true
[INFO] 22-06-2023 16:26:00 [main] [LogUtils] - Verify element visible By.xpath: //div[text()='Buy']/following-sibling::div
[INFO] 22-06-2023 16:26:01 [main] [LogUtils] - Verify element visible By.xpath: //div[text()='Buy']/following-sibling::div
[ERROR] 22-06-2023 16:26:02 [main] [LifecycleNotifier] - Could not invoke listener method
org.openqa.selenium.NoSuchSessionException: Session ID is null. Using WebDriver after calling quit()?
Build info: version: '4.10.0', revision: 'c14d967899'
System info: os.name: 'Mac OS X', os.arch: 'aarch64', os.version: '12.6', java.version: '11.0.16'
Driver info: org.openqa.selenium.chrome.ChromeDriver
Command: [null, screenshot {}]
Capabilities {acceptInsecureCerts: false, browserName: chrome, browserVersion: 114.0.5735.133, chrome: {chromedriverVersion: 114.0.5735.90 (386bc09e8f4f..., userDataDir: /var/folders/bz/l4ntdftn1jd...}, goog:chromeOptions: {debuggerAddress: localhost:59221}, networkConnectionEnabled: false, pageLoadStrategy: normal, platformName: mac, proxy: Proxy(), se:cdp: ws://localhost:59221/devtoo..., se:cdpVersion: 114.0.5735.133, setWindowRect: true, strictFileInteractability: false, timeouts: {implicit: 0, pageLoad: 300000, script: 30000}, unhandledPromptBehavior: dismiss and notify, webauthn:extension:credBlob: true, webauthn:extension:largeBlob: true, webauthn:extension:minPinLength: true, webauthn:extension:prf: true, webauthn:virtualAuthenticators: true}
	at org.openqa.selenium.remote.HttpCommandExecutor.execute(HttpCommandExecutor.java:152) ~[selenium-remote-driver-4.10.0.jar:?]
	at org.openqa.selenium.remote.service.DriverCommandExecutor.invokeExecute(DriverCommandExecutor.java:196) ~[selenium-remote-driver-4.10.0.jar:?]
	at org.openqa.selenium.remote.service.DriverCommandExecutor.execute(DriverCommandExecutor.java:171) ~[selenium-remote-driver-4.10.0.jar:?]
	at org.openqa.selenium.remote.RemoteWebDriver.execute(RemoteWebDriver.java:531) ~[selenium-remote-driver-4.10.0.jar:?]
	at org.openqa.selenium.remote.RemoteWebDriver.execute(RemoteWebDriver.java:590) ~[selenium-remote-driver-4.10.0.jar:?]
	at org.openqa.selenium.remote.RemoteWebDriver.execute(RemoteWebDriver.java:594) ~[selenium-remote-driver-4.10.0.jar:?]
	at org.openqa.selenium.remote.RemoteWebDriver.getScreenshotAs(RemoteWebDriver.java:316) ~[selenium-remote-driver-4.10.0.jar:?]
	at jdk.internal.reflect.NativeMethodAccessorImpl.invoke0(Native Method) ~[?:?]
	at jdk.internal.reflect.NativeMethodAccessorImpl.invoke(NativeMethodAccessorImpl.java:62) ~[?:?]
	at jdk.internal.reflect.DelegatingMethodAccessorImpl.invoke(DelegatingMethodAccessorImpl.java:43) ~[?:?]
	at java.lang.reflect.Method.invoke(Method.java:566) ~[?:?]
	at org.openqa.selenium.support.ThreadGuard$WebDriverInvocationHandler.invokeUnderlying(ThreadGuard.java:99) ~[selenium-support-4.10.0.jar:?]
	at org.openqa.selenium.support.ThreadGuard$WebDriverInvocationHandler.invoke(ThreadGuard.java:91) ~[selenium-support-4.10.0.jar:?]
	at com.sun.proxy.$Proxy47.getScreenshotAs(Unknown Source) ~[?:?]
	at anhtester.com.listeners.AllureListener.beforeTestStop(AllureListener.java:43) ~[test-classes/:?]
	at io.qameta.allure.listener.LifecycleNotifier.lambda$runSafely$0(LifecycleNotifier.java:211) ~[allure-java-commons-2.22.1.jar:2.22.1]
	at java.util.ArrayList.forEach(ArrayList.java:1541) ~[?:?]
	at io.qameta.allure.listener.LifecycleNotifier.runSafely(LifecycleNotifier.java:209) ~[allure-java-commons-2.22.1.jar:2.22.1]
	at io.qameta.allure.listener.LifecycleNotifier.beforeTestStop(LifecycleNotifier.java:88) ~[allure-java-commons-2.22.1.jar:2.22.1]
	at io.qameta.allure.AllureLifecycle.stopTestCase(AllureLifecycle.java:420) ~[allure-java-commons-2.22.1.jar:2.22.1]
	at io.qameta.allure.cucumber7jvm.AllureCucumber7Jvm.handleTestCaseFinished(AllureCucumber7Jvm.java:197) ~[allure-cucumber7-jvm-2.22.1.jar:2.22.1]
	at io.cucumber.core.eventbus.AbstractEventPublisher.send(AbstractEventPublisher.java:51) ~[cucumber-core-7.12.1.jar:7.12.1]
	at io.cucumber.core.eventbus.AbstractEventBus.send(AbstractEventBus.java:12) ~[cucumber-core-7.12.1.jar:7.12.1]
	at io.cucumber.core.runtime.SynchronizedEventBus.send(SynchronizedEventBus.java:47) ~[cucumber-core-7.12.1.jar:7.12.1]
	at io.cucumber.core.runtime.ThreadLocalRunnerSupplier$LocalEventBus.send(ThreadLocalRunnerSupplier.java:62) ~[cucumber-core-7.12.1.jar:7.12.1]
	at io.cucumber.core.runner.TestCase.emitTestCaseFinished(TestCase.java:219) ~[cucumber-core-7.12.1.jar:7.12.1]
	at io.cucumber.core.runner.TestCase.run(TestCase.java:98) ~[cucumber-core-7.12.1.jar:7.12.1]
	at io.cucumber.core.runner.Runner.runPickle(Runner.java:75) ~[cucumber-core-7.12.1.jar:7.12.1]
	at io.cucumber.testng.TestNGCucumberRunner.lambda$runScenario$1(TestNGCucumberRunner.java:132) ~[cucumber-testng-7.12.1.jar:7.12.1]
	at io.cucumber.core.runtime.CucumberExecutionContext.lambda$runTestCase$5(CucumberExecutionContext.java:137) ~[cucumber-core-7.12.1.jar:7.12.1]
	at io.cucumber.core.runtime.RethrowingThrowableCollector.executeAndThrow(RethrowingThrowableCollector.java:23) ~[cucumber-core-7.12.1.jar:7.12.1]
	at io.cucumber.core.runtime.CucumberExecutionContext.runTestCase(CucumberExecutionContext.java:137) ~[cucumber-core-7.12.1.jar:7.12.1]
	at io.cucumber.testng.TestNGCucumberRunner.runScenario(TestNGCucumberRunner.java:129) ~[cucumber-testng-7.12.1.jar:7.12.1]
	at io.cucumber.testng.AbstractTestNGCucumberTests.runScenario(AbstractTestNGCucumberTests.java:35) ~[cucumber-testng-7.12.1.jar:7.12.1]
	at jdk.internal.reflect.NativeMethodAccessorImpl.invoke0(Native Method) ~[?:?]
	at jdk.internal.reflect.NativeMethodAccessorImpl.invoke(NativeMethodAccessorImpl.java:62) ~[?:?]
	at jdk.internal.reflect.DelegatingMethodAccessorImpl.invoke(DelegatingMethodAccessorImpl.java:43) ~[?:?]
	at java.lang.reflect.Method.invoke(Method.java:566) ~[?:?]
	at org.testng.internal.invokers.MethodInvocationHelper.invokeMethod(MethodInvocationHelper.java:139) ~[testng-7.8.0.jar:7.8.0]
	at org.testng.internal.invokers.TestInvoker.invokeMethod(TestInvoker.java:664) ~[testng-7.8.0.jar:7.8.0]
	at org.testng.internal.invokers.TestInvoker.invokeTestMethod(TestInvoker.java:227) ~[testng-7.8.0.jar:7.8.0]
	at org.testng.internal.invokers.MethodRunner.runInSequence(MethodRunner.java:50) ~[testng-7.8.0.jar:7.8.0]
	at org.testng.internal.invokers.TestInvoker$MethodInvocationAgent.invoke(TestInvoker.java:957) ~[testng-7.8.0.jar:7.8.0]
	at org.testng.internal.invokers.TestInvoker.invokeTestMethods(TestInvoker.java:200) ~[testng-7.8.0.jar:7.8.0]
	at org.testng.internal.invokers.TestMethodWorker.invokeTestMethods(TestMethodWorker.java:148) ~[testng-7.8.0.jar:7.8.0]
	at org.testng.internal.invokers.TestMethodWorker.run(TestMethodWorker.java:128) ~[testng-7.8.0.jar:7.8.0]
	at java.util.ArrayList.forEach(ArrayList.java:1541) [?:?]
	at org.testng.TestRunner.privateRun(TestRunner.java:848) [testng-7.8.0.jar:7.8.0]
	at org.testng.TestRunner.run(TestRunner.java:621) [testng-7.8.0.jar:7.8.0]
	at org.testng.SuiteRunner.runTest(SuiteRunner.java:443) [testng-7.8.0.jar:7.8.0]
	at org.testng.SuiteRunner.runSequentially(SuiteRunner.java:437) [testng-7.8.0.jar:7.8.0]
	at org.testng.SuiteRunner.privateRun(SuiteRunner.java:397) [testng-7.8.0.jar:7.8.0]
	at org.testng.SuiteRunner.run(SuiteRunner.java:336) [testng-7.8.0.jar:7.8.0]
	at org.testng.SuiteRunnerWorker.runSuite(SuiteRunnerWorker.java:52) [testng-7.8.0.jar:7.8.0]
	at org.testng.SuiteRunnerWorker.run(SuiteRunnerWorker.java:95) [testng-7.8.0.jar:7.8.0]
	at org.testng.TestNG.runSuitesSequentially(TestNG.java:1280) [testng-7.8.0.jar:7.8.0]
	at org.testng.TestNG.runSuitesLocally(TestNG.java:1200) [testng-7.8.0.jar:7.8.0]
	at org.testng.TestNG.runSuites(TestNG.java:1114) [testng-7.8.0.jar:7.8.0]
	at org.testng.TestNG.run(TestNG.java:1082) [testng-7.8.0.jar:7.8.0]
	at com.intellij.rt.testng.IDEARemoteTestNG.run(IDEARemoteTestNG.java:66) [testng-rt.jar:?]
	at com.intellij.rt.testng.RemoteTestNGStarter.main(RemoteTestNGStarter.java:109) [testng-rt.jar:?]
[ERROR] 22-06-2023 16:26:02 [main] [LifecycleNotifier] - Could not invoke listener method
org.openqa.selenium.NoSuchSessionException: Session ID is null. Using WebDriver after calling quit()?
Build info: version: '4.10.0', revision: 'c14d967899'
System info: os.name: 'Mac OS X', os.arch: 'aarch64', os.version: '12.6', java.version: '11.0.16'
Driver info: org.openqa.selenium.chrome.ChromeDriver
Command: [null, screenshot {}]
Capabilities {acceptInsecureCerts: false, browserName: chrome, browserVersion: 114.0.5735.133, chrome: {chromedriverVersion: 114.0.5735.90 (386bc09e8f4f..., userDataDir: /var/folders/bz/l4ntdftn1jd...}, goog:chromeOptions: {debuggerAddress: localhost:59221}, networkConnectionEnabled: false, pageLoadStrategy: normal, platformName: mac, proxy: Proxy(), se:cdp: ws://localhost:59221/devtoo..., se:cdpVersion: 114.0.5735.133, setWindowRect: true, strictFileInteractability: false, timeouts: {implicit: 0, pageLoad: 300000, script: 30000}, unhandledPromptBehavior: dismiss and notify, webauthn:extension:credBlob: true, webauthn:extension:largeBlob: true, webauthn:extension:minPinLength: true, webauthn:extension:prf: true, webauthn:virtualAuthenticators: true}
	at org.openqa.selenium.remote.HttpCommandExecutor.execute(HttpCommandExecutor.java:152) ~[selenium-remote-driver-4.10.0.jar:?]
	at org.openqa.selenium.remote.service.DriverCommandExecutor.invokeExecute(DriverCommandExecutor.java:196) ~[selenium-remote-driver-4.10.0.jar:?]
	at org.openqa.selenium.remote.service.DriverCommandExecutor.execute(DriverCommandExecutor.java:171) ~[selenium-remote-driver-4.10.0.jar:?]
	at org.openqa.selenium.remote.RemoteWebDriver.execute(RemoteWebDriver.java:531) ~[selenium-remote-driver-4.10.0.jar:?]
	at org.openqa.selenium.remote.RemoteWebDriver.execute(RemoteWebDriver.java:590) ~[selenium-remote-driver-4.10.0.jar:?]
	at org.openqa.selenium.remote.RemoteWebDriver.execute(RemoteWebDriver.java:594) ~[selenium-remote-driver-4.10.0.jar:?]
	at org.openqa.selenium.remote.RemoteWebDriver.getScreenshotAs(RemoteWebDriver.java:316) ~[selenium-remote-driver-4.10.0.jar:?]
	at jdk.internal.reflect.NativeMethodAccessorImpl.invoke0(Native Method) ~[?:?]
	at jdk.internal.reflect.NativeMethodAccessorImpl.invoke(NativeMethodAccessorImpl.java:62) ~[?:?]
	at jdk.internal.reflect.DelegatingMethodAccessorImpl.invoke(DelegatingMethodAccessorImpl.java:43) ~[?:?]
	at java.lang.reflect.Method.invoke(Method.java:566) ~[?:?]
	at org.openqa.selenium.support.ThreadGuard$WebDriverInvocationHandler.invokeUnderlying(ThreadGuard.java:99) ~[selenium-support-4.10.0.jar:?]
	at org.openqa.selenium.support.ThreadGuard$WebDriverInvocationHandler.invoke(ThreadGuard.java:91) ~[selenium-support-4.10.0.jar:?]
	at com.sun.proxy.$Proxy47.getScreenshotAs(Unknown Source) ~[?:?]
	at anhtester.com.listeners.AllureListener.beforeTestStop(AllureListener.java:43) ~[test-classes/:?]
	at io.qameta.allure.listener.LifecycleNotifier.lambda$runSafely$0(LifecycleNotifier.java:211) ~[allure-java-commons-2.22.1.jar:2.22.1]
	at java.util.ArrayList.forEach(ArrayList.java:1541) ~[?:?]
	at io.qameta.allure.listener.LifecycleNotifier.runSafely(LifecycleNotifier.java:209) ~[allure-java-commons-2.22.1.jar:2.22.1]
	at io.qameta.allure.listener.LifecycleNotifier.beforeTestStop(LifecycleNotifier.java:88) ~[allure-java-commons-2.22.1.jar:2.22.1]
	at io.qameta.allure.AllureLifecycle.stopTestCase(AllureLifecycle.java:420) ~[allure-java-commons-2.22.1.jar:2.22.1]
	at io.qameta.allure.testng.AllureTestNg.stopTestCase(AllureTestNg.java:376) ~[allure-testng-2.22.1.jar:2.22.1]
	at io.qameta.allure.testng.AllureTestNg.onTestFailure(AllureTestNg.java:370) ~[allure-testng-2.22.1.jar:2.22.1]
	at org.testng.internal.TestListenerHelper.runTestListeners(TestListenerHelper.java:108) ~[testng-7.8.0.jar:7.8.0]
	at org.testng.internal.invokers.TestInvoker.runTestResultListener(TestInvoker.java:262) ~[testng-7.8.0.jar:7.8.0]
	at org.testng.internal.invokers.TestInvoker.invokeMethod(TestInvoker.java:751) ~[testng-7.8.0.jar:7.8.0]
	at org.testng.internal.invokers.TestInvoker.invokeTestMethod(TestInvoker.java:227) ~[testng-7.8.0.jar:7.8.0]
	at org.testng.internal.invokers.MethodRunner.runInSequence(MethodRunner.java:50) ~[testng-7.8.0.jar:7.8.0]
	at org.testng.internal.invokers.TestInvoker$MethodInvocationAgent.invoke(TestInvoker.java:957) ~[testng-7.8.0.jar:7.8.0]
	at org.testng.internal.invokers.TestInvoker.invokeTestMethods(TestInvoker.java:200) ~[testng-7.8.0.jar:7.8.0]
	at org.testng.internal.invokers.TestMethodWorker.invokeTestMethods(TestMethodWorker.java:148) ~[testng-7.8.0.jar:7.8.0]
	at org.testng.internal.invokers.TestMethodWorker.run(TestMethodWorker.java:128) ~[testng-7.8.0.jar:7.8.0]
	at java.util.ArrayList.forEach(ArrayList.java:1541) [?:?]
	at org.testng.TestRunner.privateRun(TestRunner.java:848) [testng-7.8.0.jar:7.8.0]
	at org.testng.TestRunner.run(TestRunner.java:621) [testng-7.8.0.jar:7.8.0]
	at org.testng.SuiteRunner.runTest(SuiteRunner.java:443) [testng-7.8.0.jar:7.8.0]
	at org.testng.SuiteRunner.runSequentially(SuiteRunner.java:437) [testng-7.8.0.jar:7.8.0]
	at org.testng.SuiteRunner.privateRun(SuiteRunner.java:397) [testng-7.8.0.jar:7.8.0]
	at org.testng.SuiteRunner.run(SuiteRunner.java:336) [testng-7.8.0.jar:7.8.0]
	at org.testng.SuiteRunnerWorker.runSuite(SuiteRunnerWorker.java:52) [testng-7.8.0.jar:7.8.0]
	at org.testng.SuiteRunnerWorker.run(SuiteRunnerWorker.java:95) [testng-7.8.0.jar:7.8.0]
	at org.testng.TestNG.runSuitesSequentially(TestNG.java:1280) [testng-7.8.0.jar:7.8.0]
	at org.testng.TestNG.runSuitesLocally(TestNG.java:1200) [testng-7.8.0.jar:7.8.0]
	at org.testng.TestNG.runSuites(TestNG.java:1114) [testng-7.8.0.jar:7.8.0]
	at org.testng.TestNG.run(TestNG.java:1082) [testng-7.8.0.jar:7.8.0]
	at com.intellij.rt.testng.IDEARemoteTestNG.run(IDEARemoteTestNG.java:66) [testng-rt.jar:?]
	at com.intellij.rt.testng.RemoteTestNGStarter.main(RemoteTestNGStarter.java:109) [testng-rt.jar:?]
