[INFO] 20-06-2023 23:20:24 [main] [Utils] - [TestNG] Running:
  /Users/kanthreddy/Library/Caches/JetBrains/IdeaIE2022.2/temp-testng-customsuite.xml

[INFO] 20-06-2023 23:20:25 [main] [LogUtils] - Loaded all properties files.
[INFO] 20-06-2023 23:20:25 [main] [LogUtils] - {TARGET=local, ownerDetail=xpath&&//div[@id='s2id_created_by']//a[@class='select2-choice']/span[1], menuClients=xpath&&//span[normalize-space()='Clients'], TELEGRAM_CHATID=, OVERRIDE_REPORTS=yes, inputPhone=xpath&&//input[@id='phone'], inputClientGroups=xpath&&(//label[normalize-space()='Client groups']/following-sibling::div//input)[1], buttonSaveOnDialog=xpath&&//div[@id='ajaxModalContent']//button[normalize-space()='Save'], spanFirstItemClientGroups=xpath&&//span[@class='select2-match'], inputCountry=xpath&&//input[@id='country'], SEND_REPORT_TO_TELEGRAM=no, SEND_EMAIL_TO_USERS=no, ZIP_FOLDER_NAME=CucumberExtentReports.zip, WAIT_DEFAULT=5, REMOTE_PORT=4444, TELEGRAM_TOKEN=, buttonAddClient=xpath&&//a[normalize-space()='Add client'], URL_CORP=https://corporate-dev.hubpay.ae/, labelClientGroups=xpath&&//li[@class='select2-search-choice']/div, URL_OPS=https://ops-portal-dev.hubpay.ae/wallet/, inputState=xpath&&//input[@id='state'], labelOnClientPage=xpath&&//span[normalize-space()='Total clients'], inputPassword=xpath&&//input[@id='password'], EXTENT_REPORT_PDF=PdfReport.pdf, inputAddress=xpath&&//textarea[@id='address'], VIDEO_RECORD=no, inputSearchOwner=xpath&&//div[@id='select2-drop']//input, tabClient=xpath&&//ul[@id='client-tabs']//li[2], labelEmailError=id&&email-error, tabClientInfo=xpath&&//a[normalize-space()='Client info'], PASSWORD=T+wyT5u9cOelDJbBWNgxLw, inputWebsite=xpath&&//input[@id='website'], SCREENSHOT_ALL_STEPS=no, labelAuthentication=xpath&&//div[@role='alert'], EXTENT_REPORT_NAME=ExtentReport, EXPORT_VIDEO_PATH=ExportData/Videos, EXPORT_CAPTURE_PATH=ExportData/Images, WAIT_PAGE_LOADED=30, SCREENSHOT_PASSED_STEPS=no, radioOrganization=xpath&&//input[@id='type_organization'], EXTENT_REPORT_FOLDER=reports/CucumberExtentReports, itemClientFirstRow=xpath&&//table[@id='client-table']//tbody/tr[1]/td[2]/a, WAIT_EXPLICIT=10, BROWSER=chrome, SCREENSHOT_SKIPPED_STEPS=yes, inputEmail=xpath&&//input[@id='email'], menuDashboard=xpath&&//span[normalize-space()='Dashboard'], REPORT_TITLE=Report | Automation Framework Cucumber TestNG | Anh Tester, AUTHOR=Anh Tester, EXCEL_DATA_FILE_PATH=src/test/resources/testdata/ClientsDataExcel.xlsx, WAIT_IMPLICIT=20, PROJECT_NAME=Automation Framework Cucumber TestNG | Anh Tester, HEADLESS=true, REMOTE_URL=localhost, inputCompanyName=xpath&&//input[@id='company_name'], selectOwner=xpath&&//div[@id='s2id_created_by'], inputCity=xpath&&//input[@id='city'], SCREENSHOT_FAILED_STEPS=yes, TXT_FILE_PATH=src/test/resources/testdata/TxtFileData.txt, selectFirstItemOwner=xpath&&(//div[contains(@id,'select2-result-label')])[1], buttonSignIn=xpath&&//button[normalize-space()='Sign in'], JSON_DATA_FILE_PATH=src/test/resources/config/config.json, inputVat=xpath&&//input[@id='vat_number'], ACTIVE_PAGE_LOADED=true, headerPageClientInfo=xpath&&//form[@id='company-form']//h4, URL_CRM=https://rise.fairsketch.com/signin, WAIT_SLEEP_STEP=0, OPEN_REPORTS_AFTER_EXECUTION=no, buttonDynamicXpath=xpath&&//button[normalize-space()='%s'], ZIP_FOLDER_PATH=reports/CucumberExtentReports, inputZip=xpath&&//input[@id='zip'], inputSearch=xpath&&//input[@placeholder='Search'], ZIP_FOLDER=no, menuProjects=xpath&&//span[normalize-space()='Projects']}
[INFO] 20-06-2023 23:20:25 [main] [LogUtils] - Loaded all properties files.
[INFO] 20-06-2023 23:20:25 [main] [LogUtils] - {TARGET=local, ownerDetail=xpath&&//div[@id='s2id_created_by']//a[@class='select2-choice']/span[1], menuClients=xpath&&//span[normalize-space()='Clients'], TELEGRAM_CHATID=, OVERRIDE_REPORTS=yes, inputPhone=xpath&&//input[@id='phone'], inputClientGroups=xpath&&(//label[normalize-space()='Client groups']/following-sibling::div//input)[1], buttonSaveOnDialog=xpath&&//div[@id='ajaxModalContent']//button[normalize-space()='Save'], spanFirstItemClientGroups=xpath&&//span[@class='select2-match'], inputCountry=xpath&&//input[@id='country'], SEND_REPORT_TO_TELEGRAM=no, SEND_EMAIL_TO_USERS=no, ZIP_FOLDER_NAME=CucumberExtentReports.zip, WAIT_DEFAULT=5, REMOTE_PORT=4444, TELEGRAM_TOKEN=, buttonAddClient=xpath&&//a[normalize-space()='Add client'], URL_CORP=https://corporate-dev.hubpay.ae/, labelClientGroups=xpath&&//li[@class='select2-search-choice']/div, URL_OPS=https://ops-portal-dev.hubpay.ae/wallet/, inputState=xpath&&//input[@id='state'], labelOnClientPage=xpath&&//span[normalize-space()='Total clients'], inputPassword=xpath&&//input[@id='password'], EXTENT_REPORT_PDF=PdfReport.pdf, inputAddress=xpath&&//textarea[@id='address'], VIDEO_RECORD=no, inputSearchOwner=xpath&&//div[@id='select2-drop']//input, tabClient=xpath&&//ul[@id='client-tabs']//li[2], labelEmailError=id&&email-error, tabClientInfo=xpath&&//a[normalize-space()='Client info'], PASSWORD=T+wyT5u9cOelDJbBWNgxLw, inputWebsite=xpath&&//input[@id='website'], SCREENSHOT_ALL_STEPS=no, labelAuthentication=xpath&&//div[@role='alert'], EXTENT_REPORT_NAME=ExtentReport, EXPORT_VIDEO_PATH=ExportData/Videos, EXPORT_CAPTURE_PATH=ExportData/Images, WAIT_PAGE_LOADED=30, SCREENSHOT_PASSED_STEPS=no, radioOrganization=xpath&&//input[@id='type_organization'], EXTENT_REPORT_FOLDER=reports/CucumberExtentReports, itemClientFirstRow=xpath&&//table[@id='client-table']//tbody/tr[1]/td[2]/a, WAIT_EXPLICIT=10, BROWSER=chrome, SCREENSHOT_SKIPPED_STEPS=yes, inputEmail=xpath&&//input[@id='email'], menuDashboard=xpath&&//span[normalize-space()='Dashboard'], REPORT_TITLE=Report | Automation Framework Cucumber TestNG | Anh Tester, AUTHOR=Anh Tester, EXCEL_DATA_FILE_PATH=src/test/resources/testdata/ClientsDataExcel.xlsx, WAIT_IMPLICIT=20, PROJECT_NAME=Automation Framework Cucumber TestNG | Anh Tester, HEADLESS=true, REMOTE_URL=localhost, inputCompanyName=xpath&&//input[@id='company_name'], selectOwner=xpath&&//div[@id='s2id_created_by'], inputCity=xpath&&//input[@id='city'], SCREENSHOT_FAILED_STEPS=yes, TXT_FILE_PATH=src/test/resources/testdata/TxtFileData.txt, selectFirstItemOwner=xpath&&(//div[contains(@id,'select2-result-label')])[1], buttonSignIn=xpath&&//button[normalize-space()='Sign in'], JSON_DATA_FILE_PATH=src/test/resources/config/config.json, inputVat=xpath&&//input[@id='vat_number'], ACTIVE_PAGE_LOADED=true, headerPageClientInfo=xpath&&//form[@id='company-form']//h4, URL_CRM=https://rise.fairsketch.com/signin, WAIT_SLEEP_STEP=0, OPEN_REPORTS_AFTER_EXECUTION=no, buttonDynamicXpath=xpath&&//button[normalize-space()='%s'], ZIP_FOLDER_PATH=reports/CucumberExtentReports, inputZip=xpath&&//input[@id='zip'], inputSearch=xpath&&//input[@placeholder='Search'], ZIP_FOLDER=no, menuProjects=xpath&&//span[normalize-space()='Projects']}
[INFO] 20-06-2023 23:20:28 [main] [WebDriverManager] - Using chromedriver 114.0.5735.90 (resolved driver for Chrome 114)
[INFO] 20-06-2023 23:20:28 [main] [WebDriverManager] - Exporting webdriver.chrome.driver as /Users/kanthreddy/.cache/selenium/chromedriver/mac-arm64/114.0.5735.90/chromedriver
[INFO] 20-06-2023 23:20:34 [main] [LogUtils] - Driver in TestContext: ChromeDriver: chrome on mac (b69c5d8e3d0c0329d517045286df7b3a)
[INFO] 20-06-2023 23:20:46 [main] [LogUtils] - Open URL: https://ops-portal-dev.hubpay.ae/wallet/
[ERROR] 20-06-2023 23:20:48 [main] [LifecycleNotifier] - Could not invoke listener method
org.openqa.selenium.NoSuchSessionException: Session ID is null. Using WebDriver after calling quit()?
Build info: version: '4.10.0', revision: 'c14d967899'
System info: os.name: 'Mac OS X', os.arch: 'aarch64', os.version: '12.6', java.version: '11.0.16'
Driver info: org.openqa.selenium.chrome.ChromeDriver
Command: [null, screenshot {}]
Capabilities {acceptInsecureCerts: false, browserName: chrome, browserVersion: 114.0.5735.133, chrome: {chromedriverVersion: 114.0.5735.90 (386bc09e8f4f..., userDataDir: /var/folders/bz/l4ntdftn1jd...}, goog:chromeOptions: {debuggerAddress: localhost:52048}, networkConnectionEnabled: false, pageLoadStrategy: normal, platformName: mac, proxy: Proxy(), se:cdp: ws://localhost:52048/devtoo..., se:cdpVersion: 114.0.5735.133, setWindowRect: true, strictFileInteractability: false, timeouts: {implicit: 0, pageLoad: 300000, script: 30000}, unhandledPromptBehavior: dismiss and notify, webauthn:extension:credBlob: true, webauthn:extension:largeBlob: true, webauthn:extension:minPinLength: true, webauthn:extension:prf: true, webauthn:virtualAuthenticators: true}
	at org.openqa.selenium.remote.HttpCommandExecutor.execute(HttpCommandExecutor.java:152) ~[selenium-remote-driver-4.10.0.jar:?]
	at org.openqa.selenium.remote.service.DriverCommandExecutor.invokeExecute(DriverCommandExecutor.java:196) ~[selenium-remote-driver-4.10.0.jar:?]
	at org.openqa.selenium.remote.service.DriverCommandExecutor.execute(DriverCommandExecutor.java:171) ~[selenium-remote-driver-4.10.0.jar:?]
	at org.openqa.selenium.remote.RemoteWebDriver.execute(RemoteWebDriver.java:531) ~[selenium-remote-driver-4.10.0.jar:?]
	at org.openqa.selenium.remote.RemoteWebDriver.execute(RemoteWebDriver.java:590) ~[selenium-remote-driver-4.10.0.jar:?]
	at org.openqa.selenium.remote.RemoteWebDriver.execute(RemoteWebDriver.java:594) ~[selenium-remote-driver-4.10.0.jar:?]
	at org.openqa.selenium.remote.RemoteWebDriver.getScreenshotAs(RemoteWebDriver.java:316) ~[selenium-remote-driver-4.10.0.jar:?]
	at jdk.internal.reflect.NativeMethodAccessorImpl.invoke0(Native Method) ~[?:?]
	at jdk.internal.reflect.NativeMethodAccessorImpl.invoke(NativeMethodAccessorImpl.java:62) ~[?:?]
	at jdk.internal.reflect.DelegatingMethodAccessorImpl.invoke(DelegatingMethodAccessorImpl.java:43) ~[?:?]
	at java.lang.reflect.Method.invoke(Method.java:566) ~[?:?]
	at org.openqa.selenium.support.ThreadGuard$WebDriverInvocationHandler.invokeUnderlying(ThreadGuard.java:99) ~[selenium-support-4.10.0.jar:?]
	at org.openqa.selenium.support.ThreadGuard$WebDriverInvocationHandler.invoke(ThreadGuard.java:91) ~[selenium-support-4.10.0.jar:?]
	at com.sun.proxy.$Proxy39.getScreenshotAs(Unknown Source) ~[?:?]
	at anhtester.com.listeners.AllureListener.beforeTestStop(AllureListener.java:43) ~[test-classes/:?]
	at io.qameta.allure.listener.LifecycleNotifier.lambda$runSafely$0(LifecycleNotifier.java:211) ~[allure-java-commons-2.22.1.jar:2.22.1]
	at java.util.ArrayList.forEach(ArrayList.java:1541) ~[?:?]
	at io.qameta.allure.listener.LifecycleNotifier.runSafely(LifecycleNotifier.java:209) ~[allure-java-commons-2.22.1.jar:2.22.1]
	at io.qameta.allure.listener.LifecycleNotifier.beforeTestStop(LifecycleNotifier.java:88) ~[allure-java-commons-2.22.1.jar:2.22.1]
	at io.qameta.allure.AllureLifecycle.stopTestCase(AllureLifecycle.java:420) ~[allure-java-commons-2.22.1.jar:2.22.1]
	at io.qameta.allure.cucumber7jvm.AllureCucumber7Jvm.handleTestCaseFinished(AllureCucumber7Jvm.java:197) ~[allure-cucumber7-jvm-2.22.1.jar:2.22.1]
	at io.cucumber.core.eventbus.AbstractEventPublisher.send(AbstractEventPublisher.java:51) ~[cucumber-core-7.12.1.jar:7.12.1]
	at io.cucumber.core.eventbus.AbstractEventBus.send(AbstractEventBus.java:12) ~[cucumber-core-7.12.1.jar:7.12.1]
	at io.cucumber.core.runtime.SynchronizedEventBus.send(SynchronizedEventBus.java:47) ~[cucumber-core-7.12.1.jar:7.12.1]
	at io.cucumber.core.runtime.ThreadLocalRunnerSupplier$LocalEventBus.send(ThreadLocalRunnerSupplier.java:62) ~[cucumber-core-7.12.1.jar:7.12.1]
	at io.cucumber.core.runner.TestCase.emitTestCaseFinished(TestCase.java:219) ~[cucumber-core-7.12.1.jar:7.12.1]
	at io.cucumber.core.runner.TestCase.run(TestCase.java:98) ~[cucumber-core-7.12.1.jar:7.12.1]
	at io.cucumber.core.runner.Runner.runPickle(Runner.java:75) ~[cucumber-core-7.12.1.jar:7.12.1]
	at io.cucumber.testng.TestNGCucumberRunner.lambda$runScenario$1(TestNGCucumberRunner.java:132) ~[cucumber-testng-7.12.1.jar:7.12.1]
	at io.cucumber.core.runtime.CucumberExecutionContext.lambda$runTestCase$5(CucumberExecutionContext.java:137) ~[cucumber-core-7.12.1.jar:7.12.1]
	at io.cucumber.core.runtime.RethrowingThrowableCollector.executeAndThrow(RethrowingThrowableCollector.java:23) ~[cucumber-core-7.12.1.jar:7.12.1]
	at io.cucumber.core.runtime.CucumberExecutionContext.runTestCase(CucumberExecutionContext.java:137) ~[cucumber-core-7.12.1.jar:7.12.1]
	at io.cucumber.testng.TestNGCucumberRunner.runScenario(TestNGCucumberRunner.java:129) ~[cucumber-testng-7.12.1.jar:7.12.1]
	at io.cucumber.testng.AbstractTestNGCucumberTests.runScenario(AbstractTestNGCucumberTests.java:35) ~[cucumber-testng-7.12.1.jar:7.12.1]
	at jdk.internal.reflect.NativeMethodAccessorImpl.invoke0(Native Method) ~[?:?]
	at jdk.internal.reflect.NativeMethodAccessorImpl.invoke(NativeMethodAccessorImpl.java:62) ~[?:?]
	at jdk.internal.reflect.DelegatingMethodAccessorImpl.invoke(DelegatingMethodAccessorImpl.java:43) ~[?:?]
	at java.lang.reflect.Method.invoke(Method.java:566) ~[?:?]
	at org.testng.internal.invokers.MethodInvocationHelper.invokeMethod(MethodInvocationHelper.java:139) ~[testng-7.8.0.jar:7.8.0]
	at org.testng.internal.invokers.TestInvoker.invokeMethod(TestInvoker.java:664) ~[testng-7.8.0.jar:7.8.0]
	at org.testng.internal.invokers.TestInvoker.invokeTestMethod(TestInvoker.java:227) ~[testng-7.8.0.jar:7.8.0]
	at org.testng.internal.invokers.MethodRunner.runInSequence(MethodRunner.java:50) ~[testng-7.8.0.jar:7.8.0]
	at org.testng.internal.invokers.TestInvoker$MethodInvocationAgent.invoke(TestInvoker.java:957) ~[testng-7.8.0.jar:7.8.0]
	at org.testng.internal.invokers.TestInvoker.invokeTestMethods(TestInvoker.java:200) ~[testng-7.8.0.jar:7.8.0]
	at org.testng.internal.invokers.TestMethodWorker.invokeTestMethods(TestMethodWorker.java:148) ~[testng-7.8.0.jar:7.8.0]
	at org.testng.internal.invokers.TestMethodWorker.run(TestMethodWorker.java:128) ~[testng-7.8.0.jar:7.8.0]
	at java.util.ArrayList.forEach(ArrayList.java:1541) [?:?]
	at org.testng.TestRunner.privateRun(TestRunner.java:848) [testng-7.8.0.jar:7.8.0]
	at org.testng.TestRunner.run(TestRunner.java:621) [testng-7.8.0.jar:7.8.0]
	at org.testng.SuiteRunner.runTest(SuiteRunner.java:443) [testng-7.8.0.jar:7.8.0]
	at org.testng.SuiteRunner.runSequentially(SuiteRunner.java:437) [testng-7.8.0.jar:7.8.0]
	at org.testng.SuiteRunner.privateRun(SuiteRunner.java:397) [testng-7.8.0.jar:7.8.0]
	at org.testng.SuiteRunner.run(SuiteRunner.java:336) [testng-7.8.0.jar:7.8.0]
	at org.testng.SuiteRunnerWorker.runSuite(SuiteRunnerWorker.java:52) [testng-7.8.0.jar:7.8.0]
	at org.testng.SuiteRunnerWorker.run(SuiteRunnerWorker.java:95) [testng-7.8.0.jar:7.8.0]
	at org.testng.TestNG.runSuitesSequentially(TestNG.java:1280) [testng-7.8.0.jar:7.8.0]
	at org.testng.TestNG.runSuitesLocally(TestNG.java:1200) [testng-7.8.0.jar:7.8.0]
	at org.testng.TestNG.runSuites(TestNG.java:1114) [testng-7.8.0.jar:7.8.0]
	at org.testng.TestNG.run(TestNG.java:1082) [testng-7.8.0.jar:7.8.0]
	at com.intellij.rt.testng.IDEARemoteTestNG.run(IDEARemoteTestNG.java:66) [testng-rt.jar:?]
	at com.intellij.rt.testng.RemoteTestNGStarter.main(RemoteTestNGStarter.java:109) [testng-rt.jar:?]
[ERROR] 20-06-2023 23:20:48 [main] [LifecycleNotifier] - Could not invoke listener method
org.openqa.selenium.NoSuchSessionException: Session ID is null. Using WebDriver after calling quit()?
Build info: version: '4.10.0', revision: 'c14d967899'
System info: os.name: 'Mac OS X', os.arch: 'aarch64', os.version: '12.6', java.version: '11.0.16'
Driver info: org.openqa.selenium.chrome.ChromeDriver
Command: [null, screenshot {}]
Capabilities {acceptInsecureCerts: false, browserName: chrome, browserVersion: 114.0.5735.133, chrome: {chromedriverVersion: 114.0.5735.90 (386bc09e8f4f..., userDataDir: /var/folders/bz/l4ntdftn1jd...}, goog:chromeOptions: {debuggerAddress: localhost:52048}, networkConnectionEnabled: false, pageLoadStrategy: normal, platformName: mac, proxy: Proxy(), se:cdp: ws://localhost:52048/devtoo..., se:cdpVersion: 114.0.5735.133, setWindowRect: true, strictFileInteractability: false, timeouts: {implicit: 0, pageLoad: 300000, script: 30000}, unhandledPromptBehavior: dismiss and notify, webauthn:extension:credBlob: true, webauthn:extension:largeBlob: true, webauthn:extension:minPinLength: true, webauthn:extension:prf: true, webauthn:virtualAuthenticators: true}
	at org.openqa.selenium.remote.HttpCommandExecutor.execute(HttpCommandExecutor.java:152) ~[selenium-remote-driver-4.10.0.jar:?]
	at org.openqa.selenium.remote.service.DriverCommandExecutor.invokeExecute(DriverCommandExecutor.java:196) ~[selenium-remote-driver-4.10.0.jar:?]
	at org.openqa.selenium.remote.service.DriverCommandExecutor.execute(DriverCommandExecutor.java:171) ~[selenium-remote-driver-4.10.0.jar:?]
	at org.openqa.selenium.remote.RemoteWebDriver.execute(RemoteWebDriver.java:531) ~[selenium-remote-driver-4.10.0.jar:?]
	at org.openqa.selenium.remote.RemoteWebDriver.execute(RemoteWebDriver.java:590) ~[selenium-remote-driver-4.10.0.jar:?]
	at org.openqa.selenium.remote.RemoteWebDriver.execute(RemoteWebDriver.java:594) ~[selenium-remote-driver-4.10.0.jar:?]
	at org.openqa.selenium.remote.RemoteWebDriver.getScreenshotAs(RemoteWebDriver.java:316) ~[selenium-remote-driver-4.10.0.jar:?]
	at jdk.internal.reflect.NativeMethodAccessorImpl.invoke0(Native Method) ~[?:?]
	at jdk.internal.reflect.NativeMethodAccessorImpl.invoke(NativeMethodAccessorImpl.java:62) ~[?:?]
	at jdk.internal.reflect.DelegatingMethodAccessorImpl.invoke(DelegatingMethodAccessorImpl.java:43) ~[?:?]
	at java.lang.reflect.Method.invoke(Method.java:566) ~[?:?]
	at org.openqa.selenium.support.ThreadGuard$WebDriverInvocationHandler.invokeUnderlying(ThreadGuard.java:99) ~[selenium-support-4.10.0.jar:?]
	at org.openqa.selenium.support.ThreadGuard$WebDriverInvocationHandler.invoke(ThreadGuard.java:91) ~[selenium-support-4.10.0.jar:?]
	at com.sun.proxy.$Proxy39.getScreenshotAs(Unknown Source) ~[?:?]
	at anhtester.com.listeners.AllureListener.beforeTestStop(AllureListener.java:43) ~[test-classes/:?]
	at io.qameta.allure.listener.LifecycleNotifier.lambda$runSafely$0(LifecycleNotifier.java:211) ~[allure-java-commons-2.22.1.jar:2.22.1]
	at java.util.ArrayList.forEach(ArrayList.java:1541) ~[?:?]
	at io.qameta.allure.listener.LifecycleNotifier.runSafely(LifecycleNotifier.java:209) ~[allure-java-commons-2.22.1.jar:2.22.1]
	at io.qameta.allure.listener.LifecycleNotifier.beforeTestStop(LifecycleNotifier.java:88) ~[allure-java-commons-2.22.1.jar:2.22.1]
	at io.qameta.allure.AllureLifecycle.stopTestCase(AllureLifecycle.java:420) ~[allure-java-commons-2.22.1.jar:2.22.1]
	at io.qameta.allure.testng.AllureTestNg.stopTestCase(AllureTestNg.java:376) ~[allure-testng-2.22.1.jar:2.22.1]
	at io.qameta.allure.testng.AllureTestNg.onTestFailure(AllureTestNg.java:370) ~[allure-testng-2.22.1.jar:2.22.1]
	at org.testng.internal.TestListenerHelper.runTestListeners(TestListenerHelper.java:108) ~[testng-7.8.0.jar:7.8.0]
	at org.testng.internal.invokers.TestInvoker.runTestResultListener(TestInvoker.java:262) ~[testng-7.8.0.jar:7.8.0]
	at org.testng.internal.invokers.TestInvoker.invokeMethod(TestInvoker.java:751) ~[testng-7.8.0.jar:7.8.0]
	at org.testng.internal.invokers.TestInvoker.invokeTestMethod(TestInvoker.java:227) ~[testng-7.8.0.jar:7.8.0]
	at org.testng.internal.invokers.MethodRunner.runInSequence(MethodRunner.java:50) ~[testng-7.8.0.jar:7.8.0]
	at org.testng.internal.invokers.TestInvoker$MethodInvocationAgent.invoke(TestInvoker.java:957) ~[testng-7.8.0.jar:7.8.0]
	at org.testng.internal.invokers.TestInvoker.invokeTestMethods(TestInvoker.java:200) ~[testng-7.8.0.jar:7.8.0]
	at org.testng.internal.invokers.TestMethodWorker.invokeTestMethods(TestMethodWorker.java:148) ~[testng-7.8.0.jar:7.8.0]
	at org.testng.internal.invokers.TestMethodWorker.run(TestMethodWorker.java:128) ~[testng-7.8.0.jar:7.8.0]
	at java.util.ArrayList.forEach(ArrayList.java:1541) [?:?]
	at org.testng.TestRunner.privateRun(TestRunner.java:848) [testng-7.8.0.jar:7.8.0]
	at org.testng.TestRunner.run(TestRunner.java:621) [testng-7.8.0.jar:7.8.0]
	at org.testng.SuiteRunner.runTest(SuiteRunner.java:443) [testng-7.8.0.jar:7.8.0]
	at org.testng.SuiteRunner.runSequentially(SuiteRunner.java:437) [testng-7.8.0.jar:7.8.0]
	at org.testng.SuiteRunner.privateRun(SuiteRunner.java:397) [testng-7.8.0.jar:7.8.0]
	at org.testng.SuiteRunner.run(SuiteRunner.java:336) [testng-7.8.0.jar:7.8.0]
	at org.testng.SuiteRunnerWorker.runSuite(SuiteRunnerWorker.java:52) [testng-7.8.0.jar:7.8.0]
	at org.testng.SuiteRunnerWorker.run(SuiteRunnerWorker.java:95) [testng-7.8.0.jar:7.8.0]
	at org.testng.TestNG.runSuitesSequentially(TestNG.java:1280) [testng-7.8.0.jar:7.8.0]
	at org.testng.TestNG.runSuitesLocally(TestNG.java:1200) [testng-7.8.0.jar:7.8.0]
	at org.testng.TestNG.runSuites(TestNG.java:1114) [testng-7.8.0.jar:7.8.0]
	at org.testng.TestNG.run(TestNG.java:1082) [testng-7.8.0.jar:7.8.0]
	at com.intellij.rt.testng.IDEARemoteTestNG.run(IDEARemoteTestNG.java:66) [testng-rt.jar:?]
	at com.intellij.rt.testng.RemoteTestNGStarter.main(RemoteTestNGStarter.java:109) [testng-rt.jar:?]
[INFO] 20-06-2023 23:22:36 [main] [Utils] - [TestNG] Running:
  /Users/kanthreddy/Library/Caches/JetBrains/IdeaIE2022.2/temp-testng-customsuite.xml

[INFO] 20-06-2023 23:22:37 [main] [LogUtils] - Loaded all properties files.
[INFO] 20-06-2023 23:22:37 [main] [LogUtils] - {TARGET=local, ownerDetail=xpath&&//div[@id='s2id_created_by']//a[@class='select2-choice']/span[1], menuClients=xpath&&//span[normalize-space()='Clients'], TELEGRAM_CHATID=, OVERRIDE_REPORTS=yes, inputPhone=xpath&&//input[@id='phone'], inputClientGroups=xpath&&(//label[normalize-space()='Client groups']/following-sibling::div//input)[1], buttonSaveOnDialog=xpath&&//div[@id='ajaxModalContent']//button[normalize-space()='Save'], spanFirstItemClientGroups=xpath&&//span[@class='select2-match'], inputCountry=xpath&&//input[@id='country'], SEND_REPORT_TO_TELEGRAM=no, SEND_EMAIL_TO_USERS=no, ZIP_FOLDER_NAME=CucumberExtentReports.zip, WAIT_DEFAULT=5, REMOTE_PORT=4444, TELEGRAM_TOKEN=, buttonAddClient=xpath&&//a[normalize-space()='Add client'], URL_CORP=https://corporate-dev.hubpay.ae/, labelClientGroups=xpath&&//li[@class='select2-search-choice']/div, URL_OPS=https://ops-portal-dev.hubpay.ae/wallet/, inputState=xpath&&//input[@id='state'], labelOnClientPage=xpath&&//span[normalize-space()='Total clients'], inputPassword=xpath&&//input[@id='password'], EXTENT_REPORT_PDF=PdfReport.pdf, inputAddress=xpath&&//textarea[@id='address'], VIDEO_RECORD=no, inputSearchOwner=xpath&&//div[@id='select2-drop']//input, tabClient=xpath&&//ul[@id='client-tabs']//li[2], labelEmailError=id&&email-error, tabClientInfo=xpath&&//a[normalize-space()='Client info'], PASSWORD=T+wyT5u9cOelDJbBWNgxLw, inputWebsite=xpath&&//input[@id='website'], SCREENSHOT_ALL_STEPS=no, labelAuthentication=xpath&&//div[@role='alert'], EXTENT_REPORT_NAME=ExtentReport, EXPORT_VIDEO_PATH=ExportData/Videos, EXPORT_CAPTURE_PATH=ExportData/Images, WAIT_PAGE_LOADED=30, SCREENSHOT_PASSED_STEPS=no, radioOrganization=xpath&&//input[@id='type_organization'], EXTENT_REPORT_FOLDER=reports/CucumberExtentReports, itemClientFirstRow=xpath&&//table[@id='client-table']//tbody/tr[1]/td[2]/a, WAIT_EXPLICIT=10, BROWSER=chrome, SCREENSHOT_SKIPPED_STEPS=yes, inputEmail=xpath&&//input[@id='email'], menuDashboard=xpath&&//span[normalize-space()='Dashboard'], REPORT_TITLE=Report | Automation Framework Cucumber TestNG | Anh Tester, AUTHOR=Anh Tester, EXCEL_DATA_FILE_PATH=src/test/resources/testdata/ClientsDataExcel.xlsx, WAIT_IMPLICIT=20, PROJECT_NAME=Automation Framework Cucumber TestNG | Anh Tester, HEADLESS=true, REMOTE_URL=localhost, inputCompanyName=xpath&&//input[@id='company_name'], selectOwner=xpath&&//div[@id='s2id_created_by'], inputCity=xpath&&//input[@id='city'], SCREENSHOT_FAILED_STEPS=yes, TXT_FILE_PATH=src/test/resources/testdata/TxtFileData.txt, selectFirstItemOwner=xpath&&(//div[contains(@id,'select2-result-label')])[1], buttonSignIn=xpath&&//button[normalize-space()='Sign in'], JSON_DATA_FILE_PATH=src/test/resources/config/config.json, inputVat=xpath&&//input[@id='vat_number'], ACTIVE_PAGE_LOADED=true, headerPageClientInfo=xpath&&//form[@id='company-form']//h4, URL_CRM=https://rise.fairsketch.com/signin, WAIT_SLEEP_STEP=0, OPEN_REPORTS_AFTER_EXECUTION=no, buttonDynamicXpath=xpath&&//button[normalize-space()='%s'], ZIP_FOLDER_PATH=reports/CucumberExtentReports, inputZip=xpath&&//input[@id='zip'], inputSearch=xpath&&//input[@placeholder='Search'], ZIP_FOLDER=no, menuProjects=xpath&&//span[normalize-space()='Projects']}
[INFO] 20-06-2023 23:22:37 [main] [LogUtils] - Loaded all properties files.
[INFO] 20-06-2023 23:22:37 [main] [LogUtils] - {TARGET=local, ownerDetail=xpath&&//div[@id='s2id_created_by']//a[@class='select2-choice']/span[1], menuClients=xpath&&//span[normalize-space()='Clients'], TELEGRAM_CHATID=, OVERRIDE_REPORTS=yes, inputPhone=xpath&&//input[@id='phone'], inputClientGroups=xpath&&(//label[normalize-space()='Client groups']/following-sibling::div//input)[1], buttonSaveOnDialog=xpath&&//div[@id='ajaxModalContent']//button[normalize-space()='Save'], spanFirstItemClientGroups=xpath&&//span[@class='select2-match'], inputCountry=xpath&&//input[@id='country'], SEND_REPORT_TO_TELEGRAM=no, SEND_EMAIL_TO_USERS=no, ZIP_FOLDER_NAME=CucumberExtentReports.zip, WAIT_DEFAULT=5, REMOTE_PORT=4444, TELEGRAM_TOKEN=, buttonAddClient=xpath&&//a[normalize-space()='Add client'], URL_CORP=https://corporate-dev.hubpay.ae/, labelClientGroups=xpath&&//li[@class='select2-search-choice']/div, URL_OPS=https://ops-portal-dev.hubpay.ae/wallet/, inputState=xpath&&//input[@id='state'], labelOnClientPage=xpath&&//span[normalize-space()='Total clients'], inputPassword=xpath&&//input[@id='password'], EXTENT_REPORT_PDF=PdfReport.pdf, inputAddress=xpath&&//textarea[@id='address'], VIDEO_RECORD=no, inputSearchOwner=xpath&&//div[@id='select2-drop']//input, tabClient=xpath&&//ul[@id='client-tabs']//li[2], labelEmailError=id&&email-error, tabClientInfo=xpath&&//a[normalize-space()='Client info'], PASSWORD=T+wyT5u9cOelDJbBWNgxLw, inputWebsite=xpath&&//input[@id='website'], SCREENSHOT_ALL_STEPS=no, labelAuthentication=xpath&&//div[@role='alert'], EXTENT_REPORT_NAME=ExtentReport, EXPORT_VIDEO_PATH=ExportData/Videos, EXPORT_CAPTURE_PATH=ExportData/Images, WAIT_PAGE_LOADED=30, SCREENSHOT_PASSED_STEPS=no, radioOrganization=xpath&&//input[@id='type_organization'], EXTENT_REPORT_FOLDER=reports/CucumberExtentReports, itemClientFirstRow=xpath&&//table[@id='client-table']//tbody/tr[1]/td[2]/a, WAIT_EXPLICIT=10, BROWSER=chrome, SCREENSHOT_SKIPPED_STEPS=yes, inputEmail=xpath&&//input[@id='email'], menuDashboard=xpath&&//span[normalize-space()='Dashboard'], REPORT_TITLE=Report | Automation Framework Cucumber TestNG | Anh Tester, AUTHOR=Anh Tester, EXCEL_DATA_FILE_PATH=src/test/resources/testdata/ClientsDataExcel.xlsx, WAIT_IMPLICIT=20, PROJECT_NAME=Automation Framework Cucumber TestNG | Anh Tester, HEADLESS=true, REMOTE_URL=localhost, inputCompanyName=xpath&&//input[@id='company_name'], selectOwner=xpath&&//div[@id='s2id_created_by'], inputCity=xpath&&//input[@id='city'], SCREENSHOT_FAILED_STEPS=yes, TXT_FILE_PATH=src/test/resources/testdata/TxtFileData.txt, selectFirstItemOwner=xpath&&(//div[contains(@id,'select2-result-label')])[1], buttonSignIn=xpath&&//button[normalize-space()='Sign in'], JSON_DATA_FILE_PATH=src/test/resources/config/config.json, inputVat=xpath&&//input[@id='vat_number'], ACTIVE_PAGE_LOADED=true, headerPageClientInfo=xpath&&//form[@id='company-form']//h4, URL_CRM=https://rise.fairsketch.com/signin, WAIT_SLEEP_STEP=0, OPEN_REPORTS_AFTER_EXECUTION=no, buttonDynamicXpath=xpath&&//button[normalize-space()='%s'], ZIP_FOLDER_PATH=reports/CucumberExtentReports, inputZip=xpath&&//input[@id='zip'], inputSearch=xpath&&//input[@placeholder='Search'], ZIP_FOLDER=no, menuProjects=xpath&&//span[normalize-space()='Projects']}
[INFO] 20-06-2023 23:22:37 [main] [WebDriverManager] - Using chromedriver 114.0.5735.90 (resolved driver for Chrome 114)
[INFO] 20-06-2023 23:22:37 [main] [WebDriverManager] - Exporting webdriver.chrome.driver as /Users/kanthreddy/.cache/selenium/chromedriver/mac-arm64/114.0.5735.90/chromedriver
[INFO] 20-06-2023 23:22:43 [main] [LogUtils] - Driver in TestContext: ChromeDriver: chrome on mac (22cf8b6ebf59847cb487321fc9648e32)
[INFO] 20-06-2023 23:22:53 [main] [LogUtils] - Open URL: https://ops-portal-dev.hubpay.ae/wallet/
[INFO] 20-06-2023 23:22:53 [main] [LogUtils] - Verify element visible By.cssSelector: input[name='loginfmt']
[INFO] 20-06-2023 23:22:54 [main] [LogUtils] - Set text sreekanth@hubpay.ae on By.cssSelector: input[name='loginfmt']
[INFO] 20-06-2023 23:22:54 [main] [LogUtils] - Verify element visible By.cssSelector: input[value='Next']
[INFO] 20-06-2023 23:22:55 [main] [LogUtils] - Clicked on the element By.cssSelector: input[value='Next']
[INFO] 20-06-2023 23:22:57 [main] [LogUtils] - Verify element visible By.cssSelector: input[name='passwd']
[INFO] 20-06-2023 23:22:58 [main] [LogUtils] - Set text Hubpass@1 on By.cssSelector: input[name='passwd']
[INFO] 20-06-2023 23:22:58 [main] [LogUtils] - Verify element visible By.cssSelector: input[value='Sign in']
[INFO] 20-06-2023 23:23:01 [main] [LogUtils] - Clicked on the element By.cssSelector: input[value='Sign in']
[INFO] 20-06-2023 23:23:02 [main] [LogUtils] - Verify element visible By.cssSelector: input[value='Yes']
[INFO] 20-06-2023 23:23:37 [main] [LogUtils] - Clicked on the element By.cssSelector: input[value='Yes']
[INFO] 20-06-2023 23:26:35 [main] [Utils] - [TestNG] Running:
  /Users/kanthreddy/Library/Caches/JetBrains/IdeaIE2022.2/temp-testng-customsuite.xml

[INFO] 20-06-2023 23:26:36 [main] [LogUtils] - Loaded all properties files.
[INFO] 20-06-2023 23:26:36 [main] [LogUtils] - {TARGET=local, ownerDetail=xpath&&//div[@id='s2id_created_by']//a[@class='select2-choice']/span[1], menuClients=xpath&&//span[normalize-space()='Clients'], TELEGRAM_CHATID=, OVERRIDE_REPORTS=yes, inputPhone=xpath&&//input[@id='phone'], inputClientGroups=xpath&&(//label[normalize-space()='Client groups']/following-sibling::div//input)[1], buttonSaveOnDialog=xpath&&//div[@id='ajaxModalContent']//button[normalize-space()='Save'], spanFirstItemClientGroups=xpath&&//span[@class='select2-match'], inputCountry=xpath&&//input[@id='country'], SEND_REPORT_TO_TELEGRAM=no, SEND_EMAIL_TO_USERS=no, ZIP_FOLDER_NAME=CucumberExtentReports.zip, WAIT_DEFAULT=5, REMOTE_PORT=4444, TELEGRAM_TOKEN=, buttonAddClient=xpath&&//a[normalize-space()='Add client'], URL_CORP=https://corporate-dev.hubpay.ae/, labelClientGroups=xpath&&//li[@class='select2-search-choice']/div, URL_OPS=https://ops-portal-dev.hubpay.ae/wallet/, inputState=xpath&&//input[@id='state'], labelOnClientPage=xpath&&//span[normalize-space()='Total clients'], inputPassword=xpath&&//input[@id='password'], EXTENT_REPORT_PDF=PdfReport.pdf, inputAddress=xpath&&//textarea[@id='address'], VIDEO_RECORD=no, inputSearchOwner=xpath&&//div[@id='select2-drop']//input, tabClient=xpath&&//ul[@id='client-tabs']//li[2], labelEmailError=id&&email-error, tabClientInfo=xpath&&//a[normalize-space()='Client info'], PASSWORD=T+wyT5u9cOelDJbBWNgxLw, inputWebsite=xpath&&//input[@id='website'], SCREENSHOT_ALL_STEPS=no, labelAuthentication=xpath&&//div[@role='alert'], EXTENT_REPORT_NAME=ExtentReport, EXPORT_VIDEO_PATH=ExportData/Videos, EXPORT_CAPTURE_PATH=ExportData/Images, WAIT_PAGE_LOADED=30, SCREENSHOT_PASSED_STEPS=no, radioOrganization=xpath&&//input[@id='type_organization'], EXTENT_REPORT_FOLDER=reports/CucumberExtentReports, itemClientFirstRow=xpath&&//table[@id='client-table']//tbody/tr[1]/td[2]/a, WAIT_EXPLICIT=10, BROWSER=chrome, SCREENSHOT_SKIPPED_STEPS=yes, inputEmail=xpath&&//input[@id='email'], menuDashboard=xpath&&//span[normalize-space()='Dashboard'], REPORT_TITLE=Report | Automation Framework Cucumber TestNG | Anh Tester, AUTHOR=Anh Tester, EXCEL_DATA_FILE_PATH=src/test/resources/testdata/ClientsDataExcel.xlsx, WAIT_IMPLICIT=20, PROJECT_NAME=Automation Framework Cucumber TestNG | Anh Tester, HEADLESS=false, REMOTE_URL=localhost, inputCompanyName=xpath&&//input[@id='company_name'], selectOwner=xpath&&//div[@id='s2id_created_by'], inputCity=xpath&&//input[@id='city'], SCREENSHOT_FAILED_STEPS=yes, TXT_FILE_PATH=src/test/resources/testdata/TxtFileData.txt, selectFirstItemOwner=xpath&&(//div[contains(@id,'select2-result-label')])[1], buttonSignIn=xpath&&//button[normalize-space()='Sign in'], JSON_DATA_FILE_PATH=src/test/resources/config/config.json, inputVat=xpath&&//input[@id='vat_number'], ACTIVE_PAGE_LOADED=true, headerPageClientInfo=xpath&&//form[@id='company-form']//h4, URL_CRM=https://rise.fairsketch.com/signin, WAIT_SLEEP_STEP=0, OPEN_REPORTS_AFTER_EXECUTION=no, buttonDynamicXpath=xpath&&//button[normalize-space()='%s'], ZIP_FOLDER_PATH=reports/CucumberExtentReports, inputZip=xpath&&//input[@id='zip'], inputSearch=xpath&&//input[@placeholder='Search'], ZIP_FOLDER=no, menuProjects=xpath&&//span[normalize-space()='Projects']}
[INFO] 20-06-2023 23:26:36 [main] [LogUtils] - Loaded all properties files.
[INFO] 20-06-2023 23:26:36 [main] [LogUtils] - {TARGET=local, ownerDetail=xpath&&//div[@id='s2id_created_by']//a[@class='select2-choice']/span[1], menuClients=xpath&&//span[normalize-space()='Clients'], TELEGRAM_CHATID=, OVERRIDE_REPORTS=yes, inputPhone=xpath&&//input[@id='phone'], inputClientGroups=xpath&&(//label[normalize-space()='Client groups']/following-sibling::div//input)[1], buttonSaveOnDialog=xpath&&//div[@id='ajaxModalContent']//button[normalize-space()='Save'], spanFirstItemClientGroups=xpath&&//span[@class='select2-match'], inputCountry=xpath&&//input[@id='country'], SEND_REPORT_TO_TELEGRAM=no, SEND_EMAIL_TO_USERS=no, ZIP_FOLDER_NAME=CucumberExtentReports.zip, WAIT_DEFAULT=5, REMOTE_PORT=4444, TELEGRAM_TOKEN=, buttonAddClient=xpath&&//a[normalize-space()='Add client'], URL_CORP=https://corporate-dev.hubpay.ae/, labelClientGroups=xpath&&//li[@class='select2-search-choice']/div, URL_OPS=https://ops-portal-dev.hubpay.ae/wallet/, inputState=xpath&&//input[@id='state'], labelOnClientPage=xpath&&//span[normalize-space()='Total clients'], inputPassword=xpath&&//input[@id='password'], EXTENT_REPORT_PDF=PdfReport.pdf, inputAddress=xpath&&//textarea[@id='address'], VIDEO_RECORD=no, inputSearchOwner=xpath&&//div[@id='select2-drop']//input, tabClient=xpath&&//ul[@id='client-tabs']//li[2], labelEmailError=id&&email-error, tabClientInfo=xpath&&//a[normalize-space()='Client info'], PASSWORD=T+wyT5u9cOelDJbBWNgxLw, inputWebsite=xpath&&//input[@id='website'], SCREENSHOT_ALL_STEPS=no, labelAuthentication=xpath&&//div[@role='alert'], EXTENT_REPORT_NAME=ExtentReport, EXPORT_VIDEO_PATH=ExportData/Videos, EXPORT_CAPTURE_PATH=ExportData/Images, WAIT_PAGE_LOADED=30, SCREENSHOT_PASSED_STEPS=no, radioOrganization=xpath&&//input[@id='type_organization'], EXTENT_REPORT_FOLDER=reports/CucumberExtentReports, itemClientFirstRow=xpath&&//table[@id='client-table']//tbody/tr[1]/td[2]/a, WAIT_EXPLICIT=10, BROWSER=chrome, SCREENSHOT_SKIPPED_STEPS=yes, inputEmail=xpath&&//input[@id='email'], menuDashboard=xpath&&//span[normalize-space()='Dashboard'], REPORT_TITLE=Report | Automation Framework Cucumber TestNG | Anh Tester, AUTHOR=Anh Tester, EXCEL_DATA_FILE_PATH=src/test/resources/testdata/ClientsDataExcel.xlsx, WAIT_IMPLICIT=20, PROJECT_NAME=Automation Framework Cucumber TestNG | Anh Tester, HEADLESS=false, REMOTE_URL=localhost, inputCompanyName=xpath&&//input[@id='company_name'], selectOwner=xpath&&//div[@id='s2id_created_by'], inputCity=xpath&&//input[@id='city'], SCREENSHOT_FAILED_STEPS=yes, TXT_FILE_PATH=src/test/resources/testdata/TxtFileData.txt, selectFirstItemOwner=xpath&&(//div[contains(@id,'select2-result-label')])[1], buttonSignIn=xpath&&//button[normalize-space()='Sign in'], JSON_DATA_FILE_PATH=src/test/resources/config/config.json, inputVat=xpath&&//input[@id='vat_number'], ACTIVE_PAGE_LOADED=true, headerPageClientInfo=xpath&&//form[@id='company-form']//h4, URL_CRM=https://rise.fairsketch.com/signin, WAIT_SLEEP_STEP=0, OPEN_REPORTS_AFTER_EXECUTION=no, buttonDynamicXpath=xpath&&//button[normalize-space()='%s'], ZIP_FOLDER_PATH=reports/CucumberExtentReports, inputZip=xpath&&//input[@id='zip'], inputSearch=xpath&&//input[@placeholder='Search'], ZIP_FOLDER=no, menuProjects=xpath&&//span[normalize-space()='Projects']}
[INFO] 20-06-2023 23:26:37 [main] [WebDriverManager] - Using chromedriver 114.0.5735.90 (resolved driver for Chrome 114)
[INFO] 20-06-2023 23:26:37 [main] [WebDriverManager] - Exporting webdriver.chrome.driver as /Users/kanthreddy/.cache/selenium/chromedriver/mac-arm64/114.0.5735.90/chromedriver
[INFO] 20-06-2023 23:26:44 [main] [LogUtils] - Driver in TestContext: ChromeDriver: chrome on mac (158b80432630b2daee2632388c1b13dc)
[INFO] 20-06-2023 23:26:55 [main] [LogUtils] - Open URL: https://ops-portal-dev.hubpay.ae/wallet/
[INFO] 20-06-2023 23:26:55 [main] [LogUtils] - Verify element visible By.cssSelector: input[name='loginfmt']
[INFO] 20-06-2023 23:26:56 [main] [LogUtils] - Set text sreekanth@hubpay.ae on By.cssSelector: input[name='loginfmt']
[INFO] 20-06-2023 23:26:56 [main] [LogUtils] - Verify element visible By.cssSelector: input[value='Next']
[INFO] 20-06-2023 23:26:57 [main] [LogUtils] - Clicked on the element By.cssSelector: input[value='Next']
[INFO] 20-06-2023 23:26:59 [main] [LogUtils] - Verify element visible By.cssSelector: input[name='passwd']
[INFO] 20-06-2023 23:27:00 [main] [LogUtils] - Set text Hubpass@1 on By.cssSelector: input[name='passwd']
[INFO] 20-06-2023 23:27:00 [main] [LogUtils] - Verify element visible By.cssSelector: input[value='Sign in']
[INFO] 20-06-2023 23:27:03 [main] [LogUtils] - Clicked on the element By.cssSelector: input[value='Sign in']
[INFO] 20-06-2023 23:27:05 [main] [LogUtils] - Verify element visible By.cssSelector: input[value='Yes']
[INFO] 20-06-2023 23:27:29 [main] [LogUtils] - Clicked on the element By.cssSelector: input[value='Yes']
[INFO] 20-06-2023 23:43:41 [main] [Utils] - [TestNG] Running:
  /Users/kanthreddy/Library/Caches/JetBrains/IdeaIE2022.2/temp-testng-customsuite.xml

[INFO] 20-06-2023 23:43:41 [main] [LogUtils] - Loaded all properties files.
[INFO] 20-06-2023 23:43:41 [main] [LogUtils] - {TARGET=local, ownerDetail=xpath&&//div[@id='s2id_created_by']//a[@class='select2-choice']/span[1], menuClients=xpath&&//span[normalize-space()='Clients'], TELEGRAM_CHATID=, OVERRIDE_REPORTS=yes, inputPhone=xpath&&//input[@id='phone'], inputClientGroups=xpath&&(//label[normalize-space()='Client groups']/following-sibling::div//input)[1], buttonSaveOnDialog=xpath&&//div[@id='ajaxModalContent']//button[normalize-space()='Save'], spanFirstItemClientGroups=xpath&&//span[@class='select2-match'], inputCountry=xpath&&//input[@id='country'], SEND_REPORT_TO_TELEGRAM=no, SEND_EMAIL_TO_USERS=no, ZIP_FOLDER_NAME=CucumberExtentReports.zip, WAIT_DEFAULT=5, REMOTE_PORT=4444, TELEGRAM_TOKEN=, buttonAddClient=xpath&&//a[normalize-space()='Add client'], URL_CORP=https://corporate-dev.hubpay.ae/, labelClientGroups=xpath&&//li[@class='select2-search-choice']/div, URL_OPS=https://ops-portal-dev.hubpay.ae/wallet/, inputState=xpath&&//input[@id='state'], labelOnClientPage=xpath&&//span[normalize-space()='Total clients'], inputPassword=xpath&&//input[@id='password'], EXTENT_REPORT_PDF=PdfReport.pdf, inputAddress=xpath&&//textarea[@id='address'], VIDEO_RECORD=no, inputSearchOwner=xpath&&//div[@id='select2-drop']//input, tabClient=xpath&&//ul[@id='client-tabs']//li[2], labelEmailError=id&&email-error, tabClientInfo=xpath&&//a[normalize-space()='Client info'], PASSWORD=T+wyT5u9cOelDJbBWNgxLw, inputWebsite=xpath&&//input[@id='website'], SCREENSHOT_ALL_STEPS=no, labelAuthentication=xpath&&//div[@role='alert'], EXTENT_REPORT_NAME=ExtentReport, EXPORT_VIDEO_PATH=ExportData/Videos, EXPORT_CAPTURE_PATH=ExportData/Images, WAIT_PAGE_LOADED=30, SCREENSHOT_PASSED_STEPS=no, radioOrganization=xpath&&//input[@id='type_organization'], EXTENT_REPORT_FOLDER=reports/CucumberExtentReports, itemClientFirstRow=xpath&&//table[@id='client-table']//tbody/tr[1]/td[2]/a, WAIT_EXPLICIT=10, BROWSER=chrome, SCREENSHOT_SKIPPED_STEPS=yes, inputEmail=xpath&&//input[@id='email'], menuDashboard=xpath&&//span[normalize-space()='Dashboard'], REPORT_TITLE=Report | Automation Framework Cucumber TestNG | Anh Tester, AUTHOR=Anh Tester, EXCEL_DATA_FILE_PATH=src/test/resources/testdata/ClientsDataExcel.xlsx, WAIT_IMPLICIT=20, PROJECT_NAME=Automation Framework Cucumber TestNG | Anh Tester, HEADLESS=false, REMOTE_URL=localhost, inputCompanyName=xpath&&//input[@id='company_name'], selectOwner=xpath&&//div[@id='s2id_created_by'], inputCity=xpath&&//input[@id='city'], SCREENSHOT_FAILED_STEPS=yes, TXT_FILE_PATH=src/test/resources/testdata/TxtFileData.txt, selectFirstItemOwner=xpath&&(//div[contains(@id,'select2-result-label')])[1], buttonSignIn=xpath&&//button[normalize-space()='Sign in'], JSON_DATA_FILE_PATH=src/test/resources/config/config.json, inputVat=xpath&&//input[@id='vat_number'], ACTIVE_PAGE_LOADED=true, headerPageClientInfo=xpath&&//form[@id='company-form']//h4, URL_CRM=https://rise.fairsketch.com/signin, WAIT_SLEEP_STEP=0, OPEN_REPORTS_AFTER_EXECUTION=no, buttonDynamicXpath=xpath&&//button[normalize-space()='%s'], ZIP_FOLDER_PATH=reports/CucumberExtentReports, inputZip=xpath&&//input[@id='zip'], inputSearch=xpath&&//input[@placeholder='Search'], ZIP_FOLDER=no, menuProjects=xpath&&//span[normalize-space()='Projects']}
[INFO] 20-06-2023 23:43:41 [main] [LogUtils] - Loaded all properties files.
[INFO] 20-06-2023 23:43:41 [main] [LogUtils] - {TARGET=local, ownerDetail=xpath&&//div[@id='s2id_created_by']//a[@class='select2-choice']/span[1], menuClients=xpath&&//span[normalize-space()='Clients'], TELEGRAM_CHATID=, OVERRIDE_REPORTS=yes, inputPhone=xpath&&//input[@id='phone'], inputClientGroups=xpath&&(//label[normalize-space()='Client groups']/following-sibling::div//input)[1], buttonSaveOnDialog=xpath&&//div[@id='ajaxModalContent']//button[normalize-space()='Save'], spanFirstItemClientGroups=xpath&&//span[@class='select2-match'], inputCountry=xpath&&//input[@id='country'], SEND_REPORT_TO_TELEGRAM=no, SEND_EMAIL_TO_USERS=no, ZIP_FOLDER_NAME=CucumberExtentReports.zip, WAIT_DEFAULT=5, REMOTE_PORT=4444, TELEGRAM_TOKEN=, buttonAddClient=xpath&&//a[normalize-space()='Add client'], URL_CORP=https://corporate-dev.hubpay.ae/, labelClientGroups=xpath&&//li[@class='select2-search-choice']/div, URL_OPS=https://ops-portal-dev.hubpay.ae/wallet/, inputState=xpath&&//input[@id='state'], labelOnClientPage=xpath&&//span[normalize-space()='Total clients'], inputPassword=xpath&&//input[@id='password'], EXTENT_REPORT_PDF=PdfReport.pdf, inputAddress=xpath&&//textarea[@id='address'], VIDEO_RECORD=no, inputSearchOwner=xpath&&//div[@id='select2-drop']//input, tabClient=xpath&&//ul[@id='client-tabs']//li[2], labelEmailError=id&&email-error, tabClientInfo=xpath&&//a[normalize-space()='Client info'], PASSWORD=T+wyT5u9cOelDJbBWNgxLw, inputWebsite=xpath&&//input[@id='website'], SCREENSHOT_ALL_STEPS=no, labelAuthentication=xpath&&//div[@role='alert'], EXTENT_REPORT_NAME=ExtentReport, EXPORT_VIDEO_PATH=ExportData/Videos, EXPORT_CAPTURE_PATH=ExportData/Images, WAIT_PAGE_LOADED=30, SCREENSHOT_PASSED_STEPS=no, radioOrganization=xpath&&//input[@id='type_organization'], EXTENT_REPORT_FOLDER=reports/CucumberExtentReports, itemClientFirstRow=xpath&&//table[@id='client-table']//tbody/tr[1]/td[2]/a, WAIT_EXPLICIT=10, BROWSER=chrome, SCREENSHOT_SKIPPED_STEPS=yes, inputEmail=xpath&&//input[@id='email'], menuDashboard=xpath&&//span[normalize-space()='Dashboard'], REPORT_TITLE=Report | Automation Framework Cucumber TestNG | Anh Tester, AUTHOR=Anh Tester, EXCEL_DATA_FILE_PATH=src/test/resources/testdata/ClientsDataExcel.xlsx, WAIT_IMPLICIT=20, PROJECT_NAME=Automation Framework Cucumber TestNG | Anh Tester, HEADLESS=false, REMOTE_URL=localhost, inputCompanyName=xpath&&//input[@id='company_name'], selectOwner=xpath&&//div[@id='s2id_created_by'], inputCity=xpath&&//input[@id='city'], SCREENSHOT_FAILED_STEPS=yes, TXT_FILE_PATH=src/test/resources/testdata/TxtFileData.txt, selectFirstItemOwner=xpath&&(//div[contains(@id,'select2-result-label')])[1], buttonSignIn=xpath&&//button[normalize-space()='Sign in'], JSON_DATA_FILE_PATH=src/test/resources/config/config.json, inputVat=xpath&&//input[@id='vat_number'], ACTIVE_PAGE_LOADED=true, headerPageClientInfo=xpath&&//form[@id='company-form']//h4, URL_CRM=https://rise.fairsketch.com/signin, WAIT_SLEEP_STEP=0, OPEN_REPORTS_AFTER_EXECUTION=no, buttonDynamicXpath=xpath&&//button[normalize-space()='%s'], ZIP_FOLDER_PATH=reports/CucumberExtentReports, inputZip=xpath&&//input[@id='zip'], inputSearch=xpath&&//input[@placeholder='Search'], ZIP_FOLDER=no, menuProjects=xpath&&//span[normalize-space()='Projects']}
[INFO] 20-06-2023 23:43:42 [main] [WebDriverManager] - Using chromedriver 114.0.5735.90 (resolved driver for Chrome 114)
[INFO] 20-06-2023 23:43:42 [main] [WebDriverManager] - Exporting webdriver.chrome.driver as /Users/kanthreddy/.cache/selenium/chromedriver/mac-arm64/114.0.5735.90/chromedriver
[INFO] 20-06-2023 23:43:51 [main] [LogUtils] - Driver in TestContext: ChromeDriver: chrome on mac (eabb98dc494d3e0f21bf0df60f9c4b4c)
[INFO] 20-06-2023 23:44:03 [main] [LogUtils] - Open URL: https://ops-portal-dev.hubpay.ae/wallet/
[INFO] 20-06-2023 23:44:03 [main] [LogUtils] - Verify element visible By.cssSelector: input[name='loginfmt']
[INFO] 20-06-2023 23:44:04 [main] [LogUtils] - Set text sreekanth@hubpay.ae on By.cssSelector: input[name='loginfmt']
[INFO] 20-06-2023 23:44:04 [main] [LogUtils] - Verify element visible By.cssSelector: input[value='Next']
[INFO] 20-06-2023 23:44:05 [main] [LogUtils] - Clicked on the element By.cssSelector: input[value='Next']
[INFO] 20-06-2023 23:44:08 [main] [LogUtils] - Verify element visible By.cssSelector: input[name='passwd']
[INFO] 20-06-2023 23:44:08 [main] [LogUtils] - Set text Hubpass@1 on By.cssSelector: input[name='passwd']
[INFO] 20-06-2023 23:44:09 [main] [LogUtils] - Verify element visible By.cssSelector: input[value='Sign in']
[INFO] 20-06-2023 23:44:12 [main] [LogUtils] - Clicked on the element By.cssSelector: input[value='Sign in']
[INFO] 20-06-2023 23:44:13 [main] [LogUtils] - Verify element visible By.cssSelector: input[value='Yes']
[INFO] 20-06-2023 23:44:37 [main] [LogUtils] - Clicked on the element By.cssSelector: input[value='Yes']
[INFO] 20-06-2023 23:44:38 [main] [WebDriverManager] - Using chromedriver 114.0.5735.90 (resolved driver for Chrome 114)
[INFO] 20-06-2023 23:44:38 [main] [WebDriverManager] - Exporting webdriver.chrome.driver as /Users/kanthreddy/.cache/selenium/chromedriver/mac-arm64/114.0.5735.90/chromedriver
[INFO] 20-06-2023 23:44:44 [main] [LogUtils] - Driver in TestContext: ChromeDriver: chrome on mac (8a4946e868fed0fbbb0d793819e28f65)
[INFO] 20-06-2023 23:44:49 [main] [LogUtils] - Open URL: https://corporate-dev.hubpay.ae/
[ERROR] 20-06-2023 23:44:50 [main] [LifecycleNotifier] - Could not invoke listener method
org.openqa.selenium.NoSuchSessionException: Session ID is null. Using WebDriver after calling quit()?
Build info: version: '4.10.0', revision: 'c14d967899'
System info: os.name: 'Mac OS X', os.arch: 'aarch64', os.version: '12.6', java.version: '11.0.16'
Driver info: org.openqa.selenium.chrome.ChromeDriver
Command: [null, screenshot {}]
Capabilities {acceptInsecureCerts: false, browserName: chrome, browserVersion: 114.0.5735.133, chrome: {chromedriverVersion: 114.0.5735.90 (386bc09e8f4f..., userDataDir: /var/folders/bz/l4ntdftn1jd...}, goog:chromeOptions: {debuggerAddress: localhost:52612}, networkConnectionEnabled: false, pageLoadStrategy: normal, platformName: mac, proxy: Proxy(), se:cdp: ws://localhost:52612/devtoo..., se:cdpVersion: 114.0.5735.133, setWindowRect: true, strictFileInteractability: false, timeouts: {implicit: 0, pageLoad: 300000, script: 30000}, unhandledPromptBehavior: dismiss and notify, webauthn:extension:credBlob: true, webauthn:extension:largeBlob: true, webauthn:extension:minPinLength: true, webauthn:extension:prf: true, webauthn:virtualAuthenticators: true}
	at org.openqa.selenium.remote.HttpCommandExecutor.execute(HttpCommandExecutor.java:152) ~[selenium-remote-driver-4.10.0.jar:?]
	at org.openqa.selenium.remote.service.DriverCommandExecutor.invokeExecute(DriverCommandExecutor.java:196) ~[selenium-remote-driver-4.10.0.jar:?]
	at org.openqa.selenium.remote.service.DriverCommandExecutor.execute(DriverCommandExecutor.java:171) ~[selenium-remote-driver-4.10.0.jar:?]
	at org.openqa.selenium.remote.RemoteWebDriver.execute(RemoteWebDriver.java:531) ~[selenium-remote-driver-4.10.0.jar:?]
	at org.openqa.selenium.remote.RemoteWebDriver.execute(RemoteWebDriver.java:590) ~[selenium-remote-driver-4.10.0.jar:?]
	at org.openqa.selenium.remote.RemoteWebDriver.execute(RemoteWebDriver.java:594) ~[selenium-remote-driver-4.10.0.jar:?]
	at org.openqa.selenium.remote.RemoteWebDriver.getScreenshotAs(RemoteWebDriver.java:316) ~[selenium-remote-driver-4.10.0.jar:?]
	at jdk.internal.reflect.NativeMethodAccessorImpl.invoke0(Native Method) ~[?:?]
	at jdk.internal.reflect.NativeMethodAccessorImpl.invoke(NativeMethodAccessorImpl.java:62) ~[?:?]
	at jdk.internal.reflect.DelegatingMethodAccessorImpl.invoke(DelegatingMethodAccessorImpl.java:43) ~[?:?]
	at java.lang.reflect.Method.invoke(Method.java:566) ~[?:?]
	at org.openqa.selenium.support.ThreadGuard$WebDriverInvocationHandler.invokeUnderlying(ThreadGuard.java:99) ~[selenium-support-4.10.0.jar:?]
	at org.openqa.selenium.support.ThreadGuard$WebDriverInvocationHandler.invoke(ThreadGuard.java:91) ~[selenium-support-4.10.0.jar:?]
	at com.sun.proxy.$Proxy47.getScreenshotAs(Unknown Source) ~[?:?]
	at anhtester.com.listeners.AllureListener.beforeTestStop(AllureListener.java:43) ~[test-classes/:?]
	at io.qameta.allure.listener.LifecycleNotifier.lambda$runSafely$0(LifecycleNotifier.java:211) ~[allure-java-commons-2.22.1.jar:2.22.1]
	at java.util.ArrayList.forEach(ArrayList.java:1541) ~[?:?]
	at io.qameta.allure.listener.LifecycleNotifier.runSafely(LifecycleNotifier.java:209) ~[allure-java-commons-2.22.1.jar:2.22.1]
	at io.qameta.allure.listener.LifecycleNotifier.beforeTestStop(LifecycleNotifier.java:88) ~[allure-java-commons-2.22.1.jar:2.22.1]
	at io.qameta.allure.AllureLifecycle.stopTestCase(AllureLifecycle.java:420) ~[allure-java-commons-2.22.1.jar:2.22.1]
	at io.qameta.allure.cucumber7jvm.AllureCucumber7Jvm.handleTestCaseFinished(AllureCucumber7Jvm.java:197) ~[allure-cucumber7-jvm-2.22.1.jar:2.22.1]
	at io.cucumber.core.eventbus.AbstractEventPublisher.send(AbstractEventPublisher.java:51) ~[cucumber-core-7.12.1.jar:7.12.1]
	at io.cucumber.core.eventbus.AbstractEventBus.send(AbstractEventBus.java:12) ~[cucumber-core-7.12.1.jar:7.12.1]
	at io.cucumber.core.runtime.SynchronizedEventBus.send(SynchronizedEventBus.java:47) ~[cucumber-core-7.12.1.jar:7.12.1]
	at io.cucumber.core.runtime.ThreadLocalRunnerSupplier$LocalEventBus.send(ThreadLocalRunnerSupplier.java:62) ~[cucumber-core-7.12.1.jar:7.12.1]
	at io.cucumber.core.runner.TestCase.emitTestCaseFinished(TestCase.java:219) ~[cucumber-core-7.12.1.jar:7.12.1]
	at io.cucumber.core.runner.TestCase.run(TestCase.java:98) ~[cucumber-core-7.12.1.jar:7.12.1]
	at io.cucumber.core.runner.Runner.runPickle(Runner.java:75) ~[cucumber-core-7.12.1.jar:7.12.1]
	at io.cucumber.testng.TestNGCucumberRunner.lambda$runScenario$1(TestNGCucumberRunner.java:132) ~[cucumber-testng-7.12.1.jar:7.12.1]
	at io.cucumber.core.runtime.CucumberExecutionContext.lambda$runTestCase$5(CucumberExecutionContext.java:137) ~[cucumber-core-7.12.1.jar:7.12.1]
	at io.cucumber.core.runtime.RethrowingThrowableCollector.executeAndThrow(RethrowingThrowableCollector.java:23) ~[cucumber-core-7.12.1.jar:7.12.1]
	at io.cucumber.core.runtime.CucumberExecutionContext.runTestCase(CucumberExecutionContext.java:137) ~[cucumber-core-7.12.1.jar:7.12.1]
	at io.cucumber.testng.TestNGCucumberRunner.runScenario(TestNGCucumberRunner.java:129) ~[cucumber-testng-7.12.1.jar:7.12.1]
	at io.cucumber.testng.AbstractTestNGCucumberTests.runScenario(AbstractTestNGCucumberTests.java:35) ~[cucumber-testng-7.12.1.jar:7.12.1]
	at jdk.internal.reflect.NativeMethodAccessorImpl.invoke0(Native Method) ~[?:?]
	at jdk.internal.reflect.NativeMethodAccessorImpl.invoke(NativeMethodAccessorImpl.java:62) ~[?:?]
	at jdk.internal.reflect.DelegatingMethodAccessorImpl.invoke(DelegatingMethodAccessorImpl.java:43) ~[?:?]
	at java.lang.reflect.Method.invoke(Method.java:566) ~[?:?]
	at org.testng.internal.invokers.MethodInvocationHelper.invokeMethod(MethodInvocationHelper.java:139) ~[testng-7.8.0.jar:7.8.0]
	at org.testng.internal.invokers.TestInvoker.invokeMethod(TestInvoker.java:664) ~[testng-7.8.0.jar:7.8.0]
	at org.testng.internal.invokers.TestInvoker.invokeTestMethod(TestInvoker.java:227) ~[testng-7.8.0.jar:7.8.0]
	at org.testng.internal.invokers.MethodRunner.runInSequence(MethodRunner.java:50) ~[testng-7.8.0.jar:7.8.0]
	at org.testng.internal.invokers.TestInvoker$MethodInvocationAgent.invoke(TestInvoker.java:957) ~[testng-7.8.0.jar:7.8.0]
	at org.testng.internal.invokers.TestInvoker.invokeTestMethods(TestInvoker.java:200) ~[testng-7.8.0.jar:7.8.0]
	at org.testng.internal.invokers.TestMethodWorker.invokeTestMethods(TestMethodWorker.java:148) ~[testng-7.8.0.jar:7.8.0]
	at org.testng.internal.invokers.TestMethodWorker.run(TestMethodWorker.java:128) ~[testng-7.8.0.jar:7.8.0]
	at java.util.ArrayList.forEach(ArrayList.java:1541) [?:?]
	at org.testng.TestRunner.privateRun(TestRunner.java:848) [testng-7.8.0.jar:7.8.0]
	at org.testng.TestRunner.run(TestRunner.java:621) [testng-7.8.0.jar:7.8.0]
	at org.testng.SuiteRunner.runTest(SuiteRunner.java:443) [testng-7.8.0.jar:7.8.0]
	at org.testng.SuiteRunner.runSequentially(SuiteRunner.java:437) [testng-7.8.0.jar:7.8.0]
	at org.testng.SuiteRunner.privateRun(SuiteRunner.java:397) [testng-7.8.0.jar:7.8.0]
	at org.testng.SuiteRunner.run(SuiteRunner.java:336) [testng-7.8.0.jar:7.8.0]
	at org.testng.SuiteRunnerWorker.runSuite(SuiteRunnerWorker.java:52) [testng-7.8.0.jar:7.8.0]
	at org.testng.SuiteRunnerWorker.run(SuiteRunnerWorker.java:95) [testng-7.8.0.jar:7.8.0]
	at org.testng.TestNG.runSuitesSequentially(TestNG.java:1280) [testng-7.8.0.jar:7.8.0]
	at org.testng.TestNG.runSuitesLocally(TestNG.java:1200) [testng-7.8.0.jar:7.8.0]
	at org.testng.TestNG.runSuites(TestNG.java:1114) [testng-7.8.0.jar:7.8.0]
	at org.testng.TestNG.run(TestNG.java:1082) [testng-7.8.0.jar:7.8.0]
	at com.intellij.rt.testng.IDEARemoteTestNG.run(IDEARemoteTestNG.java:66) [testng-rt.jar:?]
	at com.intellij.rt.testng.RemoteTestNGStarter.main(RemoteTestNGStarter.java:109) [testng-rt.jar:?]
[ERROR] 20-06-2023 23:44:50 [main] [LifecycleNotifier] - Could not invoke listener method
org.openqa.selenium.NoSuchSessionException: Session ID is null. Using WebDriver after calling quit()?
Build info: version: '4.10.0', revision: 'c14d967899'
System info: os.name: 'Mac OS X', os.arch: 'aarch64', os.version: '12.6', java.version: '11.0.16'
Driver info: org.openqa.selenium.chrome.ChromeDriver
Command: [null, screenshot {}]
Capabilities {acceptInsecureCerts: false, browserName: chrome, browserVersion: 114.0.5735.133, chrome: {chromedriverVersion: 114.0.5735.90 (386bc09e8f4f..., userDataDir: /var/folders/bz/l4ntdftn1jd...}, goog:chromeOptions: {debuggerAddress: localhost:52612}, networkConnectionEnabled: false, pageLoadStrategy: normal, platformName: mac, proxy: Proxy(), se:cdp: ws://localhost:52612/devtoo..., se:cdpVersion: 114.0.5735.133, setWindowRect: true, strictFileInteractability: false, timeouts: {implicit: 0, pageLoad: 300000, script: 30000}, unhandledPromptBehavior: dismiss and notify, webauthn:extension:credBlob: true, webauthn:extension:largeBlob: true, webauthn:extension:minPinLength: true, webauthn:extension:prf: true, webauthn:virtualAuthenticators: true}
	at org.openqa.selenium.remote.HttpCommandExecutor.execute(HttpCommandExecutor.java:152) ~[selenium-remote-driver-4.10.0.jar:?]
	at org.openqa.selenium.remote.service.DriverCommandExecutor.invokeExecute(DriverCommandExecutor.java:196) ~[selenium-remote-driver-4.10.0.jar:?]
	at org.openqa.selenium.remote.service.DriverCommandExecutor.execute(DriverCommandExecutor.java:171) ~[selenium-remote-driver-4.10.0.jar:?]
	at org.openqa.selenium.remote.RemoteWebDriver.execute(RemoteWebDriver.java:531) ~[selenium-remote-driver-4.10.0.jar:?]
	at org.openqa.selenium.remote.RemoteWebDriver.execute(RemoteWebDriver.java:590) ~[selenium-remote-driver-4.10.0.jar:?]
	at org.openqa.selenium.remote.RemoteWebDriver.execute(RemoteWebDriver.java:594) ~[selenium-remote-driver-4.10.0.jar:?]
	at org.openqa.selenium.remote.RemoteWebDriver.getScreenshotAs(RemoteWebDriver.java:316) ~[selenium-remote-driver-4.10.0.jar:?]
	at jdk.internal.reflect.NativeMethodAccessorImpl.invoke0(Native Method) ~[?:?]
	at jdk.internal.reflect.NativeMethodAccessorImpl.invoke(NativeMethodAccessorImpl.java:62) ~[?:?]
	at jdk.internal.reflect.DelegatingMethodAccessorImpl.invoke(DelegatingMethodAccessorImpl.java:43) ~[?:?]
	at java.lang.reflect.Method.invoke(Method.java:566) ~[?:?]
	at org.openqa.selenium.support.ThreadGuard$WebDriverInvocationHandler.invokeUnderlying(ThreadGuard.java:99) ~[selenium-support-4.10.0.jar:?]
	at org.openqa.selenium.support.ThreadGuard$WebDriverInvocationHandler.invoke(ThreadGuard.java:91) ~[selenium-support-4.10.0.jar:?]
	at com.sun.proxy.$Proxy47.getScreenshotAs(Unknown Source) ~[?:?]
	at anhtester.com.listeners.AllureListener.beforeTestStop(AllureListener.java:43) ~[test-classes/:?]
	at io.qameta.allure.listener.LifecycleNotifier.lambda$runSafely$0(LifecycleNotifier.java:211) ~[allure-java-commons-2.22.1.jar:2.22.1]
	at java.util.ArrayList.forEach(ArrayList.java:1541) ~[?:?]
	at io.qameta.allure.listener.LifecycleNotifier.runSafely(LifecycleNotifier.java:209) ~[allure-java-commons-2.22.1.jar:2.22.1]
	at io.qameta.allure.listener.LifecycleNotifier.beforeTestStop(LifecycleNotifier.java:88) ~[allure-java-commons-2.22.1.jar:2.22.1]
	at io.qameta.allure.AllureLifecycle.stopTestCase(AllureLifecycle.java:420) ~[allure-java-commons-2.22.1.jar:2.22.1]
	at io.qameta.allure.testng.AllureTestNg.stopTestCase(AllureTestNg.java:376) ~[allure-testng-2.22.1.jar:2.22.1]
	at io.qameta.allure.testng.AllureTestNg.onTestFailure(AllureTestNg.java:370) ~[allure-testng-2.22.1.jar:2.22.1]
	at org.testng.internal.TestListenerHelper.runTestListeners(TestListenerHelper.java:108) ~[testng-7.8.0.jar:7.8.0]
	at org.testng.internal.invokers.TestInvoker.runTestResultListener(TestInvoker.java:262) ~[testng-7.8.0.jar:7.8.0]
	at org.testng.internal.invokers.TestInvoker.invokeMethod(TestInvoker.java:751) ~[testng-7.8.0.jar:7.8.0]
	at org.testng.internal.invokers.TestInvoker.invokeTestMethod(TestInvoker.java:227) ~[testng-7.8.0.jar:7.8.0]
	at org.testng.internal.invokers.MethodRunner.runInSequence(MethodRunner.java:50) ~[testng-7.8.0.jar:7.8.0]
	at org.testng.internal.invokers.TestInvoker$MethodInvocationAgent.invoke(TestInvoker.java:957) ~[testng-7.8.0.jar:7.8.0]
	at org.testng.internal.invokers.TestInvoker.invokeTestMethods(TestInvoker.java:200) ~[testng-7.8.0.jar:7.8.0]
	at org.testng.internal.invokers.TestMethodWorker.invokeTestMethods(TestMethodWorker.java:148) ~[testng-7.8.0.jar:7.8.0]
	at org.testng.internal.invokers.TestMethodWorker.run(TestMethodWorker.java:128) ~[testng-7.8.0.jar:7.8.0]
	at java.util.ArrayList.forEach(ArrayList.java:1541) [?:?]
	at org.testng.TestRunner.privateRun(TestRunner.java:848) [testng-7.8.0.jar:7.8.0]
	at org.testng.TestRunner.run(TestRunner.java:621) [testng-7.8.0.jar:7.8.0]
	at org.testng.SuiteRunner.runTest(SuiteRunner.java:443) [testng-7.8.0.jar:7.8.0]
	at org.testng.SuiteRunner.runSequentially(SuiteRunner.java:437) [testng-7.8.0.jar:7.8.0]
	at org.testng.SuiteRunner.privateRun(SuiteRunner.java:397) [testng-7.8.0.jar:7.8.0]
	at org.testng.SuiteRunner.run(SuiteRunner.java:336) [testng-7.8.0.jar:7.8.0]
	at org.testng.SuiteRunnerWorker.runSuite(SuiteRunnerWorker.java:52) [testng-7.8.0.jar:7.8.0]
	at org.testng.SuiteRunnerWorker.run(SuiteRunnerWorker.java:95) [testng-7.8.0.jar:7.8.0]
	at org.testng.TestNG.runSuitesSequentially(TestNG.java:1280) [testng-7.8.0.jar:7.8.0]
	at org.testng.TestNG.runSuitesLocally(TestNG.java:1200) [testng-7.8.0.jar:7.8.0]
	at org.testng.TestNG.runSuites(TestNG.java:1114) [testng-7.8.0.jar:7.8.0]
	at org.testng.TestNG.run(TestNG.java:1082) [testng-7.8.0.jar:7.8.0]
	at com.intellij.rt.testng.IDEARemoteTestNG.run(IDEARemoteTestNG.java:66) [testng-rt.jar:?]
	at com.intellij.rt.testng.RemoteTestNGStarter.main(RemoteTestNGStarter.java:109) [testng-rt.jar:?]
[INFO] 20-06-2023 23:46:24 [main] [Utils] - [TestNG] Running:
  /Users/kanthreddy/Library/Caches/JetBrains/IdeaIE2022.2/temp-testng-customsuite.xml

[INFO] 20-06-2023 23:46:25 [main] [LogUtils] - Loaded all properties files.
[INFO] 20-06-2023 23:46:25 [main] [LogUtils] - {TARGET=local, ownerDetail=xpath&&//div[@id='s2id_created_by']//a[@class='select2-choice']/span[1], menuClients=xpath&&//span[normalize-space()='Clients'], TELEGRAM_CHATID=, OVERRIDE_REPORTS=yes, inputPhone=xpath&&//input[@id='phone'], inputClientGroups=xpath&&(//label[normalize-space()='Client groups']/following-sibling::div//input)[1], buttonSaveOnDialog=xpath&&//div[@id='ajaxModalContent']//button[normalize-space()='Save'], spanFirstItemClientGroups=xpath&&//span[@class='select2-match'], inputCountry=xpath&&//input[@id='country'], SEND_REPORT_TO_TELEGRAM=no, SEND_EMAIL_TO_USERS=no, ZIP_FOLDER_NAME=CucumberExtentReports.zip, WAIT_DEFAULT=5, REMOTE_PORT=4444, TELEGRAM_TOKEN=, buttonAddClient=xpath&&//a[normalize-space()='Add client'], URL_CORP=https://corporate-dev.hubpay.ae/, labelClientGroups=xpath&&//li[@class='select2-search-choice']/div, URL_OPS=https://ops-portal-dev.hubpay.ae/wallet/, inputState=xpath&&//input[@id='state'], labelOnClientPage=xpath&&//span[normalize-space()='Total clients'], inputPassword=xpath&&//input[@id='password'], EXTENT_REPORT_PDF=PdfReport.pdf, inputAddress=xpath&&//textarea[@id='address'], VIDEO_RECORD=no, inputSearchOwner=xpath&&//div[@id='select2-drop']//input, tabClient=xpath&&//ul[@id='client-tabs']//li[2], labelEmailError=id&&email-error, tabClientInfo=xpath&&//a[normalize-space()='Client info'], PASSWORD=T+wyT5u9cOelDJbBWNgxLw, inputWebsite=xpath&&//input[@id='website'], SCREENSHOT_ALL_STEPS=no, labelAuthentication=xpath&&//div[@role='alert'], EXTENT_REPORT_NAME=ExtentReport, EXPORT_VIDEO_PATH=ExportData/Videos, EXPORT_CAPTURE_PATH=ExportData/Images, WAIT_PAGE_LOADED=30, SCREENSHOT_PASSED_STEPS=no, radioOrganization=xpath&&//input[@id='type_organization'], EXTENT_REPORT_FOLDER=reports/CucumberExtentReports, itemClientFirstRow=xpath&&//table[@id='client-table']//tbody/tr[1]/td[2]/a, WAIT_EXPLICIT=10, BROWSER=chrome, SCREENSHOT_SKIPPED_STEPS=yes, inputEmail=xpath&&//input[@id='email'], menuDashboard=xpath&&//span[normalize-space()='Dashboard'], REPORT_TITLE=Report | Automation Framework Cucumber TestNG | Anh Tester, AUTHOR=Anh Tester, EXCEL_DATA_FILE_PATH=src/test/resources/testdata/ClientsDataExcel.xlsx, WAIT_IMPLICIT=20, PROJECT_NAME=Automation Framework Cucumber TestNG | Anh Tester, HEADLESS=false, REMOTE_URL=localhost, inputCompanyName=xpath&&//input[@id='company_name'], selectOwner=xpath&&//div[@id='s2id_created_by'], inputCity=xpath&&//input[@id='city'], SCREENSHOT_FAILED_STEPS=yes, TXT_FILE_PATH=src/test/resources/testdata/TxtFileData.txt, selectFirstItemOwner=xpath&&(//div[contains(@id,'select2-result-label')])[1], buttonSignIn=xpath&&//button[normalize-space()='Sign in'], JSON_DATA_FILE_PATH=src/test/resources/config/config.json, inputVat=xpath&&//input[@id='vat_number'], ACTIVE_PAGE_LOADED=true, headerPageClientInfo=xpath&&//form[@id='company-form']//h4, URL_CRM=https://rise.fairsketch.com/signin, WAIT_SLEEP_STEP=0, OPEN_REPORTS_AFTER_EXECUTION=no, buttonDynamicXpath=xpath&&//button[normalize-space()='%s'], ZIP_FOLDER_PATH=reports/CucumberExtentReports, inputZip=xpath&&//input[@id='zip'], inputSearch=xpath&&//input[@placeholder='Search'], ZIP_FOLDER=no, menuProjects=xpath&&//span[normalize-space()='Projects']}
[INFO] 20-06-2023 23:46:25 [main] [LogUtils] - Loaded all properties files.
[INFO] 20-06-2023 23:46:25 [main] [LogUtils] - {TARGET=local, ownerDetail=xpath&&//div[@id='s2id_created_by']//a[@class='select2-choice']/span[1], menuClients=xpath&&//span[normalize-space()='Clients'], TELEGRAM_CHATID=, OVERRIDE_REPORTS=yes, inputPhone=xpath&&//input[@id='phone'], inputClientGroups=xpath&&(//label[normalize-space()='Client groups']/following-sibling::div//input)[1], buttonSaveOnDialog=xpath&&//div[@id='ajaxModalContent']//button[normalize-space()='Save'], spanFirstItemClientGroups=xpath&&//span[@class='select2-match'], inputCountry=xpath&&//input[@id='country'], SEND_REPORT_TO_TELEGRAM=no, SEND_EMAIL_TO_USERS=no, ZIP_FOLDER_NAME=CucumberExtentReports.zip, WAIT_DEFAULT=5, REMOTE_PORT=4444, TELEGRAM_TOKEN=, buttonAddClient=xpath&&//a[normalize-space()='Add client'], URL_CORP=https://corporate-dev.hubpay.ae/, labelClientGroups=xpath&&//li[@class='select2-search-choice']/div, URL_OPS=https://ops-portal-dev.hubpay.ae/wallet/, inputState=xpath&&//input[@id='state'], labelOnClientPage=xpath&&//span[normalize-space()='Total clients'], inputPassword=xpath&&//input[@id='password'], EXTENT_REPORT_PDF=PdfReport.pdf, inputAddress=xpath&&//textarea[@id='address'], VIDEO_RECORD=no, inputSearchOwner=xpath&&//div[@id='select2-drop']//input, tabClient=xpath&&//ul[@id='client-tabs']//li[2], labelEmailError=id&&email-error, tabClientInfo=xpath&&//a[normalize-space()='Client info'], PASSWORD=T+wyT5u9cOelDJbBWNgxLw, inputWebsite=xpath&&//input[@id='website'], SCREENSHOT_ALL_STEPS=no, labelAuthentication=xpath&&//div[@role='alert'], EXTENT_REPORT_NAME=ExtentReport, EXPORT_VIDEO_PATH=ExportData/Videos, EXPORT_CAPTURE_PATH=ExportData/Images, WAIT_PAGE_LOADED=30, SCREENSHOT_PASSED_STEPS=no, radioOrganization=xpath&&//input[@id='type_organization'], EXTENT_REPORT_FOLDER=reports/CucumberExtentReports, itemClientFirstRow=xpath&&//table[@id='client-table']//tbody/tr[1]/td[2]/a, WAIT_EXPLICIT=10, BROWSER=chrome, SCREENSHOT_SKIPPED_STEPS=yes, inputEmail=xpath&&//input[@id='email'], menuDashboard=xpath&&//span[normalize-space()='Dashboard'], REPORT_TITLE=Report | Automation Framework Cucumber TestNG | Anh Tester, AUTHOR=Anh Tester, EXCEL_DATA_FILE_PATH=src/test/resources/testdata/ClientsDataExcel.xlsx, WAIT_IMPLICIT=20, PROJECT_NAME=Automation Framework Cucumber TestNG | Anh Tester, HEADLESS=false, REMOTE_URL=localhost, inputCompanyName=xpath&&//input[@id='company_name'], selectOwner=xpath&&//div[@id='s2id_created_by'], inputCity=xpath&&//input[@id='city'], SCREENSHOT_FAILED_STEPS=yes, TXT_FILE_PATH=src/test/resources/testdata/TxtFileData.txt, selectFirstItemOwner=xpath&&(//div[contains(@id,'select2-result-label')])[1], buttonSignIn=xpath&&//button[normalize-space()='Sign in'], JSON_DATA_FILE_PATH=src/test/resources/config/config.json, inputVat=xpath&&//input[@id='vat_number'], ACTIVE_PAGE_LOADED=true, headerPageClientInfo=xpath&&//form[@id='company-form']//h4, URL_CRM=https://rise.fairsketch.com/signin, WAIT_SLEEP_STEP=0, OPEN_REPORTS_AFTER_EXECUTION=no, buttonDynamicXpath=xpath&&//button[normalize-space()='%s'], ZIP_FOLDER_PATH=reports/CucumberExtentReports, inputZip=xpath&&//input[@id='zip'], inputSearch=xpath&&//input[@placeholder='Search'], ZIP_FOLDER=no, menuProjects=xpath&&//span[normalize-space()='Projects']}
[INFO] 20-06-2023 23:46:26 [main] [WebDriverManager] - Using chromedriver 114.0.5735.90 (resolved driver for Chrome 114)
[INFO] 20-06-2023 23:46:26 [main] [WebDriverManager] - Exporting webdriver.chrome.driver as /Users/kanthreddy/.cache/selenium/chromedriver/mac-arm64/114.0.5735.90/chromedriver
[INFO] 20-06-2023 23:46:35 [main] [LogUtils] - Driver in TestContext: ChromeDriver: chrome on mac (7510a88560e56e51d3cb3444bce69f47)
[INFO] 20-06-2023 23:46:46 [main] [LogUtils] - Open URL: https://ops-portal-dev.hubpay.ae/wallet/
[INFO] 20-06-2023 23:46:47 [main] [LogUtils] - Verify element visible By.cssSelector: input[name='loginfmt']
[INFO] 20-06-2023 23:46:47 [main] [LogUtils] - Set text sreekanth@hubpay.ae on By.cssSelector: input[name='loginfmt']
[INFO] 20-06-2023 23:46:47 [main] [LogUtils] - Verify element visible By.cssSelector: input[value='Next']
[INFO] 20-06-2023 23:46:49 [main] [LogUtils] - Clicked on the element By.cssSelector: input[value='Next']
[INFO] 20-06-2023 23:46:50 [main] [LogUtils] - Verify element visible By.cssSelector: input[name='passwd']
[INFO] 20-06-2023 23:46:51 [main] [LogUtils] - Set text Hubpass@1 on By.cssSelector: input[name='passwd']
[INFO] 20-06-2023 23:46:51 [main] [LogUtils] - Verify element visible By.cssSelector: input[value='Sign in']
[INFO] 20-06-2023 23:46:54 [main] [LogUtils] - Clicked on the element By.cssSelector: input[value='Sign in']
[INFO] 20-06-2023 23:46:55 [main] [LogUtils] - Verify element visible By.cssSelector: input[value='Yes']
[INFO] 20-06-2023 23:47:22 [main] [LogUtils] - Clicked on the element By.cssSelector: input[value='Yes']
[INFO] 20-06-2023 23:47:23 [main] [WebDriverManager] - Using chromedriver 114.0.5735.90 (resolved driver for Chrome 114)
[INFO] 20-06-2023 23:47:23 [main] [WebDriverManager] - Exporting webdriver.chrome.driver as /Users/kanthreddy/.cache/selenium/chromedriver/mac-arm64/114.0.5735.90/chromedriver
[INFO] 20-06-2023 23:47:29 [main] [LogUtils] - Driver in TestContext: ChromeDriver: chrome on mac (0290037ff6ffece70c098400876038e0)
[INFO] 20-06-2023 23:47:32 [main] [LogUtils] - Open URL: https://corporate-dev.hubpay.ae/
[ERROR] 20-06-2023 23:48:11 [main] [LogUtils] - Element not exist. By.cssSelector: input[name='email']
[ERROR] 20-06-2023 23:48:33 [main] [LifecycleNotifier] - Could not invoke listener method
org.openqa.selenium.NoSuchSessionException: Session ID is null. Using WebDriver after calling quit()?
Build info: version: '4.10.0', revision: 'c14d967899'
System info: os.name: 'Mac OS X', os.arch: 'aarch64', os.version: '12.6', java.version: '11.0.16'
Driver info: org.openqa.selenium.chrome.ChromeDriver
Command: [null, screenshot {}]
Capabilities {acceptInsecureCerts: false, browserName: chrome, browserVersion: 114.0.5735.133, chrome: {chromedriverVersion: 114.0.5735.90 (386bc09e8f4f..., userDataDir: /var/folders/bz/l4ntdftn1jd...}, goog:chromeOptions: {debuggerAddress: localhost:52712}, networkConnectionEnabled: false, pageLoadStrategy: normal, platformName: mac, proxy: Proxy(), se:cdp: ws://localhost:52712/devtoo..., se:cdpVersion: 114.0.5735.133, setWindowRect: true, strictFileInteractability: false, timeouts: {implicit: 0, pageLoad: 300000, script: 30000}, unhandledPromptBehavior: dismiss and notify, webauthn:extension:credBlob: true, webauthn:extension:largeBlob: true, webauthn:extension:minPinLength: true, webauthn:extension:prf: true, webauthn:virtualAuthenticators: true}
	at org.openqa.selenium.remote.HttpCommandExecutor.execute(HttpCommandExecutor.java:152) ~[selenium-remote-driver-4.10.0.jar:?]
	at org.openqa.selenium.remote.service.DriverCommandExecutor.invokeExecute(DriverCommandExecutor.java:196) ~[selenium-remote-driver-4.10.0.jar:?]
	at org.openqa.selenium.remote.service.DriverCommandExecutor.execute(DriverCommandExecutor.java:171) ~[selenium-remote-driver-4.10.0.jar:?]
	at org.openqa.selenium.remote.RemoteWebDriver.execute(RemoteWebDriver.java:531) ~[selenium-remote-driver-4.10.0.jar:?]
	at org.openqa.selenium.remote.RemoteWebDriver.execute(RemoteWebDriver.java:590) ~[selenium-remote-driver-4.10.0.jar:?]
	at org.openqa.selenium.remote.RemoteWebDriver.execute(RemoteWebDriver.java:594) ~[selenium-remote-driver-4.10.0.jar:?]
	at org.openqa.selenium.remote.RemoteWebDriver.getScreenshotAs(RemoteWebDriver.java:316) ~[selenium-remote-driver-4.10.0.jar:?]
	at jdk.internal.reflect.NativeMethodAccessorImpl.invoke0(Native Method) ~[?:?]
	at jdk.internal.reflect.NativeMethodAccessorImpl.invoke(NativeMethodAccessorImpl.java:62) ~[?:?]
	at jdk.internal.reflect.DelegatingMethodAccessorImpl.invoke(DelegatingMethodAccessorImpl.java:43) ~[?:?]
	at java.lang.reflect.Method.invoke(Method.java:566) ~[?:?]
	at org.openqa.selenium.support.ThreadGuard$WebDriverInvocationHandler.invokeUnderlying(ThreadGuard.java:99) ~[selenium-support-4.10.0.jar:?]
	at org.openqa.selenium.support.ThreadGuard$WebDriverInvocationHandler.invoke(ThreadGuard.java:91) ~[selenium-support-4.10.0.jar:?]
	at com.sun.proxy.$Proxy47.getScreenshotAs(Unknown Source) ~[?:?]
	at anhtester.com.listeners.AllureListener.beforeTestStop(AllureListener.java:43) ~[test-classes/:?]
	at io.qameta.allure.listener.LifecycleNotifier.lambda$runSafely$0(LifecycleNotifier.java:211) ~[allure-java-commons-2.22.1.jar:2.22.1]
	at java.util.ArrayList.forEach(ArrayList.java:1541) ~[?:?]
	at io.qameta.allure.listener.LifecycleNotifier.runSafely(LifecycleNotifier.java:209) ~[allure-java-commons-2.22.1.jar:2.22.1]
	at io.qameta.allure.listener.LifecycleNotifier.beforeTestStop(LifecycleNotifier.java:88) ~[allure-java-commons-2.22.1.jar:2.22.1]
	at io.qameta.allure.AllureLifecycle.stopTestCase(AllureLifecycle.java:420) ~[allure-java-commons-2.22.1.jar:2.22.1]
	at io.qameta.allure.cucumber7jvm.AllureCucumber7Jvm.handleTestCaseFinished(AllureCucumber7Jvm.java:197) ~[allure-cucumber7-jvm-2.22.1.jar:2.22.1]
	at io.cucumber.core.eventbus.AbstractEventPublisher.send(AbstractEventPublisher.java:51) ~[cucumber-core-7.12.1.jar:7.12.1]
	at io.cucumber.core.eventbus.AbstractEventBus.send(AbstractEventBus.java:12) ~[cucumber-core-7.12.1.jar:7.12.1]
	at io.cucumber.core.runtime.SynchronizedEventBus.send(SynchronizedEventBus.java:47) ~[cucumber-core-7.12.1.jar:7.12.1]
	at io.cucumber.core.runtime.ThreadLocalRunnerSupplier$LocalEventBus.send(ThreadLocalRunnerSupplier.java:62) ~[cucumber-core-7.12.1.jar:7.12.1]
	at io.cucumber.core.runner.TestCase.emitTestCaseFinished(TestCase.java:219) ~[cucumber-core-7.12.1.jar:7.12.1]
	at io.cucumber.core.runner.TestCase.run(TestCase.java:98) ~[cucumber-core-7.12.1.jar:7.12.1]
	at io.cucumber.core.runner.Runner.runPickle(Runner.java:75) ~[cucumber-core-7.12.1.jar:7.12.1]
	at io.cucumber.testng.TestNGCucumberRunner.lambda$runScenario$1(TestNGCucumberRunner.java:132) ~[cucumber-testng-7.12.1.jar:7.12.1]
	at io.cucumber.core.runtime.CucumberExecutionContext.lambda$runTestCase$5(CucumberExecutionContext.java:137) ~[cucumber-core-7.12.1.jar:7.12.1]
	at io.cucumber.core.runtime.RethrowingThrowableCollector.executeAndThrow(RethrowingThrowableCollector.java:23) ~[cucumber-core-7.12.1.jar:7.12.1]
	at io.cucumber.core.runtime.CucumberExecutionContext.runTestCase(CucumberExecutionContext.java:137) ~[cucumber-core-7.12.1.jar:7.12.1]
	at io.cucumber.testng.TestNGCucumberRunner.runScenario(TestNGCucumberRunner.java:129) ~[cucumber-testng-7.12.1.jar:7.12.1]
	at io.cucumber.testng.AbstractTestNGCucumberTests.runScenario(AbstractTestNGCucumberTests.java:35) ~[cucumber-testng-7.12.1.jar:7.12.1]
	at jdk.internal.reflect.NativeMethodAccessorImpl.invoke0(Native Method) ~[?:?]
	at jdk.internal.reflect.NativeMethodAccessorImpl.invoke(NativeMethodAccessorImpl.java:62) ~[?:?]
	at jdk.internal.reflect.DelegatingMethodAccessorImpl.invoke(DelegatingMethodAccessorImpl.java:43) ~[?:?]
	at java.lang.reflect.Method.invoke(Method.java:566) ~[?:?]
	at org.testng.internal.invokers.MethodInvocationHelper.invokeMethod(MethodInvocationHelper.java:139) ~[testng-7.8.0.jar:7.8.0]
	at org.testng.internal.invokers.TestInvoker.invokeMethod(TestInvoker.java:664) ~[testng-7.8.0.jar:7.8.0]
	at org.testng.internal.invokers.TestInvoker.invokeTestMethod(TestInvoker.java:227) ~[testng-7.8.0.jar:7.8.0]
	at org.testng.internal.invokers.MethodRunner.runInSequence(MethodRunner.java:50) ~[testng-7.8.0.jar:7.8.0]
	at org.testng.internal.invokers.TestInvoker$MethodInvocationAgent.invoke(TestInvoker.java:957) ~[testng-7.8.0.jar:7.8.0]
	at org.testng.internal.invokers.TestInvoker.invokeTestMethods(TestInvoker.java:200) ~[testng-7.8.0.jar:7.8.0]
	at org.testng.internal.invokers.TestMethodWorker.invokeTestMethods(TestMethodWorker.java:148) ~[testng-7.8.0.jar:7.8.0]
	at org.testng.internal.invokers.TestMethodWorker.run(TestMethodWorker.java:128) ~[testng-7.8.0.jar:7.8.0]
	at java.util.ArrayList.forEach(ArrayList.java:1541) [?:?]
	at org.testng.TestRunner.privateRun(TestRunner.java:848) [testng-7.8.0.jar:7.8.0]
	at org.testng.TestRunner.run(TestRunner.java:621) [testng-7.8.0.jar:7.8.0]
	at org.testng.SuiteRunner.runTest(SuiteRunner.java:443) [testng-7.8.0.jar:7.8.0]
	at org.testng.SuiteRunner.runSequentially(SuiteRunner.java:437) [testng-7.8.0.jar:7.8.0]
	at org.testng.SuiteRunner.privateRun(SuiteRunner.java:397) [testng-7.8.0.jar:7.8.0]
	at org.testng.SuiteRunner.run(SuiteRunner.java:336) [testng-7.8.0.jar:7.8.0]
	at org.testng.SuiteRunnerWorker.runSuite(SuiteRunnerWorker.java:52) [testng-7.8.0.jar:7.8.0]
	at org.testng.SuiteRunnerWorker.run(SuiteRunnerWorker.java:95) [testng-7.8.0.jar:7.8.0]
	at org.testng.TestNG.runSuitesSequentially(TestNG.java:1280) [testng-7.8.0.jar:7.8.0]
	at org.testng.TestNG.runSuitesLocally(TestNG.java:1200) [testng-7.8.0.jar:7.8.0]
	at org.testng.TestNG.runSuites(TestNG.java:1114) [testng-7.8.0.jar:7.8.0]
	at org.testng.TestNG.run(TestNG.java:1082) [testng-7.8.0.jar:7.8.0]
	at com.intellij.rt.testng.IDEARemoteTestNG.run(IDEARemoteTestNG.java:66) [testng-rt.jar:?]
	at com.intellij.rt.testng.RemoteTestNGStarter.main(RemoteTestNGStarter.java:109) [testng-rt.jar:?]
[ERROR] 20-06-2023 23:48:33 [main] [LifecycleNotifier] - Could not invoke listener method
org.openqa.selenium.NoSuchSessionException: Session ID is null. Using WebDriver after calling quit()?
Build info: version: '4.10.0', revision: 'c14d967899'
System info: os.name: 'Mac OS X', os.arch: 'aarch64', os.version: '12.6', java.version: '11.0.16'
Driver info: org.openqa.selenium.chrome.ChromeDriver
Command: [null, screenshot {}]
Capabilities {acceptInsecureCerts: false, browserName: chrome, browserVersion: 114.0.5735.133, chrome: {chromedriverVersion: 114.0.5735.90 (386bc09e8f4f..., userDataDir: /var/folders/bz/l4ntdftn1jd...}, goog:chromeOptions: {debuggerAddress: localhost:52712}, networkConnectionEnabled: false, pageLoadStrategy: normal, platformName: mac, proxy: Proxy(), se:cdp: ws://localhost:52712/devtoo..., se:cdpVersion: 114.0.5735.133, setWindowRect: true, strictFileInteractability: false, timeouts: {implicit: 0, pageLoad: 300000, script: 30000}, unhandledPromptBehavior: dismiss and notify, webauthn:extension:credBlob: true, webauthn:extension:largeBlob: true, webauthn:extension:minPinLength: true, webauthn:extension:prf: true, webauthn:virtualAuthenticators: true}
	at org.openqa.selenium.remote.HttpCommandExecutor.execute(HttpCommandExecutor.java:152) ~[selenium-remote-driver-4.10.0.jar:?]
	at org.openqa.selenium.remote.service.DriverCommandExecutor.invokeExecute(DriverCommandExecutor.java:196) ~[selenium-remote-driver-4.10.0.jar:?]
	at org.openqa.selenium.remote.service.DriverCommandExecutor.execute(DriverCommandExecutor.java:171) ~[selenium-remote-driver-4.10.0.jar:?]
	at org.openqa.selenium.remote.RemoteWebDriver.execute(RemoteWebDriver.java:531) ~[selenium-remote-driver-4.10.0.jar:?]
	at org.openqa.selenium.remote.RemoteWebDriver.execute(RemoteWebDriver.java:590) ~[selenium-remote-driver-4.10.0.jar:?]
	at org.openqa.selenium.remote.RemoteWebDriver.execute(RemoteWebDriver.java:594) ~[selenium-remote-driver-4.10.0.jar:?]
	at org.openqa.selenium.remote.RemoteWebDriver.getScreenshotAs(RemoteWebDriver.java:316) ~[selenium-remote-driver-4.10.0.jar:?]
	at jdk.internal.reflect.NativeMethodAccessorImpl.invoke0(Native Method) ~[?:?]
	at jdk.internal.reflect.NativeMethodAccessorImpl.invoke(NativeMethodAccessorImpl.java:62) ~[?:?]
	at jdk.internal.reflect.DelegatingMethodAccessorImpl.invoke(DelegatingMethodAccessorImpl.java:43) ~[?:?]
	at java.lang.reflect.Method.invoke(Method.java:566) ~[?:?]
	at org.openqa.selenium.support.ThreadGuard$WebDriverInvocationHandler.invokeUnderlying(ThreadGuard.java:99) ~[selenium-support-4.10.0.jar:?]
	at org.openqa.selenium.support.ThreadGuard$WebDriverInvocationHandler.invoke(ThreadGuard.java:91) ~[selenium-support-4.10.0.jar:?]
	at com.sun.proxy.$Proxy47.getScreenshotAs(Unknown Source) ~[?:?]
	at anhtester.com.listeners.AllureListener.beforeTestStop(AllureListener.java:43) ~[test-classes/:?]
	at io.qameta.allure.listener.LifecycleNotifier.lambda$runSafely$0(LifecycleNotifier.java:211) ~[allure-java-commons-2.22.1.jar:2.22.1]
	at java.util.ArrayList.forEach(ArrayList.java:1541) ~[?:?]
	at io.qameta.allure.listener.LifecycleNotifier.runSafely(LifecycleNotifier.java:209) ~[allure-java-commons-2.22.1.jar:2.22.1]
	at io.qameta.allure.listener.LifecycleNotifier.beforeTestStop(LifecycleNotifier.java:88) ~[allure-java-commons-2.22.1.jar:2.22.1]
	at io.qameta.allure.AllureLifecycle.stopTestCase(AllureLifecycle.java:420) ~[allure-java-commons-2.22.1.jar:2.22.1]
	at io.qameta.allure.testng.AllureTestNg.stopTestCase(AllureTestNg.java:376) ~[allure-testng-2.22.1.jar:2.22.1]
	at io.qameta.allure.testng.AllureTestNg.onTestFailure(AllureTestNg.java:370) ~[allure-testng-2.22.1.jar:2.22.1]
	at org.testng.internal.TestListenerHelper.runTestListeners(TestListenerHelper.java:108) ~[testng-7.8.0.jar:7.8.0]
	at org.testng.internal.invokers.TestInvoker.runTestResultListener(TestInvoker.java:262) ~[testng-7.8.0.jar:7.8.0]
	at org.testng.internal.invokers.TestInvoker.invokeMethod(TestInvoker.java:751) ~[testng-7.8.0.jar:7.8.0]
	at org.testng.internal.invokers.TestInvoker.invokeTestMethod(TestInvoker.java:227) ~[testng-7.8.0.jar:7.8.0]
	at org.testng.internal.invokers.MethodRunner.runInSequence(MethodRunner.java:50) ~[testng-7.8.0.jar:7.8.0]
	at org.testng.internal.invokers.TestInvoker$MethodInvocationAgent.invoke(TestInvoker.java:957) ~[testng-7.8.0.jar:7.8.0]
	at org.testng.internal.invokers.TestInvoker.invokeTestMethods(TestInvoker.java:200) ~[testng-7.8.0.jar:7.8.0]
	at org.testng.internal.invokers.TestMethodWorker.invokeTestMethods(TestMethodWorker.java:148) ~[testng-7.8.0.jar:7.8.0]
	at org.testng.internal.invokers.TestMethodWorker.run(TestMethodWorker.java:128) ~[testng-7.8.0.jar:7.8.0]
	at java.util.ArrayList.forEach(ArrayList.java:1541) [?:?]
	at org.testng.TestRunner.privateRun(TestRunner.java:848) [testng-7.8.0.jar:7.8.0]
	at org.testng.TestRunner.run(TestRunner.java:621) [testng-7.8.0.jar:7.8.0]
	at org.testng.SuiteRunner.runTest(SuiteRunner.java:443) [testng-7.8.0.jar:7.8.0]
	at org.testng.SuiteRunner.runSequentially(SuiteRunner.java:437) [testng-7.8.0.jar:7.8.0]
	at org.testng.SuiteRunner.privateRun(SuiteRunner.java:397) [testng-7.8.0.jar:7.8.0]
	at org.testng.SuiteRunner.run(SuiteRunner.java:336) [testng-7.8.0.jar:7.8.0]
	at org.testng.SuiteRunnerWorker.runSuite(SuiteRunnerWorker.java:52) [testng-7.8.0.jar:7.8.0]
	at org.testng.SuiteRunnerWorker.run(SuiteRunnerWorker.java:95) [testng-7.8.0.jar:7.8.0]
	at org.testng.TestNG.runSuitesSequentially(TestNG.java:1280) [testng-7.8.0.jar:7.8.0]
	at org.testng.TestNG.runSuitesLocally(TestNG.java:1200) [testng-7.8.0.jar:7.8.0]
	at org.testng.TestNG.runSuites(TestNG.java:1114) [testng-7.8.0.jar:7.8.0]
	at org.testng.TestNG.run(TestNG.java:1082) [testng-7.8.0.jar:7.8.0]
	at com.intellij.rt.testng.IDEARemoteTestNG.run(IDEARemoteTestNG.java:66) [testng-rt.jar:?]
	at com.intellij.rt.testng.RemoteTestNGStarter.main(RemoteTestNGStarter.java:109) [testng-rt.jar:?]
