<?xml version="1.0" encoding="UTF-8"?>
<!-- Generated by org.testng.reporters.JUnitReportReporter -->
<testsuite hostname="ip-192-168-29-66.me-south-1.compute.internal" failures="1" tests="1" name="anhtester.com.runners.OpsTestRunner" time="33.010" errors="0" timestamp="2023-08-01T18:09:29 IST" skipped="0">
  <testcase classname="anhtester.com.runners.OpsTestRunner" name="runScenario" time="33.010">
    <failure message="Actual value:&#039;02/08/2023 &amp; Expected value:&#039;&#039; expected [true] but found [false]" type="java.lang.AssertionError">
      <![CDATA[java.lang.AssertionError: Actual value:'02/08/2023 & Expected value:'' expected [true] but found [false]
at org.testng.Assert.fail(Assert.java:111)
at org.testng.Assert.failNotEquals(Assert.java:1578)
at org.testng.Assert.assertTrue(Assert.java:57)
at anhtester.com.keywords.WebUI.verifyTrue(WebUI.java:1053)
at anhtester.com.hubpay.corp.pages.DashboardPage.verifyFieldValue(DashboardPage.java:144)
at anhtester.com.hubpay.corp.pages.DashboardPage.verifyOnlyExchangeTransactionDetails(DashboardPage.java:162)
at anhtester.com.hubpay.corp.stepdefinitions.DashboardPageStepDefinition.I_verify_transactions_status_open_details_view(DashboardPageStepDefinition.java:162)
at âœ½.I verify details of exchange transaction on transaction details view(file:///Users/kanthreddy/wip/Hubpay_QAAutomation/src/test/resources/features/ExchangeFlow_AUD.feature:34)
]]>
    </failure>
  </testcase> <!-- runScenario -->
</testsuite> <!-- anhtester.com.runners.OpsTestRunner -->
